  89.80602
  14.47126
 250.43605
   7.10125
  32.09539
  20.95769
  17.02034
 138.96158
 131.47912
  30.32979
  21.62950
  23.78433
   5.22481
  32.70302
   8.24685
  57.04391
  21.10047
  36.08678
   8.33508
   6.48979
   7.20482
  15.83344
  19.31388
   4.92138
  10.18309
  83.66892
  31.10404
   6.51438
  29.65438
  88.48741
  42.97241
  28.46650
   2.70504
  30.01786
 205.28198
   8.76879
  52.29289
  48.70929
  24.95824
  10.83438
  41.70009
   8.98052
   7.69605
   9.82434
  46.71380
  19.17875
  13.31488
  17.56942
  20.81657
 209.48878
 108.04272
  18.03873
  60.84264
   5.81991
 126.20230
   8.25585
 230.21636
  10.61366
  38.77779
  55.00445
  21.96113
  35.21931
  10.85787
   9.22041
  62.94826
  78.15672
  63.86002
   9.79500
  17.27562
  19.41064
  12.62173
   8.05920
  26.55638
  26.29343
  85.49181
 256.28059
  96.97096
  40.26399
 320.74287
  24.06605
  27.82799
  35.49714
   4.75262
   8.78869
  16.00219
   4.84545
   3.94800
  12.76433
  32.26380
   5.37585
  12.75119
 132.05747
  14.03828
   9.40643
   7.27723
  24.87462
   4.14652
  47.49104
 335.76590
   5.29346
  22.19703
   7.42935
 232.20662
  23.43671
  25.95273
 129.45360
  40.77565
  66.37548
  24.60594
   6.27655
   7.12191
   5.69235
  12.39347
  41.15841
  12.51046
  19.18130
  11.14531
   7.98356
 183.00579
  30.02242
   4.65008
   8.99433
  44.16817
  61.48324
  60.15494
  66.87071
  25.84936
   3.58539
  83.89181
  16.96255
 134.22558
 159.96547
  19.40364
  56.20967
  96.52544
   4.54819
  35.36902
  26.22426
  36.49185
   3.78616
  30.80862
  43.53529
   9.96904
  46.15777
   4.67700
   4.67144
   8.90292
  12.00660
 235.02688
   9.57323
  41.91920
  16.07908
  68.19660
  18.37403
   4.53274
  52.21028
  33.64932
   8.25446
  28.31570
   4.63569
  62.99920
  45.92913
   6.86002
  17.12407
  13.77287
   5.49198
 135.49075
   7.50396
  18.06105
  10.69943
  16.49588
  13.52444
   5.27841
  99.08327
   6.60744
  10.73197
  27.68661
   5.53571
  60.48214
 200.12175
  41.26687
  41.15774
  52.95755
  43.60770
  39.30050
  49.51443
   8.45315
  18.15141
  26.71033
  62.16647
   3.84656
  34.13132
  12.95817
   9.25321
  24.31809
  24.26840
  18.48732
  47.64222
 181.13176
  40.59665
  32.49619
 107.30902
   6.00655
   3.84345
 101.79465
   3.91211
 448.45413
   4.57328
  30.38792
  78.62216
 106.75584
  57.06901
  28.81937
  23.33905
   8.25301
   5.80663
  42.71687
  47.27714
  30.56605
 431.51599
  12.05773
   9.58600
  11.14166
  62.98660
  11.22545
  10.77122
  48.47172
  24.27581
  93.19333
   4.41330
  64.98041
  16.65546
  33.14701
 112.17792
  28.60795
   7.92782
  19.61601
  24.74066
  89.32705
  32.23845
  15.11960
  16.67501
  10.24136
   9.04632
   4.01451
  18.80426
  18.61846
 155.94802
  25.86734
  10.87358
   6.27771
   8.32291
  42.56096
  11.49222
  50.32687
  32.28863
  34.28945
  33.47051
  22.82600
   5.95475
   3.99116
  28.94700
  19.71015
   4.35331
  25.92145
   8.34543
  11.24319
  26.44154
  48.23019
  67.06502
  41.92260
  36.92978
  10.65395
  11.07332
  50.46262
  55.90880
   8.97136
  70.28475
   7.73055
   6.61286
   5.36794
 100.30918
 415.45583
  15.05997
   8.88110
  36.10286
  28.91410
   8.33726
   7.33569
  53.22077
   6.19627
   6.31283
  79.67928
  41.06053
  35.65161
  14.17312
   4.86971
  30.68213
  82.48371
  83.65982
  42.15948
 115.33601
  24.25786
  14.08942
  63.74651
  21.83324
  59.56077
   9.61090
   8.83364
  18.19133
  95.09451
   6.04214
   8.82234
   6.18820
   9.64138
  22.41153
  26.79229
  37.95237
  83.50750
  48.10182
  22.43192
 198.89092
  11.04642
 264.93399
  11.73185
  13.96856
  27.34786
  38.67783
   6.22081
  30.81898
  26.85353
   6.87233
   4.83094
 126.60087
   5.61936
  88.11123
 276.48933
  22.08157
   9.15088
 106.85807
   3.60166
  51.07149
  11.85030
   3.88980
  81.16344
  49.11375
 105.58936
   4.03086
  47.01421
  49.04666
  12.13988
  37.99476
  40.19790
  18.61561
  68.41856
  35.60271
   4.43495
  72.78628
   4.82012
  18.54168
  44.38022
   5.30478
  44.17832
  73.89752
  15.77726
  24.11122
   4.65266
   5.33776
  23.72468
 121.80283
  69.08014
  50.14636
  13.79693
  68.86811
  38.22492
  25.98194
  16.20251
  20.69250
   5.25785
  29.36114
  52.62358
  36.64951
   5.47626
  41.96943
   4.72225
  46.63714
  12.42594
 131.29601
 105.56747
   5.81196
  26.14851
  83.20340
   5.17453
   7.10740
  34.99058
  11.20362
  48.22059
  21.73261
  24.66613
  48.70784
  17.40895
 234.97813
   6.29744
  40.43240
  30.89618
  87.54043
  28.92897
  54.30896
  19.05590
   7.63182
  19.25589
   6.59995
   3.08319
  40.89139
  61.29043
  11.43668
  11.92240
  22.22136
  25.28905
   6.34807
  40.10994
   6.15508
 137.22387
   7.82043
  11.43730
  17.03134
  14.78751
   5.64423
   9.25178
  40.77649
 144.81838
   3.34273
   0.10374
  74.92321
  40.45813
  29.34459
  30.22705
  30.54755
   9.76887
  44.28899
 157.02727
   8.42169
   8.99202
  32.45663
   4.77478
   6.53288
  16.73715
   8.07300
  13.88073
  72.43145
 175.87183
   4.55177
  12.02038
  11.14927
   4.67968
  20.13500
  72.02529
   3.14650
   9.08658
  48.54336
   9.87989
  32.01491
  37.07340
  23.88434
  90.58138
   7.00329
  32.35657
  20.69382
  38.40969
  20.99238
   5.71898
   6.00077
 230.97849
   4.72388
  44.52546
  59.09518
   5.52164
  17.43038
  58.80090
  76.52806
  30.59446
 118.27181
   7.71074
 461.59805
  77.73758
 114.00267
   9.34977
  32.17307
  44.10287
  29.92727
  60.75933
 156.76723
  23.74048
 110.69754
  66.85284
  47.87672
  12.86291
  58.24604
  55.54555
   8.89264
  79.59070
   3.88402
   3.86404
   9.43900
   6.55754
 121.06610
  20.07843
  63.81441
 226.20419
  68.75183
  43.99230
   8.43472
  13.21920
  17.25656
 136.19975
  52.52928
  10.77509
  15.09907
  80.24134
 184.71062
  15.75874
  90.17991
   6.35380
   5.41980
 166.46108
   8.89841
   3.51897
  28.58362
  63.50873
  17.08721
  10.09538
  17.24078
  25.92258
  30.65249
 126.58833
  16.50730
   4.83589
 109.36459
  46.29118
  10.48157
  25.96783
  97.12598
   9.40431
 490.62946
  30.23338
  50.90154
   9.36631
 299.55326
   3.17306
   8.08460
  56.21029
   8.27003
   5.67032
  38.35059
  80.34589
  16.84680
 138.27609
  21.59102
  39.13968
  31.91538
  17.92780
  40.33613
 216.08045
   3.74801
   5.70856
  43.13606
   8.73980
  41.34322
  13.48023
   6.94560
  11.22302
   7.58140
  70.26239
  85.29961
   3.43242
  29.38387
  39.71677
  85.38703
   6.53895
  24.84239
 204.99113
   6.07972
  15.92869
  46.93548
  75.02480
  49.23172
   9.07612
  82.16349
  10.40427
  25.22649
   6.72410
   7.31323
  18.67954
  24.81440
 100.17852
 132.52334
  44.11739
   9.64700
  54.82984
  23.92516
  96.37450
   5.26454
   5.05328
  72.58352
  23.20718
  45.01254
 105.22048
  56.07058
  11.65529
  29.59411
   6.79465
  48.23559
   3.19551
  15.54199
 166.86860
  25.46358
  26.33684
   9.22273
  34.85945
   7.19165
   4.35941
   2.16913
  26.80238
  33.65468
  67.42207
  14.54266
   3.38111
  32.71204
  99.81345
  14.12743
  14.15030
   6.08301
   4.49071
 120.24011
   3.44677
  14.30979
  12.39153
  21.80664
  45.31047
   7.81741
 173.67437
   6.92839
  11.26891
   8.03836
  70.82412
   8.28802
   3.54078
  55.18813
  15.47367
  17.42229
  24.33505
   3.31621
   4.12296
  22.18879
   6.06515
  12.38990
  17.44165
  19.91919
 141.76710
  25.53476
   5.34603
 117.73892
   8.55471
 220.94098
   5.58360
   7.05299
  19.72269
  12.62832
   5.35565
   6.99825
  19.55126
  32.05867
  20.64535
   4.44655
  96.23343
  55.12516
   9.46566
   4.50726
   5.26494
  24.51576
  27.89164
  15.15960
  30.03203
 139.32509
  28.42917
  36.59832
  45.82378
 158.68844
  58.78272
  46.98538
   8.37218
  32.05505
  23.78214
  11.22483
  59.59716
   7.21488
  58.23377
   9.67364
   9.97595
  46.96489
   4.22509
   4.35529
  43.70264
  22.87059
  33.20450
  84.09118
   9.88695
  39.38176
  17.11820
  14.52572
   4.89936
  91.83154
   5.77822
  31.23480
   4.49789
  28.10218
   0.52454
   4.59708
  34.74803
  13.20468
  34.37513
  24.38847
  72.35247
  64.87107
  28.40252
  24.71577
  26.72561
  89.42729
  25.03793
  88.14831
  11.19641
  46.06889
  14.70664
  12.37577
   5.00896
  13.77828
   7.37292
  78.20108
  11.81116
  18.25759
  23.51390
  73.19542
  27.33669
  50.08534
 121.37683
  29.75434
   5.42936
  30.07099
  69.03697
  24.10485
  19.76255
 183.96710
   5.08948
  22.46581
  90.38256
   5.14580
 230.56016
  46.37153
   6.55842
 159.26830
   6.78666
  18.64218
   5.87779
  73.09414
 140.51112
  38.33521
  12.92712
   5.66222
  40.85209
  33.38832
  10.46926
   5.69801
  11.62831
 104.66937
  30.78656
  11.36560
   3.63761
  42.61388
   6.32638
 252.40001
  62.12026
  22.07075
   6.49376
   6.39710
  20.71571
   9.98070
  11.97318
 162.41057
 110.30211
  50.24394
  25.12262
  57.07035
  10.40847
 169.92990
   4.85566
  29.75801
   9.90156
   5.63369
 120.62954
   9.71882
  41.74611
  40.45453
  20.21617
  16.37820
  15.82349
  10.10043
   3.96360
  83.62835
  39.32261
  77.13120
  15.16285
  85.36272
   5.76881
  32.48624
   5.50740
  11.96083
  46.93015
   8.74733
   8.15459
  16.64864
 133.04596
  28.27424
 103.26277
  14.38573
 126.55423
   6.54752
  46.62703
   4.88672
   7.19290
 105.02009
  34.57256
  37.33126
  35.93358
   7.38867
  75.40446
   2.34944
   3.95092
  83.98658
  20.48510
  33.55131
  33.29183
   8.95524
   6.66057
  94.90239
  68.14278
   3.25390
 120.08176
  28.49985
   1.32012
  11.92225
  29.55213
  15.79871
  19.52874
  17.95397
  18.18326
  16.78587
  16.98381
   8.85248
   5.03565
   5.90036
  20.96151
  51.00048
   3.97519
   9.15176
   8.83731
 133.38170
  29.31872
   7.83566
  13.95215
   9.90752
  25.54367
   8.44764
  10.23828
   7.96731
  48.74447
   5.07020
   7.95444
 127.50980
  10.90510
   5.07512
   5.02822
  15.14886
  30.83981
 359.57868
  20.02802
   7.43608
   2.97624
   9.82595
   4.13822
   4.48956
  30.78608
   3.88175
  10.51930
  12.46478
  32.48506
  20.03784
  33.38348
  52.87469
  93.89206
  16.79829
  17.22477
  96.60152
   7.47463
  15.45735
  88.94892
  62.22040
  15.26038
  18.25780
  10.97195
  25.28700
  57.52066
  18.72672
   6.23010
 114.26223
   5.62675
  43.79122
 173.50378
   9.49093
 181.57985
  18.57935
  86.06894
  60.35233
  23.62807
  23.20883
   3.67093
   5.26825
  25.26272
  38.31586
   6.15106
  61.08954
   5.23217
   6.10718
 195.85440
  38.96407
  22.11610
  32.83028
  13.80723
  26.86505
  47.23751
   8.37979
  11.23986
   9.11074
  42.89562
   8.10821
  39.92869
 100.37865
   6.64596
  49.75134
  31.82406
  26.23668
   5.25108
   8.95753
  11.94346
   5.60834
  41.82243
  30.86814
  70.96127
  59.03246
 105.80188
  10.13705
   6.07328
  24.90412
  49.42124
   9.11099
  14.21111
  31.06433
  11.56901
   8.12288
  19.31399
   6.01116
  10.51270
  24.87695
  20.97534
  13.60745
   6.71463
  30.71834
   7.79280
  23.45502
  81.32626
  15.97826
  46.00046
   9.21676
   8.83562
  71.07243
  61.30630
   5.61431
  29.86654
   3.44559
   8.78379
  11.58559
  14.58713
  29.97386
  40.47802
  13.68090
   4.91321
  10.60954
  27.27743
  20.48205
  36.34105
   4.81776
   8.32915
   6.93606
  30.21464
  83.17861
  68.20554
   8.86614
  14.80851
  26.01399
   5.58736
  10.04047
  12.35601
  11.86974
  74.37682
  11.62283
 189.45085
  15.60746
   4.81738
  37.77427
   3.77799
  99.77851
  31.94572
  20.43922
  32.06460
   7.41446
  15.13033
  13.15793
 102.85613
  30.20757
  95.73819
 135.56362
  12.55346
   3.61653
  62.88298
  15.59360
  45.27091
 119.77547
  26.82187
  56.54708
  39.83848
  11.35530
  23.16740
   4.96018
   3.70538
  72.03987
  52.95139
  17.51153
   6.22731
 325.47758
  44.85567
  21.52348
  64.52945
  21.17082
  22.55311
  21.27263
  18.47980
   7.81681
   5.88792
  14.37660
 128.58791
  23.95447
 132.08409
  18.14979
   4.37822
  34.13860
 129.20754
   9.05490
  23.02330
  23.87170
   6.78223
  67.75257
  18.97416
 105.53745
  65.20108
   6.51759
  25.38906
  31.01334
  37.69629
  92.76297
  54.74778
  35.37315
  41.97577
   4.32819
   3.61330
  37.85210
  29.20870
   7.84469
   5.11985
   3.73963
  13.67586
  32.17605
  45.74961
   9.42670
  73.78248
 146.28769
   9.67004
  18.42235
  12.54827
   6.44818
  11.02460
  28.32250
  57.61324
  15.33262
  29.53984
  82.99374
  71.37049
  10.31918
   6.00994
  11.02088
  29.54679
  28.08644
  62.57505
  19.09628
   7.00809
  61.04091
  88.79678
   6.46058
  48.57433
  12.18408
  19.66799
 161.92591
  43.85713
  11.34039
   7.02396
  10.97796
  28.49562
   5.84044
  10.34392
  38.76444
  21.88277
  20.94261
 110.28596
  23.85123
  52.21759
   6.07382
  24.02410
  89.14863
  19.14730
   4.27936
  13.20984
 137.75933
  13.39644
  22.12272
   6.77711
  33.86776
 200.95175
  72.52351
  13.25596
  22.99565
 162.26636
  19.84119
  32.23191
  11.31267
  49.55581
   3.57355
  26.48271
  37.48786
  10.47632
   8.73387
  12.29544
  40.94817
  16.64736
  10.73212
  42.72043
   5.80973
  21.41344
  44.04417
  10.72988
  11.86225
  44.23914
  42.73241
  13.69223
  76.93399
  11.63096
   9.25069
  18.94453
  26.33698
  31.43788
   8.37289
  24.85008
   4.05079
  77.49300
  70.13514
  19.43450
   5.14019
  27.62879
   6.07147
  50.10388
 151.17014
  68.86097
   3.83416
  25.90519
  11.10702
  10.88895
   6.73253
   5.77335
  11.34088
   7.40739
  33.84573
   3.65036
  31.57267
  13.93966
  14.41787
   8.40091
   7.05505
   7.03817
  27.81615
  16.48142
   6.02194
  25.79849
   4.65645
  19.60742
  13.88479
  55.39660
  21.18626
   6.51661
   5.99353
   9.06780
  23.63913
   5.27100
  15.27172
   8.53929
  31.53350
  31.90589
   8.00944
   4.13821
   3.89574
   7.73105
  34.81227
   5.23272
  10.50459
  76.83531
  13.48792
   8.67234
  14.56049
   6.15516
  23.35462
  24.99213
   5.02474
  58.26759
  33.31031
   6.57883
  15.65929
 191.94345
  13.23310
  49.49984
   3.08972
 130.87622
  41.03444
   7.22463
  53.41027
  44.81816
  76.40474
  47.54541
   7.71903
  64.98918
   4.82117
  16.25926
 147.00475
 175.62069
  46.85125
  63.32662
 129.14005
  11.28300
  51.86723
  12.80559
 285.32338
   6.19916
  12.63343
  79.67070
  47.00231
 113.66544
   5.84350
  26.19597
  10.77335
  13.24446
  50.96355
  33.02114
  30.90304
 159.72868
  10.89251
   4.22523
  33.46006
  15.23507
  13.05781
  38.70114
  35.27384
   7.51724
  87.76483
  22.10999
   6.78200
  23.99933
   4.31980
  28.96505
   6.28525
 168.72809
  13.78421
  24.12208
  25.49977
  59.24872
  59.50526
  24.01244
  49.04667
  64.13833
   4.42860
  47.88436
  81.31861
  83.05219
   5.12983
  11.98589
   8.48938
   5.37827
   8.16728
  12.03190
 118.90642
 113.69958
   5.81689
   6.33923
  67.51387
  51.83175
  41.62298
   4.82191
  16.98585
   5.28367
  36.59799
  30.25285
   4.82971
  54.89149
  23.14823
  19.93326
  37.59141
 301.05139
  30.35210
  30.28850
   1.31862
   3.35480
  10.07888
  82.95967
  11.94487
  43.88505
  29.26901
  48.29205
  64.08296
  25.26106
 100.64497
  18.97352
  54.66491
   7.55992
  44.50467
  22.25906
   9.12210
  13.58014
   5.75038
   6.20433
   4.17253
   5.25498
   3.62027
   7.32240
  38.96423
   8.81649
  14.58997
  59.17927
  27.28836
  54.84546
  20.93528
   9.76029
  15.03991
  43.09237
  11.84987
 166.20940
  49.33298
   4.24579
  12.15850
  33.18030
 179.46913
  21.21121
  39.52141
   7.58027
   7.31027
  11.26066
   4.37550
  11.77383
  40.19814
  85.41385
 180.48999
   5.08480
  15.01247
  10.39623
  92.96102
  24.30342
  10.47993
  21.38500
   3.86864
  84.29763
  16.46085
   5.25125
  54.82100
  53.64169
  48.65883
   4.17138
  78.89672
 190.67258
  10.06443
  15.58526
  41.11484
  15.24060
  13.58910
  71.88999
  15.48869
  11.93773
  47.90194
  28.67762
  20.19698
  77.78552
   5.38730
  78.49856
  81.76188
  41.69288
  10.46164
  25.42361
  40.91847
  22.59468
  21.22652
  29.19720
  53.83231
   5.83014
   5.73823
  92.07592
   4.86774
  62.56731
  36.01190
 149.15594
  26.68007
  15.49670
   3.45688
  17.35887
  63.81983
   5.64526
  33.99245
  13.56965
  27.74297
  58.22496
   4.20291
  48.50080
  19.15405
  24.19278
  82.53369
 276.46183
 137.05404
   5.81098
  70.89886
  10.29626
  79.10057
  27.27519
   7.62185
  14.85007
   4.17764
  32.74476
  47.12756
  15.25849
  22.13297
   4.50976
  10.00754
  14.98027
  22.22278
   5.51669
 418.24661
  53.27988
   8.52048
  35.82010
   4.89648
  27.23054
   6.13389
  32.14131
   7.11771
   9.82947
  89.01686
  34.96928
  61.70158
  15.04642
  49.84145
   9.67138
  11.00671
  27.78329
  25.61500
  15.09089
  17.56345
  53.21342
  49.78306
  32.34580
  15.75830
   3.87828
  57.30457
  45.64932
   8.63650
  19.62341
  65.42672
  21.40809
   5.78092
  28.88801
  13.66172
  26.83514
  21.33816
  19.40887
  63.73527
  11.82317
   4.36954
 378.09097
 233.22174
  13.45146
   9.50048
  52.38413
   4.61810
  20.88382
  61.49756
  29.03386
  13.12909
  42.61320
   7.20782
  20.95943
  12.60463
   1.36626
  19.43850
 138.15657
   3.12896
   7.53743
   3.23051
   7.98662
   7.72705
  21.96313
  55.47468
  12.79772
  16.63828
 164.58391
   6.79476
  18.70843
  24.12858
  24.37571
   8.15136
  35.81231
  12.48368
 220.63418
  14.68111
  18.29882
  20.98668
   9.54330
  93.21208
  17.27908
  28.76648
  50.12090
  18.04533
  27.58904
  82.54315
  39.28915
  34.95506
  27.64621
   5.80120
  13.47440
   8.91233
  56.40000
  56.91533
   4.75014
   5.71306
 140.50301
  23.87891
 110.62542
 153.56011
  23.18120
  19.35417
  20.10843
   6.52593
  67.94881
  39.70283
  27.65475
   6.22867
  42.56574
  32.75567
  36.47752
  11.34658
  37.04202
  31.34250
   8.34912
   4.25763
   4.23162
 127.86324
  39.36723
  10.93807
   5.29240
   0.73949
   8.86459
   8.29250
  11.41413
   4.46582
   3.69009
   5.39253
  23.33143
 123.55537
   5.98827
  43.31729
   8.55454
  18.87798
   3.44200
  42.25200
  42.12355
   9.85508
   7.72241
  93.78741
   6.17215
   5.33871
  36.30901
  43.72538
   4.06504
  10.45379
  33.95146
   3.98625
  26.98072
  48.83266
   7.93791
  53.47347
  31.48459
  24.02558
   4.85559
  26.54333
   6.10904
  65.51540
   4.91923
  22.21628
  40.15740
  38.26003
  68.32650
  13.88689
  31.36060
   5.82859
  18.11939
   7.88699
  13.09244
   4.96145
  20.05903
  21.17889
   6.26734
 122.17974
  78.23440
   7.43770
  10.79531
  39.68937
  16.90610
   8.58901
  11.68203
  18.82580
  10.45256
   7.73747
  22.10888
  61.63133
  56.67278
  53.86692
  24.74578
  32.82107
  61.95525
  20.48463
   7.16764
   4.23892
  19.46079
   7.75520
  90.71274
  31.23908
   6.03790
  20.99316
  13.92366
  21.01802
  28.69112
  12.13995
  13.53713
   5.24795
  70.44866
   4.45116
  27.32714
   6.58060
   5.33574
  65.59348
  14.30787
  26.11873
   6.40280
 145.90213
  11.72041
  12.03525
  29.34881
   4.54553
  15.32475
   4.36740
  26.88340
   5.19239
   3.73544
 147.19632
   9.27911
   4.76520
  78.83912
   4.83088
