  25.13059
  85.44638
  11.62689
  39.16063
  15.81469
 238.95298
  17.37371
  19.26804
  74.11464
  51.28066
 224.96395
  28.91820
  88.63529
  49.99025
 283.23654
  35.65552
 133.87486
  47.24252
  23.06450
  15.48332
 206.10935
  17.68153
  17.38620
  20.32945
 105.51559
 159.73428
  29.11292
  26.34985
  24.00676
  24.41898
 186.28610
 208.24526
  46.44487
  11.80301
  28.87617
 208.09861
  27.23877
  90.71961
  76.33430
  16.70337
 130.03158
  93.13493
  27.08806
 179.35303
  27.15761
  36.79564
  16.14180
  69.41973
  84.51315
  11.89774
  21.41404
  35.99433
 440.10660
 116.28733
 233.55238
  18.88242
  53.65885
 108.47959
 156.71902
 157.30801
  12.41441
  72.35059
  10.05728
  27.10749
  33.47930
 135.96470
 247.68959
  24.70144
  12.88181
 176.89743
  20.53965
 376.01014
 151.14448
  45.36357
 115.56088
  98.09351
  15.67848
 108.51620
 146.66516
  77.49240
  34.67140
  10.12071
  37.77841
  16.78007
  47.72063
   2.95155
  31.67601
  10.40579
 105.68159
  33.18487
 279.05688
  91.05059
 152.38699
  85.12943
  15.30530
  65.48113
  18.14298
 132.91632
 111.40596
  19.82246
  34.50452
 160.87792
 103.91256
 149.17817
  97.16664
 107.03194
  31.64470
  12.06742
  64.30460
  77.70982
 182.25582
  68.44536
  17.83082
  21.73308
 245.03541
 367.27991
  54.61654
 112.29033
  19.36907
  14.75226
  12.72547
  16.99274
 105.90269
  16.18881
 174.79086
  17.70143
  92.34515
   6.86606
  39.10979
 170.54976
 218.08067
 196.87058
  48.63038
  35.84795
  29.02985
  19.45841
 171.89898
  74.10055
   7.67644
  17.29359
 246.38243
 164.90535
  10.76087
  11.84566
  24.14021
  82.12888
  69.49987
  24.17517
  32.78609
  10.45671
  12.02925
  12.40961
  10.80124
 101.00579
  23.66343
  20.49211
  13.66268
  15.25294
  15.92829
  38.33806
  51.43109
  15.97120
  27.30483
  20.92831
  34.16385
  78.11099
  62.10300
   5.22576
  13.30825
 149.80703
  60.03542
  24.00600
 134.01703
 157.99355
 149.18788
  38.42263
  40.73005
  29.92456
  15.29679
  23.65810
  62.39933
  54.11190
 150.89118
  11.92119
 180.05363
  33.02597
  17.50372
  62.24621
 208.41544
  15.16352
  57.51986
  17.00521
  28.41409
  24.05150
  30.05927
  19.08892
  24.11203
  22.48408
  52.47920
  55.78740
  34.13746
  19.17168
 128.79211
  10.48154
  60.14801
  96.34219
 113.98942
 228.63017
  12.01528
  14.64017
 312.46287
  85.29286
  27.34499
  15.77035
  72.71707
 114.98394
  50.69961
  21.92771
   0.40658
  11.56731
 235.59850
  18.56454
 136.31006
 143.87524
 136.95821
  55.48251
 106.71174
  63.54701
  11.19853
  35.23816
  12.48693
 230.47472
 101.29804
  11.96879
  95.63716
  17.78259
  24.49009
 186.03188
  42.88544
  16.59513
  19.46966
   4.80949
 189.83778
 267.33438
 128.01755
  15.77919
  30.30978
  13.18133
 124.27759
 181.10410
  55.62242
  44.72807
  28.38410
  71.50289
  13.37390
  75.22372
  61.76572
  23.84352
 121.53061
  17.84977
 165.32566
 509.79227
 102.63173
 155.32448
  26.97697
  56.11386
  73.10208
  13.56243
  46.13114
  12.79468
  20.78915
  87.38424
 124.55396
 106.90989
  15.79122
  14.78270
 284.42913
  67.68457
  11.05759
  17.08185
 155.26424
 236.00284
   8.81182
 132.16583
  10.58106
  51.41686
 219.88599
  63.12882
  78.39818
  20.84503
  17.06655
  14.23454
  11.94592
  17.25575
  17.80549
  91.34962
  42.46846
  98.09932
 158.95396
  17.30225
 237.51527
  17.37492
  42.68425
 100.61931
 109.35949
  37.45409
  56.14900
  10.91263
  50.22734
  21.13974
  25.64780
  55.77975
  53.47056
  42.49114
 232.73784
  11.49548
  93.30211
 142.84152
  18.67339
 142.95644
  25.40609
 111.50523
 100.42772
 102.54229
 386.29897
  17.24559
  22.82028
  31.37749
  65.47660
  22.20272
  44.98358
  52.77793
  62.08450
  12.69349
  14.72758
 328.29023
  44.85183
 423.17679
 405.17589
  46.59841
  31.70087
  53.30421
 224.92638
  11.95235
  36.04290
  44.60730
  44.23620
  14.33303
  18.92950
  19.61855
 119.94165
  17.04452
  13.93072
  23.58270
   6.04955
  20.51752
  11.35411
  63.16110
  68.43427
  61.37897
  10.09059
  45.67105
 106.75255
  22.98003
  46.47749
 102.85175
 206.47851
  87.87924
  47.86544
  35.41107
  64.52671
  11.60263
 305.77620
  13.47081
  15.08034
  27.86023
 270.20305
  72.48290
 104.82205
  18.04520
  15.54207
  51.72356
 149.67876
  12.01059
 123.94249
  76.42919
 135.47468
  12.18160
 150.10686
  10.22316
  15.52701
  13.71470
  16.07511
  71.40808
 104.90536
 151.19958
 168.82939
  79.57315
  45.99865
  30.88360
  31.09799
