  50.76841
  29.55942
  27.12699
  87.27332
  15.15843
 103.30586
 146.32951
  86.27062
  97.35171
  66.20614
 107.98046
  97.47324
  14.25631
 193.46891
  99.62061
  12.59866
  26.47523
 126.29296
  39.18191
  76.47142
  38.30874
 196.14111
  10.03355
  94.04648
  35.63670
  14.27087
  21.98735
  34.23564
  53.18536
  15.49075
  23.68076
  24.69249
 160.26841
  10.50732
  21.75075
  10.08650
 112.67638
  22.22239
  29.76438
  93.36906
  30.78776
  35.23718
  23.66896
 165.44234
  31.64549
  36.34252
 130.28187
  50.08511
  43.27592
  42.04974
  27.03840
  29.14124
  21.97190
  36.64333
  21.63344
  10.63509
  33.26614
  60.99590
  42.88952
  35.69601
  52.13059
  11.07701
  11.14031
  16.20514
  87.33673
  59.27616
  37.24214
  72.18621
  67.26521
  76.84346
  14.26816
  54.21726
  77.20131
  15.31128
  10.56026
  10.31545
  45.56527
  17.92730
  68.73875
 127.62432
 164.36897
  52.17713
  92.05923
  31.21651
  30.36918
  59.80342
  34.67288
 106.03187
  16.41152
  25.37523
 380.81755
  20.03483
  70.26594
  30.68326
  38.72901
  11.31046
 140.75407
 115.07245
  34.20344
  34.04637
 230.26960
  10.34717
  23.61810
  23.43155
  11.64458
  46.13852
  11.86661
 124.14081
  70.50046
  89.36472
  54.96731
  16.96834
  32.49749
 199.83375
   8.81751
 103.46030
  34.43459
  18.73131
  20.86897
  28.99664
  14.27278
  16.25716
 104.27443
  20.56638
 119.18808
  68.37429
  28.88127
  13.48546
  22.28888
  31.50663
  13.26992
  81.24112
  76.01134
 247.63221
  87.63286
  16.07065
  10.17211
  20.61045
  14.58306
  18.01966
  67.95192
  58.02740
  24.44667
 110.91332
 102.40115
  59.25155
  31.06148
  11.88956
  42.79128
 434.02640
  50.13968
  10.56264
  52.08497
 112.79209
  23.15143
  18.51316
 139.81800
  11.29614
 224.46283
  48.28239
  33.50947
  87.22606
  10.88828
  27.21057
  75.57186
  20.03418
  53.20358
  25.31893
  30.22205
  88.06459
 135.19276
  74.20388
  51.75114
  13.23100
  88.07468
  14.36801
  15.82829
 223.99495
  24.32901
  97.30832
  47.61286
  19.59247
  89.71201
  76.55231
  62.53387
  56.38132
  30.71359
  23.27902
  19.14077
  37.89797
  48.81055
 114.35182
 269.02598
  98.19176
  14.40951
  27.68710
  81.97999
  20.61799
  51.79198
  68.59780
  76.69618
  16.49537
  28.03031
 155.31583
 149.32366
  67.39143
  16.02428
 136.11944
  11.57146
  20.01285
  11.69034
  13.07508
  18.52669
  37.39766
  14.03415
 240.46021
  14.85937
  92.70403
  17.69136
 270.55284
  75.28894
  15.50197
  45.48257
  95.14464
  27.32496
 116.14974
  79.94116
  22.53144
  16.71276
  55.65410
  11.15567
  34.09389
 158.93779
  86.43405
  11.20447
  21.54459
  10.18612
  18.79530
  17.48501
  13.31318
  52.86887
 293.18074
 101.50757
  10.21335
  58.37477
 108.61112
 167.94523
  10.81436
 106.72977
  35.97818
 110.49787
  25.24202
  77.87158
  33.71391
  21.36331
  50.54170
  25.98194
  40.26380
  61.49561
  25.01463
 205.82672
  20.47988
  20.33898
  31.67986
 163.50434
 161.80101
  30.99367
  55.19184
  48.08178
  31.68138
 142.48077
 115.91579
  21.06237
  36.34878
  17.93962
 353.17905
  37.72411
 120.05699
  40.49743
  17.79046
  35.29130
  10.07352
  73.27978
  56.26723
 169.43242
  12.64448
  25.99590
  30.97603
  43.69217
  53.96730
  92.82778
  18.41182
  15.42524
  27.35676
  66.71944
  12.32471
  12.22780
 106.91478
  17.93021
  20.41795
  60.15476
  11.42648
  14.00437
  28.03459
  62.75597
  20.46724
  31.95088
  23.03319
  11.54553
  80.20735
  38.18435
  55.86770
  85.46557
 439.21579
  11.25163
 136.34027
  12.24189
  92.89986
  90.18760
  32.55588
  42.94881
  51.20721
  58.63409
  42.25381
  68.32063
  64.37379
  82.68078
  26.84204
  10.64960
  11.70484
 197.33752
  15.69011
  47.96551
  92.88970
  12.88437
  30.99517
 152.62273
 111.12117
  27.55932
  83.98670
  24.58302
   1.38599
  11.60388
  40.14936
  72.09976
  13.30617
 222.40498
 145.74590
  66.85349
  99.76161
  61.39990
 322.63741
 216.53633
 184.51765
  21.70425
  31.00881
  20.36751
  84.51878
 129.95303
  68.78034
  19.54806
  10.53329
  30.83026
  25.79917
  27.87649
  95.77818
 171.34872
 133.40096
 300.38698
  18.58753
  13.01113
 303.04489
  29.13813
 121.92420
  25.57739
  86.63358
 185.81561
  16.42389
  57.34679
  48.09411
   1.89760
  12.82077
  64.07248
  16.48479
 152.43804
 116.73635
  57.01663
  23.33651
  85.10416
  27.33454
  13.41215
  75.28126
  17.61281
 293.93636
   9.52887
  18.37155
  21.07241
 225.23293
  22.63028
  25.12983
  10.54982
  20.08012
 186.04599
  13.65636
  15.18018
 103.77939
 256.02961
  17.46337
  14.98334
  18.67411
  50.16633
  12.65815
 184.38887
  93.27701
  14.70990
  34.46687
  19.91157
  16.41286
  23.00282
  22.79317
  57.54807
  11.71276
   8.80746
  43.93388
  17.81830
  49.86298
 115.96791
  61.17409
  16.55179
  16.44440
 128.68484
 206.10933
  15.05171
 143.36367
  20.78491
  34.79110
  82.76384
