 113.50902
  29.95618
  76.22907
 138.65895
  34.67451
 141.50408
 180.33361
 107.13824
  86.24806
  94.46170
  86.56881
  56.08089
  73.11338
 172.01648
  37.95388
 133.35318
 102.14825
 119.49391
 303.20228
  99.70136
  19.67622
 231.00235
  20.93750
  74.29048
  82.96095
  22.39292
 135.90041
  37.39157
 239.28291
 133.09980
 103.59225
   2.36706
  49.01705
  42.23155
 216.53976
  92.87807
  81.59991
 103.85284
 104.11629
 207.47603
 150.21071
  12.32073
  38.85185
 241.27468
  74.58321
 178.04238
 154.74281
  29.20902
  41.21934
  60.85276
 504.18011
  25.23729
  30.26200
  46.21873
 147.26690
  28.44081
 114.27669
 218.30279
  75.43344
 191.46107
  26.39052
  72.19382
  26.90417
  34.72940
 251.26917
  73.14223
  52.11419
 143.87367
 301.65343
  91.67919
 116.00194
  21.30642
  27.47083
 116.82008
  58.64336
 118.70601
  90.85087
  35.44456
  40.04527
 120.91357
  45.12678
 258.07285
 142.24414
 197.66193
  12.17267
 252.95752
  96.04684
 101.22706
 110.45988
  91.86580
  89.88538
 114.46400
  51.69625
  95.10257
 231.48937
  29.18127
  74.20878
  60.12311
 116.55262
 264.05423
 286.13916
 279.62526
 479.50022
  73.87569
  35.54648
  36.77227
  99.82757
  75.10551
  37.74545
  25.27208
 207.79490
 229.75680
  68.24522
  36.14160
  86.46458
 184.28424
  72.83616
  24.63084
  16.38981
  52.23550
  50.79952
  85.74857
  57.15456
 151.95658
 194.26124
 353.91876
  59.05774
  59.51674
 100.82246
 135.74296
