 114.81828
  12.17004
  65.88960
  69.82028
  25.81879
  53.91777
  23.36467
  41.62573
  53.18198
  15.27365
 143.83313
  25.95086
  12.62190
 134.91127
 170.24995
 119.68459
  19.15638
  22.15371
 103.07488
   7.41677
  63.73909
  52.03024
  42.76399
  18.42884
  92.49697
  14.78813
 121.54446
  86.37758
 151.35719
  63.44955
  26.74908
  18.58791
  49.62694
  57.29464
 274.42639
  14.30417
  70.89452
  24.19130
  20.67413
 337.98843
 148.62364
  53.64596
 173.58024
  60.19203
 146.80068
  50.49025
  91.95227
  49.12595
  36.44183
 130.72625
  52.53307
  58.49856
  34.80195
 177.31159
 330.39552
  49.89878
  34.77564
  52.11392
 207.13071
  15.31207
  21.57363
  49.73728
 145.16880
  96.72652
  64.60297
  24.89559
   5.83440
  93.34388
  30.20214
  29.04720
  17.50502
 136.38425
 131.21259
  64.55604
  49.97440
  86.42019
 104.68017
 182.23846
  11.17766
  27.33579
  84.63934
  31.11600
  61.39170
 228.69543
 250.98122
  72.26239
  19.54044
 317.96389
 169.56545
 139.26305
  31.98805
 125.71818
 167.48215
  29.03277
  93.07124
  80.16946
  63.13235
  48.08761
   9.18786
  34.70269
  25.52628
 331.79256
  33.44113
  11.25563
  56.41724
  69.05459
  23.91797
 498.95533
  24.44312
 247.86750
  88.83666
 217.44992
  91.96226
  26.82923
  67.20498
  35.21240
  22.23271
  86.15442
 146.54261
 163.05984
  12.70473
  13.52290
 104.12950
 152.60679
  15.23119
  16.83116
 208.27469
 124.47530
 181.62856
  71.58568
 106.88068
 317.84697
  10.94429
 132.51800
  25.74084
 337.07580
  55.24731
 218.30189
 112.81278
 225.36097
 158.03084
  33.12200
  26.11102
  27.53162
  13.81237
  50.04241
 107.17598
  46.40612
  30.07295
 119.16965
  11.15503
  47.35630
  63.30990
  18.58438
 103.77912
  17.17006
  55.74214
 200.65000
  12.21282
  96.45818
  25.08048
  60.17559
 113.14076
 138.84673
 327.17612
  53.47590
  28.92190
  42.77464
  14.63041
  27.00679
  23.83172
  33.62793
  75.88051
  80.80167
  96.00500
  16.05157
  37.94355
  80.00051
  93.90636
 968.39400
 379.48467
  28.21270
   5.68702
  59.07086
  56.11127
 585.99588
  18.92316
 111.18723
  69.38616
  15.57900
  21.69090
  67.95049
  42.17495
 135.34909
  45.94297
 318.03770
 159.12428
 154.75822
 143.52579
  23.90587
  12.82545
 778.50448
  20.96233
  94.13546
  49.92646
  35.08576
 152.36118
  24.69986
  61.30399
  40.59603
  41.47557
 124.34308
  10.32912
 156.41964
  13.53555
  92.57171
  36.59597
 143.95790
  29.55570
  14.52859
   7.60928
  30.59974
  29.86622
  35.00382
  55.54846
 116.51608
 197.46457
  24.18332
 193.56831
 125.12294
 162.12431
  49.59024
  35.00300
  16.20250
  23.50900
  85.72179
 109.25453
 110.17223
  17.58861
  14.08636
  21.87776
  71.30603
  94.51403
 101.52645
 162.40637
  59.43449
  18.38668
 149.34581
 166.08685
 175.31173
  29.94088
 204.52567
 321.46637
  26.50489
 249.82712
   5.44260
 171.63525
 460.21924
  58.64970
  68.29291
  25.03646
  34.16795
 252.24000
 127.39295
 158.78231
 290.36241
  17.91956
 126.71459
 328.89361
 731.20740
  50.91263
   4.94501
  56.49266
  25.69716
  28.41059
  71.67096
  64.88073
 152.89538
  99.92154
  44.68183
 174.67678
  43.07444
 225.90663
  58.22302
  26.35669
  25.41102
  44.69753
  14.36479
 142.04253
  25.25754
 203.01554
   6.27761
  40.11227
 154.96947
  13.92631
  12.65634
  41.72972
  15.72601
  12.67250
  73.84194
  27.63926
  50.33882
  10.93994
  36.52754
 592.94136
 168.92826
 122.98559
  79.58740
  76.01991
  44.07788
  25.42097
 161.13530
 761.19598
  16.45052
  87.12087
  10.53973
  43.55357
   7.98287
