 170.03080
  24.02724
  18.72542
  35.61870
 125.32372
  52.50362
 318.92417
 133.36314
 237.55870
  22.24826
  31.87642
 688.10720
  10.35684
 186.82278
 185.32752
  97.83825
 180.46019
  94.39511
  61.07843
   9.83938
 220.31250
  36.01131
  31.20117
  30.27080
  71.12080
 216.07888
  57.88843
  43.89304
 281.64026
  28.91515
  17.23469
  51.70003
   6.39495
 154.78832
  37.45128
 138.78220
  29.50860
  84.35066
  71.88873
 200.13922
 144.20684
  31.21402
  43.45651
  70.18595
 100.74000
 112.31320
  22.88325
  18.10858
  28.94630
  75.78881
 196.98037
 120.01859
  25.57410
  68.33708
  70.34733
  81.83668
  59.51393
 129.48751
  29.91889
  44.40464
 215.96965
 198.14017
  11.87925
  48.06118
  59.87979
  10.79232
  20.60157
  40.72300
  85.35610
  40.47023
 132.66059
  77.87804
 139.67821
  76.41234
  79.85625
 142.99101
  88.49692
  44.36344
  91.97506
  17.03378
 120.91125
  33.84169
 202.88935
  43.12411
 126.75310
 132.80148
  59.65523
  61.22364
 191.80067
  94.57182
 202.44997
  27.24192
 104.87759
  10.74997
  27.93908
  31.13487
  27.41934
  26.14090
 110.70986
 126.98673
  36.30667
  49.98075
  19.03289
  40.59993
  70.63561
  79.09273
  84.93187
 104.56931
 113.95001
  37.68049
  31.60442
 122.19400
  15.87245
  24.35832
 167.41727
  54.50176
  38.83903
 189.80402
  16.00029
  53.61192
  23.72003
  23.96944
  33.45201
 165.41892
  65.03106
 117.82959
  30.21987
 117.84814
  83.53374
  70.45497
  82.29757
  16.42599
 104.03239
 131.14774
  88.04490
 187.51240
  13.79147
  60.45774
   7.35858
  52.47736
  76.68529
 118.70696
  65.41372
  43.30044
 132.26759
  47.66233
   9.48959
 433.92218
  34.93291
  47.14564
  90.20361
  24.69510
 274.05291
  75.95605
  10.58212
 269.65139
   2.97304
  58.41116
  33.69724
  56.06795
  28.11333
  11.79992
  71.74181
 201.01194
  60.56286
 147.60505
  45.67487
 120.57793
 164.31398
  44.17522
  17.89450
  99.60927
 171.59569
  55.03569
  70.09987
 205.50955
 112.47854
  12.52639
  34.04737
  56.63403
  80.81661
  13.26676
 116.18205
  81.40771
  10.08217
  21.41663
  46.08257
  19.00505
  31.07149
  39.19375
  78.78363
  12.13440
  22.38682
  51.87172
 144.47129
  72.19687
 174.78722
  27.88572
   5.65191
  50.82582
 122.56974
  32.62520
  40.56048
  30.47868
  45.99915
  66.50526
 115.44674
