  19.98342
 294.41712
  30.21279
 118.76656
 139.11576
 180.72187
  13.44573
 133.37429
 117.18997
  21.60173
  18.70098
  88.69945
  31.52051
  47.25407
 166.17376
  24.72141
  20.40760
 215.03979
  11.51399
 150.09580
 118.15659
  12.17402
  72.27129
  15.33412
  77.11968
  57.24540
 228.00544
  61.66602
  38.07331
  18.65376
  14.22818
  12.63169
  14.03365
 163.08712
  20.71143
 151.94369
  56.86181
  37.52575
  74.75717
  51.24006
 118.44062
  51.06581
  15.81451
  34.11014
 137.22176
 110.20031
  23.18293
  18.71660
  64.62117
  17.44970
 206.82098
  28.60280
  84.35762
  37.62522
  10.49734
  84.25567
 141.45861
  38.56567
  69.24242
  13.75459
  25.86156
 238.67251
  87.62407
  16.19530
  14.06679
 233.35283
  25.43627
  92.65989
 188.44354
  13.93846
  23.48796
  16.28735
  10.74590
 188.40682
 134.08637
  42.22407
 120.41635
  86.15515
  87.33353
  28.86685
  60.26680
 133.13695
  34.09508
  40.61435
   2.66345
 391.11006
  47.01245
  13.76538
 171.73594
  45.86451
  11.71792
  30.15478
 107.46571
  13.58292
  31.70384
  11.75769
  27.24489
  43.90252
  48.44727
 215.22513
 139.69031
  28.73901
 109.96279
  19.53657
  12.35304
 219.78440
  46.00896
  22.04249
 177.12615
  70.56021
  58.17487
  15.99791
 140.53197
 119.12824
  65.92250
 313.71485
  22.33571
  91.63867
 195.09255
  14.86620
  99.50046
 252.75830
  20.91424
  16.57145
  37.83538
 101.87173
  15.22750
  15.32587
  70.08807
  14.32435
  82.79224
  57.10367
 178.45273
  11.97859
  61.77637
 209.13383
 234.30739
  12.28518
  21.08028
 105.60764
  45.79246
 170.19572
  91.88092
  40.00012
 241.05327
 103.24369
  13.39333
  44.09213
 260.91038
  52.68061
 211.96143
  98.85403
 217.17098
  20.47100
  88.71262
  19.05254
  25.79401
  86.98465
  53.34987
  23.40132
 203.60279
  25.59772
 107.81063
 222.98627
  62.59976
   3.55484
  16.72615
  10.66565
  15.79561
  35.90754
  59.71565
  15.14300
  41.82554
  61.68822
  51.21853
  29.47820
  56.52619
  44.67650
  36.18079
  10.58392
 115.51072
  66.70751
  46.63881
  12.87553
  47.67094
  18.46589
  52.02267
 126.07267
  12.97305
 248.57714
  62.66885
  24.09609
  76.01293
  13.79109
 118.69558
  52.92188
  27.34175
  13.96527
  39.99604
 138.02724
 190.84532
  24.14735
  70.26295
  13.61722
  17.79933
  18.12477
  25.23283
  52.73120
  27.35727
 143.05926
  42.79979
  15.49291
  70.15503
 278.84619
  15.56898
  81.18861
  29.00645
  44.98300
 201.27371
  74.87553
 155.15039
  20.50654
  20.69791
  37.59680
  53.35862
  23.78561
  59.34393
  13.32145
 426.27995
  28.99413
  33.13343
  89.01026
 162.37041
  12.05615
  64.79219
 333.91237
   6.70056
  54.22739
  13.00284
  46.92257
 211.20346
  57.74597
 315.22153
  11.81294
   8.95088
 439.72773
  33.76973
  25.11183
 317.61993
  31.01747
  16.93745
 148.03817
 218.85669
 124.03759
  15.45726
  19.81262
  62.76418
 225.63927
  53.65586
  15.92156
 224.40028
 110.08586
 551.43344
  56.87134
  23.31426
 145.23037
  72.47630
  14.89785
  11.41532
  20.24594
 129.42160
  12.52281
  70.09143
 217.81940
  51.79462
  10.94001
  23.73032
  32.72919
  13.27248
  75.00729
  12.54918
 128.21072
   4.43596
  21.18006
  30.60725
  85.77337
  23.89673
  48.63505
 278.68620
 179.99566
  14.68056
  10.50609
  32.02480
  95.45325
  50.45152
  90.57755
  43.13384
  42.49217
  10.16062
  64.60960
  17.57572
 191.83682
  18.29191
  56.57933
  90.00605
  11.20961
  14.53870
  39.19194
 192.11064
  14.71672
 525.14025
  99.07319
 104.01283
  17.98956
  11.73991
  48.68416
  97.87909
  39.71502
  16.34258
  11.64971
  67.23620
   5.29004
  14.74273
  31.84534
  10.96589
 446.77559
  17.06195
  11.69182
 205.64696
  29.34015
  83.03878
  75.37186
  28.33317
 140.76454
 112.38121
  14.11116
  79.15251
  23.90064
  32.25930
 580.35306
  27.95027
  49.54723
 196.62070
 148.86722
 244.11700
  10.81720
 128.88833
  17.11458
 113.27390
  19.32013
  10.04780
  45.10667
  14.36443
  25.84954
 101.37646
 129.47313
  44.34099
  12.78544
  50.54905
  71.13491
 347.03405
  22.75016
  17.04465
 148.81064
  15.24604
  16.10022
 111.12424
  27.96098
  45.80573
  15.67567
  21.01601
  28.63633
  14.39269
  52.36451
  26.67642
  28.30455
 359.96410
  50.69436
  20.10201
  26.80348
  48.66077
  24.41838
  18.64960
  24.23238
  78.60998
  24.30616
  29.20649
 116.26144
  74.19970
  28.59814
 399.80000
  75.55159
  15.81641
 261.18218
  11.63434
  11.05538
  13.14688
  27.30140
  11.16189
 157.83091
  72.19406
 145.97911
  30.59351
  36.87936
  27.87004
  11.00138
   8.47209
  87.07514
  16.60463
 117.45636
  20.13792
  50.68090
 146.08644
  12.07095
 188.25657
  42.32444
  10.75226
  22.55338
  24.31545
  47.66400
  32.41307
  83.76604
  18.18804
 155.35834
  88.52767
  22.33548
  14.62138
 123.76872
 137.32576
  42.83180
  46.92242
  20.54744
  18.65391
  11.17620
 189.39545
 109.25230
