 524.63437
  74.82625
 124.19040
  23.19639
  15.99841
 116.79612
 102.66834
  88.08874
 176.69387
  16.84654
 109.37782
  73.89803
 112.65685
  15.75279
  63.98840
  34.18317
 179.58061
  16.06992
  17.48079
  70.12822
 248.55955
  54.03706
 103.10959
  40.49412
  25.17792
  14.94971
  17.96014
  21.02961
 110.44222
  17.79517
  16.38276
  32.51238
  32.79502
 165.31791
 153.07615
  58.90230
  38.46022
  14.95060
  99.53283
  38.25314
  32.94506
  55.03872
  21.15809
  13.51977
 165.72705
  12.51344
  54.27689
 148.09737
  10.39874
  20.89271
 193.20546
 274.49179
  18.31227
  59.59702
  90.51539
  74.28339
  54.81093
  29.27021
  17.88086
  81.17874
  88.06095
 117.72818
  27.08044
  75.18128
 377.58358
  24.91389
  57.67362
  57.96202
  44.23518
  79.22040
  42.00655
  14.05011
  34.55278
  64.36695
 475.58165
  15.75335
  36.06898
  27.69193
  87.09724
 429.56779
  26.74516
 108.30371
   6.61973
  33.61655
  32.31858
  50.27494
  11.25683
 212.76687
 173.08456
  85.23517
  32.93578
  11.70317
  67.84017
  14.08909
  35.56183
  85.02126
  73.92770
  33.54697
 138.92228
  15.32310
  86.91151
  90.41888
  63.62895
  98.87546
 138.99402
  36.81896
  56.32336
 121.35170
 100.25958
  27.96853
  14.71787
  56.07027
  19.51213
  15.98055
 160.24758
 130.29972
  48.12370
  57.74446
 101.74636
  81.45191
  42.43419
 112.04574
  65.83112
  77.42933
  19.04986
  51.65596
  29.11285
 102.43074
 111.27219
  17.47091
  21.23631
  33.04923
  10.38974
 233.51427
  64.90860
  33.06201
  20.15632
 299.68101
  50.73383
  16.30995
  10.98210
  19.54850
 144.89070
  15.06189
  21.40323
  96.81642
 436.93377
  50.70925
  54.28325
  21.98603
 105.03073
 128.61792
  21.13428
  47.66796
  40.68777
  10.39676
 126.81388
  99.08075
  19.35793
 204.44014
  45.27008
  16.13955
 174.40629
  90.68370
  76.86847
 101.50815
 127.13692
 164.39394
 101.01349
  12.24545
 107.56830
  32.67161
  26.37983
 112.05844
  21.56959
 167.57730
 168.44086
 249.48065
  16.48636
  12.60660
  11.30260
  42.46518
  10.43308
  67.87708
  33.17020
 272.42997
  42.34319
  95.52844
  12.12869
  28.97316
 107.18531
 152.46530
  59.24502
  89.61407
  79.51605
  96.82798
  75.73151
 129.43330
  19.12895
 172.88412
 108.95490
  16.95625
  19.02786
 323.24834
  60.52185
  74.41697
  39.40556
  15.04437
 149.81112
  16.77642
  55.19596
  31.97958
  66.33756
 101.19032
  19.62669
 101.82038
  51.01549
 248.42181
 123.25053
  29.50499
 115.84232
  29.85244
  71.65107
 134.89939
 148.96407
  23.99525
  93.54179
  83.37543
  67.41217
  33.93997
  29.19985
  13.35728
