 125.92226
  95.43754
  30.27991
  61.78904
 114.41008
 182.63514
  57.87628
  53.15377
  92.95455
 122.09137
  46.56596
  29.54010
 425.55240
  57.90538
  87.22751
  55.62572
  46.79734
  12.52440
  67.99383
 240.52916
  62.45420
 101.11427
 187.72102
  36.03897
 513.00658
  19.60041
 328.17806
  33.92451
  25.91891
  19.57101
  54.78667
  97.06575
 122.07032
 182.41834
 230.53990
  45.67593
  91.36503
  57.58044
  33.65202
 119.91433
 117.93498
 101.18908
  29.15619
  80.30612
  25.31111
 248.79086
  20.46073
  75.86626
  52.30046
  77.25614
  84.49052
 137.45756
  96.90651
  56.59644
  63.37843
  75.36932
  83.82448
  43.54898
 102.03242
 488.56788
 180.73288
 107.26991
 637.97298
 102.25768
  39.12900
  47.18403
 179.73516
  73.01421
  66.26382
  62.03913
  19.42826
  55.87618
  32.05910
  85.15257
  34.28140
  32.76455
  28.02750
 110.32090
 134.95934
 331.62096
  21.68636
  72.48669
  90.37502
  21.06508
  91.61171
  85.12359
  70.76965
 161.83291
  28.79732
  90.06859
  31.69982
 175.20367
  70.56365
  22.80928
 127.44083
  61.07614
  43.01494
  53.88874
  41.70268
 104.47780
  36.31193
  97.07567
 119.98568
 579.70837
  22.55715
  40.81765
  90.28551
  55.57418
 320.97010
  92.16215
 132.95164
  68.59287
  41.69594
  48.69829
 102.60098
 104.31043
  40.41622
 634.44680
  59.75613
  78.35618
  99.86483
  73.47962
 146.77594
   2.92005
  94.54210
  90.27591
  72.38455
  63.28541
  37.59564
 494.16987
 110.62812
  34.89258
  39.41036
  37.52854
  24.56742
  92.12995
  59.01350
  52.85889
 130.15011
  38.66478
  47.78848
 113.84011
 216.88598
  66.58841
  72.05493
 494.05213
  33.40732
 216.92531
  19.49001
 207.08261
 161.63317
  10.42350
  11.18276
  81.80784
  57.41000
  86.07867
  69.74700
  64.04958
  27.27715
 183.79482
  48.70815
   4.19725
 195.22638
  43.20471
 360.53956
  26.23674
 377.08175
  75.19549
  42.30108
  90.14074
  71.00805
 128.01316
  60.86387
 319.50178
  97.05486
  12.23756
 113.81911
 271.10490
  35.61916
