 101.22517
 322.21698
  19.96287
  13.66264
 460.72912
  55.02152
 105.88865
 222.97422
  37.48928
 365.34994
  35.35155
  12.32336
  22.08932
 130.22597
 191.68206
  21.09384
 190.30627
 126.11243
  21.38771
 147.85681
  12.13060
  25.98648
  52.65912
 172.70781
  29.26199
  69.59651
  13.67915
  98.41781
  19.03332
 235.48794
  14.08617
  12.69868
 293.62966
  17.88856
 162.81816
  10.03195
  45.18395
  29.21569
  26.53412
  84.21944
 113.69366
  24.66028
  13.51373
  11.51258
 174.75666
  38.08946
  57.99449
  79.39879
 123.07965
  31.69682
  12.95867
  24.95086
  89.38713
  40.76127
  77.37450
  90.76485
  11.34285
  41.17349
  27.04957
  21.96809
  27.36258
  10.44223
 174.30976
  62.64636
  48.45181
  63.80257
  44.38576
  35.93799
 273.08907
 162.61114
  59.06428
  29.25737
 112.23121
 485.81649
  17.88059
  34.92216
 111.89845
 336.93600
 201.08383
  40.38741
  60.88591
  85.65926
  74.05304
  97.28445
  50.38256
  12.30119
 100.08818
   5.29924
  32.42521
 123.62861
  84.29990
  69.09332
 160.53758
 142.02147
 160.72424
  10.85646
  17.46792
  57.15970
  54.40586
  61.45285
  15.28002
  31.37848
  22.50088
  61.57689
  26.64298
 126.39181
  67.95506
  67.63012
  59.67172
  13.63469
  20.43104
 201.76344
  17.94429
 136.63948
  51.08279
  46.06688
  72.28259
  37.95184
  42.24675
  38.12453
  14.89960
  54.43914
 124.79151
  34.76733
 129.86686
  88.40565
  25.10381
  29.77184
  82.11848
 149.57182
  26.42862
  39.27530
  12.78046
 146.34443
  14.30325
  13.83979
  22.01395
  33.38394
 261.24010
  95.25622
  49.16632
  82.24738
  14.73746
 224.66042
  22.95458
  80.12780
  12.56827
  51.20117
  98.42114
 209.17721
  10.92982
  55.26368
  43.54390
  46.90931
  10.07568
  11.72305
 204.45170
  31.26737
  13.53726
  68.18476
  11.64351
  14.89236
  29.89515
  22.67777
  27.14907
  11.58984
 145.74665
   8.22489
 172.12903
  34.86301
  98.45281
  25.71888
 125.57032
  36.15341
  16.74902
 326.71800
  19.09968
 109.91202
  12.49618
   4.51320
 110.40942
  13.95681
 114.41986
 125.05103
  45.83475
  18.56576
  16.19309
 115.31776
  12.52377
  47.29140
  50.35505
  17.29685
  23.77839
 133.31235
  10.70056
  32.92546
 192.34366
  50.17932
  27.80458
  25.08897
  94.36189
  16.82559
  75.01075
  33.37895
  10.98864
  24.17903
   8.83657
  79.12140
  53.83762
  62.45117
 106.83466
  89.29099
  64.35084
  34.21822
  26.21097
  68.75310
 212.36999
  99.24860
 129.42506
  47.22116
  69.53475
  82.00685
 457.64062
  27.29898
   6.21575
  44.31299
  56.71062
  77.01768
  15.79154
 164.75601
  12.15315
  14.36192
  57.41777
  66.68259
  80.49704
 264.06953
  79.96538
  13.20206
 142.64764
  80.43066
  83.64116
  30.53527
 125.31989
 269.76796
  19.14205
  91.89642
 100.80042
  50.35470
 366.83721
  76.78468
 166.91317
  32.97575
  97.17237
  14.17531
  57.71016
  16.99213
  33.73781
  15.91845
  12.20854
  52.63506
  30.23178
 127.38418
 151.16914
  26.68175
  88.62614
 124.90853
 161.12905
  49.43081
   2.73798
  44.67470
 114.11752
  46.24239
  16.93971
 210.54282
  54.92397
  28.68893
  10.46398
  33.68158
  34.48943
  45.84597
  36.53168
  27.03963
  42.12091
  29.97510
  69.46888
 102.17537
  37.05137
  69.93463
 599.27562
  51.21371
  39.59802
  33.19755
 233.16467
  12.69499
  57.22185
 463.68510
  31.91078
  16.71741
  90.17162
  16.12640
  87.83665
  13.13711
 104.32508
  35.20860
  50.80247
  10.17007
 221.45919
 248.28972
 151.92042
  19.74535
  20.25136
  13.13401
  20.90403
 464.32523
  21.92572
  39.89195
 538.00013
  65.96559
 108.21544
 233.17218
 192.50448
  21.54345
  11.21923
  74.88932
  13.65644
  26.95812
 622.64422
  29.83989
  17.41303
  47.70410
  70.97579
  33.94115
  10.37088
  12.83152
  41.61124
  26.48096
  27.60788
 373.08823
  68.93850
  17.82426
  79.90307
