  63.51988
  13.29010
  63.73075
   9.81158
   3.90806
  89.63809
   3.46083
  51.62649
 155.87759
   4.67708
  21.87978
  72.76232
  13.56504
  40.92307
   5.46122
  54.87213
  36.96063
  39.50250
   6.05394
   3.88255
   7.52718
   8.36326
   5.21600
  29.65387
  71.93557
  65.05886
  51.84255
   9.53502
   4.88154
   6.86224
   2.94341
  12.48994
 166.11757
  19.54653
  27.95046
   5.32115
  15.04521
   5.70700
  28.36110
  10.57308
  19.21367
  19.95230
   3.99751
   4.91376
  59.83086
   4.48585
  16.40478
   3.62651
   5.51499
  68.77461
  52.87607
  10.22935
   9.45720
   3.67668
  19.60366
  53.78588
  21.64332
  19.96609
  19.65647
  21.78844
   8.37068
  15.38298
  32.36781
  11.48799
  10.17440
  17.73399
 763.04575
   5.81058
  20.22069
  36.51437
   5.74336
  27.24716
  12.49813
   9.61785
   5.09172
  15.73145
  21.58805
  37.76251
  13.29575
  52.84579
  78.06583
   7.82461
  29.48939
  37.87864
   5.30428
  40.68458
  10.72280
  20.48746
  26.52254
   6.31262
  17.02394
 119.45041
 121.53514
 108.46380
  89.47050
  12.17759
 194.38865
  23.70655
  41.19638
 173.67124
  93.67143
  17.21581
  32.44470
   6.62319
  59.86277
  32.64978
 102.73290
 153.87023
   4.17857
  59.14307
  13.10465
  25.71499
 115.87196
 183.01086
  44.03064
   5.85564
   5.63176
  93.10718
  36.80172
  68.75028
  49.33714
   9.61041
 138.18154
  11.98035
  30.08295
  28.14504
  72.14389
  10.82270
  11.86519
  56.33896
  32.68745
   3.94396
  18.62025
   6.35688
  84.43699
  55.30153
   2.60681
  12.43181
  21.31401
 272.73466
  35.47655
  22.48444
  33.50406
  35.13755
   6.15344
  11.89077
 233.57299
  27.39759
  17.87803
   7.30119
  19.14507
  19.53860
   9.11963
  32.27045
  10.50219
  33.90396
  10.50668
  25.44608
  11.55874
  98.79671
  14.38990
  37.92209
   9.36623
   7.50067
  58.72345
  12.63665
   7.70813
  33.14320
  27.79806
   4.39038
   4.51470
   5.58841
  22.34826
  27.37864
  15.47837
  20.70797
   7.39683
  80.11909
  39.19167
   6.03195
   8.77368
   8.23773
  66.37975
   9.46634
   9.05497
  33.64994
   3.85212
  48.29260
   4.36345
   3.92159
 119.98940
  12.45434
  15.06034
   4.23992
  93.12409
  37.52638
  44.59472
  28.52747
  22.65775
  53.13139
  81.10350
  12.47235
  29.05942
  38.11300
   6.08844
  16.79015
  58.35351
   5.62951
   8.21261
  56.62007
  59.78164
  28.69129
  18.81689
  15.71137
  15.16252
  24.39522
  59.28733
  15.56093
 161.66356
  30.87441
  11.03760
   6.07017
  49.94116
   4.11606
  18.96607
 112.64238
  22.72513
 203.62679
 150.62248
   6.08324
   9.21079
  22.86180
   6.88511
   5.52097
  15.06213
  31.85879
  17.95032
  23.32258
  51.93815
  15.22655
 139.87042
  16.67635
   3.24737
  32.95298
   9.08476
  56.79577
  28.30312
   4.63963
   4.64584
  33.23523
  18.83480
  10.55529
  11.52235
  19.13336
  16.49468
  63.41757
  57.98285
 222.62775
   6.34955
  12.77721
  13.74750
  17.07514
   4.84340
  61.01283
   5.49862
  75.00948
  11.13499
   7.73019
 153.58615
  36.44829
   6.89549
  33.92587
 141.72996
   4.21925
  30.59966
   8.90086
   7.38246
  11.86290
  20.29130
  23.35631
  29.82834
   4.81425
   4.93717
  30.89944
   7.08667
  19.75022
 159.46851
  79.63560
  18.16681
  24.89317
  27.45809
  71.81152
  18.96605
  18.17954
  27.80339
  31.93525
  21.12155
  43.12268
  20.53321
 138.17050
  58.29988
  14.26541
  40.38044
   8.06908
  18.28195
  74.89212
 130.41207
  62.92112
  13.28770
 116.25530
  51.05435
   6.08051
  11.96773
  12.78253
  17.27395
   8.57510
 103.46797
  36.57097
  15.50050
   6.66210
   8.29795
   7.83086
   9.09257
  11.56469
  29.10121
 582.63392
   6.57754
  48.23390
  43.45153
  11.83461
  17.42391
  35.10298
  24.14686
   2.16405
  21.11918
  20.79457
  71.63242
  27.83014
  71.32640
  62.19646
   6.08261
   7.29200
 109.55018
  25.29568
   8.57323
  25.02724
   3.72496
   6.82119
  34.36542
  84.55481
  23.94327
   6.40161
  36.62288
  33.07108
   6.48997
  28.80026
  24.22928
  61.65855
  26.12255
  16.64421
   4.69019
  17.70218
  30.23846
   3.92343
  13.81990
 108.01163
  32.62536
  13.51678
   3.79042
   4.21230
  23.95819
   7.05064
  16.17740
  21.67450
  94.13665
   5.73548
   4.56108
  24.03334
   1.22211
 159.19566
   6.86832
  16.54639
   7.01605
  25.59391
 145.28086
  16.01447
  38.75052
   5.48367
  11.44800
  23.04056
  28.69392
   4.43259
  15.03186
  13.76211
  13.58423
 193.66967
   3.35934
 190.70787
 199.65068
  54.99249
   4.34905
  18.38193
  24.85039
  75.07987
  12.44281
  39.71381
   9.32681
   5.52724
  17.61004
  37.07729
  32.62119
  11.35573
  15.35310
   6.33640
  77.44203
  43.20519
   6.84754
  60.55425
  24.85145
  51.73250
  61.98535
   7.30387
  41.73611
  34.45023
   5.13585
  81.24012
   6.69934
   8.25394
  17.54767
  50.74592
  13.52603
   5.33078
  19.27108
  95.73069
   5.53222
  22.23603
  26.03505
   5.95495
  44.49373
 101.33712
  53.42758
   5.90164
  17.79171
  29.70186
  88.60343
  25.34876
  10.77709
  32.51440
  30.17702
  15.52326
   4.47079
  28.90132
   6.10707
  14.96734
   6.22628
 133.84034
  20.13085
   5.31389
  44.77906
  58.86189
   7.37754
  18.50316
 111.09632
  43.01410
 109.35391
  25.12793
   6.16096
  66.43019
   6.00869
  79.45167
  12.69361
  12.72400
  70.52577
  73.80741
   3.81807
  42.78928
 130.62019
  26.61046
   4.62732
   8.46443
   3.51726
  16.10860
  13.71820
  20.64675
  11.85100
   5.49312
   5.68442
   4.12305
   4.53023
  14.88658
   8.16030
  44.40525
  62.01539
   2.16608
  17.85031
   1.52429
  45.11439
 284.45702
  15.32641
   7.71236
  35.29301
   5.89207
  17.16408
  12.94500
   4.05207
  21.78091
  26.58308
  51.50997
  14.43214
  13.07796
  12.48879
   6.28068
  30.03103
   8.76673
   6.48971
  12.55406
  10.66456
  18.62593
   5.03565
   3.55515
   4.79910
  12.77925
   8.87781
  14.32105
 146.46388
  13.27375
   5.51488
  55.88440
  52.44620
   7.23947
   8.08460
  54.78847
   6.08416
  11.73154
  37.37036
 155.23511
   8.88448
  19.33117
   3.17998
  25.79584
  49.40182
  45.39523
   3.14997
   4.12447
  35.44396
  11.78850
  39.81239
   7.62556
  18.71072
   5.40533
  10.79071
 211.75354
   8.40174
   4.43911
   5.19856
  30.00692
   6.37413
  83.25606
  15.83893
   6.91651
  14.84745
   4.56378
  19.96738
  16.40231
   7.45869
   9.98992
   7.40319
   6.12007
 187.56592
  78.07696
  29.04451
   9.12593
 177.38714
  15.51216
  24.42697
   6.88891
   8.45385
   4.43646
 105.56820
 226.05603
  33.41943
   9.97234
   8.99751
  15.55039
  23.37860
  49.62109
   5.04559
  41.12931
  98.58111
  23.88804
  16.87740
   7.36435
   4.52547
   5.75180
  24.23195
  52.99606
   7.29751
  48.56765
   5.00981
   8.86283
   9.83914
   9.17001
  37.87636
  45.75341
   7.28665
 181.61361
  11.90176
  73.67652
  26.69713
 104.42814
 119.31050
  10.48078
  11.10914
  59.85710
  22.49666
   8.47931
 169.50594
  22.62669
   4.37563
  13.43419
  33.67416
  69.17160
  58.19746
 128.04686
   5.35666
  13.08018
   4.18283
  16.69711
  59.39526
  13.99905
  40.49844
  34.03212
 171.26708
   4.10403
   5.67790
  57.91352
  17.52950
  12.85550
  25.20611
   4.01156
   8.68345
  10.69852
   5.73026
  52.47997
  21.56510
   8.75832
   4.84313
  43.62240
  35.49164
   7.07068
  16.55011
  16.89267
  50.43840
   5.62839
  10.55120
   5.51016
   9.18212
   5.12195
 111.43686
  28.51875
  25.17375
   4.12252
   9.56740
  98.05268
 294.61241
   8.15118
  41.53001
  11.04019
  25.43273
   7.20504
   4.64129
 149.47587
  84.56514
   9.93431
   9.39892
 434.87442
  10.36443
  11.91601
  49.40811
  72.22385
  17.93393
  20.87295
  18.09021
 104.22630
  37.26202
  14.02665
   5.80805
   6.92707
 129.03328
  21.90947
   3.21971
   7.35757
  30.42223
  39.77073
  16.33718
   0.67012
  75.62278
  59.28350
 223.99979
  12.26560
  46.15109
   7.66861
  26.22685
  82.84998
  18.19008
  11.73069
  18.00048
  13.27608
  15.77422
  34.61703
  18.18025
  78.57445
  51.01848
   3.69479
  23.75585
   9.38200
   7.01821
   6.85064
  76.08689
  12.02415
  27.27586
   9.27132
   6.47077
   3.50265
  17.98526
   7.44602
  23.57778
   3.49226
  43.28924
  87.28239
  19.87373
  26.36569
  30.07481
  15.30134
  94.31127
   4.01305
   5.55637
  18.75438
 168.10055
 110.74935
   5.91243
  46.41672
  94.10889
  20.34207
  58.82722
  11.08710
  49.17447
   6.89854
  23.24699
 164.31808
  39.99973
  17.50815
  92.01733
  40.17573
  69.23467
   1.12813
  21.59111
  41.87400
   9.75846
  18.89834
   4.65021
  51.35401
  40.09882
   8.64274
  23.63898
  12.17696
  12.17970
  17.37310
  10.26377
  13.09102
  26.70294
  10.84574
 100.77584
  45.40650
   3.67755
  16.21909
  24.77524
   2.21390
  44.08010
  49.79655
 151.79829
  14.95415
   8.40930
   5.65000
   1.46917
   5.05213
   5.01448
 105.33453
 187.43390
  20.25882
  28.20094
  19.94261
 171.86032
  14.72847
   8.14091
   9.94860
  10.58451
  13.28226
 114.41776
  50.62598
  34.73583
  52.54375
 109.46136
  18.16573
   4.71127
  90.86656
  18.61631
 415.30951
   4.79711
  63.92099
  34.16999
   9.88968
  13.65000
   3.70866
 174.58651
  28.13049
  60.50469
  10.19218
  57.45562
 110.28557
   9.72381
  56.47204
  22.50348
   8.63161
  67.73015
  27.21328
   7.41831
   7.43265
   9.39931
 138.12198
  23.86886
  12.91737
  21.77750
   7.12976
   5.86592
  51.08019
   7.31426
   4.80496
 158.48984
  12.77446
   6.50141
   7.66289
  15.49949
  10.78201
  36.88912
   5.00396
  15.11957
  75.40459
  50.00943
   8.39276
   6.26028
   3.96657
  59.33196
   9.21542
 158.65262
  38.05698
  10.07053
  34.10809
  86.71992
 104.17934
  27.66749
  45.40876
  23.58074
   7.74273
  14.03819
  47.43853
  87.01062
  13.31341
  25.72850
  72.41828
  61.79004
   4.29742
  98.44133
 122.20559
  53.68300
 187.68359
 478.74156
  19.83593
  34.96899
  84.68178
  15.32936
 156.40083
  35.00790
  88.87752
  26.19037
  34.87547
  35.89787
   4.91976
  17.88924
   4.47109
  37.72933
  20.61355
   5.66219
   6.26945
  78.24486
   6.94876
  37.35343
   4.41480
  22.50388
  97.38897
   7.24815
   8.98454
  17.44829
 125.50805
  10.07002
  41.27108
 136.46514
  36.16511
  23.35292
   6.02098
  18.50819
  56.46790
  23.83366
 248.72150
 144.70257
  73.01313
  11.60628
  81.01237
  81.70143
 119.89424
  26.01310
  19.55846
   5.40860
   8.38175
  13.48321
  24.65739
 133.12920
  39.39326
  98.49304
   6.63971
  10.33160
  19.28438
 102.57839
  22.38426
   5.00048
  40.51680
  12.01964
  30.42594
   4.74632
  34.99990
  24.71079
  59.38817
  25.20248
   7.91665
  67.91711
  38.70614
   5.18115
   7.40689
  18.83346
  23.42388
  16.82123
  20.21122
 234.66579
 103.49964
   3.52055
   8.80627
   6.00472
 103.81242
  16.56955
  59.53838
  24.07121
 180.74796
  29.75432
  24.24489
  50.25415
  13.29563
  35.69812
   4.54786
   8.60267
   5.83866
  26.32109
  53.08709
   6.79397
  30.19831
   5.91282
   6.00940
  48.31872
  22.05465
 158.23321
 440.56440
 114.59363
  24.74666
  18.11095
  34.96246
  21.16632
   9.03059
   7.88355
   6.32370
  14.47824
  64.12778
  27.04038
   7.48725
   3.27954
 149.84528
  12.63391
  34.71841
 193.13866
   8.49956
  29.11926
   4.50466
   6.70973
  46.30836
   3.03616
  89.41955
  26.86118
  12.32724
 186.02604
  41.52675
   8.03791
  39.68039
  18.50375
   5.56335
  11.23866
  65.22934
  55.46843
  20.85781
  46.99779
  32.60554
  13.71645
  53.60577
  50.92509
 136.90902
   4.70161
   9.25505
   3.70625
  29.37393
  11.03812
  19.11885
   9.00518
 295.47239
  17.97406
  24.24564
  37.90629
  38.42540
  90.80111
  13.56952
   5.00111
  12.18829
  55.10088
   7.70298
   7.42633
 102.19711
  45.93835
  21.88345
 193.84181
   9.56708
  56.99331
  20.59013
   5.86484
   5.87574
  44.63348
  10.54711
   7.41950
 111.02665
  12.26155
 141.19580
   4.98264
  48.59420
  10.98298
  22.37406
  24.44853
  42.36597
   9.30604
  79.50949
  27.47270
   3.44530
  65.76039
  14.64305
  34.45082
   7.57452
   7.71045
  49.18515
   7.42985
  12.31027
  12.44094
  10.61211
  51.63284
   4.54256
  17.92618
  23.84092
 227.04968
  42.13494
  42.27460
   9.72003
   8.11873
   7.71707
  44.52455
  27.22669
   4.30425
  19.63205
   9.36532
   3.04453
  12.64693
   4.54952
  11.78359
  23.80927
  55.92405
   6.16858
  34.25434
 297.70606
   6.30985
  13.48297
  72.83136
   8.43936
  11.40078
  14.92222
  10.37836
  14.43251
   9.77710
  12.37644
  71.70249
   8.71156
  86.33903
  33.66285
  29.88589
  11.26594
  16.21550
  30.92556
  49.07260
  29.55959
  88.91587
  33.46901
  10.87247
  18.24260
  11.36841
  17.53989
  23.58337
  38.40010
  42.56922
  14.55759
   7.88084
   8.66936
   6.63354
  49.37060
  57.57223
 235.47467
  70.64308
 271.08142
   6.56377
  45.58346
  78.33973
   8.11594
   8.05711
  13.91371
  56.17184
  27.76206
 100.06789
  11.57242
   9.35149
  24.73172
  43.02740
  36.56058
  13.75941
  25.38753
  44.40884
  71.80276
  52.98224
  46.29830
  93.73937
 122.73402
  16.56187
  37.59955
   9.31637
  11.45682
 303.90052
  12.65796
  40.79480
   8.31308
  18.87664
  22.74437
   8.99711
  37.36608
   6.98206
  58.38303
  65.28091
  85.31881
  70.56478
 175.40450
  98.28630
  12.36118
  27.81369
   5.14251
   6.48854
  77.91986
   6.16660
   5.51877
  11.94152
  18.46701
  21.17109
   7.32497
  18.80116
 107.91288
  30.80798
   7.07464
   4.16150
  12.05880
  35.71069
  23.88688
  37.82056
 106.85487
 138.67080
  84.43630
 155.78951
  36.21846
 102.36594
  13.89671
 104.67328
  17.08192
  28.63088
  40.45856
  17.47204
  10.19243
   7.31351
  14.48353
  42.58077
 112.30490
  33.07280
  43.92593
  23.08564
  26.27660
   5.40481
   6.92847
   6.62141
  13.60735
  98.84042
  41.46499
  20.17494
  13.02170
  40.73784
   6.45541
  97.36851
 145.96500
  27.94857
  22.31745
   4.71789
  56.95006
   7.46439
  19.98675
  11.82934
  22.21446
  22.92453
  24.42884
  14.62816
   4.83474
  12.62071
 154.59005
  44.51382
 102.26910
 275.26829
  26.44262
   4.28286
  36.81482
  11.75161
 152.30522
  44.07871
  18.61437
  52.36010
  12.02819
  55.69231
   6.28696
 207.96143
  19.63388
  13.36285
   4.85072
  54.80708
  10.17357
  41.42496
  11.15425
  15.52104
  52.54869
  17.56184
   4.45743
  23.07229
   8.06556
  24.80614
   7.07852
 154.61297
  43.29877
  32.93281
  56.87051
  29.59390
  23.51013
  51.84156
   6.38744
   6.68642
  24.10011
  69.04984
   9.01911
  42.28796
   9.24275
  20.34813
  41.63393
  37.66672
  12.82990
  32.47437
 118.61692
   8.53457
   4.29741
  10.40638
  10.46263
  52.77923
  30.18677
  70.32486
   5.67020
  44.51897
 355.78520
  60.92122
  25.46150
 143.27145
  30.37128
   3.61191
  35.03410
   9.23219
  65.83346
  31.65082
   5.09625
  17.59320
  27.50002
   5.80301
  13.73450
  75.74906
  21.49201
   7.40097
  28.91217
   6.64487
 103.08676
  63.89312
  71.86209
  70.98266
   3.03843
  17.50606
   9.48394
  82.66018
 116.31796
  13.48697
   9.21004
   9.68138
   8.85780
   3.41585
   5.64574
  47.17247
  11.08610
  42.70508
   5.88093
  12.21634
  16.92040
   4.03112
   8.55680
   9.04054
  10.29206
   8.01818
   6.49709
  21.66128
  14.90428
  10.37952
  29.51593
  48.92332
   5.23032
  14.43374
 108.91245
 150.34421
  23.97752
 136.56525
  21.60778
  68.61901
   7.47172
  65.99395
  22.19881
  13.18125
   3.81434
   3.79450
  57.20373
   3.68920
 110.23684
   6.31478
   6.15402
  44.03745
  19.69901
  30.93528
  86.28570
   4.41900
  79.44864
   4.08799
  24.58497
  27.88459
  14.76984
  38.94985
  16.44472
   7.59090
  30.62522
   7.82822
  44.58560
   5.62839
  11.48857
  32.10316
  27.06576
  29.01546
 148.85113
  18.97705
  69.30853
   4.01301
  67.04956
  15.05720
 102.33890
  17.55031
  28.07405
   6.92472
  15.39225
  32.83847
  10.93632
  12.00932
 124.38898
  11.17259
   1.74808
  24.49028
  26.69938
   9.60657
  17.81343
   5.70775
 243.45086
  84.48566
  38.40919
   6.17141
  17.28259
  26.22171
   7.35723
  12.99884
  21.56329
  40.63130
  13.06834
  14.01156
 108.43578
   5.01627
  90.39957
   5.51806
   8.01087
   6.48045
 476.25343
  13.84402
 153.97153
   5.80090
  52.49519
  49.88043
  30.95710
  21.74352
   3.62737
  21.46018
 202.82514
  11.01868
  14.08468
  56.82041
   3.91947
   4.63845
   4.53451
   4.58880
  77.27510
  52.90429
   5.97148
  42.47891
  12.46773
  63.71132
   5.42313
  29.92718
  44.01946
  18.52693
  20.22524
 144.93192
 171.22129
   5.36799
   8.76746
  16.24321
   3.72121
  22.50329
  27.27153
  19.84306
  10.40604
  71.22069
  63.20005
   6.77825
   9.89184
  76.66897
 122.82025
  34.11624
   5.27705
  47.64826
  20.55387
  22.66076
   7.03773
  85.29010
   6.31026
  20.42858
   5.84292
 310.23944
   7.43283
  51.54672
  28.04079
   6.86665
  12.93782
  35.35636
   4.95236
  56.75136
   6.86210
   5.44482
  16.45933
 103.32522
  15.02445
  18.65257
  50.61507
  85.86664
   9.81768
 196.32283
  16.44402
  77.44067
  65.43875
 117.31477
  15.58280
  31.48042
   4.36578
   8.01825
  12.05635
 112.39854
  81.52067
  11.94932
  10.91542
  16.36537
  75.03093
   7.76586
   4.32127
  51.91895
  54.20829
   4.72564
  64.09561
   8.84168
  27.30271
  17.60590
  18.22242
  14.43130
  67.61339
  12.10843
 223.97848
   5.85375
   4.30303
  30.41114
 111.69215
  12.82521
  12.52616
  11.24175
  31.39523
  17.15512
   6.75756
  12.52856
  15.86862
   9.09890
  28.72990
  12.33497
 114.08504
   4.58068
  14.41110
  32.17105
   5.50243
  11.29144
  30.55659
  13.57815
   4.14185
  15.59438
  26.37692
  52.27169
  75.34024
   8.17159
  20.62242
  25.50788
  56.82607
   7.83348
   7.45764
   4.74198
  12.75955
 128.26111
  10.92390
  28.95506
  25.83357
  11.75583
 225.32792
  10.32779
  33.64785
  58.95483
  93.94614
   4.11827
   5.72005
  50.93799
  81.48954
 425.45647
  11.73303
  58.33784
  18.05450
   3.94510
  26.12337
  28.66801
   3.01818
  51.29863
  25.04524
  39.97886
  28.84326
  13.74722
   7.61283
   6.12771
 131.86961
   9.03229
  40.46285
  50.84025
   4.80181
  26.88672
  42.17583
   6.46976
 110.09729
  17.57076
   6.35322
  89.87945
   6.51202
  13.50756
   5.34416
  14.06166
  10.72213
   9.01477
  42.89193
  65.59660
 153.43347
  52.74041
  36.84517
   4.81106
  10.88416
  11.13077
  15.85781
  31.74201
  11.04534
  85.82382
  55.80305
   5.37865
  29.97577
  17.92896
  19.99223
 224.04534
  16.90235
   9.99619
  23.07719
  20.22164
   3.09380
   8.30555
  12.14080
  95.93927
  14.67133
   5.84372
  35.25584
  17.97942
  17.87479
  59.94560
   8.42177
  31.46080
  18.22009
  29.69859
  57.64282
  26.65280
  27.22592
  32.13585
  14.35211
  46.99329
  11.50436
 238.02477
   8.96924
  29.26754
  42.45276
 255.08961
  36.28663
   7.81151
  32.08542
 128.73577
   9.35666
  35.12510
   8.75761
  26.22645
  40.44760
   1.62290
   9.91742
  18.87605
  16.93943
  29.72114
  45.26873
   9.71331
  33.24631
   6.01749
   4.97751
  64.38334
 121.78343
  23.26025
  66.99906
   3.25433
   6.08361
 105.10028
  33.07028
  55.57933
  64.12162
  37.44042
   4.43509
  23.87284
  58.39503
  37.19571
 125.44851
  93.53501
 106.35338
  11.18513
  12.25963
  34.87928
 251.08780
  11.52620
  28.60056
 143.71173
 124.77168
  20.84652
  23.97163
  15.07220
 260.17923
  12.44377
  75.23751
 101.16972
  17.90471
  12.48037
 122.30424
  37.34540
   4.58186
  22.39610
  15.87788
 120.80676
  12.22262
  14.02638
  23.51845
   3.87263
   6.51629
  21.92768
  26.12014
  23.07219
  20.65092
 194.95663
   7.67791
  15.43520
  54.91789
  33.70318
  11.71323
 177.89988
  39.17759
  11.51632
  23.08097
   5.13701
  11.52127
  18.45188
  69.58914
   5.24175
 167.58893
   9.32696
  25.53467
   7.26668
  11.15060
  33.78699
  43.77478
  14.05376
  46.97108
  50.37712
   3.71367
   9.43913
   6.50410
  37.04539
  11.82215
  27.42671
 168.18798
  16.18283
  22.16988
   5.80419
   9.13107
   6.08698
  10.46518
   8.86802
   5.53770
  85.80162
  19.98768
  30.37473
  21.18739
   8.19895
  56.19000
  13.82700
  13.58908
   7.96197
   3.27340
  38.47624
  34.95856
 101.40359
   7.35142
  17.88841
  14.11516
   9.44111
  60.96945
 134.14484
  61.76106
  17.84893
  10.32241
   7.36614
   4.65104
  93.29538
   5.19699
   4.17950
   7.55014
 190.22080
  40.92904
  17.18298
  23.17959
   6.73252
  27.51518
   7.54038
  26.48830
  11.72209
  16.24986
   9.87138
 387.88013
  14.98841
  39.92270
  43.40432
  21.42806
  53.19887
 410.95922
  87.61143
   3.32251
  11.50101
  15.01147
   8.15645
   6.95896
  40.74162
  20.93383
  26.96167
   5.77516
 387.33326
  29.28752
  16.76356
  11.59448
   7.58140
  22.73306
   8.57241
   6.07372
  11.14500
  21.00258
  12.42023
  67.19959
   4.75715
 124.53119
  13.03858
  11.27716
 137.72935
   7.07671
  56.90899
  15.14567
  10.08144
  13.07351
   8.55375
   4.52179
  10.92522
  45.75328
  47.44940
  13.07198
   7.20618
  23.24797
  11.40214
 215.54903
   5.07106
  10.87771
   5.71777
  23.68424
  47.05210
   4.38872
   3.39886
  15.18509
   6.85387
   3.25948
   8.38949
   6.10832
   9.83268
  85.73930
  10.93790
  15.65234
  69.05580
  14.04465
  58.39813
  12.34937
 189.34811
   5.76472
   3.13920
   7.83946
   7.70479
  61.63428
  76.64661
  63.45183
  17.51775
   5.51218
  15.15184
  15.13371
  30.99522
  24.70782
   4.44843
  28.26313
 102.12522
  28.87675
   3.89620
   5.26003
 105.64364
 320.99802
  29.06767
  11.88531
  25.25904
  13.52608
   4.83462
  26.25969
   4.70904
  27.70630
  60.74206
  15.21722
  43.37898
  19.19423
  17.94130
  76.27583
  65.57526
  13.67112
  12.46628
  33.88018
  31.80154
  62.42734
  27.28310
  41.52500
  84.28508
  21.48876
  12.25588
   7.70991
  13.16791
   9.38011
  22.76285
   5.63634
  13.96699
  46.19477
  12.17759
   6.41730
  13.08426
  95.57196
 109.00667
  16.58852
  48.67629
 110.88117
  37.27083
  44.62806
  53.87504
   8.82902
  60.19283
  14.09897
  25.62940
  10.00399
   8.72388
  23.02133
  14.09448
