  34.32823
 155.23731
  19.69533
 120.69297
  15.44570
 102.81530
   5.59648
  32.14303
  92.26283
  20.92711
  92.45379
  12.08448
  82.84620
  21.31669
  12.69495
 458.57388
  17.09623
  62.04038
  58.05408
  12.53149
 387.98444
  29.20888
  45.26333
  11.13898
  24.52991
  21.36005
  10.86156
 105.50653
  27.43585
 257.57849
  73.92033
  62.89306
 329.04611
  10.43595
 204.17601
 166.54193
  23.91706
  25.19534
  18.65433
  56.17640
  36.58773
 208.53978
  59.60568
  23.31519
 140.57931
  37.76903
  18.75731
  31.56357
  26.33489
  47.57883
 400.16253
   6.17681
  10.57829
  45.77081
 121.46977
  20.73121
 144.51815
  22.65319
  12.67833
  11.91410
  42.48905
  24.09394
  13.05471
 187.77324
  15.26039
  67.57504
  12.99486
 159.49042
  26.40205
  11.47626
  23.50181
  20.57642
  38.91291
  27.71535
  10.44913
  12.65782
  13.40806
 117.90183
  45.26028
  33.76958
  11.55862
 121.71653
  22.90078
  17.19367
  36.01757
  13.51778
  78.72723
 177.34212
  12.81064
  11.19475
  16.58340
  35.20928
  13.37264
  60.03416
   7.48237
  18.96104
  24.56802
  14.24995
  53.18062
  25.80860
  42.36524
  22.08510
  14.14193
  11.17209
  99.20562
 396.55487
  40.43402
  40.09811
  14.53141
  18.32667
  10.33471
  72.18717
  89.92210
  14.48323
  35.94624
  12.88408
  29.78885
  63.09229
  32.96290
  18.74774
  73.92363
  16.72992
  16.20575
  77.35187
  51.06460
  22.43647
  29.50662
  55.02537
  41.11973
  58.69362
  37.04979
  49.08023
  33.16521
  23.25731
  71.48762
  39.22509
 281.84710
 106.88426
 106.45553
  45.70500
 122.72652
 142.46786
 136.80697
  16.95817
 302.43917
  95.09876
  76.87617
  31.10475
 296.46851
  84.22135
  61.99427
  36.24440
  78.33479
 159.45758
  22.41190
  15.79839
 119.30670
  47.92055
  70.67202
   9.23073
  68.07245
 631.59237
 103.80157
  31.08571
 508.58081
  35.65059
  32.01664
  83.12434
  15.90606
  51.21579
  82.46098
  16.97092
  13.85898
 178.58539
  17.71362
  25.58420
  92.90001
  19.27021
  96.48943
  12.97970
  55.76686
 237.66484
  28.61768
  65.57424
 130.36832
  30.19918
  58.38948
  56.68336
  11.35898
  28.65834
 153.87517
   8.11168
  62.80717
  17.68842
 106.32067
  12.42236
  12.00247
  21.80936
 136.97403
 216.16023
 110.66422
  30.39971
 523.42850
  10.45383
  19.30560
  56.14329
  97.17315
  14.23908
  21.35429
 112.94895
  44.87743
  93.33039
  20.21637
  60.10878
  19.57129
  12.98718
  63.56909
  23.36016
  21.45417
  18.17325
  25.19862
  83.19304
  77.39246
 329.64747
  12.47648
  15.07627
 189.45179
  10.31830
  65.11221
  15.01131
  13.70419
  14.90828
  38.28156
 177.67806
  10.54092
  23.43810
  21.50153
  11.51007
  25.99082
  22.43665
  10.97677
  32.24031
  48.72846
  16.95863
  56.97156
 147.99567
 105.69065
   4.66488
  46.09959
  44.21405
 118.67831
  11.91226
  47.62141
  15.18854
  38.51821
  74.34310
 155.51433
  28.59747
 264.80451
  59.37606
  36.73056
  35.15715
 173.71869
 175.62491
 161.89716
  55.40469
  63.49468
  18.63058
  61.65360
  11.86010
  33.48252
  30.01189
  17.79158
  12.38973
  42.11922
  11.71418
  92.07894
  50.12656
  82.82097
 113.64050
  27.98843
 127.51854
  15.23973
  27.87888
  13.35082
  87.63060
  51.38780
 201.90725
  29.74856
  38.93884
 159.28057
  35.03825
  15.33936
  13.08769
  10.68127
 110.16243
 136.13754
  16.76179
 169.23556
  20.81017
  92.44986
 307.55002
  30.56816
  19.12270
  84.37210
   9.28789
 193.51955
 246.56369
 216.09285
  28.08909
  37.31063
  11.77631
  50.87427
  65.30698
  14.94279
 269.56584
  37.76904
  27.84274
  45.15460
 126.65928
  13.83144
  26.96677
 268.89213
  32.58091
  11.78818
  83.24209
  26.52657
  21.48146
   5.59891
 145.73289
  13.10172
  89.56821
  75.04399
  11.10269
  16.30466
 105.42453
  17.36577
  12.01215
  44.98548
  10.63984
  29.06521
  16.61660
  19.12792
  15.41988
  35.97016
  21.71110
  20.69367
 190.30909
 219.79544
  19.33969
  28.95827
  12.03597
  49.83983
  63.86959
  23.68396
  14.95482
  33.80559
 103.91743
 165.31973
 167.54330
  59.63351
  28.64725
  37.36653
  20.24558
 176.99875
  47.42553
 117.60842
 142.62806
  44.44085
 132.08235
  33.46590
  47.26859
  13.89917
  88.26729
   8.16933
  91.37400
  19.74557
 127.63419
  29.08749
  25.71166
  52.61204
  90.05759
 134.15179
  14.66633
  70.64991
 215.50279
  10.63237
  68.88473
  98.81000
  14.85237
  44.28247
  29.13883
  99.32495
  78.71355
  79.48974
 308.88068
  11.24119
 185.91556
 212.04228
  54.75477
  23.24774
  42.05129
  96.53326
  47.74628
  52.34713
  56.21337
 139.33081
  17.19875
  15.76843
  30.94180
  44.30287
  12.93447
 119.50988
 106.44632
  24.05386
  13.15970
  80.03085
  11.00898
  57.38071
  12.00343
  42.36759
 129.16703
  15.93248
  77.56392
  44.56662
  22.43518
  32.35789
  10.84900
  44.83857
  21.73091
  10.40391
  21.96664
 100.77750
  52.94011
  10.68030
  21.23159
 174.31222
 114.23967
  34.85599
  36.76890
  38.05185
  18.80525
  87.86930
  24.23042
  60.62225
 127.30861
  84.56448
  22.00056
  36.28155
  42.08823
 281.66903
  34.43450
  43.12033
 141.14113
  18.60228
 244.52293
  66.63584
 125.89096
  22.38155
  35.70081
