   9.06406
   8.30544
   4.43445
  14.38789
 149.82737
  36.36532
  26.94712
  42.78194
   7.42727
 115.95832
  40.40804
   9.48240
  16.21690
  47.21259
 597.34363
  41.46728
  57.79301
  18.72041
  73.73565
   7.32791
  25.81190
  21.70935
   8.79810
   5.95913
 123.22233
  28.73886
  13.36775
   4.03048
   8.21711
  13.15049
  17.48313
   5.71873
  45.47082
  10.39071
  42.10015
  40.27649
  25.00881
  38.05318
 179.63790
  18.02651
  89.34889
   9.96410
   9.60219
   3.53297
 229.58261
  19.00180
  58.31956
  34.80513
  23.29852
  50.67914
  25.00484
  32.17869
  92.31352
  12.54024
  75.34871
  19.74860
 108.14232
   5.69565
   9.39248
  15.11881
  13.49834
  55.33611
   7.74928
   5.55401
   8.81283
  19.27528
   4.49060
   3.97439
   3.80318
  11.40894
  20.31539
  58.47364
   7.49083
  41.26052
   7.20803
  13.73271
  84.76396
  81.03919
  72.04041
  33.84835
  17.92202
   3.48200
  58.12087
  15.24552
  44.86734
   5.86381
  40.19700
  68.97280
   5.61634
   7.89439
   9.21360
  17.50015
  20.90334
   3.84561
  20.14017
   4.46996
   7.54756
   9.61017
  20.73976
  27.49433
  41.86728
  32.78671
  21.47179
 109.80189
  13.28587
  28.88642
  37.25966
  67.71843
  47.97338
  20.31751
  10.02261
   3.62394
  50.28795
  23.10854
  30.67957
 167.33993
 233.17538
  16.82662
   8.48876
   8.21434
   6.08845
   6.02302
  24.97659
  12.04231
   3.49249
   6.15006
   6.21647
   8.73522
  54.29666
   9.96131
  39.56490
   3.44148
   9.32814
  25.47586
  23.05484
  18.62234
  72.43182
  11.03943
   5.66714
  58.02635
  15.08134
 159.59056
  10.59851
   3.10119
  24.81556
  15.37635
  15.44202
  12.63877
  10.80527
  64.96385
  53.91698
   7.13791
 138.80482
   6.86844
  65.29647
   4.91740
  15.70788
  80.40219
  16.25695
  12.63480
  21.87324
  63.37049
   8.37282
  31.15175
 198.41630
   8.61581
  11.40208
  30.57132
  22.09240
 102.14054
  92.36301
  31.04141
  14.44837
  84.24500
   3.60293
  81.83005
   7.32122
  25.53867
  50.44255
  64.76791
   5.99322
 122.62853
  34.53760
  32.12382
  31.35674
  26.48248
  66.35492
   4.21758
  12.28374
 194.44315
   8.49348
  11.53410
  25.95685
   9.30930
  26.88104
   9.05338
  11.48799
  35.03785
 173.14941
 554.77334
  98.00273
  14.97740
  32.28346
  26.20645
  24.30424
   8.68467
  41.15546
  33.77908
 163.39108
  43.57014
  16.25536
  55.81544
  13.17202
  13.13767
  10.82731
  49.97720
  24.04037
  25.84244
  19.66042
  40.07674
   9.04862
  21.81493
  31.06140
  13.36536
  29.69200
   6.58926
  48.64597
  10.86961
   6.29072
  14.25342
  33.02579
  39.64951
  77.13573
   3.59710
   7.20502
  50.75155
   6.92692
  21.61685
  32.68394
   5.65585
   4.07699
  60.85936
   7.22901
  20.37947
   5.00855
  57.42234
  22.26926
  25.32881
  36.07546
  51.40609
  12.78600
  30.76842
  22.75848
  87.86323
   3.92538
  44.12737
  39.08968
  55.81708
  73.57490
  40.57032
  16.23423
  18.58628
   9.99140
   7.03848
  13.60141
  23.35413
   5.53686
 240.08866
  97.57339
  16.69341
  12.84566
  31.99181
  40.71728
  25.68935
  34.55258
   5.32542
   5.66498
 126.02178
  56.16680
  21.54962
  58.49348
  27.21985
 165.47005
  22.96041
  94.09973
  22.66598
  43.36261
  20.78173
  20.87862
  25.80296
   7.34809
   3.39024
  68.22791
  11.05823
   6.78760
  50.39164
  21.22539
  88.67424
  18.83606
   6.25505
   6.54451
  35.97802
  32.30677
  91.87132
  53.44680
  58.69929
   9.49787
  15.15738
  22.35750
  23.41078
 183.74091
  80.71423
  12.02741
   5.01710
  10.99076
   6.97492
   5.73009
  10.27536
   4.58411
  31.17789
  15.61373
   8.81576
  17.79446
   5.89771
  11.63523
  28.79181
  82.12772
  56.87247
 106.34949
  34.56062
  23.05923
   8.70580
  15.46939
  18.24403
   5.27554
  17.67480
  17.14460
  11.01362
 106.89535
  47.85366
  23.61273
  15.06660
  28.08212
  13.55503
   7.48419
  64.45626
  32.70375
  20.98089
  19.73399
  15.89693
  69.09438
   1.58825
  32.89480
  65.69816
  20.98088
  21.62364
   6.38219
  15.86674
  71.94607
  36.75410
   9.51382
  17.38190
  15.90225
  33.15748
  21.32304
   4.96986
   6.16403
   8.44993
  13.29442
 118.57892
  33.91243
   4.89502
   6.20833
   5.25599
   7.17437
  34.15839
  14.43389
  77.69823
  17.60693
 113.62850
   9.72639
  36.88133
   6.80570
 167.89907
   9.60142
  19.46516
  10.48663
  10.67737
   5.50790
  39.52910
   3.29882
  53.56665
 233.97465
  83.50372
   7.56604
   7.53385
  17.51562
  31.81799
  16.74672
  11.57151
  27.13492
  46.50194
   6.83900
  14.91568
  22.68705
  10.01599
 131.15924
  14.27592
  41.97668
 201.67761
   7.60933
  58.97192
  15.72524
  14.33052
  44.07645
   7.77956
  33.40513
   7.15258
  28.67382
  24.14149
 134.83980
  62.14674
   6.95243
  13.77291
  13.94672
  75.26796
  10.84083
  86.68102
  13.87837
   8.28209
  40.56734
   5.18794
   4.32843
  11.37346
   8.38282
   9.10844
  25.11460
 124.46558
   9.19918
  13.25858
   3.89109
  19.35649
   6.41144
  24.47929
  11.01907
   5.76710
  22.22627
  10.97981
  19.29836
  36.12624
 157.64804
  35.81613
 116.48863
  24.05507
  55.74340
  18.12995
  55.84039
  48.92982
  56.52911
  12.47986
   9.76660
  56.34365
   6.50186
  38.43397
  19.68434
  27.32900
   1.85062
  15.66604
  11.90549
 105.96985
   4.16925
  53.99380
  24.58797
  17.42572
  14.88068
   5.21968
  23.65313
   5.58251
   4.17734
  59.00706
  15.59030
  11.29052
   8.81191
   5.93471
   5.51599
   9.64801
  29.62600
  21.96275
   8.39321
  36.24680
  16.81384
  21.68021
  16.03838
 307.17134
  24.54817
 159.90876
  76.98216
  45.66496
   4.05165
   5.65625
  15.73539
  56.07610
  65.39307
  67.92120
   9.36609
 133.09616
   9.52590
  37.79656
 207.66594
   7.86604
   3.59378
   5.34147
   7.60003
   7.38703
   6.51477
  81.03851
  41.54547
  11.53763
   6.85290
   3.36677
  26.27182
  81.65436
  42.14847
 235.40884
   4.07887
 356.71167
  33.20887
  84.50141
   8.52876
   8.30089
 238.17375
  11.70031
  24.20095
  14.43313
  30.64059
   6.83317
  51.03513
   7.86025
  23.92751
  12.33231
   4.08199
  11.26893
 123.66416
 189.35934
 175.53814
  23.03827
  64.19555
  81.22184
  13.57423
  31.79188
 215.80384
  25.21543
   6.76860
  40.47646
   6.63507
  42.68449
 111.80929
   4.72902
   3.40690
  19.06899
   6.92052
  99.17416
 194.55219
  26.38186
   8.55353
  63.23933
  73.13414
  15.47540
  21.00746
  17.54199
 130.62026
 101.19868
  88.86388
   4.50698
  33.73548
  63.25168
   5.42720
  34.24173
 399.35938
   6.30992
   8.96705
  16.09311
  31.34487
   8.33543
   6.26599
 102.59332
  16.24043
  13.21723
  12.23011
  22.72300
  24.69013
   9.04172
  19.22213
  12.55364
  19.34063
  90.83469
   8.73460
  14.52125
  22.85366
  21.29934
  49.87056
  48.85983
  83.81769
  27.83418
  46.38122
  19.27929
  12.22527
   3.74662
   6.04268
  35.13363
  18.69608
  64.43980
  53.92477
  56.51463
  13.50079
   8.90791
  59.81954
  56.30087
  47.29473
  32.06325
  11.47706
  69.02789
 111.49731
  24.65358
   3.23854
   6.85156
  18.83847
  12.05387
   5.40869
   7.86970
  61.46922
  15.24429
   4.49450
  32.28301
  23.46692
  37.62599
  19.08763
  43.74657
   7.59964
   9.91247
  13.14587
   4.95418
   9.48952
  13.02629
   7.52543
  45.08939
   6.30966
   2.44040
   5.70074
  84.01458
  15.69045
  31.76234
 102.25754
   4.41627
  10.83708
  62.89310
 137.98009
  94.62421
  19.95143
  12.54487
  17.50634
  41.08474
   5.74079
  29.27518
   3.55007
   8.49724
   8.00404
  16.79389
  47.60996
  38.66965
   8.53478
  34.56445
  53.50301
   4.20574
  23.71385
  66.16400
  51.79312
  66.30379
  33.96369
  32.92877
  21.81400
   4.93570
   6.32730
  23.80817
  51.65735
 114.03432
  65.73227
  97.15392
  18.58762
  97.47445
   9.09387
  26.99757
   4.39636
  31.67318
 126.84044
  69.94338
  14.41641
  21.92003
   4.70177
  13.30399
  16.30041
  48.32019
  12.28016
  19.45918
 116.26742
  18.55021
  39.84975
   6.52993
   6.19064
  60.87335
  23.31409
 113.77598
  98.14688
  14.84583
  15.38669
 297.61449
   7.49566
   6.22302
  20.90946
   4.61014
 208.40787
  21.13935
  16.44250
  19.73030
  98.31667
 120.37209
 829.90321
   7.27801
  37.95182
   5.73759
  10.19062
  47.09445
   7.80983
  34.26989
 105.67891
  28.64486
 109.44523
  20.48154
   9.33394
  11.20089
  11.84464
  19.58738
  17.01837
   6.90391
  64.96184
   3.99928
  24.34871
   3.64701
  31.36472
  73.74044
  56.12786
   7.78674
  12.26683
  55.43694
   4.92989
  29.25987
 153.55376
   1.59591
  34.29888
 100.03020
  63.98757
  15.54441
  17.37221
  62.34749
   9.88173
  59.80659
  28.95101
  67.99956
   7.92691
  72.88407
  44.77522
  23.05938
  92.27154
  26.53227
  59.01611
  28.99715
   3.45903
  34.59971
   5.25896
   9.12938
  12.56012
 206.80459
 171.86594
 537.50063
  21.01228
  12.68437
  38.54365
  43.44851
  80.26365
  23.80827
 123.90381
 147.86363
   6.54783
   7.30459
  10.04892
  23.45466
   5.48582
  24.93414
  16.78681
   7.17582
   4.95155
   5.21948
  27.73531
  73.31544
  58.94032
  38.56190
 221.23194
   4.70345
 587.77981
  13.62028
  45.00703
  36.45949
   4.95803
  30.93783
  47.43409
   7.85634
  65.29057
  24.05452
  86.28343
  14.30531
   6.81948
 138.59058
   9.93138
  23.59015
  25.77455
 175.17128
  39.40053
 163.20957
   8.91134
   6.70658
   6.01401
   6.51645
  50.11046
  43.48730
   7.81812
  22.11379
  83.90329
  17.33061
  39.59777
   5.04088
  92.47893
 125.03452
  11.78997
  10.70429
  10.34508
  45.59919
   7.71440
  83.85746
  11.23731
  25.29945
 128.95683
  11.90517
  53.30826
   5.26937
  12.67323
  61.46926
 217.28641
 128.06312
   6.29624
  76.66239
  24.34147
  27.71340
  20.86084
  26.93795
  16.35025
  61.47563
  29.01637
 148.37069
 186.29274
   7.36701
   5.95441
  30.83239
  70.02836
   8.25895
  36.44414
  37.07380
  44.99364
  11.16258
  15.82844
  51.02197
  45.13694
  13.45427
  22.63850
  17.70715
  29.56468
  16.61793
  45.14079
   6.67689
  43.52283
  19.60638
  23.11094
 196.85612
  24.13301
  22.75917
 137.21388
   4.17580
  29.76580
  70.15915
 103.55442
   6.77664
  24.30641
  41.93125
   6.82473
  53.21383
   3.84699
  27.29480
   3.33626
  30.37668
  18.76017
 297.72216
   6.29042
  30.82814
  45.95654
  16.35392
   8.37969
  65.65735
   6.20063
  47.11251
  16.85053
  58.30490
 109.87966
 111.70230
   3.91230
  13.33742
   6.53892
  25.41788
   6.14702
  14.50157
  13.49120
  84.10609
  10.55000
   3.90035
  10.18555
   7.65672
  11.17109
   5.98989
   2.50636
  29.53221
   6.89388
   6.16146
  16.81594
  19.36600
   8.68195
   9.28034
   7.46880
   9.83820
   9.72359
  11.26963
  19.41337
 210.16707
   6.86040
   7.85672
  99.58652
  52.54412
  69.72342
  57.25409
 179.62220
  32.72672
  39.48048
 217.76982
  21.29851
  21.99986
  18.05053
  11.29492
   6.61761
  15.93737
  12.53686
   6.91055
  28.96449
  14.91527
   4.38011
  27.26454
  26.24570
  41.02073
  16.03884
  25.27772
   9.97944
  21.45817
   9.38510
  53.99658
   8.95092
 100.77932
  74.32546
   8.53254
  30.37408
  10.01441
  40.78854
  18.23085
  38.75912
  47.81583
  29.22645
  29.91747
  41.61156
   5.41750
   8.94541
  67.63399
   7.70369
  31.37807
  35.54724
  12.07099
   9.96499
  91.06731
   6.90610
  53.00002
  33.15808
   3.68009
 104.47616
  29.52948
   8.81643
  19.12578
  19.92444
  36.59464
  28.94603
 123.68380
  20.88167
   8.88321
  22.80187
  25.28163
  31.34478
   8.93719
  30.10564
   7.56171
   3.05834
   5.84642
   7.82389
 150.53339
  29.76498
  12.78072
   5.52332
  16.35466
 106.70705
   4.60958
  80.45724
  25.28788
  10.34398
  30.77255
  37.35237
 231.88379
   8.59759
  91.20992
  23.73945
  42.03201
   9.67710
  17.74682
   4.40694
   5.90332
  17.76842
  60.18776
   3.45006
   8.24999
  53.46272
   6.69388
  10.37069
  11.64087
   5.21081
  52.91411
  14.92348
  11.27034
   8.44440
 102.52629
   6.29646
   8.51866
  10.18671
  25.68819
  20.97098
  14.08561
   5.15936
  66.47251
   3.13336
   5.16235
   6.94699
 177.64893
  23.72312
  54.10707
  45.18991
  38.45264
  22.58147
  49.78770
  42.11044
   4.98024
  37.17097
 107.03686
   4.76384
  25.01297
  41.01757
   4.93089
   5.53172
  20.99649
   6.40084
   3.66385
  43.87256
  14.96371
   4.46822
  22.92952
   5.07676
  67.26362
   6.10292
   8.76735
  54.14471
  11.85217
   1.75331
 101.02856
   7.36237
   5.42683
  66.57798
   4.45685
  55.99521
 191.19138
 156.31802
 150.80803
   8.64042
  31.10398
  12.41736
   4.10165
   5.74609
  12.98932
  50.04898
  39.15854
 128.13569
  15.06118
   8.24159
  18.71214
  33.13089
   7.15753
   7.93098
  21.51720
   8.73314
  16.09492
  61.04427
  25.06144
   4.56385
  46.34061
  38.75711
  35.20174
  31.55956
  17.24931
   6.92542
  37.52241
   8.06254
   3.92377
  42.05150
  65.87623
  11.06003
  17.09231
  75.83236
  22.94627
 134.31075
  40.51498
  12.99935
   5.94914
 295.20769
  21.78368
  76.96958
  12.35835
  59.42757
  81.55054
  22.21925
  75.61328
 193.67671
 412.59997
  18.22351
  18.54428
 151.73571
  11.99065
  16.90930
  22.31824
   7.21689
   6.70991
  14.33412
   8.81867
   6.03491
  14.60269
   3.41687
   6.50824
  46.93083
   9.16520
  14.48911
   5.22013
  20.35510
   3.09878
 141.63231
  19.36965
  16.96258
   4.92482
  59.38434
  62.48446
  23.78360
   5.33987
  11.36868
  48.21025
  10.14776
  10.65769
   4.34768
  49.07098
  18.74076
  66.23508
   9.97925
  27.86293
  14.88328
  60.17812
  10.46407
  36.52141
  21.99581
  66.31404
  69.75644
  56.46640
  31.94331
  29.44133
 141.00002
  71.80723
  15.40641
  39.24377
  63.53153
  12.99140
  13.41869
  21.45858
 176.31235
   6.37395
  46.55523
 117.14221
  36.19731
  37.45455
   8.08886
  37.55145
  58.09809
  50.15262
   4.05188
  36.86679
   6.48050
   5.52356
   7.67496
   8.37530
   5.99388
 194.20035
  83.12208
  72.76816
  38.84250
  73.63475
  42.57017
  87.28264
  14.64250
  37.82313
  36.81960
 122.71737
  27.99590
  11.39106
  11.37520
 152.95503
   5.46836
  11.74543
  11.22510
  27.83118
  58.04532
  27.29355
   8.74324
 260.84986
  17.35273
  45.60292
  67.42873
   4.32666
 168.30689
  17.41730
  71.43240
   6.24462
  10.96764
  12.35687
  23.63139
   3.31566
 104.11061
   7.56754
   4.64512
  13.50792
  57.74892
  20.72199
   4.56296
  53.09050
   7.84513
  33.81991
 124.05106
   9.23083
  34.08182
  10.66399
  40.26213
  26.80488
  86.99731
  10.99856
  38.21799
  17.20163
  11.65694
  25.22880
  12.04251
   4.86702
  13.88760
  30.01050
 180.14671
  35.17576
  53.40117
  10.44182
 496.23544
  10.93187
   6.25991
  26.51989
  95.85205
  67.38350
   6.96413
 290.19660
  19.63178
  27.69869
  19.85555
 113.62415
  15.58778
  13.03185
  23.52416
   8.11411
  49.37940
  36.27145
  14.78234
   4.34988
  29.17628
   4.17008
   5.47615
 157.90917
  25.36743
  32.46276
  14.62327
  42.20706
  67.35913
  21.97999
  19.75337
  13.76267
   5.80595
  17.20399
  73.07379
  56.69659
  10.64633
 160.35098
  14.86157
 192.65991
   7.22788
  85.68226
  20.50416
   6.76052
 225.46216
  11.58078
  12.52910
  28.79707
   4.93882
   5.64329
  44.54463
  64.79617
  57.81015
  15.18720
  31.71270
  47.18858
  67.87904
  24.86467
  10.73976
 124.79975
  38.67217
  16.18075
   7.08413
  11.28818
  31.91023
  13.59254
  36.46549
  75.05638
   7.04066
  39.94669
   7.46929
  81.83490
  10.34471
  21.65611
  22.28974
  14.23059
 101.69765
  16.73227
 120.44074
   7.30151
  16.81853
  16.78137
  11.46105
   5.91020
  45.18238
  21.82270
  70.10481
  28.13221
   7.75563
   1.17939
   8.86080
  10.44780
   3.91914
  11.62211
  11.30479
   7.58800
  69.01907
   7.61515
  21.33848
   3.75444
  11.45642
   3.96513
  15.28646
   7.85034
   3.13335
  11.04227
 284.24337
  17.60761
   4.26091
  39.93091
   9.29346
  48.74026
  50.40747
  45.43635
 105.83044
 167.25091
  21.24611
   9.65061
  13.95888
 335.42778
  10.98244
 299.53729
  20.48681
  81.47666
  85.44250
   5.22131
  10.91702
  22.29949
  23.24027
  15.82341
  62.61568
  21.47977
   8.78499
  17.16677
 101.53870
  79.09214
   8.23326
   4.08398
  12.34959
  37.92840
  40.28388
   9.18393
   5.75654
  21.30447
 124.22565
  32.29437
   7.30772
   3.10539
   7.05804
  10.95873
  46.92669
  29.08111
 124.73091
  51.56141
   7.94745
  12.07330
  26.05022
  48.92752
  77.04138
 183.96360
  14.09938
   3.08935
  11.14622
 367.15996
   4.28341
   4.47315
   4.01816
  47.83774
  71.43809
  71.54137
   4.22348
  18.75485
  42.34985
  20.27482
  25.06831
   7.05710
  12.40034
   4.75221
 131.85378
   7.41997
  22.48966
  23.93276
  30.67337
  23.17739
  43.15129
   7.56641
   6.00795
  28.20449
  47.78640
   6.82781
  18.12546
  88.36897
   5.78006
   5.76464
  47.94064
 412.54873
  11.17984
  41.33398
  41.49690
  24.30637
  49.71326
  49.48074
   4.05097
  23.43716
  43.27693
  10.05600
  11.91691
   9.30823
   3.83835
   8.28109
  46.08054
  76.90240
  25.16631
  66.11728
  13.49596
  92.40294
  11.22863
  43.52835
  16.97528
  75.66314
  58.86700
  10.37490
  17.04228
   4.14684
  31.47334
  34.39191
  15.47729
   5.65042
  21.25537
  30.61201
  52.86166
  57.03650
  12.29166
  35.49707
   8.27611
  15.09559
  15.93157
  18.23917
   5.95162
  28.40973
  19.08495
  41.25692
   6.04808
  27.17743
  38.86270
  28.39237
  12.06652
   5.10837
   3.36781
  67.27766
  50.67466
  63.33003
   8.96302
  14.49537
  14.81722
  15.67981
  59.16339
  20.91569
  69.26829
   5.58427
  10.71499
   7.64121
  43.96165
  87.63388
  17.51030
  96.61034
  32.92682
  41.69449
   6.53200
  39.11721
  25.94012
  21.68500
   5.70075
   5.34189
  44.03644
  13.59456
  66.89660
  28.77958
  19.37274
  85.38050
  25.49705
 263.82640
  12.99388
  18.87437
  28.57324
  80.21175
   4.87355
  17.66311
   6.79640
   4.86120
   6.84068
  79.19163
   6.14441
   8.01427
  75.47805
  62.65152
  10.60776
   3.99212
  51.85061
   5.73736
   2.84181
   6.06020
  38.07181
   9.82967
  98.80122
  34.01716
   6.62788
   5.64556
  12.32336
  89.94876
 140.98613
  33.27138
   7.50460
  61.40472
   2.56884
 155.33788
  14.05551
  10.94976
  20.85462
  17.13167
  73.95788
  29.98234
  13.48472
  20.61367
  13.17357
  35.90403
  11.95416
  32.96480
  92.99588
 186.01619
  30.66851
  25.13224
  26.54352
  10.80323
   5.92064
  13.78393
   3.85584
   5.72112
  47.63923
  14.70083
   9.22635
   8.10810
   9.99161
   7.43250
  69.11770
  63.77468
  27.91077
   6.75478
 476.26666
  22.54792
  65.67581
  42.13238
   7.87218
  29.26271
  79.58567
  26.48023
  17.46535
   6.14870
 150.97667
   8.73709
  55.86491
  11.84713
 275.44089
  35.65705
  12.14353
  13.04049
   9.50157
  27.46208
 134.58708
  33.00255
 224.83452
  87.29140
  16.85162
   5.26662
   7.63742
  54.96088
   8.49446
   8.76197
  47.16105
  31.85006
   5.78025
  10.67280
  38.98100
  47.69410
   8.78337
  48.89971
  17.14408
  14.93394
 116.73217
  21.63165
  82.77815
  11.40214
  13.34025
  34.88132
  18.71762
  44.35802
   5.79798
  13.13683
  57.96741
  11.02730
   9.10524
   7.10343
   5.80625
 127.22955
  31.85097
  47.19953
  20.05444
  88.26101
  16.74596
  22.55685
  42.03636
  21.37652
  38.15054
  57.79221
   7.96965
  31.08415
  13.79506
  86.98911
  14.41516
  38.72077
   6.89457
  79.98435
  36.27495
   9.35886
  75.69235
  37.70141
  30.96385
   4.62735
  27.55621
  24.47009
   5.62678
  43.43044
  22.79991
   9.51228
 157.71039
 159.82724
  12.55619
 138.04533
  42.37610
   8.20035
   6.07193
  34.78651
  40.41083
 120.04245
  20.53982
  22.48911
  24.69365
  69.97801
  22.46412
 160.38097
  61.32391
  21.88081
  23.05862
  37.17689
  30.35853
  68.95055
  55.06885
  19.82860
  15.51011
  15.12686
   6.85195
   5.12809
  58.29604
   7.41032
  73.74953
  12.88108
   4.18613
  21.35458
   3.16721
   4.71114
  48.92816
  12.65076
  10.25160
  55.14121
   4.82915
  21.73605
   4.72912
  22.68684
   7.12185
  32.46043
  10.21228
  16.11390
  15.87766
 448.21965
  27.94864
  11.80738
   3.42703
 189.39216
  19.40311
  17.99173
  22.30653
 182.48136
   5.92587
   4.24092
  27.20608
  42.26775
  10.53785
  77.29235
  20.31275
  37.12765
  48.29614
 180.65584
 185.16247
   9.69621
  26.85570
  91.54492
   5.03768
  20.67590
  20.17499
  54.39421
  65.50825
   8.63056
  23.90394
  19.97376
  27.79458
  10.83280
  54.76149
  33.54830
   8.96979
  27.33526
  26.11735
   8.36102
   7.01718
   5.75618
  31.77844
  16.30509
   4.26882
  45.88295
   8.86649
   4.94652
  17.63488
  46.67676
  72.66956
  11.84920
  53.55134
 392.77353
  30.93808
  72.76117
  16.28137
   5.87740
   5.50380
  60.51292
  13.45632
 216.68825
  47.71634
  40.69210
   6.93969
   4.69679
  28.93740
  47.09442
   4.90384
   5.64848
  43.61513
  43.30519
  21.85768
   3.58084
  11.61381
  40.70764
  11.74657
  97.88856
  15.81283
   9.58082
   9.71049
   6.01780
  26.44945
  11.64108
  11.41859
 102.38853
  45.26030
  99.36709
  11.44927
   4.52008
  52.72334
  55.34553
  21.62637
 206.88150
  19.99759
  11.69917
  30.51713
  85.30922
  13.32168
   7.94578
   9.89045
 185.07446
  30.18830
  60.65421
   3.99624
   9.56525
 102.16449
   5.42415
  44.61595
  41.58938
  40.69620
  69.49251
  16.10998
   6.74085
  39.37739
  10.11635
  16.40433
  12.96384
  59.71356
   9.15270
 189.00641
  20.00830
  13.71182
  10.21057
   6.62228
  22.30987
  98.45655
 101.03547
  73.42007
  10.59205
 190.91702
  17.05567
  25.13948
 116.76506
   5.63674
  48.89094
  16.75952
   5.55789
  28.59503
  47.28543
   5.33407
  20.65592
   7.75391
  20.79101
  48.75030
  38.58795
  47.34123
  47.46945
  18.99440
  72.33660
  12.26641
