  56.64081
  14.95181
   5.46226
   1.74489
   7.58182
  34.43808
  56.70991
 159.81695
  30.82778
 154.62111
  51.21209
   7.52968
  15.98574
   8.21103
  42.61943
  16.12762
   5.19619
   5.88765
   3.64370
  63.21843
  14.13213
   9.43882
  24.07977
   3.54101
  57.41273
  25.68101
   5.84362
  46.15806
  20.07147
  11.99600
  19.13943
   9.16446
 381.87699
  12.83686
   6.35325
  20.27226
   1.44865
  47.80553
  20.96284
   6.89050
  16.49773
  93.78931
  13.45197
  25.37099
  17.12614
   7.23792
   3.40368
  62.57902
  64.19722
  21.87825
   5.21179
  23.97526
   6.44688
   5.15847
  73.55369
   7.50255
   4.44638
  41.31491
  12.60962
   3.81750
   6.93739
  14.42399
   4.23339
  43.16559
  39.61298
   4.73431
   8.12165
   4.41022
  21.41292
  39.69980
  20.09065
  13.99208
   8.33658
   3.82877
  21.08732
 130.99156
  14.00466
   4.48647
   4.88100
  34.06801
  53.41418
  40.77590
   8.94037
  39.37940
  36.44883
   6.27468
  28.57628
  13.80738
  23.90259
  63.70280
  58.94220
  37.08879
  22.32437
  42.52513
  72.38753
 106.25434
   7.65937
 136.10827
  28.36502
  60.29834
   3.52892
  10.12732
  24.65523
 312.70410
  37.00858
  55.96333
  65.89268
  24.96574
   7.57113
  47.02131
   9.50251
 102.58249
  19.76330
  41.71488
  26.88988
   7.48033
   9.31793
   9.56874
   6.92943
  33.69907
   5.24794
  32.60667
  54.65519
  16.17121
  92.18266
  83.90582
  67.68678
  49.27645
  10.09761
  27.11809
 122.06808
  12.31131
  22.73825
   3.69123
 127.18383
   3.80283
   6.76415
 120.48166
   9.42795
   4.01187
  22.39049
  61.98551
   5.16778
  11.83001
  46.22701
 119.72842
  10.13345
  69.17101
   6.99097
  66.34047
  89.16544
   6.33825
  71.32198
   7.54181
  14.52776
  22.16082
   6.55813
  11.36715
   4.97602
   4.47559
  96.51157
  32.95177
  29.56672
   4.30914
  23.62347
  40.73099
   5.84279
  11.79485
   9.29375
  28.82254
  20.76965
  92.61487
  81.42546
  21.41914
 130.10020
  49.30035
 267.60981
  15.78252
  83.05812
  27.17822
  99.59293
  15.74854
  27.57757
  66.98281
   4.26650
  77.67138
  12.80325
  65.79339
  72.76577
 148.30255
 198.85121
   5.77964
   9.18609
  17.75186
  23.01384
   4.63110
 107.16606
   7.48627
  50.54819
   4.24152
  12.07496
  14.62835
  10.16346
 131.25506
  13.38602
  10.28474
 194.29676
   6.14440
  33.27229
  52.68995
  19.40865
  30.44993
  71.87307
  92.70975
  26.97278
  10.02269
  51.36641
   5.83236
 154.36817
   7.24773
 135.78632
   8.31393
  26.00644
  72.85534
  13.00227
  13.04296
  10.45492
   6.45803
  27.71972
   4.29757
 178.19807
 109.77443
   5.94970
   8.67978
  21.37830
   6.02424
 143.22108
  94.33742
  34.86130
  22.43962
  11.19912
   6.84650
   4.75609
  91.99105
  17.44238
   8.14736
  39.34609
 192.91415
   5.56881
  13.19452
 111.08517
  12.99559
  25.60400
  17.58266
   3.91325
   5.96964
 135.32017
  14.63558
  52.30468
  13.49143
   7.49643
  22.46664
  43.33046
  46.97635
  10.32375
  47.05906
  49.05435
  55.85873
 184.85081
   4.07258
   9.08309
  24.90112
  53.11849
   4.07267
  73.57926
  16.81523
   7.63692
  38.74778
  31.49258
  79.55229
  19.07886
  23.85453
   6.61395
  34.07800
  11.39789
   3.47152
  49.15638
   9.96629
   5.74615
   7.13606
  95.87309
  48.47856
  18.78950
   4.97171
  13.76686
   5.80515
  65.64973
  13.32230
  45.86838
  14.75462
  39.62781
  52.54472
   7.65680
  97.58094
  34.03036
  92.79455
  18.17453
   1.06116
  15.09026
 292.49912
  13.81521
   7.54944
   4.70504
  98.91521
  26.24218
   4.86735
  52.02749
  35.08520
  69.33108
  19.22047
  26.01016
  12.57020
  12.83759
  10.36859
 114.19827
  66.23916
  29.68826
  14.91290
  24.91100
  17.88996
  56.80244
 106.55576
   1.24255
  49.83538
  10.34766
   8.27937
   4.47842
  47.06725
  40.70533
  62.43323
  22.77269
  39.67136
 191.40204
  35.87794
   6.31746
   5.71346
  10.78780
   8.92569
  13.77575
  77.23705
  35.78082
  31.26771
  17.67044
   6.43730
  30.00666
  22.55792
  11.58256
   1.09522
   6.85237
   6.15059
  95.32849
  14.12251
   6.62469
  31.59182
  79.47269
  30.80143
  20.03921
   4.37323
  19.07179
  53.80886
  27.29606
   9.32217
  19.58968
   3.38250
   4.59461
   3.66628
  45.91479
  14.27375
  22.10296
  24.55464
 123.81020
  62.54875
  10.55670
  35.03698
  12.64563
  16.27767
   5.23952
  34.76359
  53.27974
  71.23518
  22.92699
   8.65166
  53.31967
  33.52046
  11.39031
  77.55181
  38.53992
  62.41267
  19.32158
  11.09430
   5.81718
  47.54324
  61.58389
   8.86347
  12.77038
  44.59564
  25.63737
  21.30941
   6.69867
  46.64512
  22.37814
   9.06290
  39.14973
   7.51076
  18.17728
  27.10622
  26.27288
 301.76151
  29.08783
  16.99628
   7.28911
  23.69934
   9.47584
  10.82183
  26.90509
  85.36993
  49.39177
 113.82162
  36.07233
  24.93183
  28.66705
  49.51261
  75.07518
  45.68730
 128.81776
  53.96873
  20.34868
   4.43957
  16.21660
  40.57398
  25.59944
   9.12725
  14.36018
  50.19857
  34.57835
   4.32192
  15.82747
  63.84638
  52.84943
  25.68361
  14.18836
   4.48869
   4.77557
   9.43922
  20.95478
   5.05758
  22.44488
   3.05500
   7.11854
  44.49437
   9.78350
  25.28072
 315.61722
   7.73728
  12.94365
   4.97733
   4.09497
   8.04461
  14.49109
   3.87955
  58.90967
  53.49127
  17.87810
  58.66017
  83.31194
 130.69346
  10.54257
  69.98159
  25.43967
   9.39492
  11.28353
  25.05368
   8.99502
   4.20754
  44.88732
   4.40117
  10.60015
  47.52745
 556.15433
  36.49619
  11.31579
  20.86303
  43.24504
   1.28878
  63.24073
   4.84107
  48.97783
  70.06521
  92.05192
  62.27070
   2.86421
  33.31243
   5.53585
  18.59635
  61.26245
   4.46230
  51.64391
  10.48796
  15.62170
   5.09557
  74.33436
  23.01918
  44.90196
   9.66867
   7.58077
   4.27875
  24.29308
  40.14286
  25.67601
  12.72645
   9.09185
   4.45637
  10.83330
   3.91298
  11.73611
   5.63756
   4.22196
  30.73336
  15.22977
   6.26065
  45.44354
   7.24485
  37.81984
  60.19331
   6.64603
 248.26925
   4.14921
   5.24860
   7.49365
 136.60767
  67.05115
  81.02530
  13.32268
  71.31492
  11.08821
  31.21013
  33.06946
   4.46941
 101.02678
  42.64008
  45.75299
  53.90857
   7.34382
  15.57826
   7.05050
   5.97745
 152.77688
  29.37250
   5.27747
   5.61417
 123.27580
  42.49131
  53.79256
   5.38370
  11.00526
  45.55001
  61.93954
  26.40530
  16.69608
   7.33210
   9.07063
   4.48160
   7.70546
  25.73647
 130.96431
  39.59664
  48.16951
   7.56298
  11.57154
  12.69970
  20.72142
  10.15858
  11.50821
   5.86073
   4.70698
   5.29166
   6.20906
  20.39625
   6.60112
  51.89917
   8.53677
   7.93718
 141.24960
   7.00825
 183.83348
   7.42747
  13.63486
  10.49803
  10.01718
  13.18210
   7.22563
   6.65041
 162.92209
  42.30369
  17.95037
  41.01296
  86.61408
  42.28118
  60.01999
   7.52978
   5.59833
  13.84313
  92.22228
 141.10265
  68.37784
   4.87015
   5.26715
  10.70351
   3.00414
  12.78784
  75.53016
   9.35369
  66.91605
  16.24928
  41.59827
  57.99972
   3.68512
  11.89442
   5.21471
  13.80534
  24.82795
   4.39142
  25.59745
  79.98605
  32.53704
 144.70833
   4.52108
  19.40951
  18.36332
  21.51931
  44.91119
  14.27090
   9.09891
  82.46259
   5.99505
  21.85491
   9.00654
  12.19795
   5.78753
 298.37381
   6.11598
  17.42971
  12.82320
  20.24266
  19.10560
  43.91300
  10.35724
  10.67912
   3.70153
  26.27768
  60.65755
   7.28007
  20.28364
   3.93163
   6.22688
  31.05957
  34.96432
  22.84164
  36.95026
 123.52228
  16.75156
  35.09346
  27.85248
   4.35681
  86.35076
  24.12350
 102.55888
  28.53921
  29.35115
   7.61744
  57.69778
  74.97244
   5.54991
  81.19409
  42.93809
  62.25562
  25.41038
  11.50448
  58.75948
   1.25320
  40.54368
  13.55021
   6.82744
   9.52644
 114.70914
   4.92980
  56.39744
  15.19878
 189.87215
   5.39198
  45.28098
   8.50555
  31.03437
  27.00046
  56.52670
 102.49324
   4.65220
  95.11707
 267.16303
  38.50696
   3.82097
  25.50510
  12.65416
  11.02236
  12.52323
   4.68694
  18.11545
   5.31148
  97.83446
  25.16167
   4.29291
  18.50861
   4.91456
  11.25741
  13.81851
  76.02230
  30.90249
  28.53511
  15.05124
   7.44049
  15.76693
  12.50760
  62.91956
  56.67925
  38.80809
   5.86769
  76.21783
   8.30063
   9.37939
   4.71225
  15.15895
  48.54811
  46.44446
  13.71990
  22.22643
  73.15652
  23.13893
  15.38931
  43.81176
  78.45782
  25.67041
   9.29551
   9.59080
   6.92732
  37.40150
 198.05692
  29.11311
  55.92343
  37.42967
  61.94343
  48.99066
  22.51283
  88.07408
  19.50201
   5.00994
  15.57332
   5.07931
   5.82185
   7.83279
  15.55088
  61.92542
  66.99325
   8.73843
   8.89933
 106.96120
  11.96662
  89.68708
  54.94882
  14.98567
  36.14809
   5.92810
  18.14432
   9.99431
   3.57460
   4.95788
   8.72550
  35.44689
  43.02823
  38.96349
  56.81897
  25.87811
   3.89496
  15.95319
  30.18173
   6.65027
  94.07542
  33.81010
  79.22835
  48.94711
  24.10719
  15.63266
 197.75044
   9.25409
   6.81045
  65.94136
  13.96524
  54.75290
 118.62852
  78.67137
  67.26315
   7.20067
  15.10381
   8.46947
  32.89002
   9.07504
   7.39548
  65.85417
  20.11707
   5.24719
  13.41671
  74.94404
 146.44511
 132.53639
 106.09442
 110.77496
   9.83247
  16.31222
  28.49370
   5.70872
 101.95624
  80.79233
  21.92113
  44.88227
   9.33497
  20.23313
  25.73940
   5.53706
  29.11434
  10.62996
 243.20835
   6.93399
  72.33046
  15.00372
   7.95372
   3.43965
 172.05094
  21.31076
  19.54277
   9.08043
   4.51482
 250.72379
  47.29025
  13.60233
   4.49335
  50.93047
   6.78091
  75.88929
  34.02139
  28.30129
  48.89870
   9.76743
   9.57246
   5.49588
   3.66932
  38.00262
  12.11526
  16.69592
  27.14033
  94.38535
  47.82934
  33.28710
  86.95206
 117.30065
 111.75777
  66.13968
  30.51110
   9.22608
   7.48762
  12.75602
  14.19678
  31.74346
  39.22324
  43.92695
  55.87617
   5.70723
  11.64356
  18.05006
  69.04364
  40.69731
  82.63370
  14.33538
  12.53179
  24.63114
  17.19784
  10.86842
  97.08778
  27.88591
   6.40552
   7.12412
   6.08888
  30.91773
  10.62323
  11.92270
   9.80969
   9.98189
 259.90519
  11.66111
  17.92908
   9.59178
  37.21740
  77.75799
   3.19612
  25.96290
 194.97483
  15.06849
  30.53456
   5.70455
  51.33618
  23.01994
  20.38197
   4.22781
  33.12465
   7.04746
  45.30981
  21.87043
   9.05565
   4.73688
   5.58376
  31.03356
   5.77838
  35.21984
  29.53307
  12.59145
  10.97896
  54.10447
  16.26223
   7.87410
  16.27287
   8.19606
  15.16829
   7.05062
  42.73115
  56.42355
   7.40504
   7.20270
  14.58728
  24.84467
  10.16688
   7.87636
   9.44646
  60.57452
   4.26579
 128.39310
  11.99755
  20.39058
  37.85098
  24.56747
 102.07648
  26.89405
  33.24836
  31.83354
 121.06922
  30.60056
  40.10292
  52.93498
  49.88364
   3.64592
  81.24418
  45.80894
   9.49895
  10.29550
  70.91124
   3.59914
   8.09848
  22.96910
  18.41069
  32.30511
  36.53338
   5.24290
  17.36844
  56.66123
 687.44358
  72.34606
 128.38069
 108.72207
  10.34016
   5.32388
  14.56833
  35.31175
   4.52951
  37.58180
  56.27330
  89.33637
   9.19865
  31.44214
  45.40377
   6.60603
   6.39628
  48.71678
   6.23410
 158.36052
  41.52583
 360.40863
  11.75803
 148.37525
  19.36149
   6.56218
  12.21199
  15.29814
  28.13881
   5.07955
  19.57417
 146.30214
   6.36226
   5.60233
   9.64182
  34.46364
  24.80739
 127.91123
   9.23830
  43.42258
   4.88856
  40.62436
  66.28462
  36.30501
  88.50812
  43.09924
   7.26256
  23.95300
   9.44576
  20.56446
  10.58048
   6.49221
  81.18236
  35.22645
   8.95647
  30.58577
  16.26524
  11.23288
 235.36171
   8.51815
  11.31877
  23.67545
  23.57838
  25.72123
  14.53218
  13.60410
  49.47156
   8.18397
   7.81810
  11.44779
   8.20471
   5.91125
 235.41246
  65.75660
  20.11796
   7.76554
  27.51289
  88.43831
  42.39546
   4.60247
  30.15650
  33.03591
  20.46612
  18.06777
  12.34445
   4.98947
   3.89390
  21.09753
  69.22543
  11.56002
  34.82892
  28.17064
  45.16879
   5.02925
  14.00298
  20.89502
  58.99944
  19.34864
  34.46966
  14.48525
  11.48197
  10.08638
 227.90425
  44.79512
  13.00802
  18.44989
  30.23662
   6.67739
   8.41459
   3.85405
 126.44829
 172.21220
 152.91730
   4.55105
   6.51496
  11.19203
  22.06598
  28.33769
  26.94193
 354.33080
  10.14640
 153.56774
   8.45797
  28.91741
  26.01844
  60.14969
  18.42049
  24.27664
  11.21504
  18.51515
  15.57018
  49.95993
  18.98375
  12.22063
 205.57766
  10.32677
 122.98163
  35.29927
   7.39151
  46.64940
   6.09180
   3.47902
  18.46334
  21.44529
   4.24442
   9.41065
   7.67074
  14.62863
  68.85190
   5.47759
   4.81606
   3.24673
  48.24965
   3.64400
  17.37951
  23.06655
  22.57189
   5.46973
  29.20952
  14.27436
 111.34407
   6.09514
 195.95300
  81.42121
  45.73003
   6.71348
 440.05866
  28.76117
   4.91999
   6.12106
  13.53913
   7.93198
   6.48294
   7.76985
  20.05370
   3.44774
  77.40248
  16.17342
 482.10340
  20.79553
 132.73139
  42.87184
 267.64599
  36.93447
  18.68713
 141.56199
   7.76650
  18.43965
   9.77588
   6.51810
  15.94659
 112.23453
  13.23209
   9.36281
  30.82469
  43.68070
   5.52437
 104.57510
  34.24489
  11.58031
   6.62114
   4.63422
  23.25286
  24.82502
  59.80638
  66.92854
   8.25157
   5.80696
   9.07104
  23.64457
  10.95409
  68.94876
  10.44316
  51.98437
  22.73247
  10.35729
  39.75881
 242.00452
  23.06750
 160.87207
  47.62375
  11.18894
  14.38499
  24.81808
  45.17717
  19.38084
  82.75888
  10.85136
  36.60636
  20.39810
   2.64747
  93.01363
  11.99549
   8.48901
 116.27377
 258.63673
  10.98969
  35.61909
   7.82654
 113.40268
  12.69127
   3.60836
   6.89565
   5.52387
  38.88859
  38.36165
  35.47960
   6.10621
   9.36326
  67.99860
   6.86521
  25.89080
  44.95983
  49.49682
 167.64018
  42.66726
   3.21418
  13.67497
 188.37620
  23.66924
  62.12885
   6.84132
  46.70865
  28.64603
  79.56071
   8.71308
  23.52390
  30.77028
  11.49249
  21.43413
  42.63255
   5.88879
   8.39039
  31.17885
  26.97050
  24.65961
  14.49398
  61.83866
   6.65800
   5.78276
 160.09019
  14.58650
 303.45994
  67.33002
  12.01305
  57.95231
  25.15661
  21.12772
  54.60608
 102.79023
   5.95934
 144.10283
 144.37847
  71.61696
  11.02012
  24.41006
   5.24055
  19.61643
 201.07524
   8.74115
  41.77588
  15.93672
 147.57761
  31.39968
  28.94466
   7.40601
   3.81706
   7.30163
  96.36632
  16.36488
  20.49869
  50.67337
  14.98758
  13.67627
  10.36094
  19.17447
  57.79154
  26.96579
  11.01647
   3.03496
   7.49725
   7.94491
  25.88715
   9.53718
  78.85336
  48.49985
  62.84314
  25.74365
  24.05816
  38.91662
  35.35491
   9.63838
  27.94055
   6.84238
  53.22215
  99.61911
  27.50320
  35.20711
  34.40678
  17.50127
  55.09863
  31.03105
  23.48986
  33.89579
  63.72293
   5.15492
  60.04929
  17.18480
  12.08241
   6.81325
 132.03344
   9.95880
  13.41678
  49.23299
  46.88748
   9.96234
   5.88576
  44.76834
   9.11387
  86.89959
   6.04472
  90.61736
 107.97894
  38.55949
   8.10224
  12.17550
  20.04754
  37.60849
  11.82304
   5.81006
  10.62295
  18.31547
  25.09304
  38.23126
  17.49634
  26.16941
   3.65886
   5.47135
   9.34830
  12.05255
  20.61849
 289.01122
  29.90100
 157.08695
  28.26976
 120.77827
  13.62046
  10.02384
  52.54025
   5.24022
   9.42900
  15.77510
   4.39192
   3.14229
  19.57941
  13.11909
  39.94529
   6.11023
   7.53093
  23.23214
  14.38351
  13.67178
   6.91025
 105.99133
  57.91082
  17.46064
  29.89190
   3.64805
  22.57567
 120.81358
  56.29141
  27.51530
   7.22437
  30.51310
  52.36572
   6.00126
   9.55531
  23.83708
 148.34406
   4.39778
 164.44048
   3.26919
  26.43152
  34.06356
  13.88850
  28.44348
   7.18544
  13.88859
  10.63811
  53.64427
 143.78236
   5.90075
   8.58678
   9.48528
 172.30616
  29.32353
   5.14875
   5.71666
   4.16723
  38.66149
   4.77852
  22.55386
  13.54233
   6.34646
  28.03675
  15.85691
 146.69827
  82.20060
  22.72195
  53.16086
  92.41438
  60.97699
   9.03347
  44.26081
   7.49891
  17.36850
  58.95847
  49.21731
   4.48435
  28.79024
   7.07348
   4.68603
  19.86170
  26.60260
  69.13996
   5.31050
   3.96213
   2.17949
   6.76109
  11.13952
  14.99434
  26.06969
  27.41019
  37.78357
  41.37586
  21.31751
  27.44610
  98.47150
  49.31253
  30.87190
  62.10351
   7.22067
  35.19235
  10.49464
   7.60318
  87.96043
 143.93279
  24.37246
   3.76679
 118.90412
   7.98554
   3.96880
  46.92577
  29.68647
   8.40298
   8.09401
  60.07417
   8.51285
 137.44148
 129.45167
   9.06251
   8.07977
  24.27411
  46.37456
  13.02289
  21.64522
  12.69614
  44.89355
  26.48191
  10.99749
  65.39001
  30.37518
   7.64587
   9.98381
  23.54366
   4.96069
  20.33165
  28.12216
   4.84237
 332.73889
  18.37460
  77.09347
  77.75910
 131.30402
  10.88659
  12.71225
  73.85489
  66.31456
 144.08388
   4.77614
  29.31286
  17.24374
  16.73620
  23.71087
   4.57207
   9.03250
  12.07009
  24.72260
  29.09901
  32.18384
   6.53970
  23.49978
   9.69168
  93.47857
  11.81344
  65.03801
   7.48497
  26.16870
   3.86981
 129.52970
  20.54553
  50.66368
   5.75173
  41.42816
  65.25888
   8.08996
  13.68136
 282.41496
   5.24493
   7.46536
   5.12265
  13.53830
  16.46161
  11.10900
  13.12459
  17.64475
   8.07820
  17.31029
  20.83166
  14.24960
  24.78736
  11.24053
   5.30669
  19.49762
   4.49618
  15.44170
 180.34176
  13.21583
  16.74837
  41.12837
  25.26364
  13.46249
  16.10128
   6.86096
   5.98549
  19.77468
   7.37955
  30.54627
   6.01652
  13.00614
  11.63990
   7.43685
   3.91246
  18.40014
  36.18644
  11.56387
   8.43140
  10.98872
   9.19472
  31.34770
  11.46697
   8.88163
  47.41560
  22.30003
   4.12898
  25.93087
   8.18913
  11.56512
 152.92555
   9.61472
  23.76964
  30.00602
  15.99894
 166.64826
  38.66488
   6.09657
   3.98917
   4.48594
  18.27575
   6.58849
  31.83454
 179.83066
  49.20757
  14.75675
 103.08980
 101.87580
  37.97554
  21.61664
  56.34511
   0.74991
  14.62620
   6.80390
  12.75887
  44.32758
   8.93070
  92.23930
   4.96653
   7.76967
   5.14738
  13.00977
 128.55848
   5.76696
  42.91800
  12.22318
  12.13502
   4.59998
 122.80695
   8.18675
  23.19621
  34.36140
  16.19230
  24.10557
  14.27583
   5.44851
  84.74172
   4.43617
  21.54555
  26.32716
   4.16224
  10.68264
  22.42167
   4.92787
  27.50218
  33.77835
  12.64137
  12.66299
  12.69041
  35.79778
   9.91984
   3.75211
   9.25338
  11.46511
  10.69113
   4.75561
  11.70010
  50.58755
   9.38915
  26.87384
  20.55834
  32.19324
  21.19947
   7.23231
   7.35036
  13.97637
  28.61194
  13.92285
  29.50735
  39.61543
  14.32685
  12.08138
  16.27396
  15.07258
 127.57197
  33.65267
  10.97176
  22.64263
  70.46438
  33.61446
   4.78596
   3.46246
  16.04185
  32.55797
 289.93709
  33.66943
   9.23521
  60.51124
   4.52578
  25.31955
  31.35965
  18.76533
  41.34186
   6.80344
   6.95517
   8.21154
   5.28355
  56.64350
  26.28021
   6.68247
   9.29421
   5.46174
  76.57990
  44.29894
   8.89838
  55.10187
  31.02253
  26.22529
  30.75847
   3.04490
  17.61467
  21.89030
 119.91165
  48.67415
  20.70325
  55.07056
   7.22220
 200.01827
  56.14550
  36.19805
 111.16234
 127.40456
   6.65628
   4.72059
  35.71685
   9.05213
   6.81244
  31.60132
   7.45107
  45.62673
   5.12011
  15.91078
   8.00436
  17.54488
  52.36678
  21.99491
  87.78786
  11.83502
   4.98668
  13.46520
 113.11927
   8.87581
  23.07303
  19.71147
  32.57319
  13.89413
  33.69474
   9.38879
  10.48610
 316.38651
  30.26119
   3.19230
   7.33041
   3.75137
 111.85278
   4.30949
 173.36942
  32.45415
   5.12804
  25.95952
  19.85309
  38.52407
  51.06885
  28.53966
  10.79957
   9.39469
  30.78314
  18.61203
  38.56927
  34.77362
  39.26064
   6.30147
   5.29406
  94.84575
  69.64879
  22.83340
  37.17135
  18.89316
   4.33018
   8.92181
 108.43732
  11.96491
   1.18231
   5.77678
   8.94197
  33.98299
   9.58008
  24.79369
 114.00359
   8.67905
  18.49291
   7.20997
   4.87714
  26.76350
   5.79987
  18.13269
   6.40741
 142.96490
  43.63941
   9.25696
  30.72652
  14.94448
  43.10311
 102.92058
 106.16089
  39.02241
  33.58199
  44.21462
  88.39014
  51.51592
  16.27529
  41.05709
  73.38060
  45.30990
  12.67741
  25.64441
   8.38432
   5.62673
  38.06330
  20.78593
  11.61022
  50.97013
  63.93193
  52.37593
  10.04101
  21.64882
  53.37516
  29.37991
  25.48601
   4.91618
  31.07312
  10.73008
   4.89179
   6.49094
   3.34325
   5.47405
  15.62261
  83.64805
  11.53271
  54.86561
  32.55309
   8.53792
  11.09554
   9.68969
   4.86972
  41.15107
  26.36332
 155.56546
   5.15098
   5.88269
  10.17664
  24.68922
 141.89593
