 220.73071
  56.39783
   8.84643
  13.16529
   6.81158
   1.21571
  17.18804
  33.06210
  17.25659
 103.34313
  30.99974
  26.44307
 208.74296
   4.67897
  18.27324
  11.90277
 216.84285
  21.19678
 107.25637
  87.86231
  26.18225
   5.40230
   9.56657
  37.49642
  90.14555
  10.71052
  23.02144
  13.63431
 201.25584
   4.38267
  34.80928
   7.10330
  40.51997
  14.46887
  27.45323
  16.15504
   8.07805
  21.30207
   9.24426
   7.71011
  29.71415
  69.65082
  26.45536
  61.14319
  26.75491
   7.26184
  66.57553
  11.34480
  12.78419
  18.21228
  28.80282
   5.54087
  11.32872
 147.67613
   6.57530
  22.43508
  10.72875
   8.26870
   4.85218
  26.14067
   8.66631
 102.66075
  63.48683
  49.23184
  11.82052
 199.84261
  15.70510
  27.96571
  14.64219
   8.24222
   6.50191
  14.45862
   7.57249
  18.08929
   7.98513
 203.14435
  10.85912
  12.32646
   4.50276
  28.70209
   4.25034
   8.25946
  27.29720
  19.75594
   5.23991
   5.08603
 102.72621
  42.64703
  16.01817
  11.77453
  55.48861
  30.28270
 211.01754
  49.43970
   7.39493
   6.21125
  10.51291
  81.01691
  90.61758
  11.08964
   6.79139
   4.65184
   5.83981
   3.26328
  78.94459
  37.02396
  42.64334
   3.99876
 149.77383
  12.35466
  72.20439
  12.42188
 417.14348
  14.76955
  16.81279
  13.42298
  44.24273
  27.84767
  10.49373
   8.11017
  11.33351
   7.50832
 495.07596
  33.22456
  76.66844
  25.39937
   4.20780
   4.18750
  41.89660
 106.59551
  44.63360
   6.97264
  67.48210
  22.59142
   6.30676
   9.75460
  41.71429
  18.52201
 370.33336
   5.96486
  64.20718
   9.56432
  23.52696
   9.67792
  25.34842
  16.98616
   4.99886
  14.49907
  26.53710
  94.87781
  17.50684
  96.09185
  29.78042
  71.25005
  34.47441
   5.37508
   7.81359
   4.29568
  27.11601
   8.38117
  19.31010
  19.41820
   6.89443
  34.51636
  23.00952
  10.01708
   9.46928
  40.20417
   9.21264
   7.46981
  31.40880
  23.36900
  19.80499
  12.71599
  36.05802
  16.28175
   6.48483
  15.04440
  18.58069
  13.29919
  74.62474
  11.45905
  37.59228
  15.14251
   8.83582
  20.90704
  62.97118
  37.70609
  80.83198
  11.64433
 123.54508
  29.35508
  12.35358
  40.49184
  21.48383
  12.24634
   9.50579
  43.13757
   8.97824
  34.59880
  22.03992
  12.57125
 176.97273
  15.37080
   9.77723
   8.24326
 176.84932
  35.57959
 102.57521
  12.90863
  16.08492
  30.60257
   5.16793
  10.38987
  71.83790
 164.71923
   7.70125
  31.75162
   3.74313
  12.66537
  14.08162
  71.53100
  12.28669
  43.03100
  25.87864
  28.69841
  18.91080
  52.73456
  13.68254
   3.11220
  10.83937
   8.39223
  11.54251
  19.80695
 256.08127
  13.41942
  96.76320
  27.51997
  47.63124
   3.79914
   7.71839
  57.00652
  50.70204
   8.23356
   6.71543
 102.14873
  10.80310
  19.39485
  30.33615
   8.73302
  27.48706
 125.35082
   1.84102
  15.91319
  23.16575
  23.20339
   3.39575
 185.56922
  17.93220
   7.18455
  10.63166
  15.51568
  70.40562
  10.64521
 110.48360
   3.87030
  23.79503
  88.83637
   7.51800
  10.99053
  22.68322
  24.52977
  20.70899
  17.98961
  29.51098
   7.62595
 153.51191
  66.64723
   4.42112
  30.91899
  43.42976
 182.52008
 120.18065
   3.94051
 109.27805
   9.13284
 115.09101
  27.46802
  10.52806
  22.66278
 225.05425
  37.75718
  13.65536
 113.03823
  13.16045
 149.76462
  96.12061
  10.78164
 164.86382
   6.31323
   5.61917
   4.29587
   4.35320
  19.04523
  13.68093
  14.64373
  26.00824
 111.47120
  52.82082
  20.69094
  17.99620
  13.26002
 164.10353
  15.81125
  25.58576
   3.69208
  55.86603
  13.06805
  40.79699
  96.37290
 132.04025
  10.45488
   3.68875
  10.31344
   6.01302
   7.90173
   8.79952
  18.99682
  32.89334
   7.13995
  28.13523
   5.51014
  82.11645
  38.44678
   5.86894
  33.11361
  14.43365
   3.02939
  15.66732
  55.58196
   8.15495
   5.28590
  96.29899
  71.80268
 107.08125
  41.95712
  21.49146
   7.24736
  28.56309
   8.73646
   9.21729
  12.82115
  81.57666
   4.41392
  28.16179
  10.93238
 154.29302
  45.52534
   8.10643
  15.84310
  19.57818
  73.42412
  28.55119
  14.35986
  84.41691
   8.93597
  12.46155
   7.93833
 227.04581
  28.73943
   5.47052
   6.31612
   7.59331
 170.34612
 233.44793
   4.38811
  97.14136
   9.60153
  52.11555
   4.97404
   7.54547
  81.81515
   8.25052
  59.42654
  16.72247
  15.68150
   3.73836
   7.48565
 189.87840
  10.83765
  12.95571
  39.44199
   5.01631
  21.10922
  12.36018
 145.83848
  22.36006
   6.23789
  26.74893
  23.12383
   6.27878
  50.98504
 112.00452
  27.81057
  56.33632
  14.07804
 124.04561
  11.06554
  36.49211
  73.62794
  30.15811
  11.74669
  16.12247
   8.26533
  14.29443
  19.02180
 117.67118
  22.77770
  27.92721
  31.25838
   8.99905
  10.03759
  36.73868
  50.55187
  10.95727
   7.64250
   7.47907
  23.70463
  65.53366
  47.65942
  17.42771
  11.00335
  66.78254
  10.86257
   6.31409
  40.76950
  11.53645
  20.08045
 187.42005
 110.85710
  47.82693
   6.74284
   5.73824
   5.05590
  38.85449
 154.15337
  13.61143
  67.71232
  13.12762
  15.77974
 134.12910
  31.05186
   7.30128
  62.94702
  23.86835
  22.01776
   5.12483
 104.11032
  74.79643
  22.93741
  46.37653
  13.06757
 225.50426
 145.10111
  92.34625
  13.68960
 118.31403
   8.21194
  19.86868
   6.28496
   6.24293
   4.25761
  44.05703
  17.33932
  15.99017
  58.28883
  16.78025
 137.91718
   6.82953
   6.29286
  27.50681
   6.41389
   9.97869
  14.76187
  45.67456
  17.63006
  10.78586
  15.57956
  16.12778
  58.84062
  10.46675
   3.61970
   6.17722
  24.34401
   9.54624
  23.73819
  12.73317
  38.46017
  20.83815
  51.36146
  19.80871
  10.73513
   5.83839
  32.42118
  16.40903
   5.46909
  40.23259
  34.89166
   7.70204
  29.91906
  29.06725
  10.31962
  11.50493
  10.33496
  16.71822
  15.83695
  43.58377
  28.18276
  38.85481
  18.05725
  14.10006
  25.46052
   3.10562
  10.28809
   9.32872
  33.95961
  15.47909
   9.17465
  10.01863
  10.47667
   4.74614
  10.81634
   6.87135
   6.27041
  25.34311
  14.04109
   9.18529
  81.25398
   8.86290
  11.61716
  25.40454
  24.92790
   4.24371
 349.16688
   4.21661
   5.53449
  17.91736
  21.45243
  16.24611
 519.29834
 161.13082
  17.25081
 305.41474
  27.27027
  58.08560
  46.25413
  11.09228
  44.10563
  30.86672
  57.27160
   7.22351
   6.80243
  38.00322
  16.74775
  33.66962
 126.28279
  39.79627
  87.72622
  11.99822
  13.74477
 115.97136
   7.04819
   4.96101
  74.90324
  57.96216
  24.46885
 142.96202
  49.30568
 130.29464
  29.88590
  61.20766
  10.08163
  71.45922
 106.31384
  10.90825
  58.43808
  91.77440
  26.40148
   9.51551
  56.25085
  46.39642
   6.52201
 351.47378
  49.60006
 127.37566
  48.29116
  19.82882
   4.62053
   2.74246
   4.79326
  38.34040
  63.01229
  12.49213
  50.30778
   8.62115
  66.83602
  44.89786
  18.05971
  34.90126
  11.78686
   4.13226
  65.99642
  28.77561
  18.61305
  40.50028
  17.87536
  93.86865
  32.95925
   7.10750
   7.56794
  42.50600
   7.41125
  24.03464
   7.21141
  13.77429
  51.34462
   5.94143
   4.77033
   8.28302
  25.86784
   8.86611
  33.86330
   5.61925
  31.43186
   7.25364
  28.11023
   6.14767
 260.67118
  28.10719
  34.71609
  10.95308
  10.17562
  11.15152
  20.48476
  32.66782
  59.75871
  29.86520
   5.37141
   7.80613
  56.00428
  82.76896
  51.70656
 159.88669
   4.24718
  19.71847
  34.69481
 143.89793
  13.20063
  14.28667
  17.25745
  14.41609
  73.99803
  15.29226
  16.36097
  22.78278
 217.81056
  31.21239
   6.97676
   4.90164
 113.43815
  72.91255
  12.59760
 119.55009
 165.03149
  18.20205
  16.77331
   8.78983
  30.13835
   9.52041
  13.06784
  39.65124
  10.93699
  28.64321
 171.46218
  15.99360
  33.11033
 136.92194
  25.38708
  73.95630
  63.74143
  28.97023
  32.78037
   5.98452
  46.55533
  12.26591
  31.28969
 208.46390
 166.80219
  12.17403
   6.20218
  45.64920
  56.84275
  22.58792
   7.20989
  14.47585
  16.67540
  32.33754
  17.28165
   9.79177
  26.21209
  31.47565
   3.60624
  25.85840
  12.18120
  24.13347
  42.13564
   5.64954
  92.19269
   7.33873
  49.87444
 108.56134
   7.30869
   7.05815
  44.26397
  37.16157
   8.36530
  74.53997
 150.24345
  10.89640
 154.72154
  14.41237
  13.93951
  14.17815
  52.14025
  41.32493
  14.18830
   7.44450
 102.71136
  12.48376
 102.64457
  25.35692
   7.28559
   4.12233
  49.03164
 313.31700
   5.10446
  36.19777
  27.52655
  30.02956
  29.75629
  12.63285
   6.15275
  32.67711
   2.26292
   8.85140
 203.62836
  12.27857
   8.59573
  15.20964
  42.16639
   6.45447
  78.08870
   6.17060
  17.88303
  44.00903
  10.99832
   3.92690
  32.50434
   9.63893
   6.12820
  12.26749
  51.90728
   5.15678
  53.88689
  47.50137
  17.86773
  23.49469
  88.94358
  18.90757
 206.95754
  11.24466
  11.04998
  30.35517
   3.96717
  22.78366
  29.44074
 215.48616
   7.08364
  33.86229
  27.77703
   3.21872
  47.69405
   5.59188
   8.70137
  22.31525
   4.24526
  95.13781
  61.48940
  31.61889
  28.70428
   7.20101
  27.49128
 141.83767
  21.33312
  23.92680
  77.40649
  43.12276
  80.69948
   5.32672
  50.17926
   9.21498
  21.82475
  58.86115
  58.05183
 131.46396
  23.24116
  65.61704
  29.05689
  18.38004
   9.27162
   3.54024
  22.51483
  29.75086
  30.32335
   9.66453
  10.03847
  50.42608
  57.80917
  24.64570
  36.05550
  46.24940
  40.51226
 120.29077
   6.54752
  44.88103
  12.63794
  20.28259
  64.63982
  45.60920
   7.49681
  95.56472
  46.11205
  82.84066
  11.94574
  67.14018
  10.31004
  13.98612
   9.78093
  12.37260
  72.42071
  29.82625
  11.75667
   6.13176
  13.13557
 480.30563
   3.38087
  37.23294
   3.95575
  50.98600
   4.56198
 109.09511
  29.59356
  55.01285
   5.23777
  30.24865
  32.35352
 122.80748
  29.61047
   5.90902
 477.02091
 151.68783
 191.77176
  20.19075
  30.57910
  10.64946
  74.51086
   9.16141
  15.06767
   8.07804
   6.34957
   8.82474
  74.92646
   8.30018
  12.14798
  46.49085
  89.80215
   8.47132
   4.94355
  10.59211
  97.04259
  20.11814
  49.52598
   5.99375
   8.95507
   5.03981
  18.66130
  42.94473
  17.80644
  43.51190
  18.13441
 162.61851
  90.05542
  31.57719
   4.19309
  18.15431
  14.41226
  21.34207
  37.83023
   4.19625
   4.87387
  27.55216
  34.99718
 135.55735
   7.47979
   6.08090
   5.97324
  22.86656
  26.18234
   8.67183
  23.79763
  15.13049
  35.71784
   9.17637
   8.66994
 114.94010
 125.89394
  10.10042
  25.04202
 124.12082
  75.05198
  10.60230
  39.14975
 103.00890
  14.80100
   3.65012
  35.74263
  49.47827
  21.14842
  26.44961
 112.17979
   6.38517
   6.42840
 125.95989
  13.22607
  11.36772
  21.02853
   5.88494
  13.44607
  14.73668
   8.38959
  32.99316
  10.98924
 243.93460
   8.69268
  92.78981
  25.40598
  21.78303
  21.07474
   9.15002
   6.14583
  25.52799
  32.96675
  50.84993
  54.56778
  88.55190
  26.32147
   9.75741
   7.04683
  13.97884
  59.78716
  28.30482
  28.01373
  29.74806
  53.09911
   6.61789
  18.87609
  30.57468
  10.66122
  12.53806
  31.63101
   7.62055
  19.84453
  60.43043
   3.88562
 151.60260
   5.13406
  10.03147
  20.34396
   4.94871
  84.99806
   5.97844
   7.87665
  81.03070
  73.83979
   6.07715
  79.72221
  26.55150
  39.28983
   6.25027
  13.29650
  23.89946
  25.67745
  18.15374
  87.26475
  51.47205
  10.40966
  25.04405
  47.78117
  78.08307
  17.11844
  23.79245
  14.63443
   9.67963
  38.76240
  36.91065
  58.71832
  80.02314
  21.75852
   5.88207
  11.57228
  15.67677
  15.38948
  49.67288
  30.44951
  12.33415
  14.87833
  16.16283
   5.63885
  10.07390
  26.62827
  45.19492
 155.43464
   7.29097
  18.17744
   3.61502
  16.91062
   4.42342
  28.10993
   6.26486
  24.13819
  87.19063
   6.15244
  14.92600
  22.30521
  17.04810
  30.74437
  30.44233
  18.47015
   4.65631
  34.33799
   7.03988
  13.74717
   3.96401
   3.44041
 144.95768
  17.06508
  48.11413
  13.77696
  17.93933
  41.16311
   5.16299
   8.49664
  13.60833
  25.16240
  29.68187
   3.44444
  52.59011
   7.82111
  41.21138
 185.62580
 126.01755
  24.83883
  12.85426
 100.07474
  11.37482
  12.43877
  19.28554
  48.23275
   4.06939
  14.13421
  10.36765
  10.56996
   4.45982
  22.97969
   9.51204
  60.60741
   6.84027
  50.00598
   9.45349
  20.29523
  12.23210
  30.52936
  41.49326
 255.78281
  79.74905
  42.13936
  69.18149
  30.39277
   4.59518
  29.48635
   9.20296
 118.91929
  29.76334
  17.93136
  30.55146
   7.93871
   4.47783
   9.75603
  56.64334
  47.79843
   8.69303
  10.66500
  53.46163
  23.84329
  36.86303
  20.04578
  46.48058
  14.95527
  66.29547
  10.90569
  36.05500
  31.96619
   4.36724
   4.95027
  60.97986
   3.57019
  22.61626
 213.18890
  37.28736
  35.21918
  84.15734
  27.69506
   4.68299
  26.60206
  10.28157
 150.95056
  35.79044
  11.60432
  21.90628
  24.81256
   4.97542
  22.52265
   3.44694
  21.26418
   7.11811
   6.15679
  17.05687
  19.35850
  10.16699
   5.85452
  52.44232
 113.38636
  12.57800
  16.86887
  23.96100
  12.51126
  86.26157
   3.70571
  57.42062
  75.90156
  14.14612
  11.47819
  21.00463
   4.54680
  33.77425
   9.56852
  11.46171
   8.19453
  14.81037
   6.81463
  74.59713
  43.38569
   9.77663
  30.31585
  22.06759
  54.82438
  84.45211
   8.50216
  48.19633
   8.49969
  19.32549
   7.88653
   7.40815
  73.01558
  36.22035
  29.11992
   8.82932
  51.21754
  79.61367
 227.94480
 101.59904
  87.47160
  16.64075
 118.86193
  37.77167
  29.72834
 143.61675
  21.57453
   4.34757
  44.32747
   9.97572
   5.19501
  50.89404
  84.48262
  32.11841
  72.18628
  15.34078
 109.96548
   4.51347
 227.30120
   8.30114
   7.20449
  14.94648
   7.90747
   5.00634
  14.05882
   5.57236
  10.86843
  31.00694
  21.00754
  13.70314
  15.66941
  17.98474
  20.22315
  12.38190
  26.13444
  28.06793
 115.29938
  26.23236
 168.90619
  31.21159
   5.58469
  43.20476
  13.41722
   8.97905
   5.96371
  11.02133
   8.92077
  12.95427
  39.70051
   5.36221
 133.77501
   7.74292
  65.27436
   6.27888
  10.74658
  19.79609
   4.03434
  10.62310
   6.18854
   6.07429
  27.14827
  25.77582
  24.81903
  34.05338
  34.59273
  14.56601
   7.41013
   9.99108
  22.18471
  18.55403
  22.38460
  20.10493
   3.98165
  16.75178
  13.25493
 193.39440
  31.39612
  11.78642
  16.61950
  20.46108
   5.09043
  14.28222
  10.37499
  46.21148
   0.94572
  98.50387
  13.81473
  14.95796
  12.21598
  10.72918
   8.78696
  13.77199
  41.25665
  22.21442
   5.75345
  16.53999
  52.75081
  20.07966
  39.28419
   7.03505
  53.70675
  22.32752
  10.92640
  15.01676
   5.95973
  19.33982
 101.37600
  48.41513
  18.10641
  55.83992
  91.09086
  10.03623
   3.91577
   4.17764
   1.01857
   3.73635
   5.69978
  49.80995
  30.89652
   6.00283
  54.12855
  18.77906
 202.33509
  15.03980
  18.32873
  62.57170
   4.52955
  50.37450
  69.01057
  23.01526
  18.07320
  56.95625
  11.10881
  36.66475
  72.11906
   3.52377
  10.00866
  82.29446
   6.18340
  20.37251
   8.69754
   3.54313
  15.09568
   3.55293
  14.61648
  35.22177
  56.38313
  10.95878
  32.02877
 152.13600
   6.70598
  19.46926
  13.16472
  85.73721
  79.27450
  22.37849
  87.22183
  14.12193
  76.27670
   7.73337
  77.60978
   5.60613
  35.74640
   5.82677
  44.69344
  30.88069
  19.79998
 122.09149
  74.29551
  31.32346
  73.20876
   4.10876
 174.71001
  15.58487
   5.44350
   9.24389
   3.61356
  25.22875
   4.59343
  15.75337
  10.48451
 143.08090
   4.80958
  26.55799
  12.60882
  27.05444
  12.13420
  22.35782
  15.60128
   3.75710
  74.93489
  15.99588
  10.96559
  28.16743
  28.22325
 122.46599
  42.81613
  62.82278
   7.48430
  17.41305
   7.71146
  57.51149
  22.58938
  10.93621
  47.44862
   8.67241
  12.02226
  45.82822
  39.07194
 119.84254
   9.81240
  17.39684
   9.14780
 220.44773
  32.00583
  27.43874
   7.73407
  11.88000
  25.25506
  14.24131
   9.01418
  66.17560
  90.10916
  47.46884
  48.24514
  18.80190
  12.73469
  14.55238
  11.33460
   6.69026
 151.03909
  77.93663
  38.05194
  30.22629
   7.57023
  13.11781
  36.95643
  16.71742
  31.85603
  35.78523
 190.58871
  16.22039
   5.42359
   7.64230
  28.10822
   4.80473
  13.13605
   6.21552
   4.76489
 165.80213
 175.01278
  86.14106
  71.83195
   9.02820
  11.19226
  13.14284
  78.23863
 128.11594
  47.18619
 214.42383
  70.37049
  29.33250
  49.14687
   4.06625
  72.08135
   8.63530
  17.10432
   7.54222
  46.66015
  23.30994
  43.21310
   6.20425
  28.13842
   5.63558
   4.92632
  72.77708
  29.72743
   5.99960
   5.27017
   9.72942
  18.62876
   4.38573
   8.75467
  30.03231
  54.30864
   8.39078
  31.35244
  17.78034
   9.35520
   6.29332
  13.08987
  36.97287
   6.43205
   8.97193
 165.50589
   9.16513
  75.80529
   5.74913
   7.84627
  42.88019
   8.87842
 142.06124
   1.77534
   6.20400
  15.50998
  14.52285
  21.61827
   5.71884
  59.11901
 252.22519
   6.58299
   6.04039
   8.28752
  20.98805
   6.82904
  15.04687
 152.42154
  13.24702
  28.44064
  12.01221
   3.94418
  10.46241
  13.47476
   5.43594
   4.68368
 107.18701
  55.09317
  25.14956
   5.26672
   5.09186
   9.80895
  14.02651
  26.69280
 218.57493
  33.98973
  23.06080
 135.12252
  17.27496
  22.19381
  79.61548
  19.08589
   8.77776
  51.66775
   5.25096
   7.63704
  10.68329
  12.63576
 157.79177
   4.98514
   7.88659
  13.14247
  13.57815
   3.54370
  13.07753
 102.43368
  10.45447
  14.51689
  11.84447
  22.68262
   8.48924
   8.92655
   6.96853
 108.72197
  12.51169
  30.08554
  49.74723
  20.98882
   3.75788
   7.34299
  28.15286
  67.27286
   3.83034
  11.66905
  13.82408
  34.87175
  25.63605
   6.11446
  25.48766
   4.05317
  89.99940
   7.56753
  28.30396
  79.49746
   3.91671
   4.95429
   3.93328
  62.26496
  22.77958
  10.44301
   6.33613
 168.06135
  10.06819
  28.78788
  67.13616
  29.02049
  62.06922
  17.42183
  16.28943
  21.43304
  16.66241
   6.11689
  81.84555
   4.99700
 180.31705
  17.31601
   8.28521
  13.13915
  32.39200
  56.25346
   6.61773
  44.30864
   9.66472
   5.94821
   9.58491
   5.36823
  33.85301
  28.74033
  17.84790
  24.27065
  29.37163
  10.13093
  78.70839
   9.21540
 171.79706
   6.33578
   5.47182
   4.93738
   7.52183
  45.65180
  24.65089
   4.61807
  33.90573
  10.12954
   4.37462
   7.36303
   8.11389
  62.18588
  16.62813
   3.68270
   7.87686
  14.54080
  28.10652
   5.14657
  16.84865
   6.20137
  37.38401
  53.35308
  57.67152
 144.23902
  30.47194
  32.50423
  12.67673
  33.41574
 133.14270
  22.41893
  66.64585
  43.98441
  10.77986
 138.59417
   5.71511
  33.22322
  49.94317
  14.98033
  25.85652
   3.67374
