  29.82865
  95.45441
  48.20806
  70.84118
  56.63588
  48.31050
  37.76088
  65.02292
 107.25394
 103.91222
 240.68926
  86.15700
  66.35522
  63.68645
  50.30393
  54.83256
  52.82210
  28.69841
 175.68838
  28.96329
  65.02962
  32.30289
 304.87310
 123.70210
  86.90663
 108.53401
 605.62100
 334.84842
 152.49435
  59.44127
  47.13864
  69.02717
 165.94991
  22.40937
 205.17351
  16.36754
  41.61454
  19.36757
  55.55203
  79.27162
  62.21722
  51.70275
  30.42900
  19.82878
  29.55826
  48.23854
  36.80784
 102.78396
  33.09769
  47.82444
 142.78885
  72.75767
 163.93550
 124.57547
  36.22257
  86.69244
 109.75268
  47.92736
 146.62067
  41.92499
 125.04352
  66.74301
 561.80971
  14.15901
 177.61063
 103.45396
 158.97824
  63.35974
 227.82279
  10.05014
  11.01624
  10.34013
  57.63983
 159.73895
  31.99767
 162.70561
 137.57655
  51.82730
  22.08214
  43.93498
 116.09880
  59.80792
  46.13008
  88.39669
  38.53864
  83.13625
 140.66927
 226.74708
 102.89356
  34.14180
  45.85524
  60.06490
   5.18051
  12.15001
   4.64365
  40.80965
  93.20917
 104.15519
 248.62324
  97.65774
  83.86382
  73.32583
  82.67667
  11.77672
  24.24350
  42.44399
  63.77963
  20.34301
 179.88914
  17.88467
  29.60435
  64.72776
  42.49191
 137.22013
  28.55696
 174.25603
  36.14165
 468.99624
  30.37508
 181.76364
 481.75574
  66.35103
  45.68377
  73.52514
 152.21346
  78.86041
  54.27712
  51.41181
 335.96531
 118.34472
  53.45127
 298.65534
  56.71451
  56.05126
 100.53179
  45.80776
  55.96562
 103.90190
  35.78848
  80.46134
  97.18543
 268.20702
 166.67030
  78.89172
  74.91268
  97.47277
 137.32202
  19.80032
  36.27256
  51.98902
 102.35281
  40.62786
  44.93377
 409.38956
  79.54918
  99.44952
 256.04639
   4.88802
 119.55375
  83.21744
  29.14185
  46.87714
  68.24139
  23.63075
  49.35672
  23.99757
  32.33288
 106.71009
  52.98654
  23.69236
   9.94691
 303.79899
   2.76152
  65.61481
  67.15468
   8.77093
