 117.54872
  21.99394
  74.60702
  29.21151
  29.23569
  24.88443
 120.33573
  50.07996
   5.44994
  22.16597
  14.30733
 128.78899
  99.54376
  35.41907
  39.60341
   7.99525
 159.58212
   4.34519
   4.11547
   8.61866
   6.24154
  36.67300
  22.98961
  13.97759
  55.07432
   8.12499
   3.97971
  78.56020
  59.55414
  24.71208
  26.44211
  16.32808
  40.56809
 222.93802
   4.88684
  69.34654
   8.60302
  75.70321
  36.50480
  33.69179
  26.10748
  12.50188
  49.27243
  61.45337
  30.06108
  95.18523
   4.44146
  19.14860
  62.21980
   9.32893
  21.20673
   9.62701
  98.75787
  57.20947
   6.25612
  22.40887
  34.26881
   4.66284
  25.93509
  27.32803
  38.02540
  81.85102
   7.78258
 255.63181
   4.94106
   8.97315
   7.61803
  23.53902
   6.25712
   3.50496
  34.35602
   8.51235
 309.96831
   5.00126
   6.61171
   4.38545
  18.30959
  59.05570
  63.91660
  11.63562
  85.25343
 492.68564
  58.71609
  24.51919
  84.10124
  54.04833
   4.14310
  24.65759
  30.34544
  21.55865
  86.61552
 547.75954
   9.47055
  75.71731
  70.57489
  26.11446
  14.01390
  50.41202
  23.15116
  41.64060
   8.45970
 179.78398
   5.63075
  17.35326
  34.01362
  12.59485
  33.18582
  11.05657
  45.63058
   3.59850
   4.10481
  29.79442
  54.25464
  28.36539
   5.33909
   5.57211
  23.24919
  34.01575
   4.96142
  12.18096
   3.56574
  23.92360
  27.49228
  13.62034
   4.65040
   6.21612
  12.96580
   5.44899
   9.62088
  76.58360
   4.19618
  59.54131
  57.77086
  47.88706
   9.31550
  39.49956
   4.85601
  46.09790
   3.26494
  41.02146
  65.49994
  49.03722
  33.33904
 189.28583
   7.57643
  30.32435
  12.98145
  10.68290
  46.84947
 115.68121
  47.72747
  47.57390
  11.54507
  21.43473
   6.92986
  46.92113
 181.48146
   4.49609
  16.26882
  30.16139
  55.13772
  42.90468
  68.25739
  16.03353
  28.49286
  57.64143
  26.22362
   3.86223
   6.81341
  20.01340
 122.11474
  17.14071
  27.37689
  37.19858
  19.23166
  30.82040
  17.70385
   3.08528
   6.29819
  30.82225
   5.56882
   4.45659
   6.50190
   6.83157
   8.87663
  21.13761
  65.76534
  32.40597
  19.25166
   4.29062
  26.84337
  91.76896
   5.05050
  32.72907
  21.14023
  58.03067
  14.57677
  11.08326
  15.31698
   3.38297
  75.51070
  15.09489
   9.98810
   7.64671
   7.95179
  14.79698
  17.57910
  12.74285
   8.15428
   5.92550
  46.91262
  11.86511
  18.56363
   5.77930
  73.06980
 105.64067
   5.43294
  35.87821
  67.42966
  17.08611
  28.77105
   4.09763
   5.13130
  10.59943
  18.11208
   7.72202
  18.20693
   4.87486
  29.40485
  23.04275
   5.58874
   8.88346
  18.65479
   5.11294
  18.92180
  76.43585
  12.32685
  21.62553
  50.51023
   8.45080
   7.11932
 103.07124
   5.40063
  33.16147
 123.08837
  12.62650
  38.20983
  20.78292
  44.95157
  21.16894
  50.35611
   9.31995
  62.54382
  11.58551
   9.16691
  17.53808
  45.94020
  33.72456
  21.77785
   5.40272
  32.58855
   9.26131
   5.76213
  68.50207
  65.78279
   6.24347
  14.09096
  49.22963
 112.34011
  11.18503
  20.67441
  18.51150
  45.13273
  63.70624
  24.73017
   9.51993
  59.85744
  28.07864
  57.78195
  45.48836
   6.72810
  29.63724
   6.72814
  38.00656
  90.54116
   1.10440
 393.80638
  94.28376
   7.70619
  61.49518
   4.18297
  33.03427
  19.08812
  32.29737
   3.44786
  13.88715
  77.78466
   6.98219
  33.18123
  29.61518
  32.38126
  56.52800
 254.97093
   8.69700
 968.51244
 216.54169
  25.26161
  38.33278
  10.30471
   9.24023
 108.58884
 187.42625
  31.90642
   7.93154
  17.66791
   3.89079
   3.93395
   3.55894
  58.89842
   3.36888
 221.61810
  29.26351
   6.56708
  13.60660
  30.15171
  13.08167
  42.23878
 294.03559
   9.04873
  21.88796
 130.82022
  22.37266
   5.48179
   7.26849
   5.08992
   8.94216
  15.81037
   4.61003
  50.67066
 143.12797
   7.82515
  60.28725
 769.33895
  47.94573
  19.85224
  45.86239
   7.40230
  37.45865
  17.74082
  70.59633
   5.52816
  11.28673
   5.47795
 120.87246
  33.09946
  46.84147
 205.00537
   9.91861
 105.59697
 133.26585
   7.08816
  60.78021
  84.92815
   6.62086
   7.38289
  30.58211
  14.00348
  62.34623
  12.07373
 282.67097
  45.61035
  16.76921
   9.52958
  71.71823
  50.23072
   5.15916
  29.53446
   5.97243
  18.93849
  10.66591
  17.59354
   9.96067
  22.20815
  12.11203
  49.16552
   7.88151
   9.06651
  72.93773
 254.07647
   3.87816
   4.48314
   8.74675
  25.46426
   4.42342
   5.17761
  56.79665
   9.44751
  29.54702
  77.02993
   6.29619
  11.10863
  15.92695
 166.91674
  24.94732
  21.15863
  84.01608
  57.41943
   4.43942
  72.95892
  20.25073
 146.16377
   9.64730
  19.14255
  18.22797
  11.12550
   5.93703
  91.42348
  54.70343
  12.44325
   6.89603
  21.96991
 108.55699
   6.18365
   5.50531
   5.21818
  17.00408
  51.03784
  34.54761
  19.98725
  13.68059
   5.90055
   8.59237
  17.20019
  17.25535
   5.11985
   3.70450
  85.40981
  53.75884
  32.42144
  18.43501
 690.94786
  20.71785
  25.78614
  15.94050
   6.97409
   7.83607
  71.54020
  20.35243
   5.75064
  58.84059
  26.61112
  17.35449
  27.61804
  29.19345
  92.91324
 198.66652
   6.04503
  42.94032
  27.75304
   4.08778
   6.74784
   9.70721
  20.88093
   4.88205
  54.43789
  11.81720
   2.02996
   3.70045
  17.15759
  10.17787
  15.35044
   7.81957
   7.15193
  80.20865
  41.51447
  12.95889
  43.89578
  11.41444
   5.49190
  13.33699
   2.37615
   8.17008
  22.35654
  21.96638
 183.16704
  79.73198
   6.66428
  32.43896
  40.02727
  88.58256
  46.79019
   4.07303
   9.55518
  16.90954
   7.32185
  27.21218
   7.39718
  37.46098
   3.83011
  88.06292
  18.08349
  17.93662
  11.32498
   6.28106
  31.54286
 133.17652
   4.03018
  94.92101
   7.42192
   6.03382
  39.79954
  18.46916
  33.37725
 229.08524
   4.58090
   9.55023
  11.94022
  64.11320
  18.60106
  50.48855
  27.76305
  20.80433
  21.94828
  34.37111
 331.01609
  12.14012
  57.01246
  28.44007
 188.44367
  10.73529
  12.25742
  72.38402
  77.48806
 208.89504
 115.15461
   5.92266
  24.73743
  38.32630
   4.15268
  15.91937
   4.92170
  22.66156
   8.84400
   5.24689
  15.74794
   5.19022
   7.27957
  24.44803
   4.75809
   5.77562
  10.79953
 128.68941
 271.39607
  76.72096
  63.92373
  15.73623
  14.71648
   6.76020
 115.11482
  30.34426
  25.25611
  12.45404
   6.47713
   4.67317
  32.90895
 145.12134
  90.40098
  69.15838
   6.45398
  20.95729
  64.29201
  22.03137
  28.70268
 259.20449
  15.31138
  14.01753
   3.58041
  11.32441
   3.13995
   8.19057
   5.02293
   6.45243
  11.79625
  53.87630
  52.46787
   5.49498
  22.94792
  10.43852
   7.90358
  38.64428
  79.61588
  21.96452
 117.44972
   7.72359
   5.56433
  18.67141
  10.44638
   7.54414
   9.23869
  24.41053
 116.03364
  43.19817
 239.74744
 112.44813
  21.26810
  15.11470
  33.87459
   9.74643
   5.28418
   7.64613
  46.46241
  16.89119
  92.58738
   8.53931
  12.08135
  12.03583
  16.64361
   5.47843
   3.39457
   9.05517
   7.15222
  42.86787
   7.22711
  58.32210
 115.90895
 997.91984
  20.93229
   1.54025
  24.25663
  10.64583
   4.89886
  22.14615
  35.88595
 153.44856
   5.34000
  64.16291
   9.46385
  31.04651
  45.51144
   6.01303
  16.18107
 114.01147
   8.59051
  72.94589
  21.20865
  13.54677
   9.57938
  35.50866
   9.13389
  39.23313
  15.36163
  57.05651
   7.26196
  29.46317
  44.04656
   6.32550
  10.91793
   6.38548
   4.59966
  11.99701
   7.19035
 278.71247
  86.54697
  32.55716
   4.44187
  16.87597
   4.76635
 167.55439
  56.49516
   5.17990
  22.30885
   6.28687
  34.71955
   4.91501
  10.87487
  87.71980
  12.11510
  94.89988
  23.80910
 185.19877
   5.27261
  10.62250
  35.80396
  46.64173
  42.75460
  23.08178
   6.15125
 139.20376
   9.33290
  39.55030
  23.75282
  40.42007
   9.21574
  17.70187
   8.92619
 121.96127
  36.08516
 228.38057
  41.58225
  54.39786
  17.70426
  41.17360
  45.37382
   5.55620
  51.98272
   1.62674
   7.25698
 176.69250
  28.09786
   8.43937
  48.79105
  15.57853
  27.45577
  13.06911
   4.35636
 214.35347
 214.25256
  17.68232
  58.53248
   5.52382
  39.44423
   9.37577
  10.08765
  38.67403
 176.85455
   7.33962
   5.98609
  11.79974
  31.88712
  32.50062
  20.30196
   1.14282
   9.23153
  63.38131
 123.04860
   4.43508
  58.07140
  56.53648
  68.44377
  23.44792
  11.13469
 184.30370
  36.84884
  10.77694
  49.46562
 179.73320
  17.88707
   8.54799
  51.20458
  40.79744
  16.72183
  71.70929
   9.06362
  26.82153
   9.82347
  32.19130
   6.44002
   4.17692
  22.06608
  28.63328
  15.67826
   5.38794
  50.36358
   3.84201
  44.99454
   7.19237
  37.43377
   6.06645
  42.80747
  10.03571
   4.28165
  10.34330
  26.55536
  31.77868
  29.88268
   4.69282
   9.89611
   5.07291
   3.24237
  27.58310
  14.52551
  41.89497
  19.18667
  49.10176
  16.32462
 109.17034
  14.50357
  36.05126
  43.08591
  16.04770
  11.43651
  16.01148
   4.07444
  24.75269
  14.25709
  34.15767
  16.03823
  25.07137
   6.42593
  26.44345
   9.37299
  52.72680
   3.77049
  15.64196
   5.25848
  25.40417
   7.93643
  53.43418
  39.58853
  30.25950
   6.43628
  98.06362
   7.46785
  24.94401
   3.94063
  59.01906
   3.73606
  14.64053
  73.93476
  87.05842
  12.97776
  39.48032
  11.89444
   6.57064
  38.20907
  11.05974
   3.73170
   4.60117
  20.89603
  16.86004
  28.85230
   4.24930
  45.46302
  51.57082
  28.64944
  10.31950
  54.67060
  91.20587
 126.56611
   3.33738
   5.03965
  10.51473
 189.73629
  48.11834
   3.71432
  81.82578
  15.05333
  25.35973
 225.96926
   8.16832
  17.36421
  33.58852
  29.10646
  23.30749
   7.72886
   8.59879
   5.18203
  68.56640
   6.01824
  41.59080
  10.56006
   9.20409
   7.26875
  55.48313
  20.38739
   5.47905
   5.30912
 109.28665
   4.31961
 143.39168
   9.92960
   6.60758
  17.75997
  87.83033
  43.90387
  18.49988
   5.32885
   8.95583
   5.74382
  69.69417
  75.62418
  77.43740
  69.09926
 160.95824
   4.52893
  10.54131
  99.95859
   4.35919
  45.90206
   8.56751
  18.74454
  30.16937
  51.60549
   4.41301
  16.46766
  14.45016
   6.92746
  27.32028
   5.75311
   5.92679
  30.03621
  31.22532
  51.10059
  20.86363
 104.60728
  21.54386
  37.11278
  14.29843
  47.34317
  16.28566
  16.22019
 150.83437
  52.55216
   8.67236
   6.28436
  14.07250
   5.53756
  12.12549
  61.17452
   8.71443
   8.89404
  36.51880
  77.42916
   9.21348
  13.43489
  50.45929
 148.00207
  56.80044
  11.12481
   5.92925
  55.56901
  29.29727
 133.13108
  12.17453
  13.01467
   4.65199
   5.30630
   3.86996
   6.34020
   6.21173
  18.06862
  68.18391
  10.55496
   4.14597
 248.73631
  15.32305
  12.65217
  64.09672
  44.27376
   6.25303
  10.23927
  20.91205
 125.46362
  10.40916
   5.77103
  34.15046
  41.15279
  48.69972
   7.94357
   5.59147
  18.42840
  10.26642
  10.39359
   5.50454
  32.61655
  15.13896
   4.52817
  32.15072
  55.00807
  26.70170
   8.45361
  53.52682
  25.66631
   8.28290
  59.07388
  40.21431
   6.03052
  10.01655
  18.84067
  21.76992
  14.59291
   9.04442
  28.17705
  10.18926
  93.66429
  10.45928
  30.75677
 184.95711
  40.18182
   3.70610
 220.44892
   7.10752
  59.71050
  22.91474
  86.53796
 133.86410
 158.66976
   5.79350
   5.71288
  38.90930
  20.51897
  59.54031
  32.14475
  12.54585
   5.06900
  14.85577
  16.39923
  59.72154
  25.79386
  16.19485
  41.39307
   9.57393
  26.63919
  84.49846
   4.94738
   5.46623
   8.65860
  10.62602
  40.87039
   3.12415
  57.07507
 116.40345
   5.43718
  10.23856
  46.24732
   3.09707
  16.94920
  81.35601
   7.73374
   9.11414
  13.88991
  53.73133
   8.88258
  11.15918
  12.24610
 111.26244
   7.96940
  35.55421
  43.67018
  28.34736
  71.54509
 174.54341
  19.01612
  15.36986
  17.50765
  99.46927
  60.89204
  10.88595
  19.08641
  52.72809
  41.27821
  23.21420
  53.33742
  10.57760
  14.61945
  80.33176
   8.52627
  28.66092
  17.55916
  15.73654
 106.34023
  10.60709
   4.35996
  16.16200
 120.74193
  16.13669
   8.99180
  77.25980
 245.30670
  14.63601
  29.29432
   4.97500
  10.91738
  11.08369
  25.72774
  30.26003
  38.58183
   8.13669
   6.26385
  10.03988
  15.55707
  15.15071
   5.17185
  12.66622
  27.58717
   5.63889
  10.67715
  12.69445
  23.51698
  15.42874
   6.90630
  25.87569
  16.32334
  54.54935
  39.08587
  24.02830
  48.44780
   4.28332
   4.82275
   3.46567
  16.65894
  78.29327
   8.50777
 192.59606
   6.62329
  23.54951
 104.13812
   4.53787
   7.89779
  16.97955
   4.95919
  84.68080
  24.21973
  97.82226
  82.78941
 372.73752
  50.84376
  48.26126
  18.42810
  13.56640
   4.95479
   6.15895
  52.14196
  22.52283
   5.90895
   4.84938
  60.66715
   7.43058
  15.11551
  20.87644
  39.00942
  34.20149
   9.91599
 106.68828
  44.96836
   5.55216
  44.38907
   7.72506
  15.18418
  19.41097
 101.74202
   5.08146
  31.05243
   9.44879
  57.59397
  13.79215
   4.23000
  11.84488
  19.77380
  19.71127
   7.55938
  13.95752
   7.11454
  34.31275
   8.55168
  93.54932
  13.09839
  27.34238
  37.04869
  16.60436
  38.86951
  14.70703
  44.23085
  35.19119
   5.61725
  85.70090
   4.63243
  25.69896
  20.58263
   7.20964
  13.21684
  74.42120
  18.05405
 110.48638
  53.74581
  40.96642
  28.01432
   4.30650
 237.52272
  12.70751
  17.06512
  12.74429
  17.45414
  15.35337
   7.93796
 102.53100
  11.20676
  31.73539
   7.01556
 455.76018
   4.75685
 185.38991
   4.02317
  20.22614
   7.73451
  18.62028
   7.70638
   9.49822
  24.51293
   6.20215
  31.87616
  36.01706
   5.83810
  24.81164
  23.65676
  69.65636
   4.76622
 131.10142
  31.35114
  17.61710
   4.58192
   6.22789
   4.84199
 113.60063
  12.98841
  25.74602
  32.95475
  20.77765
  25.95209
  85.17965
   3.83820
  30.87703
 149.47419
  13.90271
   4.99055
 187.78434
  31.22683
  16.47691
  58.11679
  45.80627
  57.63287
  14.04291
  13.74567
 137.75224
 173.98247
   3.55273
   3.69558
 139.41054
  56.26133
  13.59877
 154.67717
  51.03954
   8.00688
  35.25061
  30.24408
 182.00680
  38.75384
  89.51633
  13.97691
   6.05604
  42.11373
  12.88473
  22.15267
  49.35517
  43.61538
  26.24170
  13.16492
   8.54231
 153.65577
  14.89099
  82.80685
  39.09561
  17.20124
  48.48453
  16.03841
  10.37140
  53.22303
  11.07281
  65.61352
  28.74938
  72.69594
  51.33988
  38.44322
  16.66795
  14.30553
  38.53817
  89.73755
  17.88067
  29.50247
  75.50490
  31.62995
   7.32242
   4.23181
  27.80713
  29.19331
  86.88487
  73.38247
  43.88436
   3.52716
  59.51264
  35.29401
   9.05241
   4.31213
   3.81854
   6.18205
   5.27121
  69.65005
  83.24947
  22.43757
   8.18307
   7.86497
  94.00336
 137.71407
  59.88966
   5.83042
  14.92198
  18.78762
   8.81582
   6.96956
  54.93641
  17.14619
   8.89022
  17.11935
  58.89909
  10.73287
  52.27399
   5.19284
   5.72193
  93.93282
   7.15849
  48.60004
   4.81981
  59.11539
  26.44181
  24.92928
   9.80253
  98.53746
  20.07051
   3.52603
  14.52642
  63.47141
  58.90003
  39.51545
  20.52157
   7.69531
  84.95384
  14.27591
 246.64756
   5.52526
   5.66733
 159.02445
   6.81702
   6.92580
  21.40679
  22.94599
 105.41663
   3.48955
  14.01835
  68.11878
  24.38974
  20.51322
 275.37410
  28.15649
  21.92705
   4.98725
   3.77811
  52.87358
  70.73229
   8.47342
  10.21360
  72.52046
  33.35357
  25.60160
  35.35117
  47.59680
   5.27755
  51.94651
  12.36111
  30.64997
 109.47319
  29.94508
  84.13638
  64.65336
  10.48396
   4.51844
  32.74628
   8.75151
   4.13743
   4.57590
  36.73668
 203.70908
  42.32031
  63.55682
  58.03662
  17.97519
   3.43253
  21.01156
  17.91923
  57.19149
  14.84955
  10.79771
   4.42383
  53.32402
  22.34852
  12.66304
  64.37523
  14.30010
  47.09594
  52.15824
  13.94774
  22.03440
 157.60961
  38.96594
   7.42170
   5.96290
  25.01158
  27.67279
   4.22901
  51.90513
  16.93865
   5.77278
  15.94620
  10.66928
   8.27712
   5.11351
   5.35421
  10.32109
  43.01494
  27.37303
  53.46881
   7.76153
   3.62603
  18.73548
  18.29433
   9.38425
   4.80601
   7.54261
  27.49324
  10.77335
   9.21679
 109.80326
  78.06993
 186.22811
 208.40315
  79.70305
  41.94627
   6.74174
  46.00475
 115.11610
 155.68164
   7.28322
  48.63545
  91.77821
  14.94182
  16.47407
  14.27159
  29.70235
   5.86239
  29.77404
   8.07822
  13.89970
   8.51742
  31.46704
  10.50419
  13.96614
   9.32883
  27.52600
  30.39842
   8.80296
  39.11257
  52.13913
 136.93569
   6.08140
   7.22654
  17.23813
  54.54801
  14.23859
  25.37878
   4.46406
   4.13109
 107.73716
  70.36370
  20.57509
  26.90621
  12.95460
  16.06678
  71.39898
 296.11983
  45.05935
   4.43132
   4.68412
   3.54396
 145.25663
   8.50398
   4.21935
  18.44966
  36.04835
 135.00332
 158.02007
  11.62381
  19.85635
 146.24020
  83.53709
   7.77359
 257.59314
  13.95097
  71.44090
  16.87778
  19.82639
  24.43506
  56.25121
   4.71373
   7.95435
  54.73901
  15.30922
   5.07923
  33.32171
  72.93137
  30.11314
   6.57215
  10.31309
  23.27266
  66.32430
  14.54497
 106.19781
  53.76395
 352.82140
  35.09923
  25.68807
  11.66103
   5.33211
   4.50624
  23.42541
  64.53980
   8.59334
   6.50757
  29.49200
  16.09151
  10.40656
  28.68624
   6.04381
  15.15432
  21.42713
   3.83255
  76.14219
  24.87816
  30.29035
   5.62359
  25.33901
  82.33319
 192.44793
   5.65904
  32.58892
   7.74329
   3.73795
   7.12065
  96.90189
   6.12103
  57.83118
  51.75575
 112.38422
 102.05483
  17.65948
 150.07184
  39.60006
   7.96886
  16.47781
 126.22550
  51.22797
  17.52101
   9.05568
  89.39255
  19.13517
   3.95992
  30.48262
  88.41759
 180.39070
  64.96792
   8.83999
  12.91640
  59.11583
  13.98045
 209.40511
  22.00473
  67.66441
 285.26359
   7.90690
  17.10209
  91.43900
  39.62229
  12.80753
  65.08130
   5.66820
  13.04512
  32.79476
  35.86335
  18.75288
   6.01516
  65.09937
   5.34405
   6.88690
  72.31153
   6.09737
 107.45623
  35.40033
   6.31356
   4.04220
   7.25001
  71.99660
  51.50779
  74.66554
  77.81689
   3.51039
   7.03458
   7.41223
 267.65523
   9.75200
   5.57790
   6.31760
 201.53230
   9.82566
  28.84263
   3.48990
  13.22740
  20.35250
  55.69323
  29.00127
  27.61950
  62.85868
 116.28972
 144.95301
   4.43857
  18.97332
  97.63547
 105.24007
   7.13326
   4.28217
  22.22622
  37.85682
 244.37467
  13.63995
  99.76936
   6.73757
  93.85134
  31.87767
   6.26475
  15.84324
   5.71867
  47.68890
  51.25423
  20.87495
   5.04521
  25.96210
   8.57341
  16.04311
  93.17362
 114.09252
  54.48840
   5.03779
  24.27980
  36.19648
  41.20604
   8.30029
  26.70506
  64.04955
  10.58242
  58.43323
 202.92688
  37.46079
  64.29176
 126.54216
  10.26542
  66.15320
   3.46421
  48.46320
  30.86963
   4.63680
   5.01982
   9.69807
   9.54154
  25.12862
  44.79309
  59.50787
  12.53683
   8.44415
   8.49940
  16.30662
  30.47830
  43.34839
  34.57206
  33.65483
  46.76502
  69.56982
  44.09525
  91.95387
  31.75957
 132.39232
   4.35244
   3.97523
  16.68213
  89.92405
  83.87280
  13.80280
  60.05144
  17.13546
 131.62742
  14.87272
 133.97048
  54.72391
  44.34049
  77.18309
  60.18414
  87.75879
   5.71841
   6.28359
  65.17566
  70.47272
 106.81096
   3.63566
  34.30718
 136.37529
   7.01247
  10.31300
  41.20004
  35.23557
  18.08861
   6.53568
  20.46928
  16.82860
   5.00532
   9.44235
  11.15443
  16.68151
  20.18828
 170.93580
   4.73098
  83.68489
  26.24891
  96.75720
  10.37083
  35.78440
  48.77961
  55.69647
  56.38792
  67.84367
   5.74604
  76.41215
  18.10887
  64.45344
  15.77166
   3.82291
   7.09527
   8.97428
  53.71476
  75.50835
  19.12096
   4.34840
   5.24414
  92.42448
   7.07340
  89.13070
  51.83690
  73.67461
  27.11044
  30.51340
  13.28758
  26.05236
  72.22104
  44.19018
   3.24624
   9.17389
  29.30352
  30.75503
  50.29453
   5.47443
  16.25765
 110.57211
  28.05200
   5.14322
  56.33467
  25.82704
 198.89803
  85.67571
 219.68174
 107.56918
  97.41059
  48.34217
  14.10930
  76.70391
   8.14649
   8.00510
  42.17529
   4.34453
  12.27392
   3.96483
  48.26316
   8.74877
  10.76621
  16.39270
  12.99217
 220.43103
 440.69859
   4.54571
  39.63958
  12.68013
  16.33582
  25.89229
  26.15415
 111.40382
  11.26991
   8.74246
  76.99492
  71.92636
  50.51223
   4.10547
  30.51852
  38.68310
  98.32920
  47.53450
   7.49255
  14.00517
  50.80121
 115.67430
   8.67990
  67.84982
  71.03812
   6.36876
  17.55551
  12.47102
  31.58270
   4.42574
  35.44767
  51.21925
   6.26696
  45.08595
  31.67821
   7.58011
   5.94211
   6.76144
  91.53865
  84.53079
  16.82403
  13.89517
  13.90532
  17.73533
 188.16079
   7.36391
  38.72438
  12.51535
  58.75705
   4.78782
   9.02600
  27.33500
   3.03019
  35.86511
 157.28985
  27.18085
  25.68543
  28.13868
  76.33785
  28.88599
 120.76914
  18.88274
   5.80737
  17.84211
  95.95345
   3.53599
  71.23564
  43.72125
 111.84275
  52.94455
  11.98547
  49.71726
  71.28106
  11.26401
  52.91570
  10.13618
  19.75312
   5.37951
  11.11841
