  96.95401
  15.41097
  30.18784
  11.29143
  57.46647
   5.45442
  98.29819
  19.20935
  51.13405
  53.87447
   7.59058
  67.60533
  56.87509
   8.07739
  12.44229
  38.62269
  11.03451
   5.15740
  36.52672
 173.34074
  46.15368
  82.67846
   7.18076
   5.44324
  15.07457
 164.76740
  27.75427
  34.84501
  38.42283
  24.61770
   6.61874
   7.27563
  14.58668
  15.79271
   4.77725
  13.31134
  26.13358
  33.32522
  31.94199
   6.17659
  12.84887
   5.84388
  75.22102
  27.04355
  10.43922
  87.66580
  29.14988
  81.66813
  12.90686
  14.03168
  20.82129
  24.04819
  20.19744
  51.85546
  10.45666
  97.08046
  45.01432
   5.79154
  17.61417
  39.80714
   8.16867
  18.03712
   3.37642
  11.07049
  18.46723
   3.93903
   6.43179
  11.80788
  13.34826
  18.66252
  53.35949
   5.58144
 147.89568
   6.69449
  93.60857
  39.70040
  23.78383
   8.13716
   9.99892
  11.67464
  27.33502
  40.53506
   5.80593
   9.57263
  12.77590
 103.34277
   9.64423
  22.99378
  30.85993
  11.90209
  30.34321
  14.88800
  14.19900
   8.03737
  26.71528
   5.78932
  28.57089
  20.00755
  10.77784
   3.67912
  67.95333
  21.27272
   8.39338
  18.28869
   4.66757
  13.10898
  72.39400
  83.58681
   7.55595
  12.04662
   7.77443
  35.79555
   7.56491
  11.42235
  58.92743
   4.90195
  13.96002
  15.96424
   4.98968
  25.29887
 286.91763
 108.75063
   9.32139
  13.95537
  58.62182
   7.42082
  25.52054
  28.30733
  65.40396
   9.57911
   5.99757
   5.66920
  91.91080
   5.95843
  25.33606
   6.38315
  10.44048
  34.92176
   8.84345
 111.50524
  36.97716
  67.01360
  14.90421
  16.10090
   3.28830
  42.05878
 158.47822
  30.37760
   5.76514
   6.17931
  12.90579
   6.15100
   9.35195
  11.51832
   4.12919
  44.23575
   5.12391
 153.52770
  94.74893
   4.27193
  76.50820
   4.26586
  31.79043
  33.59811
  82.53280
  41.32829
  37.98664
   7.48128
  18.78849
   8.25689
  26.85056
   6.71959
  20.90394
   4.14143
  42.90490
   3.78807
  48.36879
  10.47373
  40.02608
  41.05513
  14.93919
  15.01394
  32.70460
  20.06054
  16.61672
  22.89736
   7.32630
  10.39806
  27.78405
  26.74908
  32.42141
   5.09716
  48.78121
  25.26757
  30.12209
  26.60520
  70.95528
  62.09870
 184.62490
  34.02967
   9.28302
  18.12357
  14.21424
  54.18003
   3.75457
   9.53065
  25.64522
  18.09320
  27.96155
  21.23526
  29.91927
   7.09336
   7.33023
  22.45147
  45.65680
  67.16183
  43.40750
  61.66481
   4.08233
  22.00808
   7.85291
  24.84804
  76.55544
  12.61678
   3.42435
  25.31453
  17.91542
  15.96919
  98.31389
 110.78572
  20.04861
  57.26125
   3.51142
  18.06697
  74.54213
 145.16926
  10.95433
   5.40718
   5.05016
  12.21757
  13.81395
  86.03294
  14.93357
 167.44369
  26.16336
   4.36477
  31.50907
  98.52712
  22.79726
   7.72298
   3.82877
  99.83510
   6.83524
  18.80159
  39.59227
  27.99348
  14.45748
  33.71761
  35.61150
  44.98104
  20.17927
  31.35381
 204.61418
  50.93544
  83.37700
  11.93569
   6.65509
  15.35189
 138.50492
  43.54115
  14.53010
  25.95564
  13.15323
   8.87231
  20.37300
   3.99921
   9.34178
   7.71147
   7.81304
   8.33893
   7.27531
  46.11348
   5.88522
   4.59388
  17.13888
   6.77245
  10.55894
  39.38255
  35.80083
  38.93835
  23.83582
   4.44602
  38.25987
  41.50627
   8.31816
  13.65724
  82.02778
  64.80683
  15.81968
  86.01669
   7.19068
   8.61061
  21.55435
  24.53721
 354.46336
 179.98687
   5.88867
  74.64917
  35.58129
  28.26065
  26.69505
  11.74886
  16.80694
  66.59716
  20.51773
  66.26281
  52.74986
  10.40674
 100.89016
   6.99237
   7.21163
   9.64777
   5.06601
  46.32907
  28.54183
  15.27942
   5.23139
  91.82270
  32.27031
   4.71021
   5.76196
 220.24313
  11.75069
  62.37363
  20.83416
 210.45666
  11.09321
  17.93738
  43.00040
   7.88217
 126.98227
  49.42015
   4.08467
  22.71640
  56.68266
  60.30318
   9.30142
  48.43974
  48.96591
   9.49871
  12.08624
  32.81536
  58.81305
  57.06666
   5.07706
 133.28830
  26.43236
  26.51495
   7.78005
 127.61204
   4.80693
  56.30475
   3.67292
  15.04377
   9.79832
  45.12405
   4.66924
  16.60691
  27.48844
 349.61452
  35.26292
   9.18278
  22.00449
  32.51543
   3.37297
  11.19925
  51.73734
 136.02518
   8.41125
   5.72173
  17.69146
  11.39284
  60.85963
  31.02414
  25.68964
  10.15742
   4.21132
  28.72501
  22.86316
  77.78243
  18.11756
   6.84478
  10.20929
  24.51855
  16.00354
  10.05767
   3.92269
  47.24697
   7.97626
 127.11397
   9.80198
  22.73589
   9.32322
   3.30471
  22.05540
   6.19857
   7.43577
  24.91050
  11.61154
  11.67286
  41.36252
  31.33353
   8.67144
  12.98131
  24.56322
   8.60810
  26.96451
  15.36396
  60.76382
 109.05393
  67.24471
   3.79928
   6.44030
  84.33422
  31.56072
  15.21966
  10.56792
  18.73466
 356.41739
 136.63854
  33.11217
  22.79205
  19.61222
  57.70988
  38.94515
   4.77920
   6.46727
  92.19771
  12.12067
  69.75389
  24.03373
   3.53797
   3.54213
  20.40764
  13.20011
   5.17038
   3.45886
   6.64102
  45.23352
  41.08628
   7.76445
 149.49845
  58.72012
  11.10724
   5.60142
   7.95315
 134.47635
  24.62983
  88.87022
 690.24617
   4.00183
   4.58817
  74.81320
  61.06222
  65.64415
  10.95890
 109.61679
  12.69095
   7.72976
  15.11504
   4.50899
   7.87377
  16.60284
  18.55713
  19.53186
  10.38916
  76.72317
  58.58422
 126.48591
  60.87527
  55.82806
   3.00720
  14.02519
  37.08356
  33.43370
   7.24378
   7.77092
  86.74912
   9.02856
 173.94092
  33.01114
   5.90735
  11.76506
   0.28030
  17.45651
   6.64700
  84.76535
 101.58986
  31.07841
  16.33512
   3.39543
   9.88590
  17.51511
  13.47241
   4.16349
   3.89893
   9.83738
  31.38043
  14.35351
  45.52374
  11.07984
   8.16332
   5.22918
   5.51546
 101.94106
  16.98155
  92.11969
  23.81162
  14.10023
  62.36469
   7.71906
  21.82894
  11.06706
  11.04546
  47.29791
  18.84780
  84.77400
  24.84715
 111.34223
  87.97822
   9.41228
  62.37363
  59.55926
  24.93754
  21.16641
  13.84821
   8.40803
  27.95739
  12.38384
   1.46870
   5.30883
  39.71335
  63.33016
  40.43785
  11.21004
   3.52124
  12.40218
  22.59027
  44.50851
   6.65208
  12.10305
  56.85702
  20.54739
  27.72858
  64.28057
  19.21672
  99.69210
   4.83722
   8.60614
   4.52796
   5.13686
   9.43232
  22.29991
  34.06730
  43.07096
  63.96230
   9.67328
 192.13498
  56.19644
  21.68092
  32.60080
   1.40885
  10.10045
  73.22962
  94.75916
  67.28327
   9.09685
  42.51896
  38.69678
   4.33252
  57.72251
 194.83213
  15.29101
   4.21120
  30.38272
  45.03978
  19.55792
   4.70576
   4.96396
  43.20736
   4.20827
  13.78090
  12.16000
  26.91493
 118.23544
  15.17903
  14.26755
  33.81456
  28.20781
  86.30884
  78.67313
  18.39398
  45.37582
  19.99299
   6.24624
  97.18204
   5.81115
  18.75013
  37.25053
   6.17872
   3.35850
  10.43680
   6.29311
  34.96357
   8.77274
   8.87598
  19.96402
  44.00195
  18.06460
  24.79573
   7.17408
   4.61807
  21.93831
  13.02366
  17.49107
   6.54093
  23.35239
   6.03198
  55.26206
  18.29720
  47.32948
 155.15869
 145.75630
   8.70135
  53.96493
   3.38446
 219.38464
  96.31428
   6.26399
 229.71042
   7.31204
  17.87632
   8.91620
  22.62888
   5.09290
   5.80723
  17.56352
  20.39427
   9.14796
   6.47306
  41.44999
  69.07868
  77.28971
 350.34761
   6.74219
  19.16741
   7.56549
  66.31816
   5.19226
   7.09018
  65.85227
   6.99265
  11.46098
  10.75090
  50.48347
 319.49805
   7.53547
  45.11402
   7.90842
  38.50938
   5.19959
 183.67475
  12.18264
  39.78547
  19.52621
 101.08955
  22.51013
  39.81002
  30.70189
  16.02072
 128.36534
  13.52438
  13.03802
  52.78493
  19.68568
   5.22816
  82.07628
   6.31200
   2.96837
  36.31508
  17.93030
  22.83901
  12.75938
   8.62012
 161.90631
   5.62514
  20.98731
  38.95208
 147.11133
  26.11574
  73.61334
  22.25632
  50.05146
  21.40417
  40.69420
  66.65653
 133.19280
   6.74417
  59.00993
  31.82550
   7.91444
   9.65767
  35.77566
  10.91943
   5.21751
  23.34480
   6.51364
  10.85653
  10.92962
  20.21751
  14.60627
  26.30748
   9.76689
  80.99385
   6.53373
 214.34478
  64.37880
  53.85855
  26.99230
 118.18211
   3.07842
  10.04607
  11.70272
  26.81907
  12.68273
  25.97951
 142.74493
   5.06913
 180.91703
   5.52364
   7.13462
   6.90912
  79.36543
 130.39281
   3.21275
   9.47667
  15.32682
  69.43822
  87.35164
   5.20464
  71.55708
   9.99772
  14.32871
  33.32063
  52.86659
   6.81282
  70.68062
  20.38533
 226.71849
  28.64484
  30.19337
  77.56823
  13.80940
   7.78040
  97.68717
  17.42924
  88.86253
 115.78978
  13.31862
  33.14386
  11.56168
  53.60525
  13.47344
   4.52417
  48.96299
  33.07280
  38.82300
  22.86543
  15.24652
  15.78391
   4.08374
  16.54761
   7.28333
  10.69666
  16.05774
  10.79523
  10.40636
  19.00136
  71.38351
   4.21046
  29.78285
   9.64636
   9.59336
  42.01493
  55.73964
   7.83859
  69.76820
  40.41248
   6.27986
  21.75246
  28.18490
   4.80728
   8.74730
  22.72451
 104.69895
  27.94909
   4.58807
  92.57586
  12.02393
   6.72499
  28.03118
  32.02645
   3.65605
  19.89084
  88.64719
  10.18331
  15.10205
  54.15313
  20.95675
  83.08421
  13.79923
  35.64842
   8.99374
  52.06786
  11.51925
   9.30616
  92.48423
  11.16809
   7.99030
   8.16570
   8.13061
  46.00678
   8.08966
  29.00409
  82.33322
   7.99401
  56.53196
   4.55396
   3.32804
  26.22041
  17.21727
  43.36307
   4.25612
  50.10621
   5.74783
   5.62875
  56.28473
  50.55954
  15.40937
  29.26085
  19.65195
  73.31691
  27.75526
  27.25778
  65.59946
 136.91488
   8.65847
  66.13447
   2.30397
   7.63694
  71.83883
  11.93345
  10.05410
  60.07744
  67.12297
  47.70214
 192.52792
   6.33169
   9.83922
 191.08865
 150.51235
  60.22414
  82.25264
  36.99313
   4.80400
  22.39617
   7.86834
  22.61449
  27.58997
  10.40733
  18.48388
   6.73511
  65.05528
  40.80993
  26.21629
  54.16897
  27.66060
   5.41907
  41.82327
  15.70949
  30.65717
  32.07924
  17.51478
  49.80810
  42.53546
   3.47590
  38.32843
  14.21541
  26.73206
  11.76816
  49.78434
  17.28601
  32.48385
  34.72478
  22.58112
  13.28858
 179.78489
  53.25003
  18.62695
   8.18371
   9.68138
  15.89288
  12.36621
 110.87252
  13.65020
  52.69307
   6.91146
 223.68433
   4.22712
  22.81962
  12.29444
 235.39506
  22.49054
  10.53502
  77.68172
  11.05188
  36.24278
  48.42381
  32.39950
  36.74227
   4.11290
  52.94758
  47.82451
   7.33023
  52.89520
  31.52212
 117.16207
 343.03874
   4.45642
  35.44906
   6.36366
  42.00641
  12.97376
  37.83946
   8.20506
   7.80102
  24.05159
  48.77780
  10.57387
   9.82577
  71.07466
 120.51702
   4.49410
   7.07881
  42.82889
 142.74775
  29.04143
  10.09650
  96.18114
  46.58818
  10.01934
  91.94809
  37.71611
  86.15715
  61.47776
 127.73466
   7.85981
  13.09373
  22.07184
   3.11929
   3.21610
  33.01603
  42.80289
   5.23071
  23.17578
  20.07448
   4.80070
 121.88378
   9.15630
   9.25978
   7.29596
  32.43323
  23.20995
   4.86487
  16.09756
  28.77072
   5.38669
 749.93614
 110.54956
   4.93986
  87.72362
  28.60987
   7.96461
  36.03247
 117.30306
  21.48900
   9.59535
  25.39534
  25.42030
  20.04965
  12.47528
  71.06327
   7.61309
  58.20002
  47.51731
  21.57902
   3.76567
  16.98079
 157.57126
 168.00293
  51.55960
  10.45356
   3.37137
   7.77614
  45.11292
  39.52084
  40.89954
  78.85044
  24.23734
 281.59190
  59.41936
  11.38612
  32.85310
  71.77921
  25.50692
  43.15989
  28.81356
  38.59894
 130.92701
  64.51619
   6.16942
  24.37673
   5.61692
  23.91138
   4.15833
   4.43983
  35.35809
  22.80713
   7.53980
  32.06805
  69.95721
  43.92761
  44.39235
 121.71580
  93.42899
  48.68213
   4.42900
  11.35334
  12.28859
   8.04296
 125.89963
   8.76888
  15.29897
  15.96384
 133.95062
   3.25837
  34.63664
   6.08386
  56.11594
 173.14566
  20.76719
 154.26145
   3.88234
   3.91863
   8.94698
   5.66930
  64.50477
  16.82532
  41.02533
   6.14116
  23.29972
  24.38495
  15.04237
  35.85498
   5.39367
  15.23751
   4.50880
  44.34990
  30.31296
 104.37698
  70.84381
  76.53602
  13.16575
   4.58283
  26.21298
   6.27131
  18.66328
  50.75907
  19.03529
  42.69417
  27.68082
  19.99717
  90.30978
  30.07534
  48.95291
  20.56998
  54.99100
   9.60187
  38.96702
  73.33471
   4.11221
   6.13351
 109.58514
  90.05046
   3.55845
   4.13863
  48.49086
  20.49607
 111.21629
  51.48886
  12.57562
  27.15402
  14.11722
 162.82343
 231.19689
   6.26396
  27.12070
   9.52942
   3.94303
  57.83979
   3.27082
   8.19086
 100.34356
  15.21136
   7.34912
 851.58206
  16.40149
  21.98127
   7.57787
 339.60847
  28.01761
  17.44219
  35.55158
  20.74927
   6.95800
   8.75316
   9.16248
  10.85677
  64.84911
 215.52398
  14.56908
  24.05367
  11.16227
  37.58547
 194.62745
   4.04226
  15.58586
  21.27683
   9.92593
   5.46751
   5.75794
  16.21976
   8.54839
  35.27221
   3.29367
  23.87545
  21.99663
   9.23089
  23.75714
 149.43152
  41.37104
   9.08298
  18.93822
  28.31308
  64.44576
  97.71726
  63.81472
   7.66409
   5.50314
  56.36758
  15.52137
  62.12085
 244.69284
   9.51119
   8.41597
  19.97005
  30.92477
  35.39045
   5.20201
 137.93107
   7.87290
  44.18805
  17.81903
  10.31097
  14.59851
  36.80545
  23.24998
   7.55264
  12.89761
   8.30748
   7.36774
   8.49475
  25.30770
  47.03158
   4.98572
  42.60611
 155.91738
   6.14470
   6.42321
   6.78175
   5.03329
  66.56222
   6.02280
  13.90229
  37.10725
  12.31858
   5.99863
 156.58723
 191.85507
  36.49303
  46.04942
  19.45409
  14.16116
  25.35726
   7.09306
  33.75099
   6.71063
  46.36803
  34.32481
   4.37563
   5.85166
 126.25264
  24.05993
  20.89067
  17.61158
  53.15773
 118.67352
  96.59047
 102.44159
  40.71061
   6.83124
   6.80938
   5.99927
   6.72904
  23.59628
  59.71897
   3.34163
  86.65689
  29.16232
 106.68050
 271.95130
  24.03621
  37.84573
  31.88501
  30.97174
  42.15255
  11.55835
  11.96133
 183.63973
  18.43478
  58.98256
  16.10899
  16.57817
  39.85257
  66.61228
   9.28373
   3.06850
  18.70366
  13.50011
  52.15939
   7.80011
   4.15855
  64.90031
  33.85268
  78.21073
   9.72588
 102.52733
   7.07220
   3.70613
  18.33728
   9.26347
  23.91800
  20.67266
  19.36191
  20.73010
  33.13915
   9.40790
 110.19217
  18.08936
  80.48465
  10.14718
  25.03446
   5.62912
   6.77358
  58.12697
  37.98507
  26.00748
  58.22802
  37.68243
  18.29058
   6.76381
  11.74917
  54.13222
  11.27360
  49.27512
  18.07752
 190.36733
  48.96226
  19.54157
  15.64156
   7.32699
  11.53739
   7.87269
   4.34723
  30.09393
  27.93774
   8.48560
 132.86146
  14.29443
  17.42054
  41.68702
  11.06041
  28.51900
 110.18710
  37.78334
   8.26911
  22.99671
   5.24231
  37.83481
   6.64156
  39.76816
 137.90317
   3.35735
  34.45087
   3.68019
  24.17154
  59.73388
  11.26106
 185.51348
  11.92017
  29.42542
 218.04678
   7.17910
   9.44620
   2.57886
  26.94539
  12.36644
   6.76693
  13.25017
   3.99182
  20.56277
   7.90801
   9.82702
   4.21572
  13.01804
  69.05567
  76.01849
   4.61878
 163.05333
  54.69851
   6.36743
 163.63357
   7.73423
  53.10688
  51.31071
 102.41627
  14.71401
  14.52644
  24.85389
   9.20673
  74.92034
  13.43662
  28.11308
 207.72543
 243.49604
  23.95671
   5.55035
   4.03186
   8.06842
  15.51840
  11.12824
  14.41837
   4.60944
   5.36727
   5.74679
   0.72736
   6.84526
  10.37139
  50.66979
  40.25963
  24.20918
  18.09968
  14.54396
   7.44561
   6.27284
  64.36742
   5.14603
  33.69877
  18.28638
  41.77124
  35.60660
  23.26938
  85.32398
  10.06288
  76.12327
  41.86789
  56.97301
  47.12720
  54.07986
  99.05515
  22.20324
  63.68041
  79.50486
  17.09495
  26.28616
  27.66229
  14.22092
   7.90492
   6.22818
  39.66424
  32.95511
  40.56543
  54.19503
  24.92527
  35.16927
   7.47099
   6.67938
   6.33562
  20.39834
  10.65591
  17.58329
  70.70149
  59.26672
   3.42783
 134.62874
   6.37104
  35.39920
  61.39120
  14.43088
  16.95228
  26.45994
  29.63260
   7.61483
   4.55004
   6.88301
   9.44650
  16.47581
  14.52506
  22.38464
  11.82735
  52.16184
   6.37747
  27.07013
  16.38643
  34.39173
   8.39910
  89.81657
  22.52478
   5.74218
 133.79467
  75.61603
   4.58828
  90.07937
  19.10148
  26.95754
  70.05273
   6.77695
   7.92478
  71.47312
   9.99188
  58.19849
  65.27980
   5.82014
  60.83171
   5.78888
   5.93038
  14.31483
  58.21999
 144.81971
  29.70912
  71.41008
  34.73368
   7.01811
  10.65690
  27.49899
  14.44698
 103.42381
   9.58614
  12.42962
  10.97032
  23.06163
   5.00901
  34.64125
  16.00450
  83.46475
  24.18678
   9.43058
  33.39154
  32.47266
   4.40892
   6.95251
 136.02301
   6.46786
  15.06701
  13.29974
  13.35950
  11.86925
  13.30661
 103.37339
  60.85433
  10.40932
  11.68416
  70.55642
  43.80610
   4.33775
  18.60724
  45.76542
   7.42962
   8.40567
  38.88366
  13.53090
  22.79996
  57.84290
   3.86438
  50.79499
  44.89740
  26.18201
  50.06585
   7.98597
   5.47953
   5.83184
  30.38717
  36.31218
  22.25317
   6.15663
   9.44149
  30.80404
  14.20341
   4.32730
  11.29693
