  30.98966
  21.36441
  18.80540
  27.11104
  28.56805
  12.22442
  55.45911
  22.98451
  74.58149
   6.50190
   6.11153
   3.38254
 238.39528
  61.50931
  23.56573
 117.54022
  35.68054
  32.43403
  36.21957
  83.05483
  12.14575
  11.28499
   7.56207
   4.81769
   3.14934
   5.55449
   8.52503
  59.14060
  12.90534
   3.65398
  22.40492
  16.63351
  54.50480
  50.06790
  77.88491
  10.25905
  11.63732
 189.66201
  10.99819
 444.37529
  26.10427
  36.87107
   7.44430
 154.51789
   6.28454
 133.78452
  43.02180
   6.25935
   4.95810
  16.39298
  19.74393
  61.47476
  23.85090
  15.43066
  23.46712
 148.81015
   4.58483
   6.49688
  11.03189
   3.19275
   4.85261
  37.78453
  14.90236
   6.42978
  17.48821
   8.42065
  29.52015
   3.77944
   7.85272
  44.94386
  10.36576
   6.09005
 170.09447
   5.18046
  29.88049
  38.39541
  18.21520
  11.61411
   3.49098
   6.41530
  31.82629
  14.27423
  20.55497
  42.07222
   8.80717
  20.23105
  28.21712
  25.60878
  10.55151
   3.49316
  13.51386
  21.23772
  16.99020
  11.17599
  51.28981
   3.13044
 168.13618
  43.47026
   9.38243
  23.47495
  19.74634
  13.02344
   3.88924
  14.52336
  46.91112
 121.08000
   9.09287
  95.49903
  59.51565
  46.96830
  63.08023
   4.00899
  12.71253
   8.03806
  25.33747
   7.91202
  91.86690
   4.30066
  65.44881
  19.54749
  20.62892
  32.69979
   7.73521
  14.17236
  18.84047
  55.60720
  97.33394
 142.29845
  31.38798
   8.94123
   4.21780
  76.25803
   4.89628
   7.78207
  65.63741
  11.97617
   3.36209
 227.07237
   3.42594
  23.21759
  35.05153
  27.33542
   5.87455
  38.75141
  11.80959
   7.57237
  18.04451
  79.67117
  11.50302
  81.83700
   6.79511
  24.95022
   3.09974
  32.65928
  57.95649
 103.60272
 187.68460
   5.39328
  40.07172
  19.94919
 262.66546
   7.65518
   5.03393
   5.90168
  51.40399
  82.67019
  64.58218
  40.31757
  15.31333
  27.56822
 354.58750
   7.21402
  10.48182
  18.32060
   8.19689
  15.90136
 121.71831
  71.24789
  36.03523
   9.73504
   3.92781
  30.75039
  78.19254
  37.67403
  55.03083
  40.00498
  10.30650
   1.00241
  29.71873
   4.21427
   6.99025
  15.50254
  48.66657
   8.26961
  32.21756
 127.15012
   6.75699
   6.97298
  39.96273
  72.48089
  15.18082
  28.07494
  16.69927
  84.96867
   9.05745
 285.36387
   4.38591
  10.07973
  43.51006
  38.55608
  31.68381
  45.15444
  56.86888
  17.83461
  31.81233
  21.59320
  44.84568
   4.64843
  16.56074
  26.47239
 209.19053
  89.88526
  13.33857
  47.97971
   4.02679
   3.42898
   3.97910
  99.52900
   7.02798
  26.28016
   6.45069
  33.67576
  18.73683
  89.85943
  16.32779
  20.68590
  27.05262
 248.88447
  41.30654
  30.58026
  13.16356
  37.55286
  20.62546
  45.98201
  10.64204
   7.53254
  19.48455
  73.81935
  12.47574
 235.69911
  93.96715
  33.45167
  22.30877
   6.74945
   4.21162
  87.36730
  18.33449
 117.91931
   4.85351
  59.60049
  29.31796
  27.66824
  39.95320
  43.65743
  29.48182
 119.18487
   7.00773
   3.78344
  19.07630
   4.84186
   4.57711
  25.34097
   8.36748
  55.32123
  13.51232
  90.72600
   8.39587
 143.17199
  15.58593
  54.04167
  70.09901
  21.56658
   4.43067
   8.17314
  10.73759
  52.17962
  13.54517
   5.70196
   9.07712
  20.48430
   8.49655
  48.06548
   5.09039
  18.08355
   6.14313
   3.78110
 152.46810
  48.43454
   5.26308
  24.62219
  52.77332
  24.94157
  44.79439
  33.69176
  43.37149
  14.66919
  55.89135
  73.90155
  11.13043
  58.12225
   3.13291
   5.81461
   8.24004
  19.05757
  35.68075
  25.97731
  17.11748
   6.00166
  44.08351
  63.96811
  36.90392
  40.40447
   5.05706
  74.60214
  81.18500
   4.07498
  25.25877
   5.43124
   6.92559
  34.13673
   6.26038
  11.52266
  17.02783
 155.67536
  52.09023
  15.66984
   5.15902
  13.95294
  42.77807
  57.42830
  65.65940
  19.66007
  13.29559
  13.37794
   5.53973
  50.59233
  50.25691
  10.21700
  81.28048
   4.15984
  15.14424
   4.47130
  27.57213
   3.45589
  14.34628
  11.97751
  27.98152
  16.47095
  12.62561
   5.49658
  41.12289
  14.71365
  13.54234
  46.48468
  41.77387
  32.39292
  21.53344
   7.53868
  26.22042
  26.10402
   5.78020
   4.89066
  36.82003
  72.92775
   7.00211
   6.56749
 101.06374
  11.02894
  23.61013
   3.57226
   7.13156
  44.15837
 117.56959
  36.52310
  26.15402
 138.92414
  72.37227
 139.49796
  81.96362
   5.22480
   6.18168
 320.99055
  41.99494
  34.39659
  19.36103
  32.95615
  18.71986
  33.50491
  95.11551
   8.60475
  64.94269
  28.71476
   4.71663
  62.49002
  13.24974
 119.78252
  15.59666
   3.79329
   6.64918
  20.73376
  40.30799
  19.19528
 138.78134
   4.13575
  24.69464
  22.50725
  25.62423
   7.53584
   4.82112
  21.12207
   9.08908
  46.62254
  10.66667
   9.13203
  81.58967
  92.93687
   8.74333
  12.17240
  29.37725
   5.59736
   5.94827
  17.11470
   7.52599
   7.99365
   5.86315
  48.96315
  30.01170
  25.96706
   9.17818
  58.47555
 170.20132
  14.12812
  34.25529
   8.22022
   6.31009
 222.70905
   8.27547
   3.70107
 138.79363
  12.42193
   2.86976
   8.98404
   7.03870
   7.23807
  21.65496
  19.01057
   5.69693
  32.24005
   5.35118
  68.95100
   7.20713
  10.43441
   5.93863
  34.00835
  57.14262
   5.29705
 118.49610
  29.57547
 534.44689
  97.20694
  71.11221
 130.41290
  18.48712
  17.95261
  66.17370
   8.33507
   6.37813
 283.23907
  73.01469
  57.80021
  35.94224
  68.32615
  13.87531
   4.37420
  11.06225
 109.32498
   8.82142
   5.83898
   6.95101
 423.42770
   8.92572
  11.72713
  61.91864
  12.16277
  48.79715
  39.83432
   4.58825
 100.77055
   6.13835
  76.96967
  12.17372
   3.59809
  19.44196
   6.15347
 117.25095
   8.81747
  14.44007
  51.99885
  62.13992
   7.99778
  35.31815
 150.77408
  39.16729
   9.26309
  22.12062
  87.71952
  13.59158
   3.47629
  26.55134
  38.00189
  53.48532
   7.56451
  30.89129
  48.72734
  22.83271
   5.76524
   6.52042
   6.78273
   8.41692
   4.60744
   8.93531
  68.68057
   4.63900
  11.24872
   7.97704
   4.68053
   7.42845
  91.59823
  62.67288
  41.44779
  15.08692
  71.15882
  32.26900
 127.83835
  52.28453
  85.22169
   4.27631
  10.76332
  10.46885
   5.18439
   6.29943
  11.42391
 120.09248
  28.04073
  32.32091
  15.20443
  12.45587
  15.95039
 110.77476
  29.50460
  24.47522
  19.66728
   3.79220
 169.75194
  20.17584
  45.32968
   3.22477
 119.73002
  46.99937
   8.25421
  23.88771
  26.27090
  22.15859
  12.30179
  76.58257
   5.99426
  57.21048
   9.80027
  88.30373
   3.60558
   3.20173
   4.94390
  44.62360
   6.28904
 163.09482
  16.42887
   7.73919
  26.63191
  24.86351
 150.51893
  29.24799
  26.79896
  32.51536
  72.32237
  34.07566
   7.66343
  26.82247
   3.24073
  17.53400
  37.02429
   4.95112
 127.65007
  83.91493
  85.58797
   4.33450
  38.31420
   8.57330
   5.02915
   7.85718
   9.46460
  19.72584
   4.68154
   6.03994
  11.02958
  19.80470
   4.48199
   5.80928
   5.75831
  15.61560
 124.97281
  20.34000
  10.56172
  19.01949
  76.98183
  32.11097
  44.77796
   5.28683
  55.50809
  18.41718
  17.18539
  32.41657
  18.03908
   4.51188
   3.70477
  10.33249
  25.13603
  25.65489
  97.02756
 223.40498
  45.90677
  21.89949
  38.67867
 381.84575
  94.88056
  17.12412
   5.99508
   7.30669
  33.57443
  27.48841
  11.88192
   8.85370
  12.09039
 246.43840
   6.70547
  48.42048
  23.91804
   4.77595
  11.20332
  29.70665
   3.35713
 360.87126
  91.20659
   9.55688
  12.71655
   6.70288
  29.97061
  31.25118
  16.27080
  56.70566
  12.34168
  40.37063
  96.55530
  20.11618
   5.16275
  10.78795
  13.62139
   7.51939
  45.48355
  48.70799
   7.96926
 183.20639
  95.08912
 160.70439
  26.89049
  34.53645
 161.51889
 490.89638
  26.98878
 339.59302
 127.74568
  24.47909
  23.66372
  16.57859
  93.22410
  27.92381
  32.70965
  28.05836
   6.25166
   4.35765
  51.01182
   7.29461
  59.26428
   9.64334
  25.40952
 132.13106
   4.48166
  76.36644
  32.76141
   9.97067
   7.72356
   6.76348
   4.21124
  60.92270
   2.20801
  11.36820
  15.02431
   5.18756
  81.79563
  60.65610
  95.48010
  40.85719
  74.40483
  21.59972
  27.01330
   6.31986
  27.04741
  39.99704
   5.14693
 363.08300
  11.64949
  66.35556
  12.85729
   4.97015
  24.78674
   4.74817
  81.58366
  28.97945
  29.84182
  30.28890
  11.37184
  26.89900
  69.86681
  19.13230
  31.24157
 115.97618
  19.03921
   4.10641
 155.43737
  29.13130
  57.87364
  19.92858
  19.62310
  23.73759
   9.22998
  33.80175
   5.10721
  82.91547
 263.24754
  70.42128
  63.65763
  24.45276
  48.98516
  15.25893
  70.59686
  11.83094
  26.57104
  33.03294
  15.24641
  12.65825
   6.91180
   6.81711
  10.88792
   4.60448
  17.49811
  65.03318
  42.35524
  20.38785
  63.94539
   6.93026
  15.85072
  17.75039
  63.93498
 145.82042
   8.32975
 202.37769
  12.06252
  12.29769
   7.15242
  11.91682
  38.30055
   5.80879
  46.67550
   3.49722
  10.89182
   6.24822
  28.89621
  51.13925
  33.36186
  24.28165
   6.13719
  64.32988
  21.06650
  55.00136
   8.20917
  18.14432
 121.17950
 131.62096
  10.49490
  42.46131
  21.48153
 187.13679
   9.44341
 131.19062
  10.38385
  57.19180
  16.57052
  13.61809
  42.13475
  52.29088
  64.97482
   6.93830
 904.77420
  37.22752
  51.95584
  60.41287
  43.88328
   7.75868
  10.78609
  13.63351
  52.03397
  11.14527
   9.19337
 156.86296
  41.36274
   5.51374
  43.91569
   6.62844
  24.98936
 102.28092
  76.25285
 100.04966
  42.14793
  91.49129
  18.81995
  11.14283
 232.40494
 121.89806
  41.77230
 257.64253
  93.89012
   4.28976
   7.90619
  22.68932
  74.50902
   7.92854
  83.22813
   5.56396
  29.87577
  30.31742
 114.39462
   6.02900
  27.36396
  24.02659
  31.99856
  14.10733
  37.68167
  25.41080
 154.08576
   8.16946
 141.69113
  29.02783
  17.36577
  57.25958
  66.11168
  61.61777
   7.85555
   3.68105
   7.48889
   8.35926
   5.14993
 191.09383
  31.54380
  13.67107
  67.25236
   4.99487
   6.91513
   7.86396
  39.89190
 150.24955
  31.75942
   4.29955
  27.76446
  12.62147
   7.50163
   5.24868
  45.28297
   8.36869
  13.89205
 215.91734
  25.27890
  65.44339
   3.24305
   4.27822
  50.86347
  31.59414
  10.24347
 160.04123
  46.16997
  23.00856
  13.35800
   7.76604
  14.87067
   6.90469
   8.55055
  13.68959
   7.98263
   3.95434
 181.33838
   3.42332
  55.97631
  30.30486
  87.57528
   4.63225
   4.63895
  46.88655
  17.58210
  56.59814
   7.68041
  12.54632
  13.90619
  60.78142
 248.48015
 109.05982
   7.92190
   5.82303
  28.90649
   7.94417
   7.80761
  33.47832
  31.10937
  25.89319
  32.31177
 149.21327
  80.08643
  35.77739
  53.06176
  76.13450
  11.64786
  76.54398
   4.68815
  22.92489
   3.56555
  15.37712
 164.81798
  10.60294
  41.79464
 108.26843
  30.31131
  30.21175
  12.15844
   8.78311
  10.40041
  13.08785
   6.17372
  22.60899
  23.54641
  27.55910
   4.22648
  15.05426
 137.31301
  54.06195
 165.45730
  74.36449
   9.96510
   5.76521
   5.05631
  14.88112
  25.72702
  38.86386
  88.31440
  15.67904
  35.72292
  12.83675
  16.85916
 136.90724
  27.47790
 145.65300
   3.76943
   8.78406
  44.87612
   7.77019
   8.32440
  14.40587
  29.78082
   6.39462
   5.34360
 104.09127
 128.27284
  11.64998
 171.98476
 115.53510
  27.99132
 112.40197
 176.37812
   5.95758
   7.67529
  12.23648
   7.17258
  18.22415
 146.79861
   3.55954
   7.32196
  23.81397
   3.54616
  34.92141
  75.09867
   4.67495
   8.24844
 106.72796
  19.01021
  18.78515
  27.66044
  32.98049
  32.01310
   5.88017
  24.97985
  55.86890
 206.82310
 143.07211
  43.43866
  25.20762
   5.24175
   5.54272
  15.75745
  25.73316
  10.81188
   3.64923
   5.13330
  47.91707
  15.23792
  43.14168
  51.13149
  26.53173
 123.19946
  64.50887
   7.44229
   3.09988
  94.45150
  21.87858
   5.41143
  29.37511
 162.64341
  69.99824
  46.98865
 248.16018
  36.27970
   9.22512
  38.31828
 311.63672
  15.33863
  33.26019
   6.28942
   4.89257
   5.92842
  15.98433
  20.90422
  12.34732
  17.12257
  86.33962
  56.45926
  11.23582
   5.76929
   8.04237
  79.81240
  22.02868
  44.27769
  26.79609
  11.37799
  75.00121
   5.87675
  66.84306
   4.50401
  66.59945
  24.47675
   0.92435
  39.09297
  46.88219
  34.55181
  11.23960
   4.79770
  23.55645
  21.25254
  78.89362
   9.56270
  79.74396
  14.92138
  19.99946
  22.83148
  72.08505
  30.79403
   9.81844
  75.93377
  56.02343
   8.63695
  10.60063
   8.68128
  61.78691
  30.66516
  17.08362
  34.81492
  81.56178
  13.86503
   5.43233
  19.52040
  42.29936
 265.60094
   3.92248
  69.03855
   5.56922
   8.74421
 100.20760
  29.85471
   7.89514
  23.15053
 264.30713
  54.41990
   2.31595
  27.00469
  44.23696
  45.66783
  43.94915
   7.84889
  14.84695
   9.72153
  13.41555
  11.47558
  12.94415
  35.59359
  41.23035
  11.85632
  15.02478
   9.96523
  31.92125
  42.68470
  15.69121
   4.52110
  24.48123
  23.66350
   7.17830
 129.07074
  27.38528
  91.75992
   9.16608
   5.41095
  82.54066
   6.86507
   8.93033
   9.97117
 140.31771
  35.62374
   4.49613
  49.58626
  35.93742
  60.88195
  10.22188
  15.00485
  55.03945
 132.92337
  88.01556
  35.49161
  20.35263
   9.86852
   8.92993
  57.21803
  13.37305
  25.54237
   5.07999
  51.65484
   4.51034
   4.76753
  51.44699
  32.37783
  15.97676
   8.72337
  20.39006
   8.89901
  14.11277
 194.49861
  33.95831
   4.88075
  51.01333
  31.63663
  11.45821
 441.17541
  32.52764
  44.44206
  18.19383
  94.35779
 112.51862
  21.98441
  11.41442
  15.62296
  26.39549
 144.28021
  47.33943
  17.75610
  43.76946
 132.49015
  54.46157
  14.45243
  32.21172
  78.40643
  39.21913
   5.07821
  61.28312
 560.98061
 225.90349
   4.69811
  20.36918
  17.88164
   3.37359
   8.15816
  41.47143
  34.34481
  67.95510
  53.55041
  23.47156
  36.10602
  45.66226
  40.25693
  24.21867
  20.66790
 137.27792
  21.68663
  26.93732
   8.81212
  49.77345
 193.04007
   7.93274
 146.84736
  18.16880
 103.51660
   4.63593
  11.91302
  12.73546
  16.45559
  12.22452
 363.87357
 139.57059
 143.36847
  31.96042
   8.29255
   6.07108
  27.12782
  21.87472
  13.29515
  98.11424
  19.76608
   3.87277
  91.76625
  28.56093
  11.22303
  23.23905
  97.38181
  57.95988
  46.20949
   6.75057
  16.68965
  29.49793
   7.29825
  10.97814
  14.87207
  13.13406
   6.65325
  11.29235
  32.86409
  64.01702
  11.38293
  12.60008
  38.90427
  87.86517
  61.90580
  58.51043
 138.24309
  71.31271
   5.66250
  38.19635
  66.80213
  47.32997
  67.56205
  67.30799
  46.61031
  40.79128
  39.54787
  45.22077
  12.88999
  19.03104
  43.65472
   6.76626
  48.69386
  38.89305
   6.93135
  10.18580
  69.71479
  15.89780
  36.97120
  57.43096
  23.34296
  20.68699
  27.72241
   8.16972
   1.00126
  47.36698
  36.34375
  13.74945
   7.12541
 246.83669
  42.52341
 378.83009
   4.77512
  24.65945
 129.02678
 234.53328
   5.40297
  13.53286
  25.93265
   7.33224
  58.50382
  88.43952
  14.61366
  11.59093
 238.40351
  13.67203
  62.30714
 102.16899
   8.59207
  79.20541
   9.77985
  56.77209
  32.24140
  80.53130
   8.50512
  32.70885
  11.65927
  72.76964
   9.36568
   7.49522
  21.63421
  55.15179
   6.15624
   6.87122
 184.89333
   4.92644
 143.81223
   9.21738
  62.39200
   7.06300
   4.29087
  12.50226
  61.84965
   8.47953
  61.75647
  46.35835
  10.99628
 108.86965
  40.52951
  35.67764
 148.29872
   5.82900
  12.52061
 105.01428
  13.86694
  20.21608
 101.20243
   7.28965
  30.24733
  24.58124
  31.44022
 187.85353
   5.35783
   9.37185
  27.44664
  72.12877
   5.50340
  43.57178
   7.92083
   6.28518
  18.22283
  28.86112
  16.46193
  47.93843
   8.48638
   3.63863
  26.79232
  13.48303
  33.99189
 144.27700
   8.33011
 151.76793
   3.22310
 201.59973
 133.93823
   5.83829
   7.63149
  62.62587
  81.67898
   5.45498
   8.75202
  20.39234
   7.86576
  87.75100
  16.00478
  19.15546
   5.05558
   9.48141
   3.33857
  37.61026
  13.57340
   9.07340
  13.91613
   4.06730
   3.78934
   6.03093
   9.69792
 133.82225
  52.68109
  23.20665
  15.07163
  14.82702
  25.40535
   8.81856
  66.25766
  23.08893
  12.96876
  14.39246
  13.16554
 116.99661
  13.67665
  76.10750
  30.47366
  12.20283
  69.38169
  50.46383
   4.95337
  26.40123
  36.07465
  32.86870
 153.63018
   9.54363
  20.46492
  16.57371
   4.37609
  12.18343
  44.61575
   5.02422
  25.86670
  28.65482
  74.75130
  29.87754
  72.62341
   5.72397
  12.16142
  50.52695
   3.75844
  59.07962
  79.08147
  73.26250
  20.70820
   4.16107
  44.19511
  17.19340
  16.12070
  19.12823
  48.95197
  81.24611
  23.76350
  25.73092
  36.35037
  15.71275
  72.87818
   7.21108
  24.91138
  10.58577
   9.47057
  16.71887
  10.98026
  54.49782
  62.79306
  25.28299
   7.11254
  23.46526
  26.10779
  28.12605
  21.75227
  59.66513
  31.42169
   5.25820
  37.10777
  43.44610
  28.46213
  15.69354
  31.83068
  28.54437
   3.44462
   5.74666
   5.34747
   7.02848
 158.00122
  11.70784
   8.97931
  25.08772
   5.57014
  35.73300
  34.94678
   7.37491
  10.99872
   8.26142
  36.43123
  85.19904
  14.95491
  47.22838
  34.08606
   5.35312
   5.04684
  22.07648
  70.14587
  16.66314
 121.27572
  17.23535
   3.94047
  37.05598
  48.16695
  26.17767
  12.64582
  10.07902
  14.83619
   8.08050
  16.82798
 458.75651
 186.20044
  11.06233
   7.84831
  10.75924
  76.90413
   3.88848
  10.30864
  16.31132
  41.84854
  23.07108
  55.97407
  40.80179
   6.45184
 178.03820
 155.99639
  34.83308
  58.90988
  56.52503
  19.35925
   6.21154
 180.99477
 151.71600
   5.37923
  89.18929
  24.36878
  13.57093
  56.38766
   7.83065
  65.67555
  13.06894
  19.64897
   3.39003
  43.21678
  17.95977
   1.44347
  54.76031
  16.25368
   6.33765
   7.21641
  38.63332
   5.57179
  37.11381
  88.87580
 334.39517
 101.60835
  39.46940
  47.62724
  41.17161
  10.34487
  46.61600
  10.05810
   8.80910
   4.97112
   5.25938
  10.73649
   5.01816
   4.82243
  74.59014
   3.32531
 144.56971
  28.08491
  19.33252
  12.93136
  24.69725
 234.92713
   3.61833
  18.70079
  51.69551
  28.94256
  12.52111
  18.40745
  15.02870
   9.35830
  61.79724
  47.35637
  23.99220
  18.47289
  32.68015
  25.41164
   9.08181
 140.31692
  24.82766
  48.73329
   3.93591
 162.72551
   4.12638
  15.54487
  58.22464
 137.37650
  68.34103
  12.08141
  10.77390
  40.45836
   8.27395
  14.52999
   7.57808
  43.52148
   5.46935
   7.43022
   8.54910
  21.05342
  24.62604
   2.59422
  15.25026
  83.28712
  20.59788
   3.83286
   6.90843
  99.75286
  12.35869
  56.71414
  70.35798
  22.08931
  28.37048
  61.02739
  23.51922
   6.27676
  19.57148
  11.51490
  21.58347
   9.91978
 118.32154
  32.87432
 130.25479
  15.63860
  14.93094
  10.65488
  27.71229
  28.67000
  51.54655
   5.75786
  57.08650
  43.92918
  18.36812
  10.11746
  68.54417
  81.05166
  53.28550
  25.24271
  12.41086
  22.41621
  22.49450
  15.87350
   8.52870
  46.42394
  81.27803
   5.87620
  40.34020
  65.90644
  22.24395
  23.27975
  40.27607
   8.98134
 114.44966
  83.04061
   7.24278
  25.97766
  51.97037
  35.72561
  19.34445
  53.17720
  97.19604
  20.25040
   8.18043
  19.46478
   8.49299
  29.08046
 410.57674
   5.47706
  44.72096
  26.24289
   2.04035
  45.07244
  57.66337
   4.98562
  24.83276
  13.70942
   6.97789
  79.26909
   8.36121
 137.24419
   5.74275
   6.62067
   8.84016
  68.11542
   4.48373
   8.58243
  24.67673
  14.22033
  18.97803
  41.23477
  32.11667
 105.15785
  13.79583
  36.95699
 517.09255
   4.08813
  94.74944
  70.91975
  72.65178
  16.26887
  44.71322
   3.77084
  25.29957
   5.09848
  11.42818
  73.63902
   6.44447
   4.22993
   6.99696
 211.95592
   5.75114
  17.38008
  64.77270
  17.99449
   4.87434
  11.73219
  52.85413
  55.39913
  56.66250
  39.11842
  78.71032
  19.94707
  20.79729
  13.56882
 135.54938
   6.56375
  50.55072
  33.11196
  11.11350
  20.61970
  20.18385
  37.88782
  11.06821
  12.18211
   7.70369
  10.05443
 148.41383
   7.67763
   4.49941
  18.67290
  35.68646
   7.76247
   9.73904
   9.19396
  21.00231
  15.52899
  52.56965
  53.14633
  54.25329
  16.17070
   4.83814
  12.15240
  37.55839
   7.61820
  40.22656
  20.65851
  35.27547
  46.24537
 165.26126
   6.64236
  12.25377
   4.22681
  60.63765
  10.46199
  10.70535
   7.30120
  71.28818
   5.52200
   8.93459
  50.88688
  32.40696
   3.54233
   8.89651
   3.29152
  18.71243
  13.02420
  90.20463
   5.58558
  10.56951
  53.10553
  19.31568
  31.25307
  12.13123
   5.63724
   4.76892
 213.92131
  60.36171
 210.91035
   7.92730
   9.57331
  31.18499
 167.90828
  12.71210
  31.43865
  71.15404
   9.28933
  22.86445
  30.14133
  27.86657
 148.84301
  14.53679
  16.78358
  20.32010
   6.09594
  33.93128
  30.86530
 125.23353
  83.83986
 106.55587
  69.58528
  21.01047
   8.71929
  21.01758
  23.76919
  14.03564
  40.68122
  20.89861
   0.91930
   9.63248
  23.27427
  94.13100
  55.26246
   9.73823
  12.44248
   4.98000
   6.75786
  51.31053
 402.34793
