  29.36829
  12.86926
 120.32642
  22.97048
 205.31315
   9.94633
  14.00627
  27.27966
  11.16659
  71.55648
  86.81673
   9.99742
  50.35586
  96.92929
 295.30303
   8.40379
  90.01265
  10.46458
 114.68313
  26.50055
  66.53181
   5.51523
  74.53876
  20.95986
  16.56256
  33.40892
  74.32408
   8.61525
  51.22759
 125.14193
   3.63450
  31.91442
  21.16785
  36.48932
  38.24874
  10.00787
   4.12695
 278.44571
   5.41658
  15.52900
  43.28773
   5.25535
  34.85812
  17.70314
   5.53469
   6.38245
   6.84962
  13.95109
  21.65243
   7.18920
 124.71930
  13.03911
   9.65945
  17.25213
  10.69286
  43.76433
   8.69564
 133.33581
   8.95477
   4.91983
  12.89882
  45.84955
 132.62792
  16.03231
  24.99260
  63.19192
  19.66553
 183.77697
  23.00946
  38.39540
  61.41170
   9.01091
   1.46917
   6.80300
  18.30290
  99.59881
  25.64531
  77.37777
  67.44265
  12.41985
 133.90186
   6.80300
  18.03057
  19.61660
  28.45117
  50.68541
  47.64345
  53.13585
  12.56972
  22.16622
  15.93630
  40.69229
   7.88596
  74.93829
  17.56975
  13.26514
  21.09338
  83.99293
  50.23472
 250.04744
   3.14505
 151.77612
   9.88780
 143.57629
  15.08240
   4.54396
  20.11434
  22.11154
   8.44534
   9.15938
  14.71594
  28.59755
  11.17866
   7.56910
  18.57857
  17.39108
  16.80988
   7.90289
 123.77633
  36.09306
  32.91491
  16.28286
   6.10628
   9.01258
  89.35038
  16.62375
  16.07413
  14.58672
  19.80830
  27.89692
  16.50535
  13.75707
  71.88586
  12.53619
  22.32624
   6.43994
  51.10666
   7.42005
   4.67936
   5.10346
  16.94122
 104.52780
  42.16236
   6.95390
   7.19983
  17.30986
  14.63820
  49.34341
   5.15537
   9.80071
  25.27284
 210.87351
 139.91135
  51.21392
  17.41095
   7.44005
  31.62617
  14.01424
 272.15676
   8.23466
  15.66476
  10.96930
   6.40261
  17.14149
  11.42027
  80.46200
  53.09779
 101.90921
  37.67919
   7.91568
  20.44480
  86.70549
 210.92806
   7.22599
  15.01011
   3.55156
  63.62396
  27.69465
   3.20607
  56.28756
   8.85500
  19.55150
   3.40368
  10.14160
  11.69751
   4.30890
   8.29855
  31.67276
  24.49655
  32.23939
 106.77587
  37.52726
  42.01313
  18.19821
  10.08079
 113.37557
  23.39274
  34.94674
   5.44833
  77.17383
  39.45174
  17.73550
  83.34345
   2.07321
   5.06436
  67.39774
 201.43754
  13.18563
 202.06906
  15.26202
  37.84832
  28.20958
  50.07861
  33.11318
  28.40154
  91.86211
   4.84995
  77.46295
  11.15815
  34.46040
 145.38867
   3.48569
  10.78969
  64.42567
   6.59509
  11.86948
  13.84317
  19.15244
  21.03218
   4.44212
   6.80848
  85.10624
 174.32388
   7.26449
  35.85269
  13.99701
  45.63458
 100.13288
 180.80740
  23.47454
  10.52492
  41.54219
  53.55852
   8.91203
   7.23975
 156.25251
   4.45443
   9.25816
   5.56986
  11.51964
  54.58692
  91.71198
  18.04962
  84.31439
  28.13162
  15.46130
   5.37609
  32.44803
   3.56529
  22.64637
  21.98256
  12.58727
  32.10088
  12.57475
  97.13802
  96.46228
  33.03584
 256.48816
   8.07351
  22.71546
   8.40752
 143.16745
 281.61269
   3.59991
  12.72502
   4.99609
   8.72044
   9.72965
  16.44167
  72.19755
  15.21529
  58.44342
   3.41364
  13.74599
  16.83101
  10.20999
  33.35117
  19.51665
  14.93043
   6.68742
   5.69649
   8.39848
   9.94898
  95.25762
 159.03418
   4.83097
   8.16295
  16.63088
  55.78663
  11.17642
  25.84214
  17.50220
   9.03627
   3.12349
  21.41072
 141.01749
   3.92478
  35.58935
  18.69084
  15.87128
   3.94851
  11.85167
  53.24274
  25.26259
   9.06292
  15.46131
  17.59072
  27.18197
   3.46703
   8.12074
  27.63916
  19.10362
   6.76231
  16.48591
  31.45291
  59.16900
  12.88952
  32.93177
   5.05980
   4.88932
  49.21630
  37.94255
  25.43197
  21.06286
   5.00659
  78.91863
   8.60621
   5.19619
  46.01589
  58.48530
  10.47506
  10.13467
  14.25618
  93.13243
 111.49592
   5.26941
  20.83342
  16.04791
  73.85606
  11.38028
  12.47294
  18.28496
  41.41262
   9.25416
  66.84400
  12.03112
   5.73963
  11.12525
   6.95837
  25.05005
   5.56641
  23.53458
  28.47773
   7.02394
  28.27059
  27.00034
  11.29074
  10.16735
   4.09911
  12.17644
  43.49682
 114.77053
  43.31423
  20.24133
  39.62880
   3.15868
   8.53788
  11.42011
   8.56783
  17.74502
  85.51653
  13.13952
   9.03658
   6.97164
  49.69901
   5.74571
   9.49924
  11.47420
   5.52594
  18.34393
   9.16037
   9.38377
   3.31757
  27.66789
 118.07493
  49.95103
   4.90150
   9.34784
   8.87983
  13.61679
  32.23759
   5.10254
  15.84764
  30.11372
  25.75458
  19.76257
  28.25268
   3.02629
   4.15263
 195.19249
  22.36621
  76.09710
  20.94647
   4.75225
  26.90638
   8.76540
  62.56689
  17.59419
  10.84095
  19.27883
   4.42451
  51.02382
  59.84197
   9.68919
  38.05166
  20.19103
   5.39365
  54.50198
   9.71507
  24.47584
  81.45555
  42.76803
  58.35069
  22.20472
  12.48924
   7.72463
   8.27732
   6.33565
  12.81701
   4.39985
  21.09089
 205.51074
  70.34015
  26.02172
  88.01160
  36.80702
   7.45486
  38.47856
  12.68398
  22.31006
   5.39626
  11.45440
  31.86022
  33.79168
   3.35223
  98.60243
  10.93180
   5.55013
   6.41198
 272.54670
  79.30591
   3.03611
   4.89213
  10.85285
  10.89139
  71.32892
  38.72545
   3.75565
 242.77612
  14.65250
   4.86901
   4.19163
 102.17682
   5.62016
  13.49343
   7.46133
  16.15847
   7.49466
  21.44581
  86.54284
  33.41082
   4.87343
  14.66430
  16.11435
  19.71442
   4.21040
  13.17808
  25.05731
  27.61715
  22.75193
   3.63806
 273.37867
  70.66888
  12.13279
  15.91794
  85.94450
  17.86844
  10.33201
  12.02673
   5.08850
  95.36911
   4.57225
   3.33491
  12.68544
  23.81589
   9.54957
  59.77936
   6.76940
  61.41399
  22.92160
  72.30528
  16.80753
  15.07308
  83.62903
   3.25580
 152.97790
   3.38886
  22.14534
   9.23039
   4.80061
 148.07642
   7.96173
   5.94059
   7.32543
  53.12777
  24.88750
  64.27594
  95.35184
   8.33571
  11.00236
   9.59920
  60.03594
  52.61928
 220.29048
 216.95189
  11.17612
   5.03443
  12.84134
  12.64583
  48.06614
   9.31218
 166.11888
  15.90388
   7.17880
  17.84021
  28.54951
  67.26280
  35.15652
   5.49562
   0.97716
  24.08959
   4.91481
  65.46054
   4.55188
  55.31323
  11.55719
  17.09932
   6.65888
  40.69619
   8.68861
   7.13716
   3.93831
  24.91907
   5.00210
   7.63533
  66.22490
  23.82499
  31.52466
   5.15488
  10.39683
   5.03574
  11.98842
  29.58570
  41.14013
 113.67381
  26.63505
  68.30186
  10.40915
  18.26627
  20.38995
  11.11469
   8.45676
  52.29099
  18.54016
   5.06214
   8.74674
  10.65169
  11.66584
 124.41007
  50.84194
  65.49367
  11.20649
  67.09906
 154.29229
  33.96646
   4.08910
  91.94366
  67.66047
 156.21119
   5.63166
 202.87189
  11.92391
   8.55690
   3.75064
  11.95449
  32.51587
  21.27541
 175.63880
  22.07991
   3.74306
   9.28209
  31.60683
   7.00662
   5.55968
  62.64694
   5.84705
  18.32681
 132.76366
   8.48397
  42.04211
   5.19713
  11.37953
  13.82704
   4.93121
 114.99438
   9.20635
   8.10848
   6.84011
 105.20654
  21.07697
   8.41862
  64.54652
  17.25693
   5.91031
   7.22927
   4.65373
 258.08100
   8.73834
  18.27164
  31.78593
   4.67105
  52.42942
  25.45381
  26.53409
  42.64466
  22.39067
   9.11204
 284.07528
   4.28700
  15.89058
  29.27467
  35.85368
  32.77417
 171.91648
  65.69797
   6.61591
  17.42905
   5.67336
  13.94684
  38.20984
  59.64657
  30.14565
  13.89061
  23.01293
  29.79337
   4.75384
  52.23448
  51.71602
   7.52609
  10.01490
  17.28118
  16.37799
  99.64621
  13.20228
   6.32861
  27.23101
  16.93070
  16.84431
  29.15020
  26.60315
   6.13590
  34.00993
  10.46830
   5.87208
  25.67709
   9.96119
  47.85203
   9.11364
   4.96085
  25.70537
  13.06170
 133.06906
  18.99013
  70.78339
  43.90467
   5.44154
  74.82616
  10.53623
  12.05635
   7.46706
  42.70758
  11.82322
  90.76016
   6.30813
 154.49543
  99.43795
  19.66796
  21.89412
  12.77114
  10.07988
   3.81464
  32.99337
  48.78932
 130.36694
  66.96434
   5.98848
  66.77121
   7.95935
  40.03885
  69.73349
  77.02119
  33.31943
  23.33081
  84.54693
  10.32180
   9.03492
  68.63083
   9.20480
  12.18363
 145.61247
  12.13025
  30.42272
 351.37695
 106.74676
  49.58288
   3.11111
  14.31445
 104.88194
   6.92829
  22.02381
   4.63796
  20.17110
   7.43585
   5.72907
  32.31915
   6.72973
   4.39950
   5.69733
   6.26976
  41.00073
  24.07512
 192.59800
 205.04755
  25.11669
   8.67858
 738.78708
   6.67512
  58.93717
   6.32787
  42.06889
 122.59360
   3.85770
  13.20131
   8.66402
   8.81030
 190.74140
  97.78079
   5.69307
  16.93938
  18.64492
  97.76750
   5.44407
  47.02252
  60.54229
  23.79943
   7.88329
   4.46429
  39.56924
  24.19746
  69.96079
   7.03113
  14.55561
 116.72605
  23.04884
  65.82552
  18.13143
  30.83843
   8.77153
   4.92023
  39.67409
   8.19679
  67.69755
  44.51864
 240.71071
   6.49959
  13.30741
  16.15899
   3.93901
  17.55239
  18.73952
  11.00338
  19.11327
   5.22843
  36.01762
  12.66184
   7.05306
 199.55402
   9.13941
  13.34850
  26.46340
  21.22572
  14.02180
  12.12003
  11.73762
   8.55302
   8.84698
   6.97653
  34.18952
  19.10503
  21.97401
  10.18220
   8.93053
 193.77006
  11.98943
   6.31306
 172.85363
  48.32031
  10.70373
   4.90923
  15.49176
   7.15223
  12.33801
  21.03124
 102.21834
   8.12860
   8.97841
  16.08626
  49.21109
  11.31337
  42.92700
   6.20671
   8.61715
   5.20651
   6.87414
   3.83583
   5.47898
  34.36952
 237.36014
   7.71206
  15.53924
  19.11288
  18.74577
   5.10726
   5.91217
   2.75614
 119.98172
   3.33963
   7.20192
 158.79328
  32.78042
  22.43172
  59.38630
  25.44787
  94.66125
   7.85124
   5.38929
 201.86399
  35.72795
  44.12311
   8.47927
   5.09521
  14.37721
   7.59085
   9.95648
  19.16641
  14.80935
   6.52738
  20.71397
  40.19474
  22.10531
   7.37235
   4.72911
  18.82593
  66.77717
   6.21588
 476.39606
   8.02339
  10.73614
  71.86870
  29.06664
   8.64588
  48.17830
   3.11313
  35.69153
  89.83277
  36.72079
  29.13903
   7.97600
  14.80482
  83.31153
  70.25001
  12.69040
  17.60978
  25.88420
   5.73580
  48.18206
  11.16206
   9.39206
  12.06966
  12.41870
   7.56777
  25.03207
  80.60319
  19.93450
 219.72390
  14.18928
   6.34970
   4.67506
  50.90320
  33.26655
  93.45876
  48.26807
  16.14580
  31.54171
 109.07309
  18.58201
  24.49775
 112.98039
  16.03969
   6.88009
  12.27269
  37.49356
   7.87837
  18.98184
   4.41951
 126.38322
  11.18584
  30.79213
  11.19664
  15.58960
  16.35316
  35.89186
 285.87119
  15.05053
  16.00755
  30.19858
  68.67833
 141.00715
  31.38325
  21.12640
  13.87670
  56.79569
  19.96699
  11.55849
  13.75393
  58.30523
  41.79306
  15.07730
  17.80004
  10.41498
   7.48775
   5.11594
  37.28714
 105.05327
  22.60678
   7.32543
  15.06505
   8.47557
   9.45567
  82.97336
  13.25072
   8.74262
  91.00012
  11.29195
   5.35328
   5.35112
  33.95047
   3.46304
  50.24558
   4.35289
   6.48147
   5.62464
   6.78327
  38.65220
 195.68469
  55.22368
  32.28634
 272.52483
   5.79938
   5.89854
  20.90601
   7.79520
  18.26626
   5.18395
  14.06737
  10.68567
  12.50698
  59.88382
   9.34475
 168.19429
  29.19901
  14.35938
  15.96994
   6.55434
   8.14505
   5.30602
   8.81675
  80.94933
  16.73118
 125.51317
  64.06477
  20.14648
  12.86656
  14.27835
   6.04536
  27.82422
  45.71404
  71.98325
 126.55668
  41.94321
  17.96900
   4.69325
   8.04738
   6.33216
  14.35682
  31.27048
  12.06183
  13.42731
   6.92184
   6.66579
  41.77315
   6.34289
  17.07147
  22.82422
  37.63535
  92.37671
 102.49804
 160.22751
  19.75285
   4.02034
   4.73744
  67.75752
   9.90624
  20.96192
  12.16697
 299.71142
  28.50328
   1.10682
  41.84916
  16.97437
  22.78530
  88.53353
   3.70799
 109.05264
   8.16568
  10.09084
  11.25156
   5.83734
  12.39424
  13.38543
  17.63510
 233.12653
  53.14753
 100.15752
   3.81029
   5.76682
 152.18630
  54.42643
  13.09781
 138.92024
   3.27466
  10.84929
  10.97293
  25.64475
  50.41432
  25.59248
  30.48061
  24.62236
 171.13500
  49.52170
  33.96680
  17.37037
  46.92350
  11.63282
  16.16310
  53.72389
  34.64518
 108.58974
 164.59609
   5.49400
  34.48235
  37.50283
   8.57644
  18.26515
  70.92355
  17.27628
  52.72444
  11.98948
   4.74399
   4.44688
  10.69005
  10.62174
  76.17713
  23.16124
   4.84448
  15.82643
   8.26886
  13.54349
  22.41832
   9.98817
  22.38273
   7.18066
  16.68186
  29.32276
  13.93278
   3.45710
  52.68737
  14.87139
  13.40970
  15.41871
  20.77380
   7.10613
  23.82324
  36.28240
 170.46129
  10.68346
  34.18696
   9.46274
  10.42564
   7.07146
  11.81867
  31.71310
  21.84878
  41.52351
   6.18842
   5.49609
  21.14628
   3.28935
  27.11343
 120.21245
  26.53100
   5.02746
  13.91955
   4.73026
  91.53866
   4.40734
   7.78765
 106.05509
 103.80146
   7.73128
   7.66216
  15.48255
  84.63445
  10.49483
  42.67799
  49.16732
  60.48976
  29.99072
  31.45963
  49.07615
   3.79004
 109.30312
  32.93956
 110.52804
   3.09233
  27.77272
  17.93047
  52.54129
   3.90136
  24.50004
  41.44529
  79.80065
  13.76433
  86.58192
   6.72075
   4.43351
  19.41906
   9.16229
  29.51343
   8.25756
  51.64392
   6.38882
  50.69442
  26.43644
  12.65516
  53.07659
  80.16922
 105.72665
  60.21420
  11.45514
  99.68980
  10.75286
  12.70327
  10.76815
  21.90951
   1.54840
  17.33105
   4.95028
 125.52914
  22.32104
 172.15761
  26.49817
   4.36108
  78.71803
  16.23111
  11.75809
  24.56142
 203.31318
  10.11422
  46.05583
   5.78712
  46.94083
  32.24400
   5.73151
 191.41847
  13.46871
   5.50469
  10.48448
  56.08431
 113.05669
   4.91070
  91.90392
  11.63421
 109.73706
   8.00193
  12.30796
  22.54972
  50.41679
  42.92272
   7.32625
  17.48593
   4.58031
   4.84360
  53.28345
   5.65170
  65.22748
   6.08916
  33.02198
  71.62193
 106.06813
  20.90221
   7.65375
  33.51275
   4.62665
  13.91513
  14.99926
  17.70795
  11.84241
   7.49771
  30.47345
  51.88539
  26.19918
  10.00796
  27.95828
  36.42844
 119.08179
   3.04153
   3.65921
  15.81651
  34.16906
  18.22159
   6.09064
  16.09931
  70.55616
  38.88422
  40.91455
   8.42452
  40.94605
  16.70099
 132.46809
  10.15458
   9.37720
  18.39116
   5.05777
  25.99501
  18.83276
  10.15323
   6.61432
  20.41519
  22.97951
  17.10490
  76.20739
  28.23077
   6.79707
  22.78849
   3.84903
 134.43273
  12.79011
  17.93010
  17.19619
   6.75000
   3.80375
   7.89139
   4.53927
  15.15902
  33.17607
  61.15473
  14.41077
  29.33134
   3.06405
   6.02788
   8.03068
  28.25970
  76.03678
  24.93016
  31.69616
  25.53892
  12.57473
   6.90959
   4.91840
   8.72649
  19.74586
  91.79151
   8.23001
   6.33796
  32.18839
  16.94126
  78.92383
 149.21922
  14.20216
   4.49036
  10.43833
  30.75434
  28.53307
  12.77606
  26.42207
   9.65053
 121.91330
  15.02617
 123.50840
  27.25529
   4.69670
   9.68497
   6.56953
  25.45412
  10.58605
  17.45982
  10.75758
  80.59551
  77.07779
   3.60030
  56.02650
  60.12469
  20.40998
   9.09340
   7.28067
  94.55364
   4.70030
  20.99803
 150.52359
   3.92049
  46.12824
  10.58394
  32.39525
  74.41915
   4.12321
  25.14000
   6.00682
 123.54217
   7.50265
 101.33411
  35.86736
  21.45034
  15.06687
  26.29950
  14.57970
  21.03255
   3.54335
 322.94383
  13.40557
  11.41160
   3.21445
   6.41351
  23.26533
   6.52608
   4.69944
   7.63782
  53.83263
   7.02016
  10.96761
  11.56460
  11.63187
   9.46283
  41.77144
  12.42236
  29.30856
  19.18360
  72.78195
  53.79378
  50.40093
  46.25619
  33.48579
  10.27924
  10.69713
  68.23452
  14.80170
  24.67307
   6.47902
  21.88945
  24.68330
  14.44029
  23.98040
  33.35308
  45.97018
  20.83693
  18.35640
   4.98476
   3.75068
   4.72753
  68.65342
  19.53983
  11.32430
  21.62216
  72.34289
  19.14135
 281.86533
   8.92332
   4.45541
  31.45877
   4.85546
   5.99988
  38.43627
  59.52287
  93.69392
   3.12521
   5.99072
 160.62283
  57.27465
   3.60486
  17.32110
 258.92374
  33.04464
   7.38113
   3.27811
  45.19520
  97.07705
  38.36366
  11.18807
 173.67201
   3.90284
  38.67908
   6.19658
  56.47391
   7.34714
  46.72081
  34.22146
  55.11983
  11.55766
   6.62479
  97.86459
  39.25769
  20.26306
  77.50591
 195.79773
  84.60388
  12.90139
  28.51248
  34.32968
  16.84325
  10.48848
   9.98478
  41.35190
  14.37252
   4.77699
  11.82327
  54.68298
  13.74960
  13.32659
 108.10121
  16.22520
   3.81790
  63.16020
  12.86794
   5.82331
  61.59553
  13.95943
   5.28555
  17.64150
   4.52345
 128.81301
  14.55084
  25.56617
  21.80168
  56.29198
  62.30515
  10.88781
   5.59513
  66.09846
   8.74339
  11.79501
  18.85618
  30.08456
 468.28231
   7.45382
 124.17255
  49.26505
  17.29029
  12.14704
   5.18635
  55.49208
  27.48225
  72.46434
  25.15743
   3.95628
  11.45390
  20.45362
   7.21367
 158.61515
  25.40714
   8.15829
   6.56351
  97.29030
  38.97491
  70.16941
   4.70148
   5.40238
   5.79278
  31.10988
  21.10266
  15.11087
  73.83335
  31.45343
  66.49243
  18.77864
  23.42037
  22.88140
  56.84782
  94.16724
  10.67333
  10.80196
   5.81485
  13.36646
  30.03876
   8.02763
  25.15008
   5.73726
 147.09131
  22.95560
  56.86564
  43.54122
  61.97523
   7.39499
  19.01811
  25.06934
  42.77165
  62.53434
 147.45389
   3.59603
  14.16518
   6.56336
  12.53626
  30.38662
   5.56701
   4.27120
 154.99478
   3.67188
 162.72502
  51.65357
  12.81659
  20.62238
  25.69705
  19.26679
  10.90449
  63.31946
   7.97862
   2.41427
   5.08853
 189.38335
  17.81920
   6.14780
  12.49711
  15.32237
  14.58147
  60.54265
   4.55490
  12.29757
  16.74341
  10.41672
   9.44270
   7.84753
  39.58612
  22.98061
   3.46449
  38.72955
  19.18702
  22.63549
  36.69286
  15.99783
  19.78562
  19.15774
  13.48910
   6.43803
   9.41859
 184.82793
   6.37132
   8.24541
   4.97548
  69.51182
  31.35101
  15.40120
  57.27614
  32.64546
  32.38610
   9.00413
  14.48118
