 136.38383
   7.05633
  35.09255
  16.80807
  10.40954
  15.60598
   6.18489
  68.06444
  44.96880
  75.82348
  11.06574
  62.00001
  22.54775
  88.31010
 177.88389
  29.01230
 186.86827
  10.14992
 127.34352
   9.97676
  13.14344
 134.37753
   4.71324
  23.38233
  26.20500
  28.26565
  12.15560
 111.90164
  28.17232
  36.42979
 215.13960
  70.34828
  34.66366
   8.50516
  35.28047
  33.07186
  59.87448
  32.49955
 104.29298
  53.02671
  42.38210
  31.47643
  27.69184
  22.92849
  17.04662
   9.10451
  51.93518
  23.76509
  28.28887
   6.64162
  74.66650
   7.97455
  19.12993
   5.02593
  10.60935
   5.55135
  24.93513
  96.86092
  11.24108
  26.90019
  96.44476
   8.94491
   8.00221
  31.22595
   4.88728
   5.66653
 246.60320
  15.65188
  55.73092
  15.53150
   5.55185
  49.76407
  37.51191
   6.17797
  25.28000
  16.54553
   7.41510
  18.04503
   3.89188
  66.92897
  32.04032
 218.93429
 268.18621
  52.51334
   4.69345
   8.97221
  10.21836
   4.71053
   4.94893
  63.79739
  50.71808
  53.42610
   3.97353
  40.81780
  79.22783
  36.94220
  20.60608
   9.80174
   6.41105
  21.18524
  14.14609
  33.83743
  41.85350
  21.04296
  59.22829
   8.99791
  10.74035
  17.02919
  54.21351
  43.69269
  19.49836
  15.04286
  18.06050
 126.03699
  26.00578
  23.06977
  25.73105
  50.69158
   8.89803
  11.11921
   7.13421
   5.61002
  15.01722
  11.94950
  38.21557
 153.36348
  19.96802
   6.89185
 138.65181
   6.74147
  54.53365
   6.30684
  31.47126
  78.89708
  32.38176
   9.24448
   6.42765
  19.31733
  24.17391
  31.36748
  10.88501
  27.75482
  53.46978
  17.60392
  22.34126
  25.05388
   0.04033
  51.79762
  17.22072
  13.08840
  99.21370
   1.11239
  60.10826
  16.23867
  23.76987
  24.96671
  47.25066
  28.61306
  27.91890
  32.88981
  22.97382
  40.04089
  13.33515
   8.80767
   5.57748
   7.34200
  56.63115
  72.80490
  52.58175
  36.21390
  39.42545
 870.53278
   7.04157
  45.80043
  94.95761
   5.10072
  23.63166
   6.44568
  10.82086
  27.37048
  57.10409
  29.32468
  17.22308
  14.61991
  25.56756
  43.03053
  65.32207
  53.11645
  18.96437
  12.50404
  66.98903
  22.43506
  24.86613
  10.13148
  13.78397
  81.37586
   6.97667
 113.34024
  19.27192
  52.33466
   5.08649
  14.48513
  28.45082
  12.00709
   5.00993
  90.96698
  21.25112
  10.92590
   6.05820
   9.36032
  81.63323
  25.97346
   5.16913
  32.38786
  24.71494
  75.90609
   8.51605
  46.46756
   5.17338
 126.23823
   8.23274
 169.52307
   5.16993
  35.64909
   7.14525
   5.21870
  26.71799
  14.28090
   6.13245
  90.97052
  24.96686
   5.88428
  12.18804
 130.35983
 162.32792
  22.94698
  18.52908
  12.70490
  15.78762
 118.77888
   8.88260
   9.72245
   3.36783
   4.83847
   4.66606
  23.33576
  40.16868
  22.11411
  20.14405
  21.06702
  80.43305
  18.57017
  14.91661
  13.27145
  75.54238
  63.03158
  21.83786
  45.61100
 148.52721
  28.57447
  28.25403
  27.01661
  21.83786
  29.54765
  18.06012
  11.59286
  58.79073
  13.81020
  29.78398
  45.66017
  49.09598
  60.65195
  14.81249
  26.05170
  28.05521
  39.00157
  12.18439
  99.13569
 175.49230
  39.49618
  54.27858
  11.86068
  39.88931
  27.24997
  33.97896
  10.75353
   4.43115
  13.42966
  27.06185
  26.58472
  50.37989
   7.00166
  87.22766
 180.63523
  44.59936
  18.56984
  11.80446
  31.86221
  14.32933
  14.66655
   8.45790
  32.36731
   5.08606
  20.16423
  83.75224
   7.29330
  16.63540
  48.17146
   6.72391
  29.57227
   8.67474
   5.59915
  10.85628
 121.34503
 194.86306
  33.04071
  26.42723
  17.95467
  13.68932
  52.26410
   3.71812
  12.81550
  23.55384
 122.51639
  53.90245
   7.04806
   3.76043
   7.80470
  15.03072
  30.56788
  31.12269
   7.48277
  28.86214
   4.08514
  35.09164
   4.05650
  51.00131
 147.65758
  26.88143
  72.57731
  15.26987
  37.15028
  18.92152
  12.86921
   7.61364
   5.56302
   5.59646
  16.17395
  20.54131
  37.60408
   7.37957
  61.59455
  65.09206
   1.12597
  32.39042
  30.07676
  55.69861
 617.70814
  11.37472
  18.78793
  58.66569
  88.77431
  10.50635
  17.48089
   4.68578
  38.27769
   6.77449
  46.75813
  63.93511
  63.54386
  31.58943
  14.89455
  29.42621
  31.69690
   6.80943
   7.08704
 134.97741
  11.43030
  53.31644
  40.21795
  17.62580
  49.40810
   9.20563
  14.53227
  23.35865
  41.49862
 102.28318
  23.37182
  93.14321
  10.20694
  14.79675
  59.98708
  35.81634
  54.17163
  26.82827
  11.00171
   4.17625
  12.33539
  37.57214
   7.78247
  20.07358
  44.54693
  69.54742
  67.67459
  33.51487
   3.59928
  22.08224
  14.77712
 128.39306
  41.40470
 144.88701
  11.55007
 132.63011
 134.46838
  28.79661
   6.95267
  23.96106
  50.48812
  12.19508
  69.93048
  27.25302
   7.05859
  18.41269
  11.54822
  64.55916
 547.93950
  16.97984
  29.59093
   4.62085
  26.39147
  10.48421
  55.44938
  18.89057
  42.76586
  16.68055
   4.70140
   6.24743
  31.91629
  27.54912
 200.10887
 146.19852
   9.28220
   4.13804
   3.01597
   8.87540
  55.44057
   7.59108
  48.31119
   4.62181
   7.08053
  33.38639
  21.45571
  10.55295
  78.78283
  67.28802
  11.88035
  28.77579
  41.42334
  11.68546
 179.32526
  45.23234
   4.97646
  11.12096
   2.01292
 117.39930
  10.54981
   7.71253
  29.75605
   3.76394
  20.54048
   8.37697
   8.14690
  25.94138
  29.25269
  97.49114
  20.79249
  58.79296
  11.02064
  21.51917
   6.94213
 137.31878
  21.66773
  22.86945
  36.01409
  68.64833
  56.05065
  39.54487
  17.30450
  23.70244
  13.79298
  34.99551
  99.40652
  63.14366
   6.68378
  13.55017
   8.71977
  10.77928
  33.42325
  12.18344
  22.27016
  22.42454
  57.64745
   5.79105
   6.20146
 120.44690
   5.37335
  16.81522
  19.18920
   8.25559
  16.26890
  69.78263
 146.08173
   6.62416
  84.79191
  23.49636
  10.45107
  19.75203
 104.05613
  17.38343
  25.36566
  83.00044
 173.00499
  12.24952
  25.27032
  65.90617
  11.57619
  46.02798
   3.69896
   5.69650
  15.22129
  14.04850
   6.94582
  17.66316
  20.90676
  13.17117
  26.83025
  27.52366
 209.58731
   5.50603
  26.46424
   4.85696
  17.00309
  13.61311
   7.21485
  11.70470
   4.73873
  52.63711
   4.76088
  25.69435
 243.41062
  28.59356
   6.49804
  40.36601
   7.22879
   3.08040
  11.47977
   7.19997
  32.17128
  68.77282
  93.92754
 125.92949
 153.17085
  72.53691
   5.95108
  16.01045
  13.64620
  12.34293
  16.39518
  17.51514
  45.70383
 136.13761
  17.14417
  52.33365
  55.19315
  25.26498
  71.62279
  42.13160
  11.57270
   3.62070
  31.02609
   5.62438
  12.25875
  13.47501
   3.35813
  28.17602
 142.04041
  32.13252
  19.51250
   5.05022
  10.17781
 290.34335
  62.34017
 339.94777
  54.15828
   8.30648
  16.37981
  12.65509
  17.25081
   9.33952
  10.13850
  12.07000
  28.50007
  16.94108
  45.80740
  49.37955
  22.51596
   6.81374
  18.49513
  34.98928
  44.42860
  21.72143
   5.99231
   0.86450
  21.58648
  41.47119
  12.70291
  12.39627
   6.55550
   4.29749
  26.73118
   4.25605
  13.85911
   5.12893
  33.16286
  32.05619
  68.03459
   6.59661
  37.45705
  10.80874
  44.50185
  13.99132
  20.50358
  34.59874
  42.46096
  18.66122
   8.28087
   5.11850
  54.44962
  28.24768
  61.35697
   6.69858
  13.93778
  19.94187
  25.92309
  96.82005
  22.82214
   3.63928
  17.36914
   7.88817
  51.28547
  19.18708
   7.02463
  73.96532
  39.23333
   4.96122
  62.63300
  28.52615
 110.11574
  63.59835
   8.57732
  27.29807
  17.83288
  29.16660
  11.32625
  18.07087
  38.06063
  78.66428
   4.49743
  29.53950
  63.73885
   9.24135
  17.09671
  54.93112
  13.46264
   4.44442
  20.53731
   6.01003
  24.96302
  11.80366
   7.60206
  67.26155
  50.23255
  18.09137
  12.71651
  79.02343
   8.24804
  67.81792
  90.90085
  48.85153
  26.04910
  56.64056
 150.17835
  32.26092
   6.44817
   8.63696
   8.30702
  14.93761
  26.13393
  42.77024
  14.51508
  17.37730
  73.82128
  46.25552
  15.18431
   7.54304
  19.29655
  22.17774
  16.04717
  33.79334
  70.05325
   5.05569
   5.25397
  98.93730
  52.39607
  11.10885
  12.51141
  49.95112
 234.74521
  29.54059
  11.22099
   6.99602
  21.66561
  13.88763
  33.40099
  49.53340
   5.15616
   5.55004
  22.14699
  98.94810
  35.32549
   4.37790
  50.67156
   6.30634
  42.53292
 150.43658
  32.19528
  10.98535
   7.46804
   9.82436
   7.76787
  37.87276
   8.01509
   7.68550
   6.39103
  28.15131
   4.79509
   4.38175
  11.83491
   4.65287
   4.48133
   3.58823
   4.98948
  42.32942
  85.32840
  20.83313
  26.86031
   5.07786
 121.06546
   6.53427
  13.40822
   6.13911
  22.59392
  18.67199
   5.27901
  11.64697
   4.17172
  11.77878
  13.94872
  13.09742
  59.77474
  11.23863
  11.37027
  62.73574
  36.31924
  13.86799
  13.18374
  69.49030
  27.37103
  76.82871
  39.30550
 789.89196
  15.37609
  27.89255
   7.21045
  11.44881
  37.09939
  13.00521
  52.11624
   6.20402
  22.30584
  11.62540
   4.36842
  52.49829
   7.40046
 113.35217
  24.43686
  17.52329
   7.20595
   5.55766
 107.30491
   9.88023
  19.76062
  17.44277
  29.57878
  62.66022
  12.74024
  29.09451
   3.92070
   3.64853
  17.75456
   8.17172
  13.60653
  13.04183
  31.19892
   5.88239
  19.95903
  11.57281
  36.35387
  30.47893
   9.06222
  20.16533
 118.92105
   7.61540
   9.32013
  19.25831
  10.55834
  66.24281
  12.68034
   1.00526
 206.79864
  33.70356
   4.18334
   6.49944
 101.33863
   4.18423
  15.70939
  83.42069
  27.77092
  19.68145
  18.62166
  32.59370
  11.29502
  11.44427
  12.39075
  12.67117
  17.96893
  22.53341
   6.66712
  61.67179
  81.76443
  15.11719
  51.40143
  19.25643
   5.53188
  24.19749
   5.15590
  22.65372
  12.12469
  18.23774
   5.49602
   4.41869
   6.53837
  21.11335
  64.97017
  43.83001
  12.77354
   6.69796
   4.01798
  79.09387
  22.22201
   7.20519
  27.05947
  84.00117
  18.51894
  58.95237
   5.52370
  15.02407
   3.71944
  15.04059
   5.05914
  14.65108
  14.49281
   5.01149
  38.14182
  39.05848
  13.41776
  20.19994
  87.65922
  14.58349
  20.95643
  34.84446
   5.19716
  22.42925
  12.70502
   4.16404
 226.25645
 130.50314
  32.19950
  94.31694
   5.17696
  52.51964
  11.33877
   7.59620
   5.24519
   6.88635
   5.91961
  47.81698
   6.47672
   4.78478
  39.29549
  16.06073
   9.84574
  63.60204
  62.57775
  16.25465
  63.17804
  93.07963
   3.65035
  30.24279
  59.29444
   7.16502
  90.60724
  11.05146
   7.08322
  12.17990
   9.31087
  33.50119
   4.05487
  15.92632
  88.16699
   3.56262
 126.81539
  47.62377
  99.01381
   9.86658
   5.75203
  30.71014
  13.24077
   0.45085
  80.57170
  43.03240
  44.32853
  68.73426
  12.43943
   7.30020
   6.21614
   3.19845
  20.46787
  37.13889
   5.39447
  23.80657
   5.80700
  12.69265
  18.59629
   9.91032
  11.07841
  41.72470
  38.18860
  30.35542
  14.90949
  32.02956
  43.44944
  25.84533
   3.08195
  11.46564
   5.56624
  11.14362
  32.14809
   7.63866
  17.37485
  31.63563
  18.03010
  19.36542
  13.46192
  12.16253
  29.92533
  17.40078
  33.79360
   5.34147
  11.71449
  25.03593
   4.35617
  28.64940
  24.71252
  30.27320
  54.57606
  24.76660
  34.61050
   3.50972
   8.74945
   7.70158
  29.30963
  14.17475
  18.56849
   7.79068
  26.36604
  11.36743
  49.82333
  17.43557
  53.99263
  48.61423
  33.94385
   3.70406
   7.78045
  20.42511
  95.77115
  24.73680
   5.65134
  41.90998
  20.29262
  41.18277
  58.60226
   7.39375
  37.16193
  30.28723
  13.60713
   6.30151
  36.52658
  78.08918
   9.71491
   3.41471
  30.96656
  14.31063
  36.23956
  28.37259
  21.12954
  60.92067
 210.31209
   4.77563
  43.09662
   4.73601
  42.87286
  53.55539
  14.13681
   5.77974
  84.27309
  22.63358
   7.48244
  38.61220
  25.75603
  21.09453
  27.15663
  11.30908
  44.14281
   5.23905
   8.51799
  17.39948
  51.63963
 144.63864
  47.01400
  25.38536
   5.85808
  49.54159
   5.70685
 291.75949
   0.14414
  68.78391
  60.37087
  12.32683
  34.05877
  14.88446
 165.36000
  12.24406
  21.84817
  83.30570
 136.46631
 140.85002
   4.30096
  14.86725
  25.68753
  25.21683
  43.37516
  16.60195
  55.67513
  18.99996
   7.37739
  27.99271
  28.57807
 127.03539
  11.97287
  85.06032
  15.90247
  11.42596
 109.04724
  27.63450
  48.68358
  26.38238
  36.68284
   4.89707
   9.01500
   6.39677
  31.45764
   4.52160
 108.15335
  29.27718
   8.21162
  30.85210
  63.02013
  24.81789
  60.43123
  10.88192
  49.23539
  15.96067
   5.64235
   6.46071
   5.73242
   6.14064
  10.71505
   5.46890
  65.28186
  21.68935
   8.89449
  17.56675
 142.48453
  71.86259
  15.33266
  11.85598
  85.75281
  27.42499
   8.10115
  27.90620
  45.87678
  33.11349
   4.80846
  39.39063
  41.17617
  10.12665
  34.37617
   6.87296
 572.24819
  25.24805
   8.94188
   6.25584
   6.60266
  47.12558
  10.74103
   8.84231
   9.54706
  22.95479
  26.78020
   6.07030
   3.27749
 158.50043
   4.65649
  11.09519
  29.73458
   8.54847
  66.12197
  12.99975
   5.26107
 126.21492
  44.74950
  32.48713
  74.68124
  29.25734
  89.96866
   8.11034
   5.59595
  26.16082
   5.11975
  30.20894
  17.22344
   2.73479
  13.56791
  18.58913
  14.69775
  92.96489
  12.99708
  28.35344
  39.90539
   5.82349
   3.48639
  33.58341
 106.64410
  25.77971
  39.60508
   5.82607
   4.22713
  15.43031
  57.79659
  30.46485
  21.87020
  19.80561
   8.52010
   3.44840
  44.41589
 101.17019
   8.46498
  19.32700
  17.11884
  62.51521
 178.42851
   5.74300
  27.74650
  37.13553
   7.48279
  13.62590
  17.97218
   7.96188
  54.84288
   9.98304
   9.15444
  71.27224
 147.31400
  38.33212
   8.58393
  24.25566
   5.87721
 134.30663
   4.50395
   7.09277
  11.46214
 142.96066
  10.20505
  36.76008
   5.14118
  14.56980
  10.87406
  20.20932
  31.26817
  11.43544
   8.07724
  13.25766
  67.49144
  28.99810
 157.84619
  42.55490
 128.01267
  85.77265
  26.88868
  24.21223
   6.10111
  91.38286
   6.31672
  17.33300
  21.92094
  18.19744
   4.25314
  11.42825
   7.75088
  21.76446
  50.58515
  17.08322
   6.29621
  13.58664
  14.56038
   8.50610
  24.58501
   8.06923
  11.80985
   8.63744
  31.86342
 259.38048
  14.20171
   6.39148
  16.68553
  43.59996
  28.85374
  50.04811
  37.41356
  59.44959
  47.02692
  63.22142
  31.28447
   6.45510
  93.48947
  76.86793
  10.33533
  27.86201
   6.37894
  13.30592
  14.14959
  76.26554
  20.21829
  30.08063
  47.13190
   8.15750
   1.22815
  21.62403
 159.92443
  53.65928
  37.99189
  17.44459
  25.22498
   4.12092
  10.95019
 248.33686
   4.78554
  38.89604
  19.23589
   3.85105
   3.56373
   4.75298
   7.76028
  30.12111
  57.25681
 177.75560
   3.69168
  19.93540
  91.02912
  23.77647
  13.24526
  57.11969
  31.29643
  16.38088
 103.71453
  42.33497
   4.43170
  13.83903
   3.30018
  45.16453
   5.44972
  15.94103
   7.13972
  27.01612
  18.47421
  32.29196
 193.46089
  64.18553
   8.62427
   4.11288
  27.21246
  11.64402
  12.45558
   7.53025
  11.08490
  63.34665
 201.90957
   1.33402
  33.04692
   6.23775
   3.36268
  95.65846
  90.82588
   4.66960
 158.46075
  69.96027
  27.58545
  86.55327
  22.38362
  21.51663
  59.22010
  76.71485
  17.85300
  92.51886
  20.39382
   3.34515
   4.57827
  13.24422
  13.18001
  10.50769
  32.33281
  57.57809
  76.19881
  17.92483
  40.90176
   4.52151
   4.18423
  12.15865
   5.18418
 145.23919
   5.33069
   6.30906
  21.24498
  23.88875
  11.81471
  59.16265
   6.32691
   4.18225
  98.14121
   3.60512
  62.79273
  10.44105
   6.95039
  28.03085
   4.91286
  18.70319
 226.20104
  73.64954
   8.87272
   8.59829
  15.04788
  39.35152
   8.26275
  35.32600
 148.93641
  12.98442
   6.58498
  53.06360
  28.48247
  93.21055
   5.66787
  10.04944
 117.34169
  83.74297
   8.78306
  59.90178
  27.78990
  18.32865
 107.98168
   7.64871
   6.10863
   7.06105
   5.79378
  73.13533
  32.83496
  38.66347
  24.13915
  12.26561
  16.15168
  33.66975
  57.56829
   7.39817
  11.50874
  15.87174
 165.34381
   6.43169
  15.50840
  39.26063
 112.27092
  27.95373
  12.32888
   8.17698
  23.25741
   7.54806
   4.64752
  65.09611
   9.15092
  76.77545
  64.84979
  32.55704
 151.69919
 123.90506
  84.84348
  14.50208
   4.04076
   7.89019
 330.06160
   5.63077
  28.70443
 183.58113
  12.96999
  34.21922
  27.47190
   6.35544
  33.13857
  15.26059
  26.74015
 114.99084
 307.87394
  17.07137
   9.32284
  74.20546
  14.62059
  23.65166
   8.21897
  25.44277
  78.30237
   5.20927
  21.02702
  65.89873
 180.82514
  17.65447
   6.02079
  10.09188
  23.04775
  22.94878
  12.62498
  86.03622
  97.00847
   7.73492
   7.01835
  15.09870
   7.97854
  69.83664
  12.87881
  36.30858
  24.15014
   5.17748
 109.38141
  11.78737
   4.50862
  21.25891
 260.17040
  42.36685
  54.60586
  29.51731
  19.32470
  32.00103
  13.67703
  25.07242
  28.41485
   8.49472
  45.94874
  77.29508
  45.65279
  82.89251
  73.92631
  11.70127
   4.65177
 160.08869
  14.31666
  18.67410
   6.08143
   6.59642
  56.73093
   7.18507
  56.77461
  21.43916
   8.00295
  37.74066
  74.11433
  12.55936
  49.04994
  43.42972
  35.38578
  11.14902
   3.74030
  13.42009
  66.53928
  25.46229
  58.36180
   6.33688
  12.95808
  13.35271
  16.10345
  60.38491
   5.29669
  11.31779
   8.20380
  30.87476
   3.80763
 100.11659
   9.25934
  17.58918
 306.29581
   5.31229
  15.40524
   6.22707
  32.11589
 108.88387
  43.79392
  26.53956
  18.49279
  28.83118
  20.07398
   7.66847
 141.15288
  38.85018
   8.38201
  33.84510
  16.41237
  47.63572
  58.02379
  35.89877
  12.15397
  54.80173
   7.83268
  53.76388
 344.57604
  33.41569
   3.83053
   4.88425
  46.81955
   6.37562
  18.65729
   5.68982
  31.50373
  54.28033
  73.70222
  26.19241
   3.25856
  39.19562
  53.87503
  24.30897
   9.82143
  26.47856
 167.08602
  15.75761
  81.43138
  80.41890
  16.19668
  12.05817
  21.56711
  25.14003
  16.53321
  28.93553
   7.51624
   5.94930
  29.15670
   4.14918
  14.81798
  15.55041
  11.38563
  10.41379
  16.58424
  18.02595
  87.21572
  73.31676
   3.71170
 101.58274
  58.51371
  27.44050
  19.84477
  36.88880
  24.50565
  20.57462
  20.13630
  61.88462
  11.79972
  16.93786
  17.16734
   8.93898
  12.92449
 162.03745
   6.65988
   5.73676
 128.82761
   6.05908
   6.55233
  25.46316
  55.35455
  94.63457
   4.30359
   6.31115
  66.41062
  11.56389
  93.73545
   5.01618
   3.26175
  62.84903
  58.64206
  26.00843
   7.27894
  13.87605
  16.75640
  28.25174
  30.44873
   3.71272
  31.42053
  16.29846
  46.41823
   6.42133
   4.78801
  73.15632
  60.26206
  16.42618
   9.09424
  28.29704
  23.38659
 259.89622
  29.50535
  10.81419
  28.31457
   9.09588
  14.26130
  20.12392
  17.28262
  64.54834
  37.15233
  43.98398
   8.16554
  12.09962
  49.52126
  30.34605
  11.08290
   9.73121
  60.90606
  28.51916
  17.15870
   7.77777
  10.69463
   6.87537
  32.27018
   5.16884
   3.70413
  74.00101
  17.05269
 105.58914
  23.95995
   6.81480
  16.33711
   5.00559
  29.09742
   8.74573
  14.02702
  52.63233
 135.51090
   9.29810
  60.11694
 255.73462
 165.78841
 340.15677
   8.05442
  49.78188
  31.85323
 161.19448
   6.35202
  25.28047
   5.87697
  48.75607
  26.64510
  56.25087
  14.16933
 476.04374
   5.59930
 100.39281
  14.95178
   9.12920
   6.26143
  29.70623
  22.58387
   5.92380
  30.11087
   5.79038
   9.40843
   5.16047
  20.52032
   5.73558
  11.34856
  63.90152
  11.40111
  15.98232
   3.92423
   4.85619
  21.77147
   5.73105
 800.26835
   6.49558
  37.79573
  20.41184
  11.38385
  11.43860
  20.49798
  43.65372
 101.55056
   6.36290
  36.89734
   6.99226
  12.57482
   5.87379
  26.43781
  29.51235
  85.91853
  19.74912
 107.82247
  29.54556
  11.07054
  32.98314
 143.62039
   6.29843
  15.65519
   5.60827
  61.24028
   6.01306
   5.20543
  16.82392
   9.91643
   7.96199
   7.93084
   5.93459
   9.29623
   9.53784
  12.19025
 322.79279
   5.51632
  16.15384
  10.50231
  76.95023
   9.25350
   8.67203
   4.89528
  18.60741
  13.00570
   5.46552
  40.22342
  18.91834
  10.13756
 140.91796
  15.29528
  33.33051
  45.65473
  22.28100
  14.60672
  15.22011
   8.52071
   4.82950
  45.97378
  10.23959
  77.38043
   3.73976
   4.72028
  66.79421
   7.84401
  41.67007
  38.78718
  63.07893
   5.72987
  10.65882
  18.09616
  97.58746
  14.57359
   7.53928
  22.68011
  63.05362
  16.20152
   6.73468
  10.92823
 252.88259
  30.50700
  25.47772
  19.93399
 385.21341
 101.71614
  28.23998
 457.97166
  38.73219
  15.55542
  34.46056
  85.65534
  26.08481
   9.94047
  12.62924
   8.98176
  13.96107
  17.06245
  13.22453
 142.57178
  22.74555
 110.12753
  16.08200
  21.98864
 136.47572
  24.88491
  58.38339
 150.72653
   6.70173
  12.06468
  66.76822
  11.44578
   5.36772
  17.60570
  13.63112
  20.07542
   4.54633
  16.37985
  24.91510
  53.04588
  16.61117
  17.97836
  28.56473
  15.43568
  11.95056
 179.16010
  10.54369
  22.70791
  57.44270
 173.23430
   4.62691
  95.59291
  25.79949
   5.26063
  24.75178
 287.57894
   8.38399
  20.88122
   4.14297
  34.50273
  25.74765
 108.30137
  58.91500
  29.93687
  97.85455
  30.60076
 244.70548
   6.32897
  97.01432
  49.28506
   5.62288
   7.65346
  44.50841
  18.21929
   4.53333
  18.06943
   9.70189
 194.57583
  13.16104
   5.65924
  64.45476
 101.50107
  28.97918
  10.31672
  10.59544
  32.40601
 134.44288
 148.65123
  10.60225
  45.91113
   3.59588
   6.84553
  43.93772
  10.78593
  11.97861
 306.44997
  23.53875
  31.24237
   8.51870
   6.24177
  50.54328
  12.00420
 145.53496
   6.16862
  10.52066
  16.23754
  11.78573
  15.76415
  32.56099
  63.12557
  43.07023
  10.05522
  13.17180
  10.98106
   7.33015
  10.64701
 197.25300
  22.51571
 141.36458
   4.29601
  61.67560
  31.68155
 169.64781
  10.54232
  12.09377
  14.56221
   6.66155
   3.21572
  33.46362
  64.99406
  23.79926
  34.79775
  10.77129
   5.60168
  43.44001
  48.47090
  11.40522
  12.77368
  46.82558
  43.85564
   6.43496
  15.02721
  15.66719
   3.47385
   8.85694
  45.47224
  27.99933
  24.23271
  43.47826
  42.61987
  18.36173
  34.04865
  24.42276
 144.48697
  30.64838
   5.52095
  12.53399
  15.41255
  12.17069
  90.35951
   4.39107
  28.35362
  26.11763
  37.49739
  42.37994
  43.69102
   3.78216
  13.03729
   7.31028
 154.60932
   5.11267
   9.58363
  14.68840
   0.45573
  15.90492
  30.14415
  51.62882
 660.35370
  37.77260
  10.65159
   4.27632
  33.01778
  30.83279
  12.28344
   3.64175
  12.47015
  37.12124
 139.05883
  33.27989
  23.97132
   4.02955
  31.53224
  22.99798
  24.59930
  64.33614
