  24.95553
   8.69719
   6.94364
   8.04638
 201.57686
  32.57109
  67.97053
   5.85157
 124.40313
  78.14215
  15.44500
  10.53579
  25.32894
  13.14697
   9.29975
  19.85953
  25.15493
  13.72610
  28.28492
   5.91869
  36.04697
   5.38574
   8.10891
   7.40508
  39.15363
  39.50999
  18.89161
   4.58906
  36.22618
   9.72199
  31.20762
  76.50625
  18.64805
 129.61927
  24.57183
  88.29906
  57.70953
  10.72699
  47.35812
 190.05573
  14.50173
  35.49603
  80.09013
  27.44732
  17.91917
  14.83267
  56.14977
  11.56274
  69.54419
 139.98927
  15.49951
  66.13225
  57.50798
  13.24516
  31.80805
  20.45598
  15.60375
   7.04530
 189.72672
  34.37610
  37.27903
  78.84599
  18.22585
   6.86727
  49.90200
  92.00436
  14.97701
   3.96337
  32.72150
  19.92760
  97.36264
  30.18474
  12.92013
 208.45130
  14.58542
 102.76332
  17.97426
 373.81129
   6.28189
  11.04591
  31.96196
  39.87337
  82.95542
  31.19234
 118.88097
  27.99109
  15.23525
  17.92822
  20.87961
   9.73626
  30.56236
  12.67392
  14.70375
  11.51332
  33.70353
  76.43191
   5.17854
   6.84583
  22.68673
 149.60490
   6.37000
   5.01389
   6.16222
  16.96548
  33.94888
  37.03707
   5.26214
  18.39768
   8.08691
   9.73955
  19.37573
   3.50095
   5.18311
 129.53019
  31.65055
  13.66810
  12.62748
  48.54964
   7.37755
  34.42164
  33.51397
   4.08587
  11.21216
   7.51776
   6.23654
  52.33932
   9.24971
   4.86576
 199.81708
  37.24453
   9.54965
  47.03103
   5.60567
   6.74419
   3.61461
   7.97353
  54.09429
  26.89495
  61.89273
   5.66143
 186.38825
  30.19693
  28.59557
  32.84820
  27.83728
  23.87755
  13.14742
  52.40530
  14.04566
  77.22380
   8.47895
   9.84677
  58.33619
  11.50296
   9.23900
   8.63391
  37.68234
 130.68631
  46.91239
   8.75260
 141.12218
  85.42008
  11.14696
  15.80578
  18.73819
  20.51069
  28.80940
   4.84498
  16.45352
  70.23901
 180.71448
 192.10580
   8.62238
  30.17261
  76.63335
   8.17017
  71.51836
   5.52453
   5.01848
   5.73248
  13.51526
   6.59215
  22.20991
  52.25872
  51.45582
  20.68508
  59.33111
   6.99442
  13.89012
  31.90113
   7.58516
   3.36328
  44.06988
  18.92056
  54.80023
 143.71704
  11.21159
  54.62494
  40.10334
  26.78211
  57.87241
   9.05301
 122.56156
   5.96351
  30.29100
 115.51547
   3.55983
  47.01154
   4.73196
  31.41915
  11.39413
  12.81041
  42.31011
  18.20420
  15.75878
  17.28091
 119.40939
  40.66488
  64.80161
  49.19925
  21.81675
  11.83040
 160.18037
  15.17096
  43.57958
 117.81585
 138.72101
  40.64595
   9.73646
  52.53638
  33.14355
  14.09134
  17.35504
  35.01188
  11.08572
  17.44522
  14.20626
  14.87600
   6.30412
  14.16332
  86.27131
 106.09777
  42.36894
   7.25817
  91.46976
 105.87209
  99.39847
  50.49789
  89.39160
  19.17816
  26.49943
  12.67733
  17.31457
   5.58262
  73.13088
 161.70157
  39.99834
  12.90205
  37.77846
 114.51706
 543.91235
   8.77096
   3.65031
   5.16918
   5.11961
   8.68520
  20.64095
  38.65373
  22.29105
  60.08061
   8.76370
  39.60058
   5.45657
   9.76207
   7.41662
  12.91469
  63.21708
   7.62428
  63.27353
  13.00940
   4.53522
  60.66659
  37.02377
  10.11884
  31.96952
   5.53123
  25.56592
  22.95464
  25.29100
  39.55223
  36.32292
   9.67537
  17.59063
  26.02473
  14.80324
 157.66088
  22.07229
  11.98440
  22.11594
  61.61370
  44.08124
  23.01197
  39.62946
  13.39347
   8.49990
 135.42109
 106.70292
  32.69635
  34.44439
  39.85922
   6.99288
  45.26467
  22.87907
  34.61113
  23.53364
  15.50262
 205.88285
  12.48221
  88.31350
   4.97326
   4.25100
  11.29658
  48.55069
   4.60864
  11.88335
  17.33381
  20.61253
 144.05724
   6.02789
   6.18245
  10.65063
  92.12226
  24.34489
  63.04291
   6.98788
   6.87662
  67.75368
  28.77567
 122.48100
   8.68147
 289.24587
  31.56672
  11.78392
   7.46341
 125.89871
  53.53800
  55.36750
  27.98797
  46.67953
   3.77101
  95.22729
  11.64031
   7.97018
  17.31978
  28.56965
  50.48882
  12.30261
  28.99515
  10.64298
  21.84878
   7.33610
  63.91521
  63.25443
 102.54909
  13.01759
   6.12578
  21.92629
   6.68417
  10.49436
  15.48487
   5.39177
   8.42778
  14.29910
  15.54468
  46.17022
  12.51611
  11.57976
  15.41772
  70.99884
  22.22346
  73.19146
  47.78481
  33.38472
  16.11963
 157.26563
  92.16025
  18.17136
   8.75550
  18.37198
  10.98739
  24.31063
 108.62940
   4.93183
   6.13231
  23.16054
  22.46072
  75.52268
   4.50500
   8.25313
  14.85656
   5.40170
 341.73757
  43.31411
  24.55026
   7.68363
  23.27108
  27.82798
   6.67544
  12.29603
 175.26974
  13.37727
 132.89810
  38.84538
   7.00719
  28.83082
   4.36825
  18.21742
  33.13985
  21.63255
   3.35340
  44.66363
  34.82630
  25.02223
   9.26850
  21.26073
 181.97710
   3.08620
  21.76367
 108.48636
 164.01759
  11.26652
   4.46280
   5.24369
  30.01950
   5.92470
   6.12963
  26.06016
   7.45794
  73.15991
  17.23390
 155.68127
   3.74843
  69.34081
  22.03169
  17.36239
  33.30549
   3.45043
  24.77379
   8.64637
  46.01966
  56.87761
  30.63119
  64.76650
   4.39810
  20.49456
   7.98977
   8.51691
  45.32639
  47.04119
  36.13598
  49.37405
   5.59886
   5.31579
   7.47703
   8.91338
  82.01387
  20.15722
  81.92386
   4.92094
  10.63771
  62.80194
   3.51795
  10.63031
   5.67310
  35.17614
  69.27980
  20.02396
  22.54904
  32.55190
 209.15800
  71.03023
  10.92510
   4.92368
  21.23140
  32.76700
   5.28499
  15.49406
   5.86407
  45.51610
  24.41017
 114.02011
  45.26997
 170.04075
  48.31445
  14.17101
   5.25073
   5.37823
 285.76763
  21.23900
   4.44262
  13.01872
  44.04789
   8.62854
  49.87872
  26.78973
  10.50722
  18.11631
 174.99862
  96.38383
  32.83758
  54.63547
  11.92035
  55.89236
  21.86420
  48.81193
  19.46855
  18.19911
  21.35480
 108.69915
  19.08357
  42.61373
  90.39587
  25.19052
 114.08546
  44.42594
   4.75568
  15.17238
   5.66381
  35.88639
  32.09242
  16.83269
   9.24088
   5.07099
 106.84798
   5.41434
  18.95375
   7.34272
 106.44494
  13.81353
  80.24148
   7.13918
  59.86341
  24.91499
  32.08571
  44.19736
  17.24020
   6.65555
   5.28509
   5.16717
  15.26873
  29.80393
  52.27521
   4.73868
  17.62640
  10.06919
  33.75893
   3.99085
 137.15005
  21.81101
  14.50435
  14.25627
  10.18660
  45.78392
  15.48332
   7.83391
  76.90714
  48.73524
   4.43065
 101.61851
  15.32689
   5.58909
   4.85363
  18.84116
   6.21809
  30.85632
  34.24817
  10.70247
   6.33846
  17.50151
 121.62564
  21.27940
  29.97321
  57.59748
   9.74652
  28.80122
   3.53203
  16.55459
   5.26580
  17.56298
 134.36559
  83.12490
  15.63226
   7.52378
  38.93770
   6.00694
  15.03743
   9.35169
   6.25725
 232.76661
  15.91578
   6.37017
  28.39840
 116.37111
  11.84475
  17.08394
   7.45120
   5.70234
 390.39258
 115.92852
  11.97040
  10.91591
  33.12315
  34.17262
 114.39854
  59.98852
  10.23439
  10.90289
  73.59068
  23.93520
   6.00438
  69.57220
  16.02747
  29.86394
  51.07930
   5.22223
   4.62853
 104.95959
  17.21122
  93.58426
   8.24816
   7.84365
  30.67356
  28.46367
  30.85309
  19.96440
   4.50473
   7.78435
  19.31544
  49.58241
  35.12888
   9.80217
  19.36635
  88.00120
   4.29583
  74.22799
   8.90520
  44.06021
  21.96993
  41.94436
   5.21353
  20.78236
  26.50920
  56.91375
 113.60374
   9.10538
  15.18908
  30.83308
  16.61669
  93.87849
  18.74163
   4.44161
   6.59600
  13.87853
  31.89780
 232.69169
  15.99062
 448.22907
   7.83060
  15.04003
 106.80270
  30.15501
  40.35760
  61.25795
   7.44531
  65.06035
  17.95763
  11.07021
  44.06742
  13.41438
   6.25844
  37.34890
  68.01477
  17.40132
   3.63564
  12.87558
  13.72176
  11.76241
   9.49883
  67.54601
   6.86398
 208.41518
   6.32858
  11.54991
  22.22922
  11.83064
   3.60635
   7.46922
  32.43740
 186.23095
  18.19900
  62.24128
  95.23373
  14.63698
 293.52293
  58.60877
  13.88582
   3.62793
  20.81292
  72.29029
  15.28283
  99.56822
   5.35222
  14.28705
  78.06644
   5.12324
  18.77688
  18.14849
  39.23402
 124.19257
   6.93388
  12.64910
  45.48170
   4.36684
  76.49366
   8.02205
  12.92303
  77.08798
  28.31568
   4.81495
  21.55009
  41.76433
  17.17749
  88.28294
   4.08410
  11.10147
  13.33788
   5.19119
  14.40135
  52.54070
 103.01902
  10.79829
   6.09202
  15.89084
 114.64810
  63.48136
  14.75377
  41.97534
  34.40913
  22.83325
  12.68784
   6.86371
   5.96480
   9.84473
  20.72320
  33.33513
   5.44993
   5.13393
  32.58505
   6.79197
  19.34302
  40.13091
  20.32941
 287.27072
   8.92094
  46.62496
 147.38572
  30.02516
  10.45239
  10.72104
  11.74386
 111.14795
  27.98179
  20.90808
  28.35202
  47.10266
  33.02218
  17.26092
 107.42887
 137.00072
  10.94392
  14.57869
 129.46720
  11.60861
 351.77718
  59.88058
  96.23315
  30.92902
  28.75052
   4.76466
   5.82268
   5.90455
  20.60717
  46.37546
  84.29594
  16.61736
  11.82449
   7.89488
   6.64182
  17.26005
  47.26083
   3.35458
  51.15050
   6.83555
   9.07023
  26.61069
   4.75171
  17.86949
  98.39299
   8.24420
   8.91393
   8.33768
   7.56463
   8.46619
  26.89488
 105.57730
  26.34774
  14.88224
  13.55744
  88.60373
  36.72953
   3.22376
   7.71101
  29.29059
  21.17782
   5.28954
  18.24794
   3.49687
  10.58545
  23.44037
  67.44161
 120.24110
   3.44703
  47.26667
  10.14410
  37.45058
  20.43896
  63.87720
  39.73191
   7.70641
  39.21206
  47.31626
   4.65432
   7.02243
  23.30764
 113.58927
  23.06293
   3.97334
  43.25269
  15.95229
  20.93632
   9.93427
  15.88547
  48.06178
  32.16505
  10.71426
   9.41073
  29.30819
   9.66647
  62.84822
  51.66054
  53.68858
  60.28263
  47.47800
  39.00931
  28.96015
  10.08040
  15.30561
   6.88041
   8.94309
   4.28779
  10.27618
  39.72615
  82.51660
   5.05345
   3.13206
  30.84013
  77.25721
   3.58959
   8.71825
  13.22430
  12.98123
 100.48393
  25.98748
   8.44223
   4.70850
   4.86440
  20.57156
  19.98552
  10.05253
  10.78508
  10.06536
   9.00288
  15.62391
  25.97543
   4.78493
   6.85584
   8.05374
  43.42382
   1.01085
  10.13339
  32.14330
  10.78607
 175.28018
   7.00712
 140.19771
  11.69117
  38.45950
  16.02895
  33.92436
   5.19781
  15.73515
  42.61263
   3.93983
  18.93921
  22.44608
  16.45263
  37.79602
   6.77557
   7.05786
   9.98987
 181.82324
  17.65535
  21.80275
  12.21585
   4.45339
  14.83481
   6.50702
   7.03341
  12.99990
 174.93954
 162.92795
  48.15597
  10.05674
 163.75673
   6.43127
  56.32228
  15.07203
   6.07347
  54.17775
   5.62697
  33.88164
  27.31206
   6.63229
   4.77909
  14.57918
  75.97215
  20.04026
  11.42998
   9.44842
  64.90216
  36.84853
  48.37312
  97.10644
  11.11186
  20.65040
   6.67891
   4.32024
  48.72126
  19.14901
  11.15251
  22.95822
  14.09794
  12.56905
  47.04542
   6.56353
  29.96070
  23.37142
  84.51672
  34.44866
  16.90488
   3.13665
  10.86889
   5.23167
   9.36697
   1.83441
  48.64825
  65.88741
   5.53761
  12.39544
  28.10966
   3.37053
 135.79516
  30.05434
 108.63382
 226.68086
  15.02651
   5.33496
  30.23207
  70.60210
  14.38331
  17.06649
   3.75348
  77.11916
   7.18972
  24.24150
   4.57563
  37.81102
   4.54940
  35.01609
  21.09862
  13.26829
  44.99489
  85.26871
  47.16683
   6.67393
   3.66854
  23.18394
  15.79666
  27.85479
   6.32998
  34.02202
  10.35283
 208.59564
  61.55170
  10.84722
   5.44518
  98.22188
   8.93725
 149.17323
   8.76974
  16.45333
  48.01578
 276.32210
  27.42755
   7.67553
   6.60489
   3.87716
 202.29400
  57.03684
  38.64717
  21.47901
 121.46184
  62.31842
  44.98607
 225.82397
   8.47303
  18.18890
  16.52797
  63.23690
 118.41903
  54.63064
 161.95932
   6.16773
  20.75149
  42.81228
   5.15869
  14.25244
  23.16355
  61.51592
  74.68733
   5.01014
  10.30422
 106.07159
   5.11816
  17.69341
  55.24096
  13.59803
 110.03894
  31.55000
  16.53355
  10.86285
  52.01146
 108.85279
   7.34138
  36.78075
  11.63837
  35.12319
   7.25937
   3.78660
  15.77413
   8.99906
  21.03819
  23.43377
 156.92600
   5.49368
   5.67392
  11.09374
  10.20816
  10.69041
  14.88352
  73.42085
  13.48011
  18.26725
   5.72892
  24.68713
   8.18849
  17.10563
  20.24023
  30.65257
 119.20274
  13.78484
  20.19794
 220.30102
   7.76356
 132.25299
   9.26708
   3.62100
  61.50509
   4.40421
  24.63588
  99.63406
   4.88162
  14.48525
   6.17986
  32.63965
  69.25811
  53.92422
 114.44843
   7.98656
  63.18675
   4.11865
  34.55140
   6.11486
  56.90327
  24.48640
  65.23725
  23.94279
 164.28390
  11.31135
  14.67136
   5.29750
  33.60161
 116.73447
  46.13149
  72.20837
  30.27671
  31.75708
  42.34019
  17.10481
   6.38157
   9.59641
   8.61238
  32.87999
   7.62777
  15.33097
  55.51586
  13.47113
   8.31283
  96.08047
   7.39656
  15.70515
   8.11375
  31.74722
  27.51107
  20.65060
  18.33755
   9.67343
  26.77869
  19.17852
  22.04462
  20.86761
  60.12781
  38.60901
 257.67116
   8.00898
 138.45491
  13.66300
   9.25580
  18.46987
   9.07824
  15.10308
  21.85900
   5.00772
  27.98892
  11.04520
  72.26001
  30.05310
  13.39642
   7.46815
  26.43465
   6.67672
  25.29599
  88.02955
  15.48838
  38.58840
 121.62763
   4.19000
  18.97981
   7.36309
  11.98234
  89.79583
  11.93490
   6.24366
  16.80400
 113.56926
  65.79374
   6.36359
  57.18180
  30.76853
  67.63391
  73.92489
   8.36166
  31.11781
  36.82263
  14.90759
   8.73021
   5.70155
   5.57449
   5.04847
  24.53641
   3.40754
  27.75907
   5.72574
   5.36741
  21.55550
  51.90549
   3.93268
  69.16989
  42.25081
   9.79282
 189.17173
   1.02631
  43.40442
  11.82808
  27.04985
 139.60604
  13.98580
  32.68700
  22.49452
  53.53221
  66.84180
 132.12902
  17.01095
  64.74691
   7.30175
  15.94000
  11.45416
   9.29066
   9.22331
   9.15592
 153.67099
   8.72382
  17.30291
  45.54284
  62.83144
  14.11990
  44.87143
 226.88650
  72.76090
   4.45649
  75.31141
   8.86470
  16.00761
  24.22124
   5.43145
 127.75729
  63.43455
  19.15765
   6.33429
 161.28102
   4.35136
  29.17356
  20.14184
  13.40079
  22.02345
  28.83838
   7.81457
   5.43553
  19.38006
   5.98924
  98.90038
   7.39246
  34.63620
  22.33442
  61.06161
  64.55000
  23.55531
   4.52854
 103.87197
   5.99819
  42.07466
   4.05503
  42.71280
   8.35009
  14.22270
  55.33538
   5.04296
  38.99701
  41.41016
  14.86424
  24.14447
  11.00906
   6.56583
  12.00050
  26.04484
  40.42244
  12.84646
   4.44159
  96.35440
  27.62531
   5.95508
  11.02830
 142.38445
   5.64586
  46.87977
  19.31178
  17.03765
   5.31970
 128.55646
   6.70382
   7.81973
  40.11131
  51.58337
  43.54365
  15.99768
 290.66471
  12.91694
  16.52443
 164.65328
  88.76630
   7.95355
  63.67587
  10.83002
   3.31326
  70.06778
  59.56806
  34.71745
  31.20205
  23.54786
   5.93960
  21.25905
  20.66381
  88.47716
  26.53326
  39.08235
  16.31554
  90.79965
 145.73313
   8.18510
  11.32622
   7.45491
  73.34139
  12.39764
  56.14091
  77.73903
  15.42057
   4.37685
  59.32611
  75.99953
  67.67241
   6.73528
   4.63285
  30.57201
   4.48474
   3.54548
   8.22924
  33.76781
   7.64866
  32.81235
 100.15528
   3.59771
  29.60856
   8.72694
   6.33647
  14.19845
   3.21012
   6.95210
  13.82611
  16.49499
  15.56674
  10.94048
  14.75247
   3.37187
  31.99936
 240.38720
  15.18767
  90.14012
  26.18016
  19.85633
  23.78809
 170.18516
  12.76344
  23.39498
  14.07044
  29.33279
  65.85012
   6.02123
 236.28716
  11.67934
   4.41531
   4.50683
  33.24693
   7.78905
  11.13582
  42.50585
   5.86649
  30.60996
  60.83437
   9.75946
  49.15733
   7.46351
  11.19793
  84.66316
 117.14689
  21.10779
  20.58324
   7.85378
  77.82072
  13.32655
  16.02035
  58.68888
   3.75592
 102.06318
  81.04522
  17.71271
  35.62113
  13.25625
  73.60921
   8.61479
  50.54808
 678.67571
   8.10730
  66.93823
  25.01799
  40.05607
   1.85150
  47.71860
   7.83677
 124.53326
  11.53430
  17.26680
  11.07539
   4.25512
  22.58143
  49.84524
  13.35067
  42.19383
   7.58641
  28.49696
  44.02649
  20.66938
  17.51131
  39.71762
  21.46780
  24.89814
  43.42362
  57.69846
  55.25845
  19.81937
  89.57730
   4.81427
   8.04326
  10.62543
  46.57282
  21.77138
  15.27023
   3.61619
  71.20230
  20.16974
  55.04229
   4.15682
  51.04919
 440.59951
  27.68545
   5.00605
  13.21116
  18.39674
  62.95825
 151.51956
   4.95251
   8.17402
  12.33286
  62.06006
  47.56053
  66.44939
   4.20166
   6.29851
  80.66865
   5.36392
 108.49006
 161.96085
  14.66589
  63.89922
  47.21182
 100.36063
  14.42506
   3.38006
   9.02132
  50.65589
   5.73792
  34.54722
 140.62626
  28.61295
  58.01536
  68.78166
   6.63616
  23.73159
 156.39865
  74.20610
  20.70808
   9.98931
  43.27050
  44.37237
   8.31177
  31.28377
  74.84395
 136.25446
  21.85897
  23.29358
   9.91609
  39.74326
   7.39715
  26.49146
   6.63844
   6.73219
   7.27798
  11.43852
  52.39474
  24.41109
   4.22553
  86.89363
   7.41252
   3.22099
  69.15721
  72.62324
  16.23402
  41.68241
   9.15651
  25.86993
  74.20378
   3.94456
  10.77273
  10.18394
  53.33670
 169.81747
  19.01296
   4.18888
  12.58236
   5.17819
  95.61922
   3.86475
  26.06301
  78.30357
  43.91566
  53.54501
  10.95387
 149.26029
  27.66837
   6.54586
   6.48136
  33.15501
  72.67182
  10.22943
  71.52975
 174.20871
   5.63758
   6.07626
  60.57081
  91.25128
  27.11889
  41.28877
   6.72788
  10.88862
  23.84152
  60.24781
   5.13734
  59.44606
  51.87462
   1.02638
  23.41066
 111.23280
 112.97529
 145.99300
  75.92109
   5.70959
  49.51168
 103.00552
  82.77403
   5.69314
 119.56546
   5.76354
   3.76012
  83.05956
  27.96170
   5.27805
  76.03631
  13.08321
  12.92936
  77.27302
   7.88335
  38.86451
  83.12026
  29.19507
  11.62000
  43.68928
   6.08815
  12.75688
  35.11729
  28.98561
   8.49480
  72.72970
  12.15658
  21.53904
  70.50450
  29.47672
   9.63180
   6.63842
   8.74964
   8.68947
  16.53712
  32.00460
  19.25002
  76.14188
  12.82127
  47.30740
  37.84139
 135.62673
  47.78383
  31.44667
   7.28500
  14.60358
  30.04510
  65.29540
  97.57578
   7.13282
  42.34698
  11.78442
   5.20699
  12.97729
  43.84579
  15.56684
  25.07401
   6.20314
   8.00025
  45.75901
  31.44264
  60.44357
  53.28585
   7.10762
  56.17040
  29.23584
  54.47594
  14.89658
