 132.46841
 159.04250
 147.54236
  19.23469
 103.23819
  14.37089
  29.77249
  31.18838
   0.84795
 164.53152
  18.31159
  10.67109
  28.12847
 459.35854
 117.34407
 159.73506
  48.53012
 108.54597
  16.17612
  58.47276
  85.94015
   4.93740
  47.14576
 140.87471
 112.65338
  31.94084
 121.92207
  13.79599
  89.63773
  14.25422
 106.62460
 182.25676
  27.20583
  71.67598
  10.16658
  90.18382
 138.37851
 128.20148
  27.19967
 124.19296
  50.53954
 107.01845
  32.35174
  28.75623
  83.55915
 133.52767
  13.03648
  60.85704
  26.00627
 149.07931
  71.51774
  83.94870
  22.59593
  59.68083
  10.62765
  17.43771
  53.67181
  35.31990
  16.05339
 175.11632
 276.07368
  80.24941
  85.68395
  94.05911
  33.38924
  15.85289
  11.51570
  12.39834
 186.79449
  38.79176
  35.45995
  23.34610
  66.53306
  21.54155
  33.74190
   5.93262
 111.47250
  56.92150
  11.21359
  43.18400
  11.43686
  22.16600
 167.42059
 243.56905
  13.18272
  35.43719
   6.74315
  13.10770
  23.35100
  53.48107
  78.54379
 146.73250
  15.87863
  48.54075
  21.04244
  26.27958
  32.21140
  66.05021
  44.49004
   6.53914
  15.05081
  72.37642
  44.23499
 115.37291
  24.41386
  45.69959
 131.22129
  18.17717
 249.26426
 177.74407
 128.53094
  80.62448
  40.91610
  16.53484
  39.82179
  65.62429
  13.04416
  29.96376
  93.42255
  20.77612
  69.21537
  91.81256
  42.12297
 197.87435
  30.15577
  40.76512
 102.22766
  84.97237
  22.85496
 123.97929
  25.44093
  11.93104
 243.84304
 105.57206
 105.27641
 258.06184
 151.41352
 175.52859
  54.58277
  10.13558
  21.42275
 139.25152
  81.65933
  10.46543
 112.58774
  81.22144
  81.09201
  20.16394
  74.66407
 117.11286
  28.88064
  12.21441
  15.93873
 168.82276
  14.76006
 161.80210
 158.65989
  13.67762
  29.56906
  11.82600
  76.01334
 115.43175
  12.41915
  54.15788
  71.07456
  74.09649
 171.83010
  62.42294
  44.07705
  21.22929
  83.40317
  38.54614
  16.25893
  26.61820
  73.11593
 122.24050
  15.26428
  27.62944
 214.52191
  86.45320
  15.08708
  11.34869
  14.79030
 148.59081
  76.82015
  22.49117
  11.59968
 115.06040
  30.53050
 171.53118
 185.59762
   5.76404
  73.86248
 137.40270
 227.75160
  97.29289
  60.53671
  68.07640
 157.75213
  18.79626
 177.61377
  22.75845
  55.14421
   8.63884
 105.37161
 256.38925
  66.83046
  10.25525
  68.08464
  10.84794
  28.44297
  12.63212
  47.79097
  78.19150
 101.33672
 125.51000
  10.95394
  21.06714
 124.37096
  89.49699
  48.32674
  71.36723
  24.68173
  55.64940
  12.01379
 160.27805
  11.47754
  30.88008
  20.15065
  44.34560
  10.46843
  52.89062
  64.68910
  52.12465
  72.59047
  13.91264
  79.89736
  58.84819
  30.69420
  12.48908
  16.56573
  16.89193
  21.29468
  11.60052
 188.27531
  68.10660
  78.17277
  97.59058
  31.07975
  20.26942
  42.64760
  86.88479
 193.88973
  10.99085
  17.45119
  15.38504
  16.24486
  16.63110
  18.00708
  29.15018
  57.03835
 132.50239
  10.11209
  22.59301
 156.39351
  10.00641
 112.81084
  29.96666
  22.28896
  71.11038
  23.03965
  19.83525
  10.83758
 124.77942
  16.44086
  26.85150
 113.90012
 470.76394
  50.80297
  15.67587
  47.57943
  36.11245
  22.07022
  57.03708
  16.73786
  13.49963
  10.52277
  49.58235
   5.13457
 307.58368
  12.78739
  14.42595
 117.28514
  31.56480
  12.11860
  13.20337
  31.44103
  41.58508
  93.50927
  62.07193
  95.88586
  22.71587
 369.10502
  19.29704
  25.96825
  39.75979
  31.86770
  70.28943
 134.76422
  82.65218
  10.95821
  66.60792
  11.33635
  61.94265
  39.41418
  21.23390
  68.67502
  53.11380
  70.26513
  24.53982
  21.91871
  71.24333
  14.19344
  47.84466
  33.79324
  14.74715
 147.98640
  17.25868
  82.64469
  25.20022
 129.04126
 106.85626
  49.55931
 120.67052
 191.45081
  27.75988
  14.07161
  32.62911
  16.01761
  81.52309
  23.55217
  42.80178
  10.56616
  35.43185
  17.86394
  12.40553
  62.08291
 117.57294
  30.16609
  85.03426
  21.83488
  39.36296
  17.83576
 110.82324
 248.44096
  78.94739
  20.07156
  45.96204
  94.50179
  54.77279
  13.17787
  25.23970
  18.25720
  13.28363
  50.07633
 264.27602
  30.71012
  72.21015
 297.95244
  15.69280
 222.22943
  39.13279
  10.82872
 104.50448
  12.48881
 500.26293
 170.40159
  66.02106
  15.79813
  45.98966
  19.00573
 112.84711
  57.84778
 157.45576
