  31.32983
  64.87139
  14.33847
  12.04324
 172.68598
  19.88327
 126.15362
  13.53201
 438.54356
 135.44491
 104.39266
 111.70923
  68.29600
 128.14769
  25.21093
 102.09530
  65.69133
  19.89892
  15.51682
  78.62873
 116.95028
   8.19079
  45.11960
  93.75043
  27.49198
  28.05629
 189.76027
  19.02162
  67.89787
  82.50348
  44.48339
  63.37310
  21.08300
  67.72981
  12.01874
 136.87469
  71.05828
  23.97790
  27.82008
  13.59841
  75.51972
  23.46467
  26.01812
  21.13909
  31.99412
  90.84298
  35.90424
  30.83601
  83.87583
  18.30730
  40.74198
  10.58109
   6.15410
  14.76781
 127.04551
 143.46194
  18.51298
  25.23174
  42.93234
  34.90693
  12.65570
  14.23841
  13.96435
  51.57394
 272.04206
  13.01050
 136.54168
  78.94087
 200.49343
 121.24779
  86.75726
  28.89799
  13.36569
  13.15812
  34.00085
  46.10261
  10.44124
  23.49611
  16.22794
  11.81677
  12.30199
  29.39204
 155.85062
  48.92152
  45.17057
  84.97573
  76.39404
  30.46270
  11.91405
  22.17244
 119.46007
  34.39398
  12.12061
  31.72073
 156.63181
 191.09996
 241.02730
  19.15935
 113.86935
  46.58458
  86.45898
 132.18964
  22.81236
 149.99725
  52.38762
  11.48355
  12.57348
  24.91471
  26.22584
 118.94792
  68.84225
 135.96652
  94.62488
  16.64694
 165.74960
  77.00709
  13.53211
 193.26906
  93.01912
  14.11556
  54.58204
  31.45968
 178.73612
  22.77927
  27.35177
 118.69606
 106.49976
  10.44582
  25.48166
  50.28519
  42.80542
 101.13877
 103.79233
  22.05107
  32.49471
  86.41979
 131.29695
  32.19449
 101.66653
 106.75450
 132.85523
  15.01679
  10.12063
  18.28827
 178.87915
  10.59839
  19.93927
  16.78354
  54.98767
  13.93177
  32.15764
  51.95551
  38.12891
 258.75708
  52.63161
  92.99086
 130.26401
 152.73987
  33.13662
  12.65038
  26.36753
  28.03562
 145.73213
 122.08372
 213.49045
  27.08981
  58.45789
  40.55057
  15.66707
  65.71411
   6.66551
  48.56695
 306.84979
  13.66402
 102.18120
  37.18495
  29.73494
  14.01697
 126.77208
  19.21507
  23.94458
  99.28807
 535.53399
 106.34261
  47.59988
  12.63769
  36.33403
  30.18797
  10.93230
  32.98247
 100.16690
  37.90282
  86.99724
  25.22805
  55.04958
  51.40507
  10.84000
  89.10413
  29.31760
  64.03147
 131.55929
  17.14363
 108.16321
  33.91436
  25.85354
  10.22324
  44.46843
 130.79262
 103.24473
 184.65632
  70.26138
 170.58056
  19.96665
 223.40853
 136.48676
  12.38772
 272.46059
 262.62131
  11.13114
  49.48313
  12.36808
  22.91876
  50.32548
  39.11947
  24.34801
  32.12321
   9.49614
 106.77702
  49.33652
  12.58016
  14.43305
  11.39063
  20.41768
  10.97846
  12.45039
  74.87967
  23.60500
  11.02012
  92.67610
  92.03680
 130.68067
  26.99212
 139.93768
  28.50721
  26.77245
  87.50865
  28.74679
  20.23105
  12.88560
  14.35315
  69.87824
 172.99537
  83.28505
  21.44858
  75.84594
  12.30015
  12.15998
  38.83769
  69.29332
  54.66217
  84.74616
  13.01814
  68.62579
  47.00964
  12.90792
  68.77193
  68.40429
  42.57533
  26.38052
 102.30706
  22.59055
  52.86258
  49.19121
  74.62534
 375.61414
  22.00496
  71.15160
  49.62229
  12.56023
 109.93590
  69.52417
  10.62894
  31.58595
 138.79679
  19.54362
  83.72452
 218.31064
  65.05047
  40.51809
  16.40100
  49.53921
  29.74846
 137.64742
  56.04407
  13.02711
  24.00803
  45.56983
  69.89413
  19.72132
  12.95792
  10.26900
  18.61159
 119.79222
 246.33178
  25.34698
  18.85055
 380.59711
 311.69388
  18.63529
  10.22829
  85.75323
 136.83296
  45.04985
   0.44361
  10.13513
  53.06615
  11.01625
  14.19580
 171.79060
  46.72427
 110.80592
  37.36474
 100.84153
 107.57611
  10.86420
  64.89929
  33.68235
  62.45683
  40.00819
  17.31963
 435.47104
  14.66761
 285.97815
  95.13700
  99.34271
 156.96684
  51.86577
  86.32381
  22.91573
 111.95773
  13.90265
  18.35380
  40.91669
  60.29943
 317.01564
  24.80557
  13.17501
 208.82258
