  78.04645
  61.69199
  31.19688
   6.53964
 124.61953
 430.06757
  76.80294
  54.50618
  20.42617
  74.33469
 243.25145
  42.09689
  91.68033
  82.41755
  73.80572
 360.76252
  58.14773
   6.91156
  28.07881
  68.43995
  37.77551
  33.22682
 205.83047
 174.28513
  22.21318
 105.19344
  67.50691
   5.75675
  32.74191
  56.01854
  62.77047
  30.12244
  32.25399
  28.00161
  21.09038
 197.30799
  93.46534
  15.53360
 220.39037
  23.62618
 114.58166
  81.53769
 486.62711
 282.58368
  13.09211
  25.46828
  76.65914
  29.00093
  57.43027
  73.45890
  63.38627
 122.70365
  45.04106
  13.46454
  43.91610
  49.51623
  63.11660
 247.65138
  98.41015
 130.92912
  86.13099
  33.77244
 143.00303
 143.45955
 191.78236
 100.48036
 201.65836
  37.24750
  28.29169
 166.89790
 153.38807
  37.53916
  28.78249
  83.76608
 442.59122
 110.53055
  36.52400
 252.28498
  86.35580
 198.37108
  99.37691
 151.44245
 228.35678
  67.67166
  79.50716
 300.55158
 166.16684
  70.45020
 211.09836
