 311.65086
 123.75332
  18.25193
 100.49543
  34.16477
 102.68224
  52.05373
  68.82789
 134.24721
  75.66563
  55.58857
  36.22678
  47.94139
  35.70627
 301.27539
  45.28356
  14.05919
  34.92743
  68.01731
  14.34846
  17.56924
  51.90905
 129.95948
 111.84436
  59.61847
  58.16844
  62.45157
  78.12318
  18.42587
  14.09515
  70.64766
   4.00186
  12.10975
  51.28437
 139.55566
  28.15411
 375.95605
  52.55767
  43.28075
 100.28998
  18.93253
  25.06791
  11.18330
  48.80925
  85.35777
 298.07350
  13.04289
  48.31661
  17.00808
  62.70475
 165.19665
 151.18477
  32.66933
  25.71777
  77.19620
  54.90310
  17.96565
 149.63470
  15.68456
  46.10485
  49.96459
  16.99640
  59.73815
 118.46476
  33.05086
  73.93115
  42.95911
 197.15468
 172.05675
 191.68160
  27.62144
  12.33452
  41.68969
  17.65114
  93.05405
  33.64708
 387.02141
  53.74097
 107.40309
 123.14809
  75.02496
 131.03623
  76.44613
 111.80312
  53.05840
  76.92671
  66.51027
  58.14219
  19.30406
 126.72854
 543.08251
  79.85989
  12.05865
 146.63238
  26.24209
  55.09624
  29.63340
  55.23711
  42.27221
 353.21360
  89.10113
 345.04418
  23.96504
  21.02604
  33.61219
  85.58304
 161.34517
  11.07378
  33.61163
 106.48985
  17.12704
  67.18316
 202.93042
  92.32764
  42.83417
 161.67683
  73.53365
  72.62435
  53.55201
  20.08658
  92.95293
  11.15710
  24.05721
  58.83743
  63.47234
  81.34846
  57.30816
 107.18960
 116.32999
  91.44647
  13.56831
 118.68769
  11.63933
  10.75878
  15.34541
 102.78439
  20.09366
  58.85261
  77.28210
  18.27509
  31.69407
  39.01267
  43.67681
  16.22378
  29.94152
  57.33421
  30.92693
  36.37545
 281.79184
  21.01029
  49.28271
   9.83678
  10.58454
 131.83303
 132.39244
  12.15132
  19.30112
  39.94831
  22.82923
 414.51416
 102.98042
  19.57495
  89.59733
  26.73747
  27.80885
  15.69695
  15.43505
  21.90572
  25.39411
  28.82438
  27.55478
 165.85412
  73.11947
 244.82803
  27.12950
 147.38487
 278.96481
 171.10368
  32.86941
 153.50219
  53.35615
 134.57155
  45.52801
  11.96689
  66.70911
  20.90501
  31.94713
  17.34368
  45.47466
  51.00729
  18.75294
 370.39811
 336.07825
  41.36168
  17.77126
  50.33718
  17.06889
  18.95521
  41.19041
  16.41046
  47.08495
 175.27068
 153.26666
 156.90697
  43.35203
 163.35996
  10.37997
  32.54117
  36.04139
  36.35687
 107.43458
  18.34105
  10.43604
  21.12118
  11.08261
  25.91198
  42.54275
  95.57146
  65.23466
  26.34672
  18.05421
  54.57156
  24.10329
  99.77640
  83.57539
 211.85928
 143.90398
  57.24298
  15.13091
 117.75625
 164.50481
  21.95675
  26.68061
  53.42257
  14.78260
  30.19139
  35.42285
  59.60575
  24.94096
  30.51813
  14.44144
  36.93594
  32.40737
  18.27689
  30.34061
 140.61088
 151.36973
  19.02944
  53.20240
  90.97656
 247.61100
 132.51955
  26.14099
  36.80808
 248.62954
  64.10299
  28.09330
  79.82333
  60.92264
  22.92794
  96.45032
  15.67094
  22.43614
  35.51758
  11.30936
  86.33458
  16.26826
  21.93304
  46.38844
 195.27016
 139.42146
  19.88065
  61.12751
  57.50090
  82.00588
  10.00883
 188.48778
  34.85366
 128.08693
  85.60693
  60.89357
  33.43124
  29.28178
  56.91685
  10.99556
  12.04577
  11.16560
  27.36310
  37.77307
  20.12215
  22.72950
  25.98916
  10.68856
  32.29914
  81.12697
 149.01155
  13.92997
  28.23036
  44.80932
  26.95744
  58.75166
 198.81444
  95.57460
   5.51048
  19.40436
  12.20326
 263.53436
  10.36993
  63.47947
  23.19272
  10.93259
   7.66898
  27.91507
 596.76656
  25.45033
  17.82906
  32.42144
  57.72900
  14.32006
 278.30150
  68.66081
  11.74615
 573.90627
  17.60940
  67.28438
  91.47853
  80.87801
  15.86580
 136.76019
  23.88530
  14.25514
  84.53552
 118.04731
  68.48295
  57.06430
  36.73236
 120.09947
  21.82280
  14.18740
 146.14438
  22.89484
  10.32199
  48.14108
 130.49020
  10.66437
  22.62874
  78.70669
  29.55709
  24.25071
  31.84261
  13.85036
  42.30346
  20.50918
 236.86789
  32.69492
  11.29208
  10.18013
 111.04422
  44.02726
 134.54746
  29.09035
  73.23403
  42.51172
  20.78846
  89.19672
  40.00991
  29.26019
  11.94819
 106.92496
   9.03639
 177.58648
 230.65689
  20.99055
  44.70625
  26.63413
  57.68174
  61.22419
 130.75727
  10.20720
  16.87310
 171.52393
  13.42776
  11.58817
  42.60748
  84.08243
  22.21513
  35.99874
  19.88051
  31.46202
  22.45236
 109.01932
  29.31737
  24.85620
  81.24423
  14.71539
  12.78470
