  81.11485
  30.09694
  30.62232
  23.70279
 155.85703
 404.58067
  24.43384
  24.91385
 110.08895
  68.13975
  98.56857
  10.64435
 191.15121
  64.13894
  49.99334
 543.67494
 124.43284
  63.40512
  54.16918
  30.11886
  70.18099
  92.70119
 352.27841
  43.52792
  84.86267
  40.10635
 252.68924
  12.16500
  42.52589
 221.86238
 141.68274
 164.15421
 100.59575
 173.31559
 126.19071
  84.26589
 131.25538
  26.25995
 329.51947
  24.76631
 179.05474
  39.91140
 101.84877
   9.31691
  33.54704
  79.21028
 121.01613
 239.35965
 292.34870
 115.79575
  84.07313
  98.61559
  45.08833
  68.05870
 121.99162
  29.77131
  63.76492
  36.19759
  41.30250
 240.31293
  24.47542
 154.23856
 197.05006
  70.00447
 134.70548
  77.02778
 137.90716
  19.64699
  59.88356
 201.15665
  51.61776
  63.84869
  76.10272
 101.13680
  54.16638
  30.08446
  65.63972
  38.06575
 206.40539
  45.20484
 127.38890
  54.22489
  42.65054
  44.04868
 240.76271
 172.43161
  45.07061
  68.91339
  35.39372
  27.46825
 112.04281
   5.52731
  89.88389
  87.79274
 255.06092
  56.26105
  10.43179
 146.18012
  71.35008
  39.22995
  26.82913
  55.33058
  20.38594
  35.85587
  59.81486
 135.23583
  19.53273
 155.09374
 222.12925
 173.10989
  36.57825
 506.64517
 170.67929
  87.19032
  77.69845
  26.04113
  98.76503
  30.68653
  82.34662
  83.30882
  39.20735
 339.12490
  22.57807
  23.87370
 225.32508
