  44.93174
  89.98993
  61.86720
  43.80106
  29.98362
  12.18416
  48.38103
  25.85194
   7.87874
   6.04011
  55.51754
   7.64704
  26.92096
   6.51519
  20.33448
   6.01025
   5.25926
  32.04199
 212.25591
   7.42241
  15.81655
  18.96630
   7.25246
  72.48365
 128.33332
  30.88958
  16.77706
 105.31365
  39.60304
  26.58213
  44.34483
  17.62870
  16.59576
  37.48837
   6.14715
  31.94331
  12.05381
  34.85652
  13.15484
  20.80295
 175.25640
  11.86538
   7.22563
  15.12711
  17.54617
  10.68123
  35.72046
   7.38294
  28.80311
   5.88434
  13.78174
  33.53565
  13.94282
   7.71054
  11.98885
  28.41598
 109.50953
   6.95128
  20.30655
  47.26238
 136.35104
  27.80679
  14.75222
  55.31846
  13.21394
  10.59623
  25.06187
 218.92401
   8.85890
  12.12146
  18.37481
  11.88154
   6.32351
  37.91232
  11.17971
  52.31766
  28.26694
  12.35279
   7.53691
 243.56586
   3.90286
  21.07346
  24.23208
   6.19228
 173.07106
  14.18226
   6.19793
  14.49701
   5.13977
   3.92708
   6.07927
  28.40074
   7.03228
   9.11730
  20.14751
   5.40649
  38.74522
  13.56811
  12.81362
   8.39976
  59.32938
  10.07951
  15.00371
 172.28904
   7.52778
  13.42806
  45.93386
  15.60429
   6.60278
  11.98979
  39.50593
   6.15543
  20.15281
   3.57113
  33.64162
   5.59701
  16.18059
   9.34352
  73.15902
  63.24518
   6.54693
   8.31293
   9.08873
   8.77828
  20.74668
  15.30682
 760.88495
  17.33004
   5.38641
 162.79391
  43.52552
  39.96917
   5.32247
  80.28471
 184.93441
  48.86716
  47.41223
   7.34907
   4.26056
  19.30318
  10.72744
 249.26863
  13.08253
  17.68479
  62.70577
   6.69751
   5.22101
   4.90002
  45.79876
 239.80025
  10.89882
  28.52040
   4.85352
  76.94604
   3.29436
  12.41656
   8.27949
 112.04299
 107.89915
 104.72529
  50.87906
  43.12945
  19.90882
  14.22249
 105.90438
  22.78557
  17.69235
   6.76695
  22.21466
  17.09341
   8.40509
  10.61073
  12.33709
 129.46695
  47.44481
  28.51414
  10.40188
  11.72096
   5.47994
  13.75642
 185.80588
 658.35096
  32.38187
 219.50581
  20.35625
  37.17301
   3.74369
 204.05006
  21.54740
  15.65893
  15.60557
  32.38778
   8.62632
  34.67505
   5.84799
 135.75120
   7.87999
   8.43778
   1.30092
  13.20864
   6.07315
   9.90449
  75.33020
   5.68768
  62.86827
  20.79435
  14.14516
 161.79167
  84.80409
   4.82353
  15.42112
  15.50433
   7.32562
  74.61832
   4.94061
  39.59910
  16.06275
   8.33084
  20.26585
  67.39774
 161.65683
  42.20456
  18.79451
   7.30061
  56.22801
 129.64193
 274.86204
 101.67112
  44.31522
  24.72986
 187.58780
  22.91201
 113.48365
  27.60041
  10.70519
   3.97671
  16.22419
  25.81616
  27.65941
  16.96983
   7.93686
  12.24768
  26.80428
  35.24534
  26.07628
   3.99415
  14.80123
   7.40149
  41.99614
  27.38428
  64.28908
  28.95116
   5.07886
  32.85967
  10.93949
   8.68230
 251.05661
  28.67698
  69.78161
   4.90415
  22.56277
   3.69204
   7.25882
   5.40608
  37.55038
  25.32032
 108.14892
  15.47964
   8.06921
  68.06435
  19.55992
  28.47673
  42.30980
  49.48779
 227.82777
  91.52087
   7.70610
   8.13594
  13.73948
  17.83929
  56.69820
  23.17267
   3.82935
  10.83479
   5.35996
  31.41447
   5.23002
   4.61685
  19.16011
 141.95434
  65.72233
  46.05304
  14.48430
  63.13976
  31.21918
   6.40787
 157.78605
   6.26669
 326.35095
  28.45055
  36.53780
  31.03920
  53.88650
  18.84820
   8.56758
  30.86873
   7.45177
  60.79724
   8.87747
  54.98339
   6.84106
  16.13436
  30.82630
  69.50457
   4.17878
 231.97227
 496.95804
  10.28189
  32.49018
  44.16163
   3.63671
  36.88081
  21.16983
   0.64118
   4.31491
  25.81410
  17.78617
  11.57018
  61.03037
  22.15663
  18.72202
  16.09835
  21.01623
   5.39411
  15.68260
  27.38648
  50.97977
  13.31266
   6.21553
  19.90084
  36.71856
  10.39127
  13.10665
  11.65736
  35.89526
  77.02140
   4.92189
   9.91362
  69.76924
  10.17148
  14.86991
   9.53511
   9.67233
  58.06479
  42.30212
  22.38255
  41.38848
  13.93416
   7.16903
 116.07572
  14.22273
  13.47900
  92.26489
  13.83819
   5.20895
   9.41638
  10.17974
  22.52525
   6.44648
  77.74475
  47.72956
  84.08008
  24.81119
   3.66883
   6.19841
   6.53395
  20.02245
  29.91793
 153.81734
  12.34134
   6.97015
  37.30800
  65.42766
  20.05912
  17.94134
  21.24050
  10.20458
  88.34609
  87.67815
  22.02025
   3.48671
  27.13117
  35.28649
  25.86755
  21.52120
  29.50189
  31.15680
  30.08261
   3.44324
  18.34592
 107.78192
  30.87633
  15.24315
  39.22591
  81.05906
   6.31653
  23.26926
  88.62965
   3.71270
  59.05634
   0.78149
 101.75277
  16.84381
  14.65383
  77.32013
  17.12473
  54.93830
  19.47710
 152.92794
  32.60471
  32.74994
  41.37741
   7.88587
  95.80350
  36.55966
  39.42738
   8.90584
  23.06935
  59.46142
  33.48176
  12.43092
  75.16030
  10.74037
  21.86797
   3.96832
  60.42527
   7.61237
   3.22026
  67.55054
   7.98810
  28.95732
  60.87201
   9.22847
   9.72556
  40.40835
  14.33529
   7.26554
  47.31021
   3.38697
  25.93910
 133.99994
  22.32035
 458.66663
  13.10880
  74.43633
 209.99669
  17.15505
  18.68521
  46.82713
   4.14269
  68.47744
  14.91068
  69.94378
  52.91158
  99.26638
  34.68990
  20.66392
  40.96140
   7.14343
  19.56308
  27.63683
 148.35975
 122.99905
  74.60088
   6.06181
  42.12548
  20.66753
  59.57519
  22.05026
  12.61967
  14.03927
  23.00691
   6.16900
  14.33022
   7.73424
  55.83268
  25.66696
   6.77944
  25.67429
 169.47058
  31.56596
   3.44681
  11.29423
  20.09821
   4.28889
   3.36091
  39.40584
  15.49436
  12.42036
  23.48928
 100.30551
   9.46087
  12.65801
   9.90027
  20.11841
   5.20387
 101.10486
 129.09856
  78.32944
  16.99499
  38.77195
   8.33474
 262.73791
  22.11501
  22.36864
  23.86441
   3.96038
  26.56739
 114.54710
  25.70820
  17.19800
  14.41377
  24.86323
  15.91339
  18.15618
  31.75308
   9.39515
 126.19258
   6.55883
  57.38551
  26.79682
  21.63470
  19.35214
   9.28115
  12.39243
   4.06408
   6.96670
  25.39861
  21.02241
  10.18568
   8.36345
  11.98302
  32.87726
  13.07162
  16.58878
   7.36049
 163.67495
   8.88220
  24.96770
  18.07698
   5.63763
   4.27947
   8.11700
   6.14192
   4.75739
  68.41158
  16.56638
  18.70449
   9.17792
   5.19075
   6.75153
  43.74916
 115.61779
  23.09673
  12.82609
  22.29044
  18.74991
   6.76937
  10.25577
  59.61074
 212.08148
  43.76372
  15.10391
  13.74812
  17.02166
   3.23050
   8.83596
  32.76715
 210.62288
  27.24915
   8.67745
  16.33175
  12.75269
  15.30022
 189.32422
  72.60989
   8.79997
   5.54427
  14.25302
  20.48941
 141.65411
   5.93704
  45.67557
  27.67667
  76.44869
 172.81306
  45.35483
 112.16681
   6.33238
   5.08416
  38.82400
  24.76811
   7.37409
   4.60214
   6.08823
  80.95500
  98.98226
 139.80509
   8.42953
  73.85589
   3.88787
  76.99539
   9.80021
  20.98878
   4.44147
  28.74078
   3.54737
  12.67181
   5.50080
  86.44312
   4.65266
  52.27491
  21.98667
  80.67724
  14.55656
  27.55131
  21.10565
  20.97021
  31.23049
  40.81389
 166.72583
 120.16652
  33.54942
  28.38033
  53.72335
  17.54935
  10.94234
  21.92151
  42.59013
  21.06324
  25.15840
   3.20543
  50.71162
  53.85225
  11.28723
   5.00726
  46.81222
   3.86361
  13.38551
 100.83706
  55.46688
 157.87645
   7.80486
  57.48548
  12.27448
  39.68807
  58.76276
 249.36919
  62.48504
  67.95358
   7.29926
   3.06319
  10.20205
  14.95077
  23.55591
  41.54595
  37.53867
   7.99865
  10.99117
  21.47040
  10.76408
  33.46363
 141.48606
   8.28179
  12.14374
  15.00971
  10.66242
   4.44520
 103.14142
   5.20843
  18.96277
  56.05649
  20.00236
  86.44374
  10.51526
  13.08024
 143.30395
   4.97594
  43.17799
 101.69586
   4.84297
 109.15779
   6.70173
  38.45688
  68.11880
  37.15357
  10.00591
  35.55922
  10.71316
  13.25393
  42.70345
  32.51519
   6.11927
  14.35563
   5.01358
  18.17137
  25.83112
  95.31002
 123.63426
 179.61946
   5.28238
  35.79365
   4.07503
   4.63654
   5.09094
   4.14425
  12.12597
  24.79134
  19.79293
  32.01596
   6.50712
  48.51246
   7.83899
  31.39890
   7.62679
  30.98216
  12.66751
 151.61881
   3.25218
  10.14277
   7.94194
  28.04201
  23.78356
 130.62268
  27.89091
  85.58627
  58.81573
  83.33035
   5.34059
   9.51236
  96.69641
   6.06446
   7.39990
   3.72846
  14.62187
  73.79007
 208.30692
  53.07954
 115.28622
   6.55544
  34.59032
   3.74936
   5.67900
  58.42123
  31.56261
 507.28760
  42.99010
   2.23454
  43.74465
  62.05618
  13.51149
  14.72258
   4.42616
  19.57107
   9.35718
   8.15927
  44.83647
  13.82902
  17.09310
  13.00636
  28.38574
  67.61154
  14.01946
  98.07052
  13.03036
   4.58338
   6.30891
 140.58992
  16.23564
  23.04468
  25.93469
   5.65748
  12.69624
   4.32818
  71.90770
   1.10781
   4.68318
  20.52270
  22.45312
  28.41984
   8.32795
  15.53152
  10.11759
   4.70905
 163.24687
 128.96014
   5.93176
  15.62442
   4.35413
  13.61165
   9.02947
  10.44392
  22.98928
  22.83356
   3.60202
   5.76918
  33.11743
 146.29385
   3.16395
  35.40923
  13.05240
  45.16973
 106.41401
  39.91085
   4.57895
   8.63546
  13.41807
   7.82385
  97.30928
   8.86002
  28.83274
  57.64588
  63.98851
  28.60038
  37.27562
  18.02276
   3.95337
  15.31137
   9.26841
  12.94771
  28.42964
   9.85874
  14.09042
  25.42599
  27.91845
  10.96101
  15.04273
   5.37810
  62.38893
  14.01555
  17.63966
   6.72039
  21.80778
  79.19170
  40.16073
   4.92879
 170.66934
   7.87211
  45.20399
  55.18952
  17.88187
   8.09147
  21.89143
  51.48132
  85.34897
   6.69192
   3.92404
  56.09490
  16.66699
 135.82834
  11.36747
  39.51627
 130.11664
  45.56864
  11.78278
  10.36144
  24.77794
  10.73943
  12.52835
 100.46543
  67.14224
  10.27677
  13.17477
   3.23353
  14.65839
   7.15107
   4.63404
  32.39023
  61.37841
  69.64806
  35.13327
  59.26871
  31.00283
  15.96285
  65.93217
   6.74066
  47.02909
  16.45526
  23.80476
  48.51608
  10.07704
  55.61892
  31.14691
  11.75845
  98.15910
  38.76193
   6.87760
  98.30512
   7.20235
  20.18016
   3.38792
  22.43123
   9.49091
  21.73872
   2.82410
 173.50737
  25.67501
  21.54240
  80.54996
 103.80755
   7.12736
  18.77504
   6.33695
 119.57481
  68.39711
   8.84786
  14.68829
  18.96402
  64.92973
  22.85988
  19.56988
  19.89608
  50.70604
  15.06902
  43.03488
  29.82778
  19.30716
  25.63862
   7.07031
  16.10826
  10.01730
  11.88350
 248.13755
   6.23413
  16.25049
  12.56929
  32.36499
 228.45994
  48.52401
  10.88732
  62.08850
  32.64130
  12.29374
   4.65889
   5.53720
  70.10171
  13.23631
  10.18906
  22.94412
  17.47244
   5.76283
  38.35616
   9.00833
  98.55599
   6.17990
  20.34605
  71.87567
   4.84467
   6.52416
  37.08495
  66.66142
   5.64008
   6.53440
  29.38099
  50.47319
 168.41221
  42.45647
  10.84347
  31.00483
   5.48075
   3.75692
   8.20785
   5.81884
  11.26611
   0.19104
  32.27026
  14.29450
  83.26608
 137.83829
 104.11816
  17.66513
   3.83764
  18.76304
  63.44764
 102.99728
 241.37422
  10.32653
  74.91789
  25.00272
  25.93204
  13.42183
  58.43849
  10.43563
   4.41488
  57.10110
  37.14393
  81.70515
 131.88779
  14.87535
  25.40684
   3.76570
  18.55849
  11.56307
   6.42473
  25.14194
  56.27463
  16.06252
   4.65818
   3.93206
  15.33701
 120.79324
   6.97723
 106.47102
  31.55720
   4.57081
  23.21652
  76.39776
  17.55192
  27.20810
  16.24660
   6.15546
   6.29362
  38.55448
 110.53408
  83.57237
  10.48808
   5.95619
  34.70835
   3.43695
  23.27928
 239.59771
  13.84863
   5.05991
  10.64578
   5.75563
  14.90200
   8.79319
   5.67386
   3.80954
   4.13517
   8.47038
   9.46166
   4.67542
  31.72704
  10.33491
   5.82531
   5.46281
  11.20632
  65.02335
  40.91443
  13.12425
  31.15973
  11.28754
  38.96351
   4.81528
  79.79212
 262.09967
  67.91549
 146.58943
  52.51008
  23.87530
  15.85342
  18.54316
 102.41359
  91.62185
 184.36788
  34.32671
  12.73483
 175.27849
   3.09287
   4.90636
   5.37891
  26.02230
  17.53662
  17.22636
  35.25445
  74.73490
 278.72392
  39.67935
  13.96782
   7.85105
  44.89604
  75.43844
  66.20963
  35.79323
  30.51227
  12.25181
  12.73943
 121.46609
  14.53630
   6.54983
  23.97428
   7.71194
   7.38191
  18.92095
  22.64768
   4.25083
  17.04811
  20.15300
  14.09787
  24.71581
   8.86147
 211.60835
  22.23013
  29.71271
  17.33526
   4.78347
  15.77297
  17.24060
  63.69289
  22.66190
  21.08697
   4.87295
   4.42899
   4.19709
 114.76495
  60.13930
   8.82736
   9.89154
  37.98585
  10.46844
   3.11330
  28.36297
  50.63869
   8.41383
  34.06588
   7.53108
  20.77165
   3.37225
 695.27364
  24.74650
  49.65028
 165.91666
 152.42570
   9.01183
  18.26955
  30.44541
  22.96883
  25.45448
 119.37393
  14.77068
  13.59606
 137.14696
  10.88703
   3.81604
  77.13933
   7.39643
  13.66707
  12.29678
 112.50831
  16.44190
   7.59998
  16.21365
  44.54649
  11.44492
  65.26043
  21.96063
  44.18766
   9.66491
  11.34070
 105.48295
  40.05643
  82.18603
  17.42834
  51.76968
  25.75467
  12.17729
  60.59889
   6.73462
  16.92119
  14.20242
 114.13079
  15.91620
  15.31535
  20.87733
  88.30027
  17.65673
  10.62356
  44.04048
  11.04022
  32.68086
  14.55199
  24.13240
   8.51129
  71.55145
  10.93471
 260.08016
  23.89100
  13.49459
  15.02389
  21.93480
  11.39457
   5.95873
  48.82773
 182.04589
  60.32742
  17.98923
  60.62717
  29.33153
  22.22297
   6.54363
   5.90213
   7.99459
  27.50665
  65.43069
  13.16464
   9.57215
   6.47347
  11.33256
  88.07522
  13.28724
   4.45610
  13.55324
   1.09445
  84.90121
 286.31977
 110.40683
  44.16971
  25.95822
  27.04302
   7.29174
  62.35921
  11.42750
  13.86323
  78.99555
   3.79862
  80.42821
  61.21300
   6.20327
  14.40376
  17.15801
  23.34139
 926.44996
  28.48203
  51.55867
  53.63639
  66.06158
  22.67312
  35.25286
   3.89434
  25.57699
  67.53923
  14.64070
  35.01519
  44.32619
   4.12765
 112.94460
  17.35177
  31.59967
 201.01409
  19.86084
  22.35909
  85.18355
  58.04784
 216.65353
 135.84515
   5.59167
  49.40653
  27.53504
  26.85534
 353.98671
  12.63301
  11.94306
   7.45585
   4.91970
   4.28732
   6.46456
   6.72273
  30.16489
  10.46090
  15.44749
  30.33136
   6.81556
  16.13816
  19.15026
  11.56485
  32.13616
  28.48556
  32.61544
   7.66524
  42.69327
   8.22797
   6.13655
  50.47056
  13.10253
  34.61377
   5.89022
  27.17585
   9.21023
   9.70899
  20.93810
  42.88518
  11.27204
  33.17238
  31.70341
  59.20428
   7.36141
  20.27676
  88.83279
   9.43612
   7.16240
  43.16544
   6.91958
  28.00297
   3.46730
  22.80791
  65.56355
  30.83645
  35.61292
  55.11795
  25.39891
  48.91183
   5.95710
  10.65684
  22.67904
 189.85571
  34.50390
   8.10963
  14.99165
  30.48012
  31.17525
   3.42995
   4.49685
  14.83617
  20.75011
  16.27871
 189.56172
  25.20195
  25.91378
  15.41750
  20.72885
  15.86505
  16.66995
  30.89052
  41.52094
 166.60461
  32.90064
  40.09925
   7.67295
   6.22002
  37.35459
   7.62737
  42.19477
  57.82068
  12.51174
  85.91035
   9.96945
  18.13988
  35.64199
   5.42193
 181.87981
 227.46529
  80.12605
   6.48551
   7.54602
   6.38797
  15.09089
 103.65594
  29.53691
  11.86735
  79.12684
  42.15812
  20.63593
   8.30376
   7.60992
 114.02972
  13.09864
  13.57322
  33.09148
   8.66282
 115.24929
  57.22692
  11.48812
  70.02308
  11.18289
  11.27783
   7.06439
  14.74648
   6.37702
   7.56111
  36.49275
  58.76078
  44.07996
   9.06481
 240.88521
  10.39979
  82.46101
  40.50041
   4.48753
  25.20004
  12.65938
  13.48006
  28.06530
  11.68151
  17.41152
  76.74254
  25.84703
  41.52505
 168.63122
 194.05267
   6.61993
 116.04832
  75.66932
   3.89875
   8.56150
  53.53820
 117.13864
  64.49298
   4.32597
  18.88279
  13.58091
  10.56484
  15.96477
  33.78735
   4.99415
   8.33572
  14.63077
  77.07898
   9.03804
   5.37615
  28.98622
   3.72781
   5.11780
   3.70257
  16.37418
  36.97458
   7.89207
 128.41272
   4.47241
   9.76917
  59.67680
  50.12086
  55.90970
  15.51201
  16.50673
  12.36087
  27.37374
  68.15290
  99.17461
 132.04225
  72.58299
  54.90586
   5.42864
  33.81006
  65.78409
  43.29629
   3.56450
  70.70163
  10.82305
   3.95202
  18.99304
   1.90266
   7.85031
  31.99423
  87.81158
  28.69361
  50.40215
  20.91933
  27.46200
  27.03421
  59.67537
   9.26123
   6.85753
  14.98370
   4.87623
   9.20882
  32.47974
  36.98336
  25.29097
   4.23271
  17.73030
  16.96921
   5.71381
  16.62136
  41.36698
   8.80562
   9.21422
  39.36138
  33.67319
   7.22705
   5.53681
   3.99657
   7.98042
   4.88450
  31.79293
  42.43506
  21.09901
   7.39237
  30.29752
  23.39305
  20.07399
  32.82341
  81.13392
  19.45235
   4.40944
  16.78909
  31.65095
 267.49316
  18.46079
  47.47538
   8.09351
  44.21797
  22.44824
  72.53862
  34.10213
   4.50861
  52.78758
  11.92919
  21.63542
  26.45438
  45.26223
  63.67411
  15.25338
  27.57736
  98.10865
   8.76035
  10.69231
  50.28679
  61.79632
  48.06829
   8.87734
  47.61206
  18.14251
  56.49146
  39.45206
   9.12266
   8.50993
   9.67257
  25.15427
   5.17046
  14.87639
   7.14462
   9.17455
  11.25013
