   4.49206
  28.58095
  13.78264
  12.99777
  77.64928
  39.63354
  80.60444
  11.95339
  42.24872
  24.85939
  68.95664
   5.01093
  16.01859
  48.38258
  67.50779
  64.77267
  49.98273
   5.42914
  22.84905
  50.70184
  13.27033
  77.28027
  55.72322
  14.61036
   3.70738
  21.11172
  11.34483
  21.34656
  43.35996
  38.81484
   8.88202
  38.20564
 101.36953
 100.84356
  15.01151
  85.08404
  27.07109
   8.20808
 112.93598
 138.02354
  53.34763
   5.35564
   4.60015
  48.93585
  78.62575
   6.32611
 145.08135
   9.80448
  27.26375
  14.66493
  53.97223
  17.92234
  16.64006
   6.12733
  39.27571
  18.04672
  60.03207
  26.52126
  43.02089
  32.28106
  69.75063
  81.02359
  45.81779
  24.27494
  12.80798
  68.23687
   9.25927
  30.66499
  23.72669
  11.12157
  10.40794
 120.41033
  37.82711
  59.33355
   4.55066
  11.15673
  27.55287
  66.50912
   8.45567
  12.07199
  36.46987
  19.97147
  10.34173
  32.16973
  46.60164
 171.16949
  27.73325
 175.42467
   5.68375
  20.30364
   6.64113
   3.41476
 301.49799
 154.84858
  43.52615
  11.27222
   9.15308
  43.36060
   4.45455
  19.47322
  12.69991
   9.67157
   4.18636
  93.41103
 124.78067
 147.45106
  14.72547
   9.76330
  21.53732
  16.67619
  41.83603
  10.02542
  12.15369
  12.18640
  22.80062
   4.92571
  36.84623
   5.58203
  18.54140
  17.32503
  69.87665
   9.55489
  13.51881
  17.91646
  15.47873
   9.09683
  16.99012
  29.46394
   2.35682
   8.42062
  41.00682
  19.82972
  14.19613
   5.85435
   8.42351
 108.77342
  40.04600
   7.71497
   3.65445
  17.89674
  18.61451
  20.76357
  29.14461
  22.51301
  77.84582
  11.78538
  14.03098
  24.68483
   6.97989
  53.10197
  28.73757
   6.61226
   8.63913
  48.00892
  32.82333
   5.51313
  19.81714
 189.86604
  42.96997
   4.88977
  11.50453
  23.51397
  39.22302
  70.73431
   9.92390
  51.35398
   6.61039
   5.24276
  13.85021
   9.20897
   3.84364
  11.72398
  84.91938
  46.56357
  26.90758
   4.69184
  52.37631
  23.12492
 157.92624
  26.88783
 249.44084
  96.13879
   3.63886
  37.36684
  27.60698
   8.75470
 126.85098
   0.95715
  74.15893
   5.95755
  18.60917
  81.80115
   9.47469
   7.37616
  32.55719
  23.47384
  21.78076
  54.13143
  11.22743
   9.65432
   4.31221
  68.74169
  21.18404
  23.13891
   5.76720
  10.90699
   7.42972
   7.56586
  25.61590
   6.53665
  65.71499
  15.29373
 117.36635
   8.02784
  74.98944
  43.51267
 103.12691
  31.24944
  19.01309
 258.85523
  31.97278
  75.16364
  17.89614
  28.80106
   3.25850
  67.08067
  17.78526
  54.19709
  32.36663
   7.82926
  36.89640
  41.55522
 146.92121
  14.17798
  18.67663
  42.20773
   7.59110
   3.46540
  16.87893
  39.29951
 142.95749
  17.28497
  25.90656
  23.98330
  10.39760
  14.07823
  16.03210
  30.48695
  29.79580
  27.67236
  12.41130
  88.30887
  20.34447
  22.29728
  17.18474
   4.70772
  35.75425
  67.87443
  82.51980
  13.39924
   5.41822
  72.39729
   9.07353
 171.38875
  13.05471
 109.99219
   7.88086
  48.83427
   6.77469
   6.47579
  51.91688
  13.21171
  84.82886
  12.84311
  10.92642
  87.37579
  28.16284
  34.81234
   8.46829
  32.61281
 138.25113
   5.16401
   7.45867
 172.21292
 113.61297
  24.70825
  32.28601
  32.28303
 129.97862
   2.18129
  13.64005
 414.93903
  10.34295
   6.68074
  34.86209
   3.03144
 199.74907
  58.35774
   9.46703
   6.17341
  19.22151
  13.70286
  63.82812
 137.84403
  11.78719
   5.64512
   8.38839
 119.88210
 156.02149
  27.99466
   8.21338
   5.90692
  46.44689
  19.17121
   7.70966
   9.47214
  28.40587
  11.81160
  20.24049
  16.66094
   5.10187
  34.36191
  10.22917
   4.94905
 168.29740
   4.54464
 112.50279
  29.14689
  11.91038
  17.91315
  92.92442
  74.41674
  32.44999
  11.64442
  28.16555
   5.07726
  11.18275
   6.99734
   7.66520
  34.02029
   8.25614
   9.10569
  32.97199
  21.43120
  45.51823
  19.94912
  12.83971
  37.08445
  33.47460
  15.89454
  73.76387
   6.00734
  24.86371
  14.85660
  33.63077
 111.67290
  10.77500
  24.09827
   8.08893
  37.13887
  26.49651
  12.34919
  65.10851
  27.15539
  17.14431
   5.54731
   7.60478
   8.54759
  31.03761
   5.38030
  58.54061
  11.55506
   5.54793
  74.41907
  21.61852
   4.41919
  50.44721
   6.79134
   9.67676
   9.34978
  20.23799
   5.20592
 142.95969
  15.11623
   4.25847
  48.91369
   4.98201
  28.06692
  10.85746
  11.44993
  59.01008
   3.83608
 778.02159
  48.00837
  84.59493
   3.85798
  14.67054
   6.70731
  14.70380
  12.63358
  49.99632
 163.70755
  76.26889
  14.73205
  26.63967
  14.69980
  71.39332
  12.98808
  11.82208
 218.44603
   7.44344
  41.16177
   3.14386
  11.51663
  67.69669
 175.05211
   5.52154
  19.22276
  39.90265
  12.36434
  29.59481
  15.80304
 172.40867
 103.59484
  44.52552
  17.88793
  24.82329
  18.35441
  94.22060
   5.93633
  28.28460
   5.97967
   3.19530
   7.05161
  36.25821
  30.81574
  14.03330
  40.04038
   7.91962
  22.67009
  48.92960
  17.29741
  20.54978
  15.36572
 128.57361
   8.52757
   4.12731
   6.51822
  16.11157
 222.94760
  18.44713
   4.60821
  89.38256
  17.46951
  98.42466
  31.90059
  96.09612
  29.62306
  25.52507
  13.74369
  17.38030
  31.17496
  34.55886
  45.46996
   9.75936
  15.11412
   7.79064
  23.46587
  21.10819
   4.67466
  16.56341
  19.45953
   3.01117
   4.47224
   9.95318
  40.91414
   3.91239
  73.33464
  39.87899
  40.06222
  24.06900
   9.41758
  55.94982
   5.75315
   9.18446
  14.14547
   5.91337
  47.41803
  27.20919
  27.51402
   8.96744
   6.64646
 122.26576
   8.21011
  28.49474
   5.63801
  16.38262
 130.55201
  87.51650
   4.23255
  13.64586
   4.48394
  22.19340
   5.57555
   7.65994
   3.43030
  18.59243
  87.07671
  19.31274
 249.32421
  87.08853
  27.87482
   4.51316
   4.21478
  56.95517
  41.27736
   9.27776
   9.23546
  26.74368
  24.58287
 142.66608
  83.90277
  69.62105
  16.28273
  18.61891
   6.75531
  58.47938
  53.52973
  42.85946
  11.12027
 117.62512
  50.20834
  78.33385
   2.67712
  17.36366
 200.20368
  25.59004
   8.70437
   5.21988
   8.81624
  11.37454
   6.02310
  30.99588
   4.91840
 184.76084
  15.55946
  47.01315
   5.94553
  40.44317
  58.31891
   8.17754
   3.87419
  29.07878
  75.40104
  15.19853
  24.65772
  27.79259
   9.28801
   4.46068
  14.76097
  14.39238
  28.23693
 138.82925
  16.22603
 134.08035
  45.34270
  36.37731
   7.90563
  58.86584
  46.46321
   7.43497
  31.47775
  49.62080
  87.80037
  62.79728
  12.85323
   9.63452
  13.82681
   3.92966
   5.27322
   3.84781
  41.37387
  24.09293
 376.78721
  28.44810
  52.28978
   6.24818
  21.68879
  39.98730
  48.87784
  38.54328
  28.66264
  70.52334
  37.58330
   5.99896
  35.92346
 205.54423
  11.43750
  23.03665
   4.33547
  25.67890
  22.39409
 232.82022
 111.66961
  17.66719
   9.43002
   7.38799
  15.36141
  16.02736
  22.66370
  84.37473
 257.42776
  77.25346
 117.11217
   3.56256
   6.10884
  27.73264
  10.20181
  19.16377
  77.38410
  13.48887
  14.99014
   9.38349
   8.65863
 162.68100
   5.11756
  43.98156
  41.21773
  30.80496
  77.39116
   7.02381
  20.94286
  35.36843
  19.80471
  11.47722
  13.08551
  17.69887
  14.86447
  17.07080
  87.64791
   3.47300
  26.67806
   6.69039
  16.49458
   4.32041
   4.58984
   6.72590
 139.66911
   8.20942
  22.52947
  58.21246
  43.05449
  10.50250
   6.00948
  15.72291
   7.42358
 192.11678
  10.12113
  14.37242
   7.99068
  11.95925
   5.40193
  10.60258
  65.24636
   3.60905
  44.97962
  21.14083
   6.07766
  36.89146
  20.02882
   8.49017
  10.56850
  17.41321
   6.51309
  15.71043
  10.08990
  25.99244
  21.73904
  26.25339
  17.71645
  10.46237
  51.48436
   7.28760
  85.55450
 106.16254
  96.48720
  22.96841
  52.23971
  11.32944
  19.79725
   4.81442
  12.33380
  16.53345
   9.82802
  71.44052
 171.07956
  44.96615
  12.40683
  60.94241
   9.76336
  56.56152
  67.12973
   6.02923
  20.11235
  94.79545
  21.03495
   7.81849
   6.25614
   8.89996
   7.12140
 112.60883
  40.97697
   4.50540
  25.82177
  27.71405
  15.70749
   5.33909
  16.36691
  18.49289
 141.52712
  10.82538
  65.12686
   8.77978
  37.18856
  62.92098
   7.95597
  43.56142
  48.16746
  28.70035
  49.58708
 175.16678
   5.70758
  20.02053
  44.47185
  10.71517
  11.41847
  15.29960
  59.31201
 111.06148
  10.05888
  23.77249
  12.17364
  11.74575
   5.19558
  39.79795
   6.01857
   5.79717
   7.73976
   4.03287
  65.51724
  61.18858
 104.93807
  10.10043
  64.76665
   1.72791
  16.91179
  16.16746
  11.13935
   8.47135
  47.90042
  26.80605
  18.19450
  29.69134
   9.45563
  12.99434
  81.61924
  11.00277
  30.35617
   5.67623
  11.66993
  34.01635
  20.11382
 119.26022
  27.83245
 153.56811
   2.64608
  45.78704
 238.65758
 114.07267
   4.85280
  10.21520
   9.94072
  47.76714
  31.73492
  75.79454
  23.23217
  48.96909
 223.91381
   9.55002
 285.00166
  11.89801
   5.28987
   7.61801
 103.88204
   6.33045
  20.23213
  21.98050
  12.70655
  24.46615
   8.29411
  25.71250
   4.97911
   3.75200
 188.25126
  12.58733
  12.98346
  10.04199
  13.90625
  47.20131
  29.41364
   6.45953
   5.07547
   4.91734
   6.95049
  10.65110
  21.32097
   9.77943
   5.51508
   6.25812
  14.50632
  80.78685
  29.39633
   5.62780
  23.62163
  79.64982
  48.12263
  34.39527
  14.11462
  12.26221
  28.65348
  21.13045
  46.54319
  27.07676
  16.75307
  14.21178
  12.87147
  32.95929
  82.71019
  26.08957
   5.33788
   7.63808
  25.72793
  36.68089
   6.85443
 152.00236
 102.64877
  86.76870
   6.15706
  24.35781
  12.52249
  41.55997
  64.07457
  79.06642
  12.00307
  14.40902
  47.39496
  90.24570
  26.74440
  12.25289
  88.64251
   7.99770
  14.15659
  59.61402
  10.11166
  19.41767
  42.04758
   8.96308
  49.27980
  12.09018
  94.07786
  11.88159
  28.16449
  28.05680
  18.00887
 140.47763
  11.83016
  50.64617
  52.28026
  80.46969
   2.68619
   9.03446
   9.81041
  33.18630
  17.90712
  38.47172
  79.04229
 121.16747
  51.25138
  30.18742
  30.74888
 180.40711
  23.28002
  48.44416
   6.00842
   5.12356
  30.04023
  71.78120
  61.75160
   4.97833
  31.49884
  24.47661
  88.12723
 112.65870
  36.38217
  12.60038
  52.72029
 114.77032
   7.90495
  17.74010
  21.50625
  47.05231
 139.05532
  12.24967
  72.71185
  28.50328
   6.08178
   7.69113
  14.82985
  25.64885
  34.16889
   6.33550
  22.55284
  29.55280
   6.77763
  12.95802
  72.49093
  39.16348
  32.72500
  47.90874
 121.30310
 190.91970
 133.45157
   6.45344
  11.12100
  37.79257
 139.89491
 310.92859
  11.60431
  14.62983
 139.05001
  12.23667
 135.71317
  38.57496
  36.64343
  59.74205
  21.73519
  13.94206
  13.89176
  18.32024
   4.41765
  21.93754
  58.42479
   5.64988
   8.01149
  11.24483
  86.57084
  18.71578
  18.43650
  27.90182
 160.26376
   8.73787
  44.14290
  13.50267
   3.71728
   5.54091
  79.94087
  47.14195
  43.98335
  28.06558
  86.63656
   4.13680
  15.76037
 264.53852
  32.00023
  41.67530
  61.09348
  21.46796
   7.35974
  98.53579
  12.88229
  22.20526
  38.88638
  38.93894
   4.34114
  14.14478
   6.75621
   3.49671
   3.72796
   7.94263
  12.23558
  16.95498
   3.76148
  32.45301
  17.93812
 120.73544
   5.47092
   4.03623
   8.00546
  32.33961
  85.06763
 113.60664
   5.20697
  12.31378
   9.87733
   8.00539
  41.64091
  23.16568
  49.89278
  14.67289
  19.32079
  21.85132
  10.82823
   9.14492
  44.75586
  15.88282
  34.71995
   9.96067
   6.53469
 233.31699
  11.94729
   4.10719
  57.62505
  22.97638
  10.87360
  27.51491
   6.39187
  26.09935
   4.64340
  22.13391
  22.63878
   4.94078
   6.42675
   5.29894
  24.07072
  17.02757
  19.38425
  73.85924
  26.97218
  34.46288
  14.22068
  12.63395
 154.90233
  31.16880
  13.70070
  44.17234
   5.86729
  10.17950
  10.02793
  44.03087
  21.29711
  10.54224
   6.28701
   6.37339
   5.84109
   5.82822
   7.42342
   4.54676
   5.19124
  20.24624
  29.36299
 100.70902
  32.63861
   7.24464
  25.19257
  12.81089
  25.84202
  44.06493
  25.65008
  98.82526
  36.27679
  10.31423
  54.70571
  10.41256
  28.69866
   5.46405
 149.59146
  24.00730
  26.95694
  85.77333
  10.55700
   5.74051
  12.46786
  25.32370
   4.33870
  21.67922
  10.54061
   6.14446
   7.72991
  42.17955
 158.71333
  29.76345
  54.85450
   5.05337
  11.88288
  48.01005
  12.87082
  13.24188
  37.70165
 150.39263
  27.71893
  31.26952
  19.04459
   9.75349
   8.80923
   9.19380
   4.84028
  26.36493
   5.57739
  55.75401
  85.95656
  68.84209
  17.37025
  62.02697
  12.50522
  20.50199
  31.10407
   5.03501
  13.51762
  63.11170
  29.94018
  12.66237
   5.67919
  92.40427
  39.49234
  15.20838
   7.60339
  36.09368
 108.13397
   5.47225
   6.46849
 184.29935
  17.81610
  38.22245
  27.85772
   3.25469
   7.97397
  16.34637
 155.71164
  23.26081
   9.89498
  27.11885
  12.60493
   3.40698
  27.62381
 207.53966
  21.00244
  71.15859
  36.16593
  32.97217
  74.06258
  27.36437
  21.02042
  94.63523
  12.63604
  27.59066
  19.01863
  20.38426
  30.14214
  43.51352
  15.41286
   5.98561
  18.79520
 323.08296
  22.68688
  12.83985
  12.02420
   3.88434
   3.39749
  26.44835
  93.95865
  14.12460
  12.61047
   3.92925
  17.14543
   8.43028
   4.09236
 117.02322
  36.26377
  21.23564
  13.41585
  21.01531
   6.42507
  51.23336
 267.76413
   5.22295
  54.94708
   6.10524
   7.35429
 212.58448
  46.50069
 172.31800
   9.16554
  35.99536
  24.51639
  11.40080
   5.36112
  45.34652
  20.64666
   4.93213
   5.53402
  18.73235
  12.82654
  45.37321
   4.53240
  58.39080
  50.64103
   5.06930
  12.76748
   7.07950
   8.27720
  18.43493
  16.88167
   5.57496
  12.81699
 144.36730
  23.17486
   5.26849
  13.61840
  22.16063
  20.80766
  33.12307
   7.30974
  98.43302
  71.06136
   2.02084
  21.00004
 290.42550
   8.33744
  40.82662
  17.44891
 214.72121
  32.20991
  26.33429
  18.34085
   7.16129
  25.92671
  95.26700
   8.66418
  16.26033
  14.73686
 155.32614
  16.85145
  42.59251
  65.18320
  26.84308
  12.91674
  38.12063
   4.65096
 199.49721
   9.61647
   6.86015
  40.06082
  29.37247
  53.09315
  14.94630
  68.42803
  69.42535
   5.78982
   4.86660
 210.24496
  24.62529
  32.89546
  27.55114
   8.61780
  14.00979
   6.64530
  41.87831
  16.77607
  18.49190
   5.53361
  55.25153
   5.52278
  20.38107
  85.59050
  89.93792
   5.76605
   8.34725
   9.66363
  33.41113
  46.77899
  22.09811
  30.46027
  11.47461
   4.05279
 224.77857
  26.38898
  12.79625
  59.97744
   9.08316
  47.27453
   5.00416
  23.44413
 135.90721
  31.24359
   8.57797
  38.15318
 100.73034
  98.71573
   6.32072
  12.87922
   7.64120
  16.36330
  48.04822
   8.74325
  13.82524
 143.09798
  10.70830
  16.30532
   7.79033
   6.07057
  34.68073
  39.01750
  11.60775
 125.37929
  56.93263
   6.65349
 143.82941
   8.95496
  45.10841
  97.81225
  43.49162
   4.52082
  46.26871
 119.06689
  15.19643
   5.78044
  10.09746
   7.38148
  13.35622
  26.75837
  33.26321
   3.72134
  38.76183
 107.63170
   9.26617
   7.10899
  48.64039
  17.88380
  12.46597
  31.34452
   7.58857
  52.77130
   8.68719
   5.52944
 115.44382
  28.37037
   7.07142
  28.50371
  17.32607
   7.89159
  26.28515
 106.92657
 144.49404
  24.03608
  10.41436
  16.61499
  12.66401
  21.69429
  38.77731
 100.81281
 268.66341
   9.26521
  50.77967
  57.38098
  19.57189
   5.32360
  21.51172
  70.13273
  48.65286
  25.84135
  24.33415
  12.13622
  13.37052
   6.19652
  16.31247
   8.45170
 428.66093
  18.69832
  12.84046
 166.65044
   7.87509
 100.32302
  42.78247
   5.37117
   6.35223
  86.08231
  15.77585
  12.84536
  25.36568
   4.61799
  57.38934
  27.67883
  16.86078
   3.61264
  39.12479
  30.58357
  15.15427
   4.18771
  11.95358
 235.20899
  35.85716
  37.44088
   8.89387
  25.13287
  25.83836
  16.61024
  90.87312
  31.02790
   9.87983
  15.29059
   6.41221
   4.50288
   8.25248
  30.19541
   4.51871
   6.80836
   8.47185
   9.16187
  11.12421
  11.72615
  26.84200
  15.32081
  23.70070
  29.49269
  96.61445
 182.54443
 135.48354
  44.07769
  15.15602
   4.14000
  48.15016
  27.11517
   4.78336
  35.67996
  13.89561
  79.08382
   5.15330
  20.03516
  17.69237
  38.84078
   8.15668
  20.86064
   4.25523
 269.76730
 478.50465
  24.21283
   4.36552
  27.74857
  15.93691
 122.16080
 156.72638
   7.24489
  48.28710
  24.91746
  17.79492
  27.00397
  23.62312
   6.85696
   9.50216
  65.15631
  66.27387
  32.40502
  28.73293
  13.80147
  11.22537
  86.93611
  30.17493
 148.76669
  41.01026
  38.95298
  15.10550
 137.21024
  32.08365
   4.83008
  75.58134
   6.94454
  72.07791
   6.43401
  28.31210
   3.68703
  21.51323
  45.65107
  23.53217
  42.51956
   8.41825
  11.13666
  22.68165
  83.41268
  87.68022
  21.22516
   9.27490
  23.45014
  21.26293
  86.07906
   6.89188
  58.48691
  83.71345
  61.50678
   7.86125
  17.83962
  11.55580
   1.83761
  75.13606
  40.02375
  52.85146
  96.07280
  20.35331
  51.96794
  27.50233
   4.92196
  30.51236
  13.99745
  18.32187
  27.15512
  23.74348
  25.30674
  15.63672
  12.22248
  12.90204
   6.62950
  19.29644
   4.46372
   4.82693
   3.90183
   6.58405
   9.93089
  42.95319
  13.71875
  55.29359
  15.94819
   9.65970
  12.85099
  21.53142
  37.08023
   9.93242
 281.95853
  15.13564
   7.91356
  58.08327
  37.12879
  22.04336
  58.52816
  14.54412
 113.82420
  68.49258
   4.13729
  51.80662
  25.38850
 127.73591
   5.88885
 451.99588
   8.37866
   6.70732
  23.80289
   7.15681
  84.23594
   9.51859
 102.01625
   6.75646
  27.28705
   9.25206
  25.70396
   3.93533
   5.12451
   3.34144
  12.19637
   5.27510
  16.89366
   3.74563
  38.29942
   8.77119
  62.74551
   5.43538
   1.35470
   6.17102
  14.47077
  23.79914
  38.49409
  20.06828
   3.96061
  44.50754
  11.84426
   5.16870
  11.09796
   3.46981
  20.64979
  47.81283
  53.38257
  21.67108
   6.83635
  18.98349
   7.21281
  20.03768
  35.67442
   6.92743
  28.79228
 103.28224
   6.41586
   7.12929
 135.18419
   9.68153
  11.36809
  57.36719
  11.66563
  29.22562
   6.28903
  26.95679
  43.08734
  16.19984
  36.96890
  94.26855
   5.83639
  20.58439
 172.45294
  37.87950
   8.77954
  47.94666
  94.04310
  91.00285
  96.31350
  11.53575
   6.58263
  11.50295
   1.46917
  55.65465
   7.00749
   4.78343
 190.28655
  10.86361
   8.11505
   5.84687
  17.90234
  17.63794
  54.30663
  15.94520
  21.04528
   4.00391
  16.69560
   3.57323
  43.57083
  11.49693
  12.09979
   7.31250
  13.41056
   6.22560
  33.46025
   8.61146
  90.34817
  16.05063
  44.46868
   3.67307
  75.93369
  11.19620
  10.07065
  88.87870
 225.26924
  55.52156
  65.71600
  56.26412
  13.94242
  25.77510
  61.11848
  32.24989
  12.36361
  18.64032
  71.15997
  35.32595
  14.88512
   8.56012
  21.86719
   0.67888
  21.20265
  20.65480
  76.11891
  13.15656
   9.61003
  13.15357
 222.66156
  28.08532
  29.61057
  58.69284
  21.87058
  16.81545
  37.00844
  53.78352
  20.86685
   8.61396
  35.77738
  29.49684
   4.61235
   9.43519
  27.89558
   9.22404
   6.04044
  19.29727
  17.65349
   4.27207
  10.04509
  38.20605
  11.96936
