  99.91280
 106.90935
 204.49646
  85.98355
  57.51076
  11.62299
 125.33579
  14.90016
  46.81020
 166.98464
  40.63861
 149.17819
  22.56520
  70.74788
  88.64644
  24.30550
  10.69428
  45.51993
 107.47597
  58.40861
  55.37569
  61.79121
 112.67060
  49.87505
  16.00584
  98.54227
 182.76118
  27.01831
  56.62222
  12.39460
  68.60875
  15.02387
 311.81806
  57.54285
 119.11094
  55.26325
  18.82422
 110.59889
  90.99646
  25.25249
 122.94334
  15.01833
  44.71083
  81.65507
 240.86059
  70.58648
 113.82066
  73.43099
  83.19712
 245.79779
  95.26922
 169.85358
  22.91838
  38.59204
  96.27004
 145.94194
 215.72300
 119.12504
  29.73611
 115.02146
  75.15773
 191.75351
  26.56239
  50.19711
 181.64028
  64.78183
  62.49754
 172.37933
  58.11691
  75.57294
  29.34131
  19.46688
  38.50955
  51.43692
 233.00981
  63.89432
 136.08679
 143.09072
  76.42190
  10.55372
 179.13483
  72.74287
  96.01058
  57.03737
 174.89298
  60.15121
 130.84593
  80.14511
  45.10459
  56.82968
  27.68812
 109.31188
  87.21404
  52.67598
   7.48290
 190.69236
  49.98058
  24.16459
  39.16319
 106.65912
  21.04736
 105.39476
  16.81487
  46.05167
  15.79544
  18.62395
  42.68594
  68.88178
 114.44940
 217.76301
  29.90056
  62.13855
 128.17615
 263.16410
  10.28746
  20.99919
  42.96303
  12.35363
  40.27811
 158.05680
  56.10647
 102.31244
  36.86811
  24.72108
  84.70691
  85.37088
 631.08818
  15.23620
  78.27028
  80.42770
 176.54727
  70.09397
  49.08107
  40.58385
  57.25050
  27.34355
  87.75143
  37.70191
  14.13367
  11.84128
  84.82427
  35.46449
  32.50378
  48.06731
 261.65520
  92.07288
  25.14265
  88.70868
  23.17428
  29.98198
  53.66011
  42.94678
 392.73733
 588.84390
 182.18845
 195.87281
  27.47462
  13.14803
  72.40030
  84.45383
  62.94152
  28.52169
  39.84386
  15.82458
  42.08265
 126.49546
  95.58709
  41.20613
  29.98790
 224.53930
  11.77963
  30.38336
  23.51810
 120.64796
 130.11221
  67.46645
 178.85779
  45.92189
  28.46995
  33.27586
  54.61258
  47.07170
 214.80684
  39.24279
 194.17951
   1.55583
 118.77648
  94.32598
  74.51176
 324.98297
  80.94148
  59.71942
  70.37544
  78.42633
 202.65574
  41.85372
  55.54839
  53.29900
 100.45502
  84.99671
  17.95893
 165.12125
  53.38088
  76.75439
  30.12946
  28.33984
  18.83791
  79.39762
  17.96243
  62.64673
 105.62646
 173.34942
 194.51816
 132.48678
  11.69039
  76.13098
  58.19192
  55.24090
  48.37804
 101.85405
  97.23811
  37.48082
  38.82394
 212.39427
 150.00350
 107.65311
  62.54862
 252.98841
  57.96907
 110.77578
  15.94575
 211.52772
  91.50009
 148.29332
  24.29640
  88.71753
  46.01451
  38.59717
 108.19830
  37.50497
  47.36794
  37.05138
 155.19369
  16.11051
  12.75816
  76.60532
  40.16519
  36.79029
 104.70465
  35.07371
  21.04699
  14.27637
 248.98965
 261.61124
  69.16757
  18.09232
  44.96709
  51.49821
  25.36978
  20.25802
 164.66932
 286.69507
  52.65686
 133.98678
  20.56738
  28.50783
