  93.77331
  34.78928
  98.40695
  10.45627
  30.19770
  83.12675
  23.74797
  38.76135
  30.12474
  10.66385
  66.61840
  49.28217
  11.98091
  10.86276
 246.25067
 183.94305
  15.05282
  76.39453
   5.98802
  42.34056
 155.53485
  13.55696
  50.84958
  74.56755
  31.26757
  36.17561
  63.50797
  46.80078
  10.41074
  17.46752
 314.17338
  20.59445
 157.14279
  68.47412
  12.68482
  25.99215
  91.39801
  50.89878
  80.38162
  16.03427
  92.30473
  16.06517
  67.40269
  13.33799
  35.03106
 329.95807
  16.37401
  68.24022
 148.59460
  55.43268
  44.16464
  26.30838
  63.60503
 132.25109
 136.63182
 192.36957
  39.43672
  18.02891
  18.48395
 143.99059
  37.73023
  88.91478
  44.59883
 107.68554
 193.54003
  13.80281
  41.63824
 157.78604
 176.85788
  29.56092
 103.05617
  11.58510
  32.31326
 305.58512
  13.08767
  49.54799
  27.12441
  64.51534
  12.44081
 171.13292
 119.91445
  25.27097
  60.33560
 135.23204
  16.84207
  12.73434
  45.61715
  16.03985
  20.00752
 177.58149
  11.78965
  20.14384
  27.07993
  19.05957
 143.41289
  12.40308
 106.95607
  17.01677
  85.13197
 203.44674
 339.27355
  17.78727
  14.92306
  13.91174
  27.25735
  41.83235
  25.56327
   6.48076
  14.40294
  14.29904
  24.59097
  34.15908
  38.00758
 223.66592
 186.68624
  81.38912
  73.77466
  27.09735
  64.06520
 131.72791
  86.13311
  66.33327
  66.83351
  28.21353
  23.02802
  30.47284
 168.35966
  92.70209
  82.69168
 131.08991
  23.96691
  76.22838
  36.48987
 157.92192
 142.91188
 151.18193
  41.81222
  37.21323
  26.28782
 135.35601
  43.40233
  53.75749
  47.28419
  11.33074
  15.18017
  19.72791
  80.15759
  19.12413
  60.28196
  84.23000
  92.00115
  93.82011
  36.10875
  90.32728
  23.19633
 103.79894
  25.33817
  62.05255
 121.90940
  14.31006
  35.28329
  93.02214
  37.52585
 107.98778
   8.53369
  43.54094
  45.91229
 139.15465
  26.64243
 116.43627
  78.91825
  23.38411
 149.95088
  26.52465
  27.75304
  46.39778
 146.25036
  25.54935
  73.68593
 157.29739
  12.02242
  15.47696
  43.12697
  14.24839
 157.62171
 157.68375
  31.42465
  21.85204
  15.49749
 114.07598
  54.44285
  22.06110
  28.71738
  11.93345
  16.78123
  38.02231
  32.20028
  15.67135
  92.07891
  18.59321
  70.93881
  59.46776
 350.84485
  13.22332
   2.47459
  62.78377
  48.88339
  77.98006
  57.59272
 147.57161
 135.38581
  36.27771
  82.72538
  28.35335
  63.89922
  37.14532
  31.43017
  17.28425
 133.17804
 345.64764
  38.71835
  22.40667
  10.34804
 164.54698
  44.25149
  49.64184
 197.10530
  20.56217
 125.17312
  11.01769
  29.78057
  52.30543
  73.13696
  44.26432
 212.92333
  26.48842
   5.49345
 149.77762
  22.66044
  20.28142
  63.39690
  95.15752
  61.96413
  33.83376
  34.84439
 238.44848
  11.18726
 246.94656
  53.49596
  67.84307
  47.99082
   5.85084
  46.07968
  32.05169
 179.88906
  16.37234
 117.73636
  33.39757
  45.96999
  37.49732
  32.40673
  27.85199
  89.98249
  72.59153
  34.73848
 138.65193
 556.04333
  42.56817
 102.85729
   6.08797
  14.12242
  32.64235
  42.96692
  46.73160
 152.56898
 136.06406
  71.45733
  43.23539
  37.20131
 177.01074
 184.05413
  10.13583
 128.35730
 193.72006
  19.51769
 112.51564
  25.13048
  98.23839
  80.07457
  23.48081
  32.81022
  30.70053
  16.82474
  22.84213
   8.79181
 152.21356
 112.19342
  29.40155
 129.31642
  62.07270
  18.03944
  17.03057
  20.57415
  19.14373
  14.43811
 212.59226
  13.74604
  18.33785
  99.49198
  79.93536
  98.58021
  22.59083
  76.70812
  13.91458
  34.50463
  50.94712
  43.16983
