   5.51982
  35.45773
 160.21752
   6.22054
  21.53076
   6.58500
  53.25384
  12.06119
  55.07656
 234.41667
   4.90358
   7.05521
   9.73775
 113.14348
  45.41875
  48.03597
   7.35520
  33.62519
   8.63046
   7.46145
  11.98569
   5.89345
  39.79505
   5.90575
   9.83557
   3.69291
   8.84240
  15.58100
   5.71677
   7.00415
  15.04637
  17.54338
  28.66220
   4.01484
  43.93046
  11.66727
  16.38804
  33.72979
   6.58017
  25.97037
 162.78252
  29.35063
  33.92528
  12.28988
  37.73132
  29.04287
   7.45513
   5.02356
  14.10824
  75.40450
  27.73676
  21.25848
  70.85735
  93.05158
  25.09460
   4.68899
  23.66171
  35.43574
  44.22890
  44.74614
   6.35931
   8.23741
  17.63004
   5.08997
  13.56221
   6.56398
   8.64327
   7.67980
  54.80362
  12.03562
  53.14445
   4.58663
  29.26581
  14.88217
   8.79717
   8.69281
   9.79830
  52.81003
   5.83948
   6.93870
  40.43792
  14.69199
   4.03891
 218.91262
   4.25106
  98.98406
  41.23261
   7.85414
 120.46250
  11.16845
   8.83084
  28.57662
  27.18274
   6.82070
   6.18794
  28.72415
  47.08917
  33.16913
   8.89458
  14.21541
  22.01579
  47.95935
  49.13933
  36.47949
  51.19955
   9.39238
  80.56528
  26.62909
  18.83779
   3.78670
  14.39151
  20.08452
   7.05345
   3.69376
   6.41248
   8.83550
   3.57880
  13.59873
  51.52806
  13.96218
  17.07509
  46.71768
  32.11938
  26.51972
   9.32115
  34.67305
  36.31785
 134.85431
   6.69394
   8.05947
  36.22373
   5.58583
  10.33727
  21.35305
  26.15547
  17.37673
  11.04241
 112.83680
  41.22711
   8.42432
  18.16186
   5.56759
   6.34186
  12.83574
   4.23895
   4.05022
 101.09585
  11.25456
  11.18872
   6.02328
   8.41955
   8.87306
  36.86965
 106.47352
 136.32345
  33.05903
  23.75345
   6.31721
  20.56190
   5.40323
   8.56453
  54.14547
   4.95656
   4.65294
  42.13495
  45.32280
   6.51949
  45.64868
  15.16271
  70.72031
   6.73991
   3.88270
  18.06461
  23.15056
  37.78021
  12.61018
  27.25959
   7.57482
  55.88764
   7.65358
  84.08448
   4.57080
  14.96420
   7.73099
   7.34717
   8.92290
  11.03262
   8.48256
  28.74967
  38.64399
  34.79025
  28.53481
  32.25092
   6.23343
  97.41341
   9.33364
   6.24561
   7.94649
 112.63621
  24.51936
   4.18702
  14.70297
 122.48309
 178.50379
 200.21147
   6.83650
  20.33078
   5.13767
   6.31435
  19.41753
  11.63223
  54.54772
  25.75493
  31.09353
  75.96333
  48.59786
   6.49090
  13.46917
  39.89200
   9.39578
  25.87805
   9.16797
   5.47393
  38.29213
  20.69739
  20.04357
   5.04862
  11.07244
  11.85231
  88.43332
   5.02627
  12.94104
   5.03302
  53.19615
   5.91253
  12.31637
  25.69791
   9.22036
  16.35385
  16.03852
   5.92223
  20.77062
 199.23792
 133.50836
  37.44325
  25.20463
  10.49878
   5.16395
  21.99191
  49.85876
  11.11685
   5.43908
  33.08635
 176.17478
  21.74301
   5.84173
  48.89387
  21.05786
  20.31205
  22.27074
  80.05297
  55.10529
  19.79464
  24.40599
  32.61187
   8.05388
  10.50688
   8.09419
  78.02133
 139.58326
   6.36724
   5.28426
  47.30577
  11.09580
  48.89419
 110.95647
   4.20687
  12.92956
   3.90650
   9.02810
  11.67791
  91.05721
   5.35576
   6.44350
   8.45252
  39.42565
  51.98946
  21.73919
  92.64636
   9.16211
   7.22097
  95.48208
   3.85415
   4.73050
  22.38380
  21.34418
  32.42631
  69.96573
   6.03095
   4.46728
  27.55021
  20.76540
  32.40358
  24.15195
  12.01934
   5.27894
   9.92319
  36.69255
  48.68840
  37.82093
  79.15455
  13.11614
  10.96454
  16.62733
   7.20166
   3.40379
 188.53205
  12.25258
  27.85556
   9.05282
  33.62122
  29.62220
 233.20917
  15.07236
  26.38921
  32.18177
   5.67746
  11.98292
  11.94762
 100.89015
   9.77875
   4.40276
  21.43572
  88.32868
   4.86901
  34.28806
  32.72639
  19.05670
  76.74105
   7.75855
 351.95976
  20.60153
  10.83427
  60.96825
  26.13347
  50.10643
  74.87770
  13.04724
 171.17227
  25.72163
 129.81839
  13.11396
  60.84159
  35.45340
  10.53866
   5.69783
  10.70513
  16.53732
  11.16772
  30.74799
  19.87990
  40.05598
   5.65109
   8.91225
  41.35384
   6.07102
  82.12777
  10.62101
  54.01870
   6.61518
  37.66606
  59.84745
  29.31967
   8.60977
   9.04861
   6.48034
  91.56676
   3.06285
  52.39660
  14.12169
   6.67642
  33.14098
   9.33134
  12.95122
  33.49745
  25.37221
  10.14766
  13.63720
  44.55847
  23.73431
  16.19043
   3.93880
  55.19250
  11.52288
  13.59372
   9.32461
   6.16951
   7.78554
  10.88962
   8.55761
 115.16829
  24.71171
  28.61602
  27.49457
   7.40860
  23.91941
   3.19839
  12.64625
  30.44759
   4.17584
 178.65666
  42.18896
   3.91614
   6.80267
  23.32621
  58.82638
  11.72997
   3.86212
  23.58379
   7.10819
   4.72424
  77.08095
   3.67004
  43.79745
   6.18497
 277.40694
   4.17700
  15.53989
 124.82943
  65.32237
  25.00919
  11.02458
   5.58378
   4.20463
  15.64609
   8.29673
 103.06699
  44.25624
  18.59425
  10.55423
  15.90703
   4.67934
  36.66104
  22.48809
  19.60334
   5.49619
  12.79716
  70.03715
  38.25067
  47.12319
  23.36695
  14.73035
  31.68011
   3.76219
  20.31508
  10.20566
  30.95928
  11.97645
  16.07331
  79.72116
  40.41289
  32.04133
   5.57324
  46.44640
  21.29745
   5.31932
 183.73204
   6.63590
  17.01730
   7.83427
  15.08609
  38.06376
   9.33462
   9.02430
   9.79772
  21.64932
  27.93633
  72.00529
   1.46917
  38.97473
  14.68772
  38.14643
   7.22343
  42.21514
  52.56910
  25.47160
  99.09667
   3.57256
  25.15262
  21.14017
  24.59602
  20.77139
   7.15919
  22.27060
  19.11300
   6.92922
  54.01200
  23.87855
  32.75924
   3.01161
   1.46917
   5.08060
  14.10170
  91.12087
  39.03562
   5.56659
   3.20365
  17.26331
  13.90489
   5.97860
  14.17841
  25.42224
  10.79042
  45.00182
  37.53472
  19.25886
  13.90863
   6.15855
  30.32055
   3.19168
  81.55725
   6.01918
 121.92773
  95.99872
   3.67589
  63.49921
  71.73880
   8.08515
   5.75037
  46.82760
  21.74437
  11.51326
  30.85634
 274.09920
  38.27240
  10.64877
  71.99059
  39.62933
   9.26866
  89.29910
   8.40334
  50.20653
  11.26634
   4.57859
   5.42823
  13.65095
  20.12914
   8.84002
  21.58069
  14.52645
   5.66222
   7.86580
  37.29627
  73.17410
  92.61473
  15.01095
 120.31941
  22.79673
  33.88958
  67.04810
   6.56412
   4.93684
  65.18902
   6.94589
 142.07190
  75.72997
   5.15857
  14.05550
  82.62528
  32.54497
  26.99845
  47.15053
   9.76416
   4.78113
  12.43859
   7.57017
   6.42733
  20.94412
  58.66285
 293.97403
   5.31112
  27.56341
 181.74990
  12.56525
 184.68564
  44.71763
   7.80975
   8.48324
  26.35683
 113.74511
  32.37140
 134.55845
   5.64558
  56.42081
   8.56187
   4.75392
   3.19270
  10.45824
  11.94270
  37.83495
  13.00156
  30.04629
  14.54272
 127.07827
  73.98482
  84.27871
  14.99031
  41.93331
  36.71462
   6.90543
  28.89592
  32.79389
 483.32428
  42.07206
   3.82979
  10.82314
   9.40778
  49.17463
  18.20695
   6.97738
  65.09370
   5.30509
  29.64605
   7.81311
  60.65111
   8.71512
   3.35133
  14.16736
 140.65572
   5.15216
  10.74123
   6.11451
   9.21243
   4.48956
  15.81332
   5.29378
  14.71009
   3.05894
  26.32068
  15.07525
  10.47966
  17.73861
   5.98322
   5.46025
   9.68279
  11.77032
  20.03497
   5.38579
  16.73893
  18.85383
  50.79605
  16.74406
  62.39153
   9.08023
   5.82854
  12.62640
  61.33305
  51.52447
 141.36242
   6.76351
  27.46945
   4.37399
  22.31524
   6.49283
  48.80962
   6.46338
   7.93835
   6.68847
  27.26018
  27.21930
   4.23209
  64.25926
   9.53661
  11.37225
  25.15761
  40.77101
  15.47626
   3.90395
  15.78226
  11.04259
  35.26124
  54.09708
  26.90022
  11.21946
  38.19708
  48.82826
  22.79813
  23.55236
   5.86997
   7.57172
  11.83691
   7.42594
   4.25677
  16.61097
   6.99458
  80.09020
  31.24951
  29.14658
  69.86702
  10.92677
  33.78652
   0.68130
  11.75405
   3.27570
  16.67611
   7.59212
   4.71998
  52.72982
  10.13278
   8.20388
 102.19836
  20.41167
  12.74542
  18.59672
  34.36898
 137.10499
   6.60371
   9.21520
   9.88418
   3.25090
   9.32655
  18.86343
  67.50972
  42.08830
   8.72423
  58.79587
 105.20322
  71.61942
  29.76947
   4.85044
   5.01164
  18.62798
  38.21802
  12.59680
  39.41027
  12.26997
  58.82252
  28.60335
   6.86022
   8.21996
  10.76129
  20.51955
  12.56088
 150.35549
  32.46089
 177.34397
  10.38338
  83.67266
  11.87197
  29.70399
   8.47324
  14.63735
  29.16303
   6.47393
   4.03421
  78.08546
  10.88648
  13.88816
   7.80108
  29.74463
  38.80406
  45.28755
  30.63604
  13.45777
 186.96445
  26.79158
   6.63050
   6.97940
  45.00387
   7.36257
  25.59514
  15.13154
  55.75697
  50.56227
  33.99197
   8.46345
  12.23160
 130.45375
 106.25501
  12.20021
  10.29858
   7.45148
   6.28651
  14.12482
   6.88242
  24.24970
  33.36932
  24.18103
   7.93645
 222.47434
   3.93446
  58.23025
   6.62698
   5.22899
  12.44127
  27.26969
  62.61948
  19.43376
  33.10784
   9.90585
   6.73515
   3.84938
   4.43333
   6.02401
   8.45171
   5.96022
  47.75979
  34.41441
   6.42235
  11.80449
  16.54446
  27.73205
   7.92455
  37.18159
   5.34520
   6.51185
   4.96149
  21.28603
   5.46631
   5.97417
  25.41904
  17.46094
   8.77852
  13.89082
  11.65864
  13.83637
  28.27642
  29.61670
 208.15065
  11.38185
  10.11044
  44.98820
  41.82425
   6.04851
  46.44537
  87.50241
   4.92494
   7.87980
  17.50986
  44.26327
  26.90698
 122.64648
   6.30834
   9.21088
  27.14339
  10.83934
  65.62850
  56.57193
  32.84408
  25.43755
   3.10684
   7.71044
   5.50336
  10.31305
   7.72194
  22.43854
   6.31690
  77.48814
  11.24312
   9.97944
   4.13402
 102.82278
  20.75389
   5.70408
  39.18438
   6.34217
  18.69060
  27.62630
  61.10766
  23.94894
   8.97166
  41.79740
  79.21685
   4.20549
   6.62601
  13.84201
   7.38291
 235.13152
   9.92968
   3.10587
  12.79938
  71.73497
  28.18128
  34.91804
  54.81904
  17.04542
  11.65566
  65.36029
   4.79020
   4.36145
  37.33931
  26.94068
  54.56066
  10.90633
  35.22575
  14.45778
  45.46990
  31.21552
  10.37264
  80.05564
  53.89085
  18.03130
  11.39358
  14.33170
  13.50631
  71.40452
  12.32548
   5.96321
  34.16297
  27.33906
  39.10005
   7.07269
  14.63532
   4.24565
  13.92155
  66.86240
  40.90238
  74.67674
  36.90108
  16.36279
  52.79761
 189.08984
   5.32643
  20.31276
  15.76721
   4.21134
  22.30896
   6.61052
  13.85444
  30.95014
  20.29818
   5.13076
 211.27142
  80.47473
   5.79269
  25.84482
   5.05650
   9.98369
   4.33655
  67.21959
  10.86760
   6.67390
  58.11834
 132.09510
  26.57386
   4.55450
  10.06508
 535.09026
   3.56409
   9.49434
   9.72988
  71.18499
  26.26331
  97.57086
   7.95659
 107.46792
   6.38695
  43.61219
  29.16829
  14.82361
 183.68665
  20.82967
 146.74510
 165.21354
  12.10306
  22.88368
  66.61172
   7.61592
  24.69578
   5.48021
  14.13457
  10.91624
 209.54962
 102.83932
  15.99857
   3.67519
   8.87497
  57.50761
 162.06320
  37.59080
   4.21972
  26.73438
  37.67115
   6.14151
   9.80566
  45.20622
  46.11519
 102.05530
   4.61373
  86.90317
  19.51323
  61.85345
  58.50147
  12.75984
   7.41018
  33.20202
  26.66181
  14.96092
  21.16609
   6.02969
  12.82242
   7.44681
  30.46073
   7.35667
  32.28249
   3.37462
  14.79844
   7.88759
   3.34318
   6.67966
  13.93724
  41.30536
  16.02604
   5.70647
   8.40755
  26.69642
   9.21727
  37.78597
   8.10192
   5.89468
  13.57523
   5.79756
   9.80707
  29.20584
   8.58157
  39.19031
  13.76097
  77.06684
  31.54121
  53.56549
   3.27834
   5.99995
   5.55942
  18.23644
   5.88475
   8.61431
   3.22579
  23.53225
  34.26917
   5.20579
  25.88611
   8.18135
   4.04717
  83.36832
 118.38913
   9.40142
  11.38083
  24.69893
   7.90063
   7.81216
  13.92428
   3.54942
  62.21513
  30.08981
 183.76690
   4.95222
 161.26089
  11.52089
   8.23208
   8.26263
  31.48071
  15.97067
  27.81745
   8.39086
  11.61084
  76.51654
  16.54694
  77.22480
 288.47458
  10.63340
  12.07377
  56.46364
  11.07730
  15.65015
   5.52863
   4.05821
  38.40784
  11.17756
  30.37583
   5.43241
   6.53023
  25.05400
  53.60144
  23.28769
 183.67132
   7.93387
   5.01325
  32.51420
   6.01561
  16.20441
  59.94430
  40.40673
   3.72249
  20.23437
   9.14001
  44.30458
   5.32358
   4.17745
  38.62485
  16.62253
  19.21546
  16.18131
  11.80686
   8.48102
  15.73974
  56.73102
  32.15024
  34.29519
  10.21419
  17.12976
   7.01365
   8.98360
  20.00258
  24.92173
   9.30990
  21.24996
  60.34972
 233.04358
   8.57519
  25.01648
   9.42863
   5.43999
  66.03560
   5.81019
  17.95835
 437.46548
   4.83935
   4.65593
  13.35513
  53.53793
  13.19811
  30.01119
   3.60663
  70.71651
  35.05479
   4.10386
  57.42149
   7.24448
  25.49185
   3.89937
  34.94755
  78.56538
 133.73674
  22.93353
  14.55081
  13.76041
   8.54425
 123.51843
   7.77040
   5.92170
  67.02525
  12.26241
   5.14345
   7.85801
  27.60839
 161.51225
  29.87714
   6.67340
  16.75112
  13.87241
   6.25264
   9.25676
  12.50055
   3.72725
   6.10539
   4.07653
   9.95367
  36.90848
  22.18953
   3.73937
 119.90743
  16.97875
   9.56318
  63.85785
 188.20223
  11.18761
  64.43460
   4.80588
  10.92060
  42.74328
  72.72918
   5.72839
   8.36362
 125.95340
   4.21862
 105.04798
   6.94630
   8.67621
   4.82514
   5.17620
  91.55862
   7.51352
   3.93148
  30.26115
  18.37039
  88.19251
  17.26422
  64.58019
  12.38726
  22.95003
  26.65790
  53.86610
  16.29392
  59.13575
 425.42372
  10.23422
  20.35653
   7.07415
  59.11818
   4.52749
  77.47181
  22.09369
  43.93050
  16.92784
   5.12230
  25.12152
  19.88722
   8.88158
  19.85891
 112.63373
  42.15334
   9.44712
  18.86941
  50.26168
  22.26703
   5.29568
  11.81130
  19.81091
  15.91944
  10.25065
   4.94542
  11.25883
   4.96833
  53.16239
   8.18411
  20.22825
 455.14196
  52.06954
  25.10023
  23.93510
   8.19327
   6.54749
  21.42633
 129.36090
  30.29006
  95.21023
  58.86022
  20.30319
 178.83283
  14.70325
  13.63072
  15.03671
   8.43846
  26.80862
  41.01263
   8.14115
  22.76735
  42.88503
  35.77396
   8.42028
  34.84997
 163.06107
  17.72138
  40.11098
  38.78639
  54.01385
   5.86725
  23.00713
  18.77691
  55.97645
  34.95221
   5.95068
   9.59222
  30.77112
   9.74819
  10.24673
  15.66524
   9.82135
   6.85999
  40.46351
   7.40065
  12.02315
  42.50153
  34.84189
  15.24987
   7.97788
  64.92140
  68.95654
  43.80862
  11.19641
  28.61681
  10.79730
  74.02685
  42.87042
  19.99488
  58.12630
  13.59713
   5.97095
  19.00737
   7.17057
  29.97916
   7.43852
   6.18030
   4.42303
  18.16592
  14.73858
   6.78778
  17.65829
   6.32463
  29.59501
 160.99434
  41.62103
  59.77599
  37.49070
  14.80010
  30.29185
  43.71391
  27.44935
   8.10282
  11.75914
  25.17425
  17.45454
   4.81060
  99.36504
  12.97282
  26.19556
  22.03169
   3.51755
  37.06528
   8.10554
   7.85432
  21.67454
  17.12178
  24.37983
   8.43343
  80.01943
  10.73083
   5.35620
  12.73350
   3.58804
  39.05121
  31.78056
  14.94485
  25.39238
   5.01761
  25.00477
   5.67482
