  17.10887
   9.33956
  35.40636
  20.59070
  11.77558
  18.71693
  20.57246
  27.11025
 313.41122
  15.18623
   7.38965
  33.04091
   5.33554
  22.16915
  34.87538
  32.40431
  29.00587
   9.09370
  41.56164
  20.87792
  20.99201
  12.49297
   8.18526
  10.66432
  51.02743
   6.87236
  10.46241
  11.92196
  18.06677
  44.67953
   9.39649
 134.13830
 295.92063
  40.29701
   9.91482
  77.55675
  12.47655
   7.98055
  67.61366
   7.60639
  79.69256
  17.95171
  14.54114
  35.07638
   4.19719
   3.93031
  17.01142
  62.01636
  14.58944
   7.99411
   4.55423
  16.82384
  27.11431
  49.72244
   8.08579
  70.49597
  34.65425
   5.25806
  25.02557
  13.56777
  26.78591
   7.94295
 106.89393
   6.68750
  15.67895
  16.83004
  32.50745
  25.87866
   3.83313
  30.58336
  53.34841
 155.42496
  84.62162
   3.77172
   8.41105
 118.28428
  22.73973
   4.85116
 195.44445
  72.66235
 164.37541
 115.50894
  14.80341
 160.22804
  11.56884
  60.91445
  30.14852
   7.12950
  17.95973
   7.56363
  84.59711
   9.75300
  77.92939
  31.85917
  16.14478
  11.72176
   9.69224
  30.15993
  11.94341
  76.18232
  12.47821
  26.74611
   0.94857
   6.47019
  11.12629
  18.01105
   5.43080
   3.70351
  11.47235
  10.20314
 119.68388
   4.13840
  95.72574
  63.86372
  63.58509
   6.99100
  46.96968
  16.22476
  45.96466
  10.69357
  16.73352
  60.69124
   8.23740
   6.67271
   6.22493
  32.35094
   5.21308
  34.28450
  10.30837
   5.83802
  41.75426
  12.15536
   5.00040
  14.43538
   5.76610
  38.76444
  20.38633
  17.89839
 125.26391
  77.00352
  72.73193
  53.49197
  37.05888
  40.10158
  97.28749
   9.10268
  58.27223
   8.85784
   5.93269
  17.42399
   7.08495
  22.49807
  35.60564
  11.80364
 122.22907
 226.31243
  24.82349
   7.57994
   7.70416
  83.52442
   6.47260
  18.26684
   6.93622
  10.41531
  14.49029
  33.08484
 135.04155
  23.14809
  42.04858
   5.31312
  27.08662
  11.76073
  14.23862
  89.69703
  13.70938
   6.01173
   5.49586
  12.27979
   3.37524
  11.25642
   4.73824
  14.43283
  10.56795
  79.38504
  15.16172
  16.71240
   5.54627
   5.89153
   5.58640
  25.25169
   3.89087
   8.40154
  91.32796
   6.39123
  14.28239
   5.59031
  13.36545
  50.04602
  83.47676
  33.61441
  29.02095
   5.80750
 151.86741
  46.71546
 168.43415
  80.17573
  26.47753
  32.63268
   5.39905
  51.92037
  16.17801
  48.68854
  21.97374
  77.52063
  33.15557
   5.32728
  57.40138
  29.66499
   4.52378
  19.54790
  10.06060
  15.19613
   4.64686
   8.71289
  11.76079
  11.46100
  19.68798
  31.66472
  41.52497
  45.63166
  28.38673
  39.51435
  14.53894
  49.24150
  27.13915
   7.38054
   7.11284
   7.76319
   5.13767
   8.70005
   5.96479
  51.98979
  99.96527
  53.07440
  11.95261
  68.79997
  16.07575
  81.10318
  16.67923
  10.59051
  11.91371
  90.31374
  11.92359
  51.11041
  11.62222
  11.09119
  24.07072
   4.67971
  11.41121
 166.77256
  22.50004
  22.29891
  28.32112
   5.89249
   7.19164
  58.58279
  42.23459
   9.83411
   4.64350
  22.69167
   8.19348
 533.96532
  13.05022
  12.81328
   4.52117
  14.99478
  10.59080
   5.55795
  10.68541
  68.56271
   5.61444
  37.17726
  56.62305
  13.21875
   9.23415
   7.69537
  13.71281
 134.60608
  22.28776
   5.50359
   6.77060
  44.65666
  37.54872
  53.30797
  18.66388
  28.42753
  15.01613
 779.32758
  34.69345
  26.74210
  29.29140
  12.21793
   5.17536
  19.87211
  86.29339
   4.07822
  42.00389
   5.84302
  19.37033
 100.92061
  34.99657
  74.07450
  23.49764
  43.90573
  55.83176
 122.11529
   6.80879
  16.51311
  17.05032
  12.80788
  10.80285
  38.07067
  44.39811
   9.89468
   6.34164
  18.71388
 104.51441
  14.80449
  22.04535
  25.85049
  45.10701
  22.06253
  33.63511
  56.59097
  36.25822
  28.83968
   5.90883
  39.06710
  11.36836
   5.31025
   5.35881
 169.75550
  54.14071
   9.20325
   5.34014
  29.09585
   3.91041
 124.82604
  22.97365
 101.11494
  12.39145
  79.59762
  15.34832
 153.60824
   3.68450
  14.86252
  12.74823
  18.06821
   9.18574
   6.94988
  23.77305
   7.95355
  27.66062
   3.28294
  65.35635
  17.82991
  26.01538
  64.60287
  14.37157
   5.56742
   4.64327
  41.04638
  53.35558
   3.30470
  28.55287
  20.96225
  33.05329
   4.31149
   4.98669
  18.54838
   9.90477
  79.16081
  45.52887
  21.71587
   3.55499
  11.15732
  13.50448
  26.55694
  14.70909
   7.03632
  11.94065
  17.92394
   9.15110
   5.74610
  30.22385
  18.53937
  29.45147
  50.22236
   6.56079
  21.54260
  16.22389
  89.76651
   8.12241
  74.77514
   6.57462
  58.73698
   1.46870
  79.91620
 122.44311
  14.03971
  32.63734
  74.21725
   9.19201
  57.78287
  48.52616
  13.12344
  24.14205
  14.74615
  28.52347
  47.68144
   9.23652
  15.75340
   2.50169
 112.89024
  93.38732
  31.06038
  32.10655
   5.30690
   7.58024
   4.86346
  33.99554
  11.99009
  23.33675
  15.92192
   9.16762
  24.54497
  15.82233
   6.64525
  92.09094
   7.60211
  10.80620
  47.62447
  29.10859
  21.48693
   8.50745
  24.83876
  30.11694
  30.22313
  10.44025
  22.49935
 131.48938
  47.17362
 122.13233
  88.30794
  57.49433
   4.34028
   6.88077
  38.96689
  13.80664
  26.31751
   3.95199
  14.36275
  21.76761
  46.46182
  13.14800
  15.66470
   5.75713
   9.76689
   9.35453
   6.92046
  10.67638
  13.16429
  40.41623
   5.63455
   2.50338
   6.31158
   5.83648
   8.56168
  16.93488
   8.28969
  55.64687
   8.82898
  32.48991
  12.98247
 137.75725
  71.71818
  53.36967
   9.73777
  13.35824
  23.38847
  64.76945
  36.06891
   3.21861
  57.31684
  20.84196
   5.93846
  48.00344
  22.22224
  14.76282
  56.51911
  35.81020
  17.43940
  32.32968
 280.61105
   6.60016
  10.20643
  20.38268
   6.02126
  82.67932
  96.15940
  73.51562
  65.46045
   2.43138
  23.60499
   6.84183
  16.33116
   6.55025
  20.13671
  82.66996
  69.72893
  31.00394
   7.80133
  19.02887
 408.90232
   4.18520
   7.27568
  26.12250
  21.00458
   5.35551
  17.99180
  17.22022
  16.81975
  11.21783
   5.34996
  45.92842
   5.12710
   3.82441
  10.82689
  19.57947
  10.34174
  39.61252
  40.06533
   8.34217
  30.47087
   5.04701
   4.83693
  28.91515
  20.86166
  24.73425
   8.87748
  14.04284
  44.25347
   9.95073
  65.56706
   6.47872
  28.92470
  10.02741
   6.54689
  20.25301
  41.40408
   3.46423
  12.71065
 132.52320
  10.88512
 131.78340
  25.35250
   6.62993
  48.46382
  54.43899
  15.93414
  49.34457
   9.60029
  10.18898
 186.82753
   7.69152
  32.31781
   5.05287
  14.43877
  16.61282
  19.35379
  37.86349
   6.67257
  50.44723
 101.09596
   5.65847
   7.49512
   6.95336
  14.28265
  14.19272
   6.06028
  19.71253
 125.77165
  43.68048
  22.98556
   4.79704
  35.79497
  37.59587
   7.96506
  65.76348
  12.46690
  22.53753
 110.74184
   4.06110
   3.83750
   4.35026
   3.90191
   7.54675
  33.55134
  77.25194
  60.56725
  42.30550
  13.97852
  11.67076
 138.29093
   5.22392
  45.82859
  45.84910
  38.75201
  79.51460
  23.38375
   7.94893
   5.98252
 112.24614
   9.58084
 120.97267
  21.14064
   8.39511
  47.88517
  75.76797
  14.94316
   7.81498
 145.42273
  77.07892
   7.53282
 135.21076
   5.88280
  16.28532
 162.48695
   8.34601
  33.70917
   5.02171
   4.82956
  37.83187
  13.72357
   3.63996
  13.13177
   5.38947
   8.65797
 290.91277
  10.53210
 380.72592
  91.30244
  11.58936
  94.97159
  19.63302
   7.50443
  15.18072
 324.73739
   8.83562
 182.14071
  12.02946
   6.52280
 120.18895
   4.08954
  20.78979
  14.73053
  14.12309
  27.50978
  78.37903
  17.16632
  25.34158
   3.79403
  30.70602
   4.92003
 105.56247
 101.56992
  25.84150
   6.95824
  21.06942
   7.92873
  12.36699
  54.64131
   3.73863
  10.37200
  10.82646
 105.43484
   9.39554
  39.40282
   6.98646
  10.95379
  14.03555
  13.74274
  39.88162
  55.60132
   5.73977
  12.73769
  31.90460
  42.65433
  30.16008
  12.81929
  51.50304
  23.32588
  31.44490
  45.12413
   3.50177
  13.46098
  59.42801
  31.59513
  98.63119
  26.80969
  24.30162
   6.26184
   5.66914
  17.14126
  28.01305
 208.93502
 102.02765
  59.44508
  30.25049
  21.34899
  43.67243
   4.63986
   7.12130
  26.56957
  35.24698
  24.43384
  47.61266
  46.60443
  17.91183
   5.94428
   6.44262
   4.68204
  27.44155
 104.69469
  17.06804
  26.63472
  12.23881
  56.66028
 126.56119
  66.35722
  11.57045
  11.61733
   4.14546
  40.24614
   4.36619
 116.97502
  11.69464
  29.45918
  35.95670
  22.13127
  15.96590
  56.33962
  38.44314
  91.11006
  20.98024
  12.13659
  12.99226
  42.78755
  26.17679
  12.95429
  20.86949
  13.08418
  49.13970
  41.50429
  35.74101
 172.75857
  19.92975
  24.25624
   3.33743
  11.82087
  29.15998
  22.02043
  40.41009
   8.48994
   6.35447
  13.59142
  12.31453
   7.96126
   7.13604
   6.80524
   4.45974
 470.16890
  12.89486
 158.11102
  10.57033
  48.38016
   4.60010
 106.71408
  25.40252
   4.40977
  31.56362
  63.72236
   4.31969
   8.79257
  11.79182
 165.00451
   8.05823
  31.21652
  14.37653
  10.33847
   9.54167
   3.12587
  37.18424
  16.07771
  19.43571
  11.02814
  20.95183
   8.55100
 114.57267
  51.33948
 194.20026
   4.65772
   5.93013
  47.54546
 104.51980
 457.63555
  25.33402
  83.61528
  33.01581
  22.92469
 103.19512
   5.34660
  19.90815
  36.90853
   9.82019
 208.35799
  18.86351
  11.13148
 185.23249
  12.70719
  11.85669
 224.72185
  11.70829
  13.03750
   6.64651
  30.62723
   3.11615
   4.29890
  29.15005
  67.81534
  13.67581
  16.17495
   6.28937
   9.77945
  13.34182
  46.97034
  19.40153
  33.36825
  30.68074
  21.12206
  24.80517
  26.43391
  88.98380
  22.11015
  30.40559
   5.40403
   5.03099
   5.74035
   5.44489
  14.08358
   9.92761
  28.06801
  22.15862
  39.16965
 140.38424
  83.86639
  19.15715
  36.81526
  14.66304
   6.12963
   8.39417
   9.59259
   6.59282
   1.89262
  32.58948
  35.99198
   5.18629
  10.89570
 185.98734
  40.47986
  30.22525
  12.52114
  38.78936
   8.13753
  15.69881
  12.04317
 213.26422
  60.95074
  12.06071
   8.07532
  12.40212
   8.48979
   3.08468
   7.30604
  18.42431
  29.22274
   7.33027
   6.14406
   5.03419
   4.37695
   5.21183
  20.08423
   6.65817
  12.78679
  40.75510
   4.89643
  21.20524
  38.55409
  17.58902
   6.93238
  15.84787
   8.49135
  37.13081
   9.03359
  45.30189
  53.70675
   6.95414
   6.26027
 141.54558
  24.84792
   1.73256
   3.41908
   6.45207
  17.62021
  68.81003
   5.67964
   3.18175
  74.95880
  28.21184
  13.07729
   8.10737
  39.77488
  17.85206
   3.70808
  14.93471
  15.99641
  13.04027
   3.76754
  91.43879
  30.89983
  16.49378
   4.44170
   4.23177
  51.21786
  92.91420
  54.48815
 144.39168
  12.91672
   6.64532
   8.12681
   3.49332
  91.80674
 165.54738
   4.22153
  24.87020
  95.22572
   5.89762
  12.10631
  34.44821
  39.26066
   4.07364
  57.99907
  44.01699
  58.59333
   7.03243
  14.17041
   3.96050
  17.32117
  10.31280
 504.08045
  25.85132
   3.03841
  10.83550
  44.28321
   7.32963
  15.95229
   5.18856
  35.01235
  11.36996
  19.11153
  20.10020
  13.35823
   3.65347
  37.14960
   7.73977
  17.95106
  34.58880
   4.61080
  16.03286
  17.36244
   5.89480
 192.16160
  28.39530
 141.67157
  81.14050
  57.59850
   9.64568
  22.48469
  76.19880
   8.51834
  11.81599
  19.97375
  56.84139
  41.65142
   3.70726
   6.74645
   4.78496
  11.71058
   6.98029
   4.71560
 174.09233
   4.13742
   6.45560
  25.03428
   4.70439
  81.57228
   3.60698
  11.45566
  15.13843
   4.18334
  20.21454
   6.51284
  11.29355
  42.17263
   3.53946
   8.53107
  19.81557
   3.36215
  58.30187
   6.57277
  23.85746
  14.98487
   4.02283
  52.13678
   8.74599
  29.69327
   3.48308
  49.62746
   7.24035
 138.25976
  62.39787
  19.75669
   7.26150
   8.80374
  35.82215
  28.96392
  14.81602
 191.96957
  30.49433
  36.11286
  10.11193
  84.32853
  41.59286
   6.50448
  21.87469
  25.93341
   3.23309
  11.07386
  47.49730
  11.32747
  26.40575
  11.83499
 135.19253
  18.48303
  70.91191
  91.40282
   9.07883
  19.57242
  47.38511
  30.75419
  22.71436
  39.08024
  71.52060
  15.94685
  21.35781
   6.99486
   6.26386
  40.22001
   3.22935
   9.78406
  53.74399
  46.88072
  56.39987
 302.23766
   4.25713
   8.85380
  27.50750
 104.69500
   7.71284
   6.85036
  37.11531
  16.85353
  43.22233
   5.50435
  82.75388
   6.85605
 167.32564
  10.00747
  24.79248
  48.88859
  19.82497
  22.01456
  30.72098
   4.45669
   5.59703
   3.59748
  33.39467
   5.86583
  28.96224
   7.49698
 103.50481
  23.24101
   6.79637
   8.48694
  10.43352
  65.79883
  90.38928
   8.00187
  39.43661
   5.01457
   9.56461
  36.26838
   3.38868
   4.21861
  21.72126
  11.04087
   9.87546
  31.25377
 153.93591
  26.01020
  77.02757
   4.47591
  39.07195
   7.26709
  17.88632
 233.59190
  43.77802
  44.28258
   7.51819
   7.58350
  25.10221
  14.73218
  10.79992
  48.13776
  19.21780
   8.81002
  13.86846
  99.68663
   8.70984
   9.65187
  16.82796
  43.06262
  13.92227
   8.65335
   6.80317
  21.08905
   7.63677
   3.94686
   5.56995
   6.38449
 131.56335
  22.58168
  62.40471
  46.45282
   5.66104
   9.80284
   9.66049
  12.91655
  37.54114
 200.80174
  18.02585
   6.36139
  29.40552
 133.47490
   3.35967
   6.13237
  18.92144
 103.26485
  10.38364
 150.64761
  69.70303
  11.09057
   6.99023
   7.24834
  11.19298
 107.01965
  18.99338
  29.38758
 120.82939
  70.06357
 165.07595
   9.27389
 112.13768
  18.24879
   7.30620
  34.15248
  57.08055
  32.64278
   5.99984
   8.39956
   5.54737
   4.25209
  60.70463
  28.24215
  72.87586
  20.83602
  78.85985
 410.32044
   8.07575
   6.84098
  12.60864
  10.04522
   7.94933
   4.90062
   7.34416
 140.18049
   6.62084
  16.29026
  32.18321
  39.70970
   8.49377
  37.03405
  16.62863
 143.42585
  15.15099
   4.78518
  34.14231
   6.53983
  13.12398
 108.39114
   5.03420
 223.44281
   4.96799
   4.81361
   5.96632
 137.37522
  13.64699
   7.59219
  12.72924
  31.60164
  83.81091
   8.75475
   8.33102
   3.91173
 114.05179
 225.53766
   7.50508
   7.20117
  18.91649
  13.89193
  65.35644
  10.66462
   5.87141
  33.90196
  28.73003
  87.01542
  15.04384
  27.40135
  53.47508
   7.30344
   2.86143
  58.56718
  27.07415
  17.21625
  38.29511
   7.43996
  72.31500
  52.61143
  24.83664
   3.93875
  17.62046
  10.18158
   4.20777
  12.66215
  23.08287
 158.59078
  19.91048
   5.01450
  26.55234
 267.16496
  16.51050
  25.32441
   4.64329
  21.34649
   4.23883
  16.44980
  10.22806
  26.77050
  55.83680
  53.78058
   7.02713
  37.71107
 113.94401
  21.03838
   6.46171
  24.41227
   9.43661
  58.52470
  38.53074
   7.95651
 123.54875
   6.44481
 105.29122
  94.06367
  42.70486
  11.97910
   4.67831
  30.94783
  13.10607
  18.60046
 113.01198
  11.04084
   1.21042
   4.75020
  20.25836
  16.42064
  17.35436
  13.65986
  34.72190
   4.90729
   5.01811
  43.59402
  32.23619
  20.67411
   5.40675
 169.43539
   8.04359
   8.09078
  11.37391
   3.61909
  75.18723
  71.00844
  25.16893
  47.79569
  61.18290
  47.16037
  14.39371
   2.43442
  71.81014
  15.41078
  87.30357
 145.03050
   8.24601
  21.93695
 103.22431
 134.86844
   4.95338
  30.25808
  11.03525
  82.27883
  31.18727
  82.67712
   8.47539
   4.25546
   6.90863
 136.01813
  19.55605
   7.82404
  37.73610
  10.66875
   6.80698
   5.45086
  20.36618
  11.17740
  50.07006
 105.33107
  15.25923
  63.97929
 325.67883
  30.54964
   7.40342
  18.00303
 165.86011
  39.22101
 162.45255
  16.75293
   5.04728
  37.76921
   9.85278
  62.22962
  56.57745
  83.06649
 135.04996
  90.01405
  33.94673
  24.19377
  11.42513
  55.57158
  24.49154
  48.28356
  11.38276
  52.96027
 194.88942
  31.83795
  10.83288
  99.48760
  12.61534
 177.93015
  15.34543
  10.87900
  31.31146
  22.03929
  41.56848
  74.44648
   4.69827
  13.96101
   6.41924
   3.61881
  40.59562
  21.52332
  24.38147
   4.76404
  23.65609
   8.47737
  49.11948
  58.06305
   6.09799
   6.94186
   6.04696
   9.78110
   7.54422
  20.01242
   6.80321
  45.33387
  30.77459
   4.59161
