  26.58153
  43.91045
  34.01457
 101.18569
  54.02448
  94.04235
 596.71137
  68.15986
  68.81332
  40.57923
 587.80044
 146.17866
 253.15594
 170.72292
  96.23941
  97.77799
 148.04377
  93.53428
 194.30505
 118.92534
 222.72497
 106.45114
 129.84301
  61.52702
  81.01489
 245.46908
 133.31564
 443.68421
  62.05930
   3.46777
 158.50236
 173.30687
  73.47830
  31.78537
  17.51666
 191.15957
  23.14652
  69.52722
  31.54580
  88.68369
  70.98658
 176.54935
  55.82217
  42.40281
 112.17473
  42.57723
 631.69956
  10.40287
 133.72832
 184.95729
  50.74945
 123.96347
  20.22656
  25.79432
  52.77151
   8.28672
 106.63575
 262.33821
 114.16377
  65.23225
 216.61217
  20.64832
 111.86322
  73.90624
  64.21768
  74.91129
  58.23095
 204.53888
 158.96377
  50.21830
  43.22177
 207.84553
  22.38906
   8.32707
  43.83675
 447.87516
  67.55102
  60.07570
 320.95108
  53.43128
 163.40135
  33.64778
  86.93201
 141.94126
 175.76330
  47.49089
 377.02491
 109.99422
 252.90949
  96.47123
 141.18506
 136.66680
  31.18874
 416.60486
 187.00398
  34.38759
 186.78871
  35.14548
  93.94609
  72.41119
 127.19633
  54.56805
  93.79706
  59.69881
  40.42677
  47.03377
  54.86206
  34.75528
 141.38754
 133.92267
 302.96303
  65.85231
  73.11372
  36.07481
  50.50252
  34.96594
  70.83982
 117.46399
  63.99936
 116.75325
