  30.24656
   4.39867
  25.83618
  15.35386
  34.95163
  12.47230
   5.75019
  22.90368
 109.83155
   5.81245
  96.14366
  39.53945
  33.62050
  47.00694
  11.59317
  55.47874
  21.32766
   9.57365
   8.41122
  11.95393
  15.02177
  17.74711
  32.87784
  30.36603
  73.31175
   7.06012
  22.66574
   5.57735
 112.93980
   4.24000
  18.74034
  11.66278
   8.97519
  30.24183
   6.31401
   7.21560
  14.28347
  44.91188
  53.01784
  38.15592
  73.05577
  15.64309
  30.75421
  22.69777
  26.78927
   1.41249
  60.22253
  15.39028
   7.14296
   4.34985
  16.68473
   5.79716
   6.14362
  61.71000
  50.28313
  13.41369
 112.01826
   9.41665
   9.77127
  19.48897
  80.15665
   8.65923
  45.18163
  22.36317
   5.30631
 102.67556
  16.43965
  16.47906
  23.46536
  65.68785
 228.42756
  10.34207
  36.54214
   5.97480
  35.17253
   9.33985
  79.68541
  41.61139
   3.37190
  16.70514
  22.88553
  10.03245
 107.71980
  16.60215
   8.70184
   3.85747
   8.37704
  22.99950
  19.74112
  25.82395
   9.42811
   8.65880
  36.88623
   3.61189
   6.96643
   4.74279
  55.72750
  22.87831
 193.36007
  32.27615
  29.68517
  72.89644
 285.04184
  10.42430
  73.40883
  36.82204
  13.65688
  13.22292
  33.12259
  10.13217
   4.00059
   5.45010
  49.42145
   6.98159
 109.86160
   8.01885
  11.21686
 120.45206
  31.68628
  32.00614
  19.76920
  41.92964
  25.84784
  27.45788
  36.07676
  96.03122
  75.98676
   5.06799
  17.59593
   4.44868
 210.64686
  11.69359
  51.24974
   8.60094
  61.61499
  37.74619
   6.89172
  93.00694
  35.51596
  34.24455
  19.72999
   8.97368
  24.26797
  28.58505
  29.85998
  27.09045
  42.51345
   6.32631
  16.48472
  71.68265
  13.26981
  39.81911
  23.75870
  18.42117
  46.97027
  32.60805
   7.99831
  22.79764
  14.13997
   3.20300
  24.76825
  21.44735
  40.70687
   7.22944
   6.81840
   5.82221
  47.92472
   8.87627
   5.78685
  38.92799
  11.47474
   9.22765
  28.17533
  60.25600
   9.17575
  28.26063
  15.69197
   4.69554
  47.07343
 113.17315
  48.85821
   7.61973
   6.28656
   6.02662
  68.49645
   6.15608
   7.32811
  13.74246
  62.52036
  34.10505
   4.30562
  44.85775
   5.11864
   6.16142
  28.40647
  42.25734
  74.17298
  35.79947
 166.60494
  21.39769
  56.98574
   9.36063
  75.49371
  13.32631
   8.69054
  25.45608
   4.86654
   9.14683
  73.71305
  16.29427
  11.48142
  88.70835
   4.47903
  50.15723
  20.24707
  76.44627
  47.77218
   3.57428
  75.66408
  51.95776
  21.40002
  66.03310
   2.19649
 154.43118
  39.77048
   7.89799
 141.10780
  53.99653
  52.30261
   4.02466
  26.93467
  13.98729
  67.77323
  16.54719
 159.83858
  41.93910
  32.14542
  16.20752
  23.51969
   5.16955
  10.79988
  16.02689
  19.05392
   6.05480
  12.32680
  26.19414
 161.99365
  19.95100
  10.07775
  18.01881
  63.85769
  97.67147
  44.52141
  34.23712
  66.44101
   5.45674
   4.50312
   5.42310
   3.74333
   6.98086
  19.44796
  27.59896
  31.04580
  45.11612
  10.20967
  35.63849
  41.72097
  30.99106
  35.75285
  49.20990
  16.05012
  23.45985
  10.43437
 154.68824
  10.40851
   9.28391
  37.45915
  19.85317
  24.71905
  48.70667
 270.41410
  30.39278
  23.83675
  10.90616
   5.71016
  28.88525
 112.80887
   7.61797
  36.28622
  23.66932
  32.97139
  10.04101
   8.67591
   8.43262
   8.09572
  17.79828
   7.12697
   9.33739
  14.96387
  10.42973
   6.94695
   5.46192
   7.03488
   3.44122
  61.62617
   4.62621
  25.86663
 365.16397
  11.34463
 137.26972
  36.16854
  11.72355
  10.00571
  31.76218
  38.09176
   4.97008
  14.88200
   6.46882
   5.24463
   5.74796
  61.65538
  24.75451
   3.17129
  45.17534
   5.19517
   9.85665
 165.46702
   7.98628
   7.27092
  67.26904
  51.43465
   6.00854
  27.30658
  24.61306
  57.86376
  19.36053
   4.32139
  17.55549
  18.17008
   8.76563
  23.36970
   5.95911
   8.77889
   6.66553
  25.70193
   4.47393
  64.72798
 103.63628
  18.13746
 183.09025
 116.28841
  26.87637
  29.51437
  16.36682
  39.27926
   8.36518
  23.49865
   5.61661
   6.19880
 125.26398
  23.92718
  40.57579
 164.56596
  26.42391
   6.65335
   9.99034
  41.95519
 135.63362
   7.64523
  15.94239
   7.74716
   7.50097
   5.87624
   5.86509
  59.58716
 118.80570
  39.31309
   4.67176
  10.08996
 141.52462
  32.05488
  36.31683
  19.79609
  67.25845
   6.38297
   7.70754
  17.73441
  38.14194
   8.59665
  11.97512
  82.76650
   9.86744
 131.40831
  40.08539
  23.97478
  84.10746
   6.74849
  51.51887
   4.70216
  26.82590
   1.88292
 100.56246
  39.14496
  68.73460
   9.21167
   4.54985
 297.25436
   8.50459
  73.40288
  41.18774
  90.02244
   4.50571
  33.39545
  90.91991
   9.37214
   8.09277
  71.76981
  35.65790
   5.74389
  14.62213
 137.48255
  21.03797
  28.29041
  67.52892
  40.75339
   4.46313
  87.96913
   7.79624
  10.20370
 162.18795
  12.14232
  10.22109
   7.47534
   4.38015
  69.13221
   3.54351
   3.70443
   7.30979
  44.17782
  24.00379
  58.62593
   4.14918
  26.55419
 200.85820
   9.34259
   3.90099
   7.55220
  60.69406
   7.25444
  21.59476
   6.09329
   5.91760
  14.19597
 672.66946
  12.48147
  22.25051
  11.69464
 246.90220
  16.21101
   6.02705
  26.93464
  29.39547
  10.94556
   8.60114
  16.88712
  22.84376
  22.62706
   9.72547
  14.84497
  36.37687
   9.53357
   9.51605
  22.14851
 135.53447
  19.07202
  43.30864
   7.79943
   6.38957
 299.56177
   6.17668
  16.97261
   7.70878
  62.24107
 179.09416
   4.03634
  19.58629
  47.41331
   7.92559
  51.07362
   6.17562
  47.69728
  27.15670
  20.60668
   7.90632
   5.78486
   4.43654
 227.18969
  24.78446
   6.99981
   4.84891
  71.66948
 110.56783
  25.60753
   9.77479
  39.73719
   5.84205
  39.28524
  61.83067
  10.55407
 106.06005
  34.84969
   6.45142
   5.72125
   9.19243
  16.20792
  11.84505
  23.01105
  38.94962
  89.26632
  30.71033
  32.31209
  50.73859
 229.57295
  63.71300
   8.21159
   5.51544
   6.51174
  17.31265
 102.63563
   8.77576
   8.69714
  10.53113
   6.72757
  40.52803
  30.68498
  16.42665
  37.52200
  26.13916
  36.50116
   7.10206
  80.49445
  22.26291
  11.15529
   7.32237
  10.90750
  88.35973
   3.43773
  35.58573
  29.15384
   5.14185
  32.75981
   4.12216
  14.31026
  12.30343
   7.42216
   6.07118
   3.83376
  27.37801
  11.02094
  30.50612
 101.87799
  31.57042
  41.38541
  15.39419
  47.72502
  23.36815
  12.70733
   9.58919
  18.94566
 114.65713
 498.16625
  10.28361
  44.64190
  10.12302
  47.31450
  18.67572
  11.75693
   4.78466
  52.97955
  10.11833
   4.33383
 108.31724
   6.85590
   5.47309
  58.17081
   8.75341
  28.71949
   9.52219
   7.65144
  73.33402
  26.41670
  31.48392
   9.60345
  48.07488
   4.38053
   4.81471
  34.37758
  43.37285
  32.57101
  23.88349
  92.22097
  61.02387
   4.37871
   9.15439
   4.03395
   3.74470
   6.56027
  36.95202
  61.79765
  11.75746
  55.68663
   7.57536
  14.13056
  48.22849
   7.70169
   3.79322
  86.46531
  79.02685
   5.41493
  19.15252
 111.18804
   9.54924
  10.49382
  47.46607
   5.46550
   4.65536
 138.97635
  91.06524
  21.11644
  12.60216
  16.10193
   6.55738
   9.61732
   7.16750
  32.29863
   7.42687
  13.39123
  74.47685
  25.23167
   3.87798
   9.92610
  57.99698
 463.65963
   9.40059
  48.07994
  20.50816
   3.45918
   6.19782
  68.49850
  36.45432
 142.78312
  12.83876
  11.77259
  18.50910
  40.14120
  56.81194
  51.61560
 106.50246
   6.63574
  18.25107
  20.11375
   9.65925
  10.57326
  10.07415
  12.69225
 174.71343
  97.45142
  25.01958
   5.33094
  29.88127
  40.86010
  30.27851
 419.00628
   4.80223
  40.99551
   8.45029
 107.66027
  15.81502
  38.15981
  12.95021
  32.20160
  33.37399
  36.26132
   5.50175
 130.61594
  83.06003
  14.31146
  11.84275
  94.19475
  35.90683
  15.10526
  23.44763
   4.58290
 208.19910
 101.25331
  16.11786
  19.27891
   4.35479
  20.81089
   3.69789
  48.12198
  14.97078
   6.31037
   7.22807
  25.63815
  38.82719
  26.31596
  12.00426
  42.17045
  12.64686
  24.54957
  34.96499
  15.92481
  87.05211
  64.72069
  32.25381
  42.53479
  28.57314
  26.01276
  45.72653
  58.46687
   6.52550
  20.35925
   6.18559
  14.71106
  21.46333
   5.11342
  71.52412
  34.79387
  38.91368
  94.02279
   4.49648
  51.73383
   4.54196
  21.11155
  53.91122
  23.02269
  20.99604
  25.38243
  15.58113
 106.12818
  33.37607
  30.08668
  11.97698
  91.99133
 128.63441
  60.82674
   9.00972
  60.50039
  36.08817
   5.12926
  69.00358
  28.79378
  17.18536
  89.02590
  18.11913
   5.19048
  29.44539
  79.32753
   7.79539
   6.17342
  20.29165
   4.31554
  42.07463
  23.32617
  16.66032
  41.09524
  25.14380
   4.34278
  47.97945
  22.65764
  40.87739
  52.96736
   9.54210
  42.80327
   6.10435
   6.15465
   8.32900
  66.47590
  22.09111
  31.47473
   4.31956
 160.11870
  68.03844
   4.34546
 130.68863
  41.32641
  48.75301
  33.05037
  27.37055
  30.18834
  32.99306
  36.50474
   5.11511
  42.73405
  98.28283
   7.04098
   5.91101
  58.65995
  33.52899
   6.22355
 128.15459
  51.99446
  78.90570
  10.45633
  37.23906
  45.50233
  25.82327
  45.96987
  38.98982
   8.72879
  30.81890
 147.04117
   8.14152
 156.07105
  13.69949
  28.86740
  51.39658
 106.45231
  22.20992
 518.46699
  21.24221
  20.10423
  20.31344
  13.25243
  18.22312
  41.02521
  31.39386
   6.23849
  22.67848
  20.93622
  15.34891
  10.82045
   3.48034
  26.13777
  62.77231
 140.91132
  10.75101
   5.70450
 133.21078
  22.86453
  68.08846
  23.92437
  60.62546
   8.35382
  38.31193
  92.51860
  17.21231
  36.13106
  18.73902
  75.53101
   7.97830
  68.78755
  32.08964
   6.87317
  89.93348
  15.81821
  10.70631
  76.70947
  31.48782
  20.22794
  30.80855
   9.37108
   3.85981
   5.77189
  12.95595
  43.24944
  30.08536
   6.77473
  43.95221
  15.75093
  30.10270
  10.46832
  12.01166
 137.53127
  98.83998
  19.86482
   4.46124
  24.07874
  16.09704
   5.44327
   9.97173
  49.03669
 137.06960
  17.41417
  68.17390
  30.61828
 246.28423
 201.92252
   4.75549
  21.25224
  99.95100
  17.78162
  74.31046
  18.91144
  23.01480
  56.47010
  18.84402
  47.14618
  15.82693
   5.34360
  95.08626
  12.55617
  22.71774
  31.63662
  16.17392
  25.50001
  46.45069
  80.72942
  35.06274
   3.81265
   4.05561
 124.80421
  58.90496
  41.38488
   9.54082
   6.73885
  50.13022
  48.74473
 183.62423
   4.58600
   8.39874
   5.50999
  21.60856
   3.43411
  72.56026
  52.95396
  88.99042
   7.12676
  47.83935
  64.65797
  21.84666
 109.11353
  15.04707
   5.87805
  19.13330
  20.36787
  29.52819
  64.19153
  23.60862
   2.95568
  78.96845
  18.69546
   5.52634
   9.53767
  52.61719
  40.12985
  79.57536
  80.10286
  16.72282
   3.23126
   7.35423
   4.41699
   4.82622
  17.62344
 108.26253
  11.39403
   6.79087
  28.11783
 118.10797
   5.65665
  35.95660
  28.15138
   4.00597
  52.48790
  11.97795
  35.39477
  41.40697
  11.80790
 339.87336
   3.52349
  13.96682
  90.64016
  58.67073
  24.23773
  41.26612
  76.11193
  48.02838
  27.03667
  25.94674
   5.28659
  85.09323
  22.58006
  16.05972
   9.56163
   5.65693
  29.43607
  20.92149
  95.60714
   1.71183
  22.53677
   3.64991
  12.36425
  17.96823
  60.17737
   7.72335
  35.32877
   3.63913
  28.89206
   7.12870
  20.21928
  13.15372
   8.95272
   7.63810
  31.42883
   5.75030
  14.97027
   7.45172
   6.12833
 148.95259
  21.04533
  47.02347
  15.50736
  12.63797
  45.38608
 195.58278
  63.27420
  50.91580
   9.24725
  48.97047
   7.95323
 108.82770
  37.22311
  50.68208
   7.72956
  19.16211
  15.55362
  55.80196
  47.76748
 193.56942
  56.39910
  22.01812
  82.26307
  20.53230
  13.03890
   6.88203
 264.67237
  10.97554
  19.60680
   0.90822
  16.88566
   8.91991
  16.88623
  20.93452
  13.50220
   4.69646
  33.48709
   6.52261
  13.40203
  14.68778
   5.72587
  28.44336
  21.48800
   8.23561
   8.51492
   8.45965
  12.30557
  47.83453
   7.42851
  69.62581
   3.34048
  31.32894
   7.15624
 231.53387
  38.48930
  34.79722
   8.18293
   4.92038
  23.43565
  10.21572
  71.17125
  27.82350
   5.03828
  22.91606
 100.97963
   3.47183
  24.22824
  11.49635
  16.60109
   5.15032
  35.43907
 125.22252
  14.91298
   3.40397
 138.10897
   8.66692
  27.54956
 213.93006
  29.83087
   4.79682
   5.61377
  56.12361
  10.70149
 147.67272
   6.29735
  11.30901
  43.20526
 832.33077
  15.16193
  36.99291
  15.09277
  74.18021
   7.99919
  12.04397
  30.43142
  45.14719
 116.27123
  41.60982
  29.11081
 101.19111
  19.36759
  30.95311
   5.30760
   5.33430
  47.20328
   6.81330
   6.16224
  59.93567
  36.74198
   6.98618
  48.74580
   7.51575
   6.73132
  12.24142
   6.01217
   3.77068
   7.43744
   6.26211
 194.20375
  33.90702
  17.69464
  66.95078
   9.00952
  41.17255
  51.94880
  56.55341
  16.19326
 586.43078
  43.51271
   3.90450
   8.28340
  54.00099
   5.11870
  78.34685
  68.06599
   6.73597
  25.60506
  35.49451
   5.03407
   4.65996
   4.05847
   4.21998
  32.48270
   6.58899
   9.45453
  58.87245
   5.84686
  32.80882
  31.16324
  43.60515
 110.34693
  11.91576
  58.62932
  16.78548
  12.56506
  24.09656
  11.36295
   5.04097
   5.45543
  39.87790
  15.00817
  27.56222
  68.57499
 102.32241
   6.31177
 137.07772
  13.53711
   4.99211
   6.21990
 114.71369
  10.56172
  14.95998
  13.83512
  11.87805
  14.86562
  11.74734
  26.31269
  12.38112
  52.85080
  78.48418
  83.28991
  26.52754
  27.39773
   5.65699
  18.42586
  27.57568
  21.26449
  86.30479
  30.97642
 101.62333
   7.56293
   3.45457
  41.96334
  11.07039
   4.71079
   8.39133
  24.48118
 106.29581
   9.39729
  27.33802
  11.90664
  32.36839
  16.52596
  14.95651
  68.47402
  44.30230
  34.96508
  28.46363
   4.23195
  21.05664
  96.85307
   8.16585
  70.17163
  22.47637
  89.64734
  16.49653
  67.72007
  53.16127
  32.29701
   9.74536
  23.68213
   7.45906
  24.67808
  13.06924
  34.80112
   8.93509
  26.18593
  26.16257
 125.33711
  18.39078
   6.53058
   9.39935
   5.11688
   3.26136
  99.06152
   6.88044
   7.76287
  46.24545
  21.02248
  36.56510
   7.53873
  12.29052
  12.42964
   5.58724
  83.78789
  83.07544
   8.42093
   5.67380
   5.62336
   4.89006
  33.82341
  13.05721
  36.78455
  21.14614
   4.98504
   6.88837
  30.89524
  39.33368
  39.26947
 139.40928
  78.30516
 146.13106
  21.02228
   6.57740
   3.46959
  20.43986
  98.84487
  12.34375
  58.37224
 239.55010
   7.11331
   1.24900
  26.79709
  12.52936
  47.08533
  41.35377
  33.54699
  16.63972
  14.76419
   8.62081
  39.06632
  80.24252
  45.65729
  13.10916
   8.97119
   3.73605
   6.17810
   9.36993
   9.01089
   7.62775
  98.30066
 199.48083
  41.29818
   5.77742
  26.89390
   7.77434
  31.26510
   4.23763
  46.00368
  68.64125
  15.31138
  97.41733
  31.44895
  15.30107
   6.98341
  28.08574
  27.01135
   6.97563
   8.12392
   8.55640
   9.03393
  69.06036
  34.19865
  12.21131
  50.98259
   3.93070
 238.95185
   5.38168
   9.73567
   5.95068
  31.92623
   4.83679
   3.99847
   5.54450
  24.53419
  22.73314
   6.19932
  26.78361
   7.22443
   5.20874
   4.87049
  41.24801
   5.47715
  15.41351
  48.54936
  64.84732
   4.10369
  15.63392
  94.88885
  29.63416
   3.53444
   5.97484
   3.83146
  45.10242
 158.15199
  26.97561
  30.64952
 123.03081
  39.68217
   6.84119
  18.61996
  12.65845
  13.28774
   9.58788
  43.45872
  44.21701
  12.04035
 128.47466
  38.88183
   6.20521
  34.66584
  55.72267
  25.54543
  59.29385
 120.00039
   6.21279
   5.43334
  34.35769
  32.59669
  61.24920
   7.73310
 159.35934
   1.24989
  59.50789
  28.43682
   8.98376
   4.82396
  23.52172
   6.06068
   7.76245
   7.68696
   8.93507
  13.08883
   4.43450
  10.55319
  24.79816
   8.59575
  50.92523
  64.95360
   9.00868
   6.57616
   3.89533
  44.75722
  40.35260
 116.97483
  78.90053
   8.88286
   6.12417
   8.16764
  45.43703
  21.72956
 317.96357
  28.24200
  19.72676
  64.06227
  12.77871
 223.59303
  25.05152
  29.14324
  10.78788
  13.41929
  29.37615
  16.55981
   7.40016
  28.57963
  38.24623
  12.97594
  30.72132
  12.68921
   3.32778
  25.95624
  41.90806
  22.68978
  24.85202
   7.20021
   3.75345
   4.51128
  14.98582
   6.16071
   8.68128
   7.59042
 100.66704
   4.61133
  57.22179
   4.30660
   7.71162
  19.39711
  14.32295
  20.54250
  53.53544
  45.93006
   4.63309
  15.67362
   6.94435
   9.50647
  25.40895
   4.37048
  39.61925
  13.07068
   3.74268
 134.55099
   3.73945
 202.61049
  88.12029
   4.76684
   8.71447
  10.64665
   7.38637
   8.49441
  27.11588
  87.36013
  19.44944
 427.33443
  19.74680
  10.99371
  21.63753
   7.30969
  96.37253
   0.88487
  14.44141
  21.66008
   9.31443
  11.14915
  12.36589
 162.20302
  42.22085
  29.59634
  13.75818
  35.12436
  14.03790
  30.67836
  80.34067
  13.64361
 114.42483
   6.80674
   9.25065
  29.18706
   5.49929
   4.05628
   6.00779
  24.72319
  33.05580
 102.58886
   4.70455
   3.32891
   8.15180
  53.56838
  18.98449
  24.95279
  14.71103
  32.83829
   6.12735
  16.58244
  10.92090
   6.66228
 172.88133
  24.21361
 335.78666
  61.96199
   7.88167
   9.95493
  21.69235
  25.00887
  57.57091
  18.05274
  53.57318
  51.10513
   8.86246
   5.98928
  39.93212
  25.40910
   5.21789
   5.56373
 229.74752
  12.99653
   2.51628
  30.67738
  35.25149
  73.17939
   4.94708
  59.71941
  54.19130
  10.73440
   6.32606
  41.34799
   4.94015
  24.34632
  96.95323
   8.88397
   5.87419
  64.86289
  10.28320
   3.22760
   8.09214
  24.15511
   5.82308
  90.78460
  31.90350
  34.63261
   5.60698
  32.11889
   5.68580
  84.89061
  22.88915
  41.93681
  72.44185
  33.06919
  12.58389
 131.81031
   3.98051
  56.21505
  62.60582
  17.24359
   9.47815
  72.33546
  18.48112
  71.61941
   8.41937
 127.58822
  84.38444
   9.03909
   6.05141
   5.93023
   4.62813
  13.23517
  42.03089
   7.46848
   9.02450
  48.91724
   4.03088
 114.79912
  23.62801
  15.75390
  64.77388
   5.45883
   3.29306
  31.51093
   9.96278
  17.70434
 229.30090
   6.81550
   3.11789
  40.60542
   8.03689
  15.70320
  34.42338
  20.78633
 159.85721
  82.24659
   7.36026
   5.58786
  22.74464
  59.81283
   8.93289
   4.98050
  34.69713
  29.71607
  84.21381
  40.08530
  12.78179
  64.31184
 103.54121
  26.57311
   8.30157
 126.44254
   6.11481
 192.99366
   7.09375
   9.45818
   1.93259
  86.90805
  11.12518
  21.48088
  79.23534
  12.65354
  15.44827
  51.69643
  10.77413
  65.35575
   6.05288
  78.29671
  11.45233
   6.02634
  11.26939
  12.84726
  13.31405
 108.41378
  77.48707
   5.88299
  29.47086
  26.34563
  22.22869
   7.46281
   3.29561
 277.47415
  12.13723
   6.16993
   6.04365
   8.97645
  27.26656
  95.41036
  14.12225
  16.81122
  21.87204
  26.26138
  65.66973
   7.63191
  87.84607
  13.36908
  11.56226
   7.33159
  33.24621
  57.08556
  20.56972
  14.00898
  31.64055
  15.35519
  68.22977
   3.83627
 278.03468
  29.88409
   7.09841
   5.16840
  77.89799
  11.12807
  16.17406
   5.71438
   4.15361
  22.17798
  85.62068
   9.21587
 264.14619
  16.26272
  10.38785
  41.35864
  13.03605
  15.11019
   8.86210
 113.92049
  10.16344
  65.42419
  11.36568
  41.84724
  36.14833
   6.33577
  73.66861
  30.94795
  12.88971
  11.16069
   7.09736
  97.13374
 109.99515
 101.04974
   5.75335
  29.76170
   4.80871
  10.62388
   7.67710
   9.57420
  76.85626
   9.81628
 223.17924
  45.31923
 130.13374
 142.57762
  47.71847
   7.62656
  90.33052
 199.03712
  57.33156
  16.67860
 199.62837
  10.96662
  19.93279
  16.47395
  35.07010
   8.26659
  20.05441
  25.20025
 165.42619
   4.39695
 428.19317
  51.46849
   4.30554
 114.79443
  28.22894
  31.14664
  38.23487
  19.34324
  38.01444
 124.60945
   6.32909
  31.79314
  24.94280
  25.30286
  32.55061
  97.06675
  16.66655
