 186.17859
  52.77993
  25.30936
  87.66139
  10.18350
  10.28652
  20.79813
  13.66304
  75.31523
  15.83746
  16.37711
  15.78421
  28.29143
  25.94129
  35.58370
  12.83259
  51.42968
  29.39996
 371.66668
  23.54437
 135.62299
  19.03546
 169.78103
 163.14845
  91.25014
  11.82909
  27.52335
 219.93257
  13.31832
 164.17739
  73.57057
  53.27767
  95.98628
  72.60974
  13.73566
  11.29831
 249.08256
  23.54279
  75.87390
 147.12344
 120.28610
  12.51696
  46.92562
  40.93148
  36.76194
  90.66605
  23.68904
  11.43312
  12.37549
  15.82284
  10.02182
  59.55772
 167.80204
  11.26673
  14.72994
  18.57070
  95.41146
 186.93844
 220.68904
  13.21766
 227.29519
  17.61582
  32.84687
  54.05928
  12.00914
 140.91129
  38.68229
 196.96601
  15.10878
  13.58389
  15.82438
  22.27492
 166.41708
  60.23094
  15.85396
  16.42558
  24.04440
 105.35457
  13.87532
  23.33946
  28.17452
 102.17580
  16.76317
  17.02764
  81.82451
  19.51822
 173.13695
 123.39329
 119.08112
 119.55845
  83.33908
  62.05227
  39.93598
  75.08205
  31.04985
  11.87225
  20.75156
  84.30947
  14.09469
 111.24154
  39.54639
  70.38618
  48.75314
 139.06530
  84.10675
 861.69604
  59.70729
 129.71173
  28.81856
  21.18393
  52.57991
  17.02589
 151.29282
  47.68488
  18.93806
  12.31726
  10.92682
 179.57137
  16.40872
  11.84962
  25.37575
  18.62015
  57.55431
 130.50295
  26.15322
  52.58631
   5.72258
  23.19010
  17.33729
  39.72528
 104.14575
 158.07837
  82.40270
  69.80641
  29.19419
  26.71223
  25.04500
  10.19142
  11.34456
  17.88067
  19.62280
  98.63804
  32.31523
   6.68985
 110.23676
 161.35415
  34.67575
 269.31586
  27.06875
 143.53991
  32.54053
  29.73447
  13.83302
  44.96554
 163.83825
 169.72581
  12.65866
  42.49631
  72.55524
  81.94371
   5.84677
  14.76959
  21.45823
  19.44789
 120.10043
  60.27656
  25.95539
 285.76440
  12.52956
  19.35806
 390.50172
  19.58428
  98.73042
 177.85259
 130.12865
  66.34070
 143.91674
  37.17466
  35.88197
  16.46926
  12.51928
 202.96759
  11.40080
  11.32445
  13.34784
  93.20021
  10.65837
  57.24886
  74.13458
 151.99880
 282.75967
 152.24582
  43.29936
  21.45859
 248.15866
 136.18604
  12.80581
 102.88015
  52.95239
 143.65717
  24.36488
  26.88989
  22.11850
  11.46463
 116.36958
  22.81820
 111.37423
 160.91182
 114.82130
  90.96834
  10.18174
  20.93729
 372.94275
 122.48534
  12.66053
  13.60267
  69.88740
  25.71654
 133.42873
  47.60013
  14.58161
  32.45683
  25.04275
 135.24300
  28.37770
  10.58745
 160.61933
  65.11714
  10.77097
  59.27521
  39.47880
  35.14587
  32.16588
  34.20983
  40.43577
  87.77763
  34.25730
  55.83175
  36.75700
  21.30826
  13.23486
  86.23614
  29.02462
  12.61681
  96.46847
  11.54720
  28.73358
 114.60289
 190.00045
  23.64108
   9.35615
  86.16799
  31.47669
  34.59074
  15.90624
 198.58147
  88.19736
  64.80245
  83.64350
 100.84125
  23.28050
  57.51870
 109.58504
  91.62872
  23.59706
  88.25051
  70.92263
 113.13405
 117.13470
  75.39149
  14.54205
  22.66737
  27.34329
 173.45167
  30.02595
  68.00202
  27.89340
 252.80122
  21.21768
  33.98886
  73.88626
  73.66114
  13.80765
  23.91868
  11.08087
  21.28294
  27.72359
  70.41419
  31.24774
 209.49745
  13.59001
  14.52121
  77.80927
  11.55573
 475.53767
  12.63013
 111.79991
  72.73092
 142.65311
  22.96715
 413.31951
  39.45197
  11.02865
  87.88541
  23.28451
   6.52979
  13.86797
  12.93432
  36.54546
  10.15034
 148.47051
  10.69153
 122.55749
 110.55884
  22.01760
  57.55903
 107.57613
  18.36684
  32.54906
  16.80274
 261.11271
 179.92390
  14.16057
  54.06526
  20.83321
  78.97873
  21.09604
  68.49090
  92.82116
  26.98298
 187.02495
  97.72914
  42.99025
  46.51209
 101.35522
  22.90579
  22.25450
  84.63625
  31.95426
  55.65729
  29.55018
  56.03939
  14.91467
 156.38384
  68.64554
  86.26868
  39.04476
  91.45317
  16.91829
  22.16681
  22.75221
  37.80941
 132.93455
  49.99954
  56.31485
  43.74873
  25.27324
  27.71358
  27.80790
 140.03418
  45.19993
  18.76121
  20.65925
  12.06042
  56.33102
 168.42842
  25.66689
  13.82680
  10.37212
  17.10162
  91.38803
  97.44820
 101.17928
 145.06618
  84.85943
 125.00915
  16.37651
  28.35438
  12.95779
  12.11711
  93.59513
  29.01541
  52.81288
  38.79372
  42.05632
  10.82435
  10.16233
 110.82816
 110.09445
  33.15567
  51.82105
  18.11003
  17.10840
  67.70621
  30.97581
  11.59728
  13.09083
 122.52305
 240.55539
  11.34410
  16.02703
  13.41580
  16.28862
  17.08427
 933.44117
