  19.80515
   7.02013
   9.16749
   7.16864
  20.28501
  24.84645
   4.01535
  15.50528
  12.48770
   8.85046
  90.14118
  35.72552
  31.13829
  10.83061
  17.37454
  14.40487
  13.49659
  10.78947
 171.25637
   9.46431
   9.45371
  12.68962
  55.67749
 127.49952
  61.22052
  13.61361
   2.67832
  50.78787
   4.25510
   4.54786
   4.93270
  25.62299
 136.30122
   5.32034
   8.14711
   5.44133
  91.68023
  11.96355
   5.42087
  20.02725
  48.41263
   7.73446
  29.63340
  33.69916
 220.21328
   5.80643
  26.44792
   8.64313
   5.75430
   9.57749
 315.44178
  17.26279
  39.68600
  80.99989
  47.71775
  10.04464
 205.55928
  42.20467
   9.67517
  14.22861
   5.39969
  74.57013
  66.80459
   5.13165
  14.60741
   4.61492
  15.60152
   9.17764
  12.95075
 120.52901
  13.45682
  37.10635
   5.38355
  14.38270
   8.00424
  32.21938
   7.46379
   5.35965
  51.20561
  69.44923
 104.18303
   7.12863
   3.40374
  23.25669
  70.30590
 128.91434
   6.46741
  45.42772
  50.78711
   7.69839
  43.85843
  23.50813
  13.60695
  52.66310
  41.49647
  35.59820
  27.52072
   5.10138
  26.61868
   4.17131
 128.20447
   9.72878
 177.10109
   8.40507
   5.45015
  12.21021
   6.25300
  10.21532
 112.39439
  25.63165
   4.15374
   3.15643
 103.32504
  49.91772
   4.27773
  50.00350
  47.72511
  21.93509
  19.81267
   9.74857
   6.60338
  32.54681
  34.60658
  18.87951
  49.49822
  24.94787
  85.28881
  34.12259
   5.63563
  19.66829
  14.86992
  11.44821
 161.90206
   7.93738
   5.66202
  22.22295
  18.46330
   4.94045
  28.67438
  51.44086
 216.83594
   4.70964
  33.76610
  18.73251
  28.69423
   4.88976
  35.70616
  69.59934
  10.50186
  33.62816
  44.36652
   8.05996
  83.68764
  11.46753
  60.02018
   7.26721
   6.70049
  14.99132
  11.78704
  34.41406
   8.92128
  93.02112
  26.16695
   8.52470
  11.15700
  16.45109
  30.92009
   8.53445
  48.69295
  13.00007
  29.73097
   4.84353
  20.86500
   3.64991
   5.87000
  61.94965
 215.29843
  10.57638
  13.52743
  43.25469
   6.36693
  30.31776
  17.60942
  11.77435
 119.09941
   4.27171
  12.69269
   3.99487
   5.91171
  26.62209
  62.09157
  21.94553
   4.20344
  11.97611
   7.10431
  11.95156
  53.37712
  55.17652
  30.48751
   7.33825
  22.99606
   7.36590
  23.35438
   1.77171
  72.06470
   6.13491
  10.69155
  17.69435
  60.15984
 166.60430
   4.58277
   4.46471
 142.06986
   7.67320
  20.71764
 221.33503
  70.09563
   5.58545
   8.24373
   7.43906
  12.35802
  35.13074
   6.45565
  62.00053
  11.56043
  32.83652
  13.14872
  13.20558
  52.88102
  14.59997
  27.27422
  22.69909
 101.63703
  64.09138
  67.94751
  34.18409
   3.56190
  23.60594
  58.20115
  12.24912
  29.10203
  12.31573
  53.02123
   6.30916
  68.75165
   7.67152
 160.08015
   7.16589
  10.47837
 109.02259
   4.49144
 211.02669
   7.10077
  10.66495
  34.88473
  24.79852
  30.19610
  34.89484
  16.73310
  58.26170
  70.88289
  10.17617
  18.47953
   6.14915
  81.67733
 317.61181
   7.50245
  89.88486
  47.36219
  15.38039
  32.36208
  92.91918
   8.87409
  30.31170
   3.40594
  23.15643
  11.87846
  52.14858
   6.04574
  46.65999
  12.23538
   6.90296
  40.51663
 101.20265
  51.74628
 102.95610
   3.89425
  13.32533
  94.02453
 112.76546
   6.23026
  34.24159
  33.58880
   4.45764
  11.08619
  12.72878
   8.22025
  21.68351
  59.87796
   4.26237
  11.52231
  15.80529
  42.97346
  22.95705
  31.39012
   4.38530
   6.32616
  68.70840
   7.52394
   3.36426
   6.18566
  60.94002
 215.84423
  11.14229
   5.23648
  89.94220
 281.13217
   6.33321
   9.15995
 213.04614
  49.90318
   6.47696
  30.35586
 215.68645
   7.29629
  16.08338
  16.08645
   1.57973
  39.19239
   8.31108
  22.40115
   6.93577
  21.95736
  56.01213
  17.07904
  30.87578
  90.51871
  74.65944
  45.16173
  15.81669
  40.33667
  21.41815
   7.13845
  37.62051
  63.87422
  20.04328
  10.84583
 197.82585
  30.86697
   5.53700
   3.30914
  11.46344
   8.12014
  32.80211
  15.85216
  13.24871
 302.52128
  64.10060
  19.50546
  10.04249
  16.51584
  84.72867
  30.79897
  49.88668
  10.65908
  13.03716
  74.27826
  85.36592
   8.15192
   6.50268
  15.23596
  15.22977
  77.44513
   7.25497
  30.98930
  70.43057
  91.98073
   5.39332
   4.77938
 227.32619
  17.99634
  43.24368
   6.28152
  19.87130
  17.84159
  70.41455
  16.51667
  41.12854
  27.98272
  90.94650
  43.06625
   6.92566
  31.99580
 225.38111
   8.11203
 139.04776
  29.05181
  60.29502
   4.40935
   6.18918
  10.11457
  11.14118
   9.77979
  33.02473
  41.23702
  14.43053
   5.28840
 180.17798
   5.46294
  59.76931
  27.30292
   6.91999
  10.93967
   5.59664
  48.52278
  28.37483
  10.48700
  70.17004
  12.93529
   4.02449
  12.33933
  29.81795
   5.10779
 157.92512
  22.92823
 131.24340
  18.91415
   5.32064
  29.67724
  33.89967
   8.28613
  14.80998
   4.58580
  34.07190
  15.06523
   9.66705
  12.33644
  87.47349
  31.28128
   8.88000
   7.71355
  30.36613
  40.08314
  72.96858
  23.59342
  29.10724
  28.35123
   9.50679
  27.36419
   9.34054
  20.51843
   6.82841
 101.65895
   9.17329
  23.40657
 115.95592
  28.62153
  16.54855
  19.80969
 151.20923
   5.76305
  23.39560
 119.06225
 201.72039
  22.06827
  52.65326
 119.02991
   8.52051
   3.16091
  12.30753
  31.75352
   6.92451
  40.54601
  10.09508
  38.29584
   6.28513
   4.87038
  12.28682
  12.27692
  38.05917
 122.10944
  12.20554
  42.94549
  33.82551
   4.69192
  32.46680
  14.87453
   4.88997
  25.06833
   8.23111
   8.96042
  85.10175
  44.84661
 229.45634
 143.21097
  33.43695
  11.07155
  15.20345
   7.15030
  51.82411
 195.61353
  26.05110
  10.25010
 111.97736
   4.56931
   6.95695
  74.25187
  91.78653
  34.17397
  99.42999
   4.99563
  34.82926
  27.54658
  26.66560
   7.69836
   7.97141
   5.46123
  66.06740
  73.23515
  10.91103
 125.71496
  85.11592
  22.82624
  20.60855
  16.90460
   5.44607
  31.23361
   5.20202
   4.47117
  29.59466
  22.23484
   7.17124
   8.77612
  35.56547
  11.53640
  15.27854
 135.87288
 321.08411
  34.10399
  34.47627
  12.74531
 163.91426
  54.81374
   9.05476
   1.60906
  18.31373
  59.59346
  52.60670
  30.16636
   7.91199
  82.91235
  47.15528
   3.89955
  86.53016
  11.78321
  12.84293
  36.06684
  33.22942
 141.74055
  25.05449
  62.60011
  32.64788
  36.60190
   3.32447
  19.04622
  15.50907
   9.09777
  53.81325
   4.37466
  17.25632
 107.19037
 103.01304
  28.55292
  10.36935
  96.31486
  60.17728
   7.26906
  65.98497
  16.66990
  10.06207
  25.98446
  24.84995
   5.76300
   5.51999
  29.03940
  10.34534
   5.57634
 153.54581
   9.22118
   6.99585
  43.64431
  14.62387
  18.17849
  54.87014
   8.63554
  62.22289
  15.53366
  22.01049
   6.67495
  17.21412
   4.82697
   5.21067
   3.92788
 109.20057
  20.05995
  14.51169
  16.80081
 163.10719
  77.19213
  49.35764
  12.47437
   8.23860
  89.01474
 116.48331
  13.46593
  32.62938
   5.49434
  13.70464
  76.13743
   4.51413
  25.02910
   8.16201
  35.16543
  11.38927
  16.28992
  73.09271
  89.07038
  28.82892
  70.44488
   5.07195
   6.74459
  21.23832
  49.21017
  28.92436
   4.34817
  29.51752
  54.15748
 111.13437
   6.94961
  49.89760
 246.41343
  20.47928
  10.95054
 111.17898
  38.67220
 101.28153
  11.32170
 103.09516
  89.39417
   5.91248
  10.53400
  17.75533
  33.63819
  19.36511
   9.30105
   6.77607
  48.76607
  10.93761
  36.86813
  53.60527
   6.47082
   4.83689
  10.04264
   5.54083
   7.13151
  13.30958
  22.19733
  36.64478
  19.94401
 131.67826
  66.12135
 157.71598
  16.47804
   9.35339
  10.89248
  29.86914
  10.12185
  79.47694
   7.37251
   9.93328
  30.62138
  61.45705
  56.54369
  24.77338
 479.93279
   2.63576
  10.21806
  71.45810
  33.66497
   7.59999
  12.28803
  15.45575
   4.43887
  46.14778
  42.23763
   3.88175
   4.86648
   3.10415
  28.92280
  23.22354
   6.06202
   3.75678
   3.47883
  22.46222
 264.23189
 128.13918
   6.56500
   5.81032
   9.45438
 163.06336
  33.29254
   7.51285
   3.74170
   3.99876
  15.44568
 197.13455
 321.07818
  49.99756
   6.30367
  44.71193
   5.50504
   5.99912
  27.19558
   5.56771
  15.02952
  14.57976
  18.19568
   4.08555
  53.75436
  26.73443
   3.14489
   5.27170
   6.52935
   7.51272
  10.24588
  28.90489
  61.73452
   9.53835
 164.28690
  21.67746
  13.11472
  51.07011
   5.19127
   7.43204
  17.64358
  22.47694
   9.09600
  11.43024
   5.63546
  23.85444
  41.60812
  15.99873
  10.99323
  34.61521
  10.34900
  22.53373
   5.54805
  24.84810
   7.07485
  11.48095
  14.04729
 203.94873
  92.39418
  97.91343
   3.22651
  94.49856
   7.29691
  94.57486
  77.15803
  15.78366
  81.19841
  39.19920
  64.43921
   7.71889
  14.14008
  22.95600
   4.81974
  10.23184
   7.90309
  18.73205
  14.46185
   4.39318
  18.07219
   4.27862
  11.28111
  23.96246
  31.44051
   7.35814
 148.33769
   4.98038
  24.71419
  27.21988
  27.32588
  35.23929
  15.75284
   7.81769
   9.69504
  10.08724
   5.17802
  12.04098
   6.49743
  23.68874
  29.84735
   8.87642
  33.83812
   8.21881
  27.16796
   6.12784
  14.62701
 212.09480
   7.30890
   3.80123
   7.64160
  18.02054
   3.59612
  17.51866
  25.60347
  18.34355
  11.33113
   9.62803
   4.85645
   3.99339
  12.65073
 147.13920
  59.38492
  10.39205
  52.16174
   8.88472
  30.15891
  10.13204
  73.48092
  47.52364
  15.08131
  19.02040
  23.66942
   6.84954
   8.81471
  20.86556
  19.68112
  27.43575
   7.47952
   8.32537
  10.17414
   8.76225
   5.22204
   7.45079
  14.95438
  39.93885
  22.28711
  80.80790
  51.15708
  63.59850
  71.25995
  45.43876
  54.37048
   8.14792
 189.14351
  22.51926
  38.80120
  36.45704
  73.50016
  20.25785
  19.68158
   9.55916
   5.48745
  38.33961
  10.89268
  67.79502
  10.39079
  28.14712
  64.63818
   5.88926
  23.82416
  23.51862
   6.79067
  63.87470
  17.30778
  24.80256
   7.59937
  21.65816
   9.25248
  24.99846
  17.32105
 113.31010
   6.03155
  17.96491
  17.17291
   4.63281
  98.90807
  12.16088
  45.51578
  17.95408
  44.23653
  90.13698
 110.06003
  27.30123
  31.94060
  34.49491
   5.10274
   6.24231
  29.90776
  23.12217
  22.26887
  29.45403
  10.85022
  14.91488
  55.26446
  16.32675
   6.87834
   7.23814
   7.66041
  34.17333
  55.57193
  31.40846
  42.24135
   4.33921
   6.68596
   1.07077
  13.63139
 112.09762
   5.92455
  39.20202
  19.39393
   7.84498
   4.45170
   3.99650
 193.28093
  19.06344
  54.99642
  30.98203
  20.61570
   7.13839
  24.45388
   7.66837
  51.16145
   3.53331
  51.35909
  55.55804
   3.39017
  20.32000
   4.65144
  39.79666
  17.03908
  24.31721
  14.38784
   8.68639
   5.71976
 115.05000
  84.70161
   6.48990
  28.10577
  13.35245
  36.48083
  50.54112
   9.03200
   7.93004
  28.42061
   9.00351
  10.54215
  41.34603
  10.74584
  12.79264
  17.20050
   4.16310
  29.99597
  10.03800
  13.17378
  10.61880
   7.05036
   6.08159
  27.00328
   5.22995
  39.22164
  20.84284
  30.74132
   7.56201
  26.89159
  27.44153
  80.68524
  60.40382
  14.73932
 100.02628
  57.08785
   8.38077
  10.23604
  23.59376
  20.44636
  14.17408
  12.04472
   8.84117
  12.60066
  10.78289
  21.12847
  17.78659
  84.51077
 337.62712
  29.10140
   4.23488
  76.35286
  63.80709
   8.80531
  30.07145
  67.56435
  49.78567
  24.43655
 190.49703
 110.50788
  32.27985
   4.92019
   3.62847
  32.20254
  31.41230
   7.90603
  37.87825
  19.77427
  23.32875
  76.25570
  17.97056
   9.90911
  15.16156
  33.21130
  84.01293
  33.40165
  12.29267
  16.53049
   5.96093
  44.05554
  23.23201
   6.72659
   7.09597
   8.25224
  21.25766
  12.27355
  38.05033
  33.03628
  62.33551
   3.97067
   3.73871
  78.42512
   4.35123
   7.67381
   7.88602
  10.63215
   7.23347
   9.91534
   9.75508
  43.11951
  56.28884
   4.06864
  10.78784
   9.05950
   7.58141
   6.98795
   7.93844
  38.01058
   9.48213
  21.07017
   9.68850
  38.94896
   9.09046
  28.43728
  32.04163
  64.14324
   6.10098
   5.50124
   9.63604
  47.19674
  10.27883
  22.79839
  13.82884
   7.22304
   8.09466
   9.30425
  29.35140
  87.81323
  84.17621
  10.63506
   5.27486
   6.56104
   9.04646
  10.78791
  19.69058
   6.43372
  27.78498
   6.18411
  17.85501
  27.21349
  38.64510
  45.59655
   4.48555
  78.71226
  28.66884
  65.23515
  54.29586
  19.50406
  24.01309
   5.79477
   7.88900
   4.53221
   5.46264
  21.47561
  37.54338
  16.46762
  49.88850
  18.92210
  62.74027
   7.09585
 211.61860
 173.11097
  39.13105
 147.09368
   3.29341
  28.49521
 127.81030
  25.95919
   6.89814
   8.67934
  17.30770
  36.20203
   7.11165
  64.28591
 102.33894
  23.50863
 146.66473
  64.89177
  16.22847
   5.86659
  76.10734
   6.11116
  30.22757
  58.50709
   6.71055
  11.62164
  48.33728
  48.29235
  11.93792
 171.31867
   5.95511
  19.13993
  22.83665
  18.62565
   9.21074
   4.09311
  51.81632
  19.74737
  25.18459
  23.15119
  15.60536
 126.09636
 102.46192
  57.12974
  20.28838
  20.97563
  41.97638
  58.86361
   8.86262
  36.84252
   9.17283
   9.91052
  11.66893
  22.32904
  16.31428
  10.41621
 125.54170
  11.36957
 142.33873
   5.47602
  67.29571
  98.06444
 190.28391
   9.57958
  20.88731
  58.13819
  34.20426
   5.88857
  36.17980
   4.49576
   1.46917
  26.59068
  13.21659
   5.77445
  22.07113
   8.10709
   5.07213
  20.56693
 121.01488
   6.77534
  12.70579
 233.37767
   1.43565
   7.45381
  18.08845
  23.29422
  16.03514
   7.09819
 163.90284
  60.72462
  22.01387
   3.65214
   6.26705
  67.65221
   5.38132
 116.77223
  26.28671
  46.85055
  67.55650
   4.90777
  46.21436
  17.75682
  40.40259
   3.41097
  24.40825
  34.60975
   7.94395
  33.64120
  69.46183
 178.15085
   8.99303
  13.89591
   8.38316
   4.98308
   7.71950
   3.42666
  29.47276
  13.42712
   5.54339
  51.96127
  59.87403
   8.23003
 287.00441
  94.90525
  87.13050
  13.65070
  42.27346
  18.60830
  20.78686
  11.54768
  19.93451
   5.36398
  10.50387
  17.71617
  35.08436
   6.28175
  11.43784
  15.64822
   3.94348
  93.20416
   5.15762
 203.19388
  76.09693
  23.25759
  17.25721
 173.54207
  13.46011
   5.85337
   3.20241
  65.48427
   3.16791
  64.99744
   5.31783
   4.50509
   7.53065
  26.65921
  30.14456
  11.89852
   5.42979
  35.69000
  15.37461
  11.32590
  49.65207
 113.66978
   6.10688
 137.86679
  20.76656
  26.61161
   5.26878
   4.21492
  92.43125
  19.27636
  23.76413
  15.18496
  19.20610
  73.95390
  48.95660
 101.16932
   6.98209
   8.33557
  53.95723
  21.82988
   6.26971
  22.82102
   9.63176
   4.60698
   8.62800
   8.76094
   4.21906
  70.67094
   9.79277
  16.96079
  24.27622
  55.07748
   5.09158
  34.20735
   7.08181
  28.14061
   8.76899
  11.93175
  26.69166
  25.38466
  32.84574
  14.03408
  11.92640
   5.02894
  48.90436
  34.76095
  28.05802
   3.80903
  70.39968
  28.93777
   7.35852
  63.11716
  25.77700
   4.43368
  78.11831
 207.07617
  19.40646
 306.78067
   8.93299
  22.71703
  53.76770
   3.31617
  17.48713
 165.76599
  14.02377
  23.71703
  19.34169
  43.89749
   4.99752
  55.44588
  11.02246
  14.96721
  15.37179
  36.24506
   8.73961
  36.86254
  37.61812
   9.50228
   6.19231
 159.58228
  22.24213
  52.45007
  67.45218
  12.49352
  12.54875
 196.98387
  51.54142
  92.74930
   6.54352
   6.91806
  84.10835
  20.44247
  23.95095
  15.26504
  22.59549
  69.75282
   8.12084
   8.87901
  10.30634
   6.02366
   9.71162
   7.23687
  13.53553
   6.99393
 142.42967
  57.30087
  23.25918
  16.37749
  46.64906
  26.76020
  68.14926
 209.60104
   4.35786
  39.61540
 123.13956
   7.21871
  22.71746
  14.18292
  23.15227
  13.88790
   7.05654
   6.73248
  15.74075
  75.57948
   9.60584
  97.18342
  42.39985
   3.36130
   9.20366
  20.38820
   7.71747
  10.45897
  13.12948
   4.12779
  39.78883
  15.22013
  28.66593
  58.12140
  19.63818
  46.52372
   8.63666
  47.00308
  11.58275
 160.86070
   8.70095
  52.79995
  24.93227
   5.47810
  27.80453
  68.05345
  28.14314
  28.98464
  11.13945
  27.18888
   6.71015
  61.86336
 127.20950
   5.77940
  19.63732
   8.54038
  11.51473
  21.67485
  33.04620
  13.30327
   3.79564
   5.64693
   9.23858
  12.45783
   6.76743
  14.52537
  47.73081
   7.62561
  20.62423
   6.43167
