   6.66683
  65.83874
  35.73309
  35.81567
  46.24209
   4.17039
  13.65819
  29.34339
  10.78836
   4.47792
  20.57632
  51.78126
  92.46615
  18.85631
  55.83415
  18.63035
  21.08354
  37.30364
   4.58938
   4.52517
   7.50296
   4.34684
  15.56123
 111.43415
  10.09687
  37.79234
  33.97511
   4.40975
  60.94364
 226.86071
  10.10105
  11.00391
   5.13295
  12.70108
  13.43896
 107.93907
   3.68692
  45.64337
  34.25659
   9.83581
  47.45704
  61.00263
  97.32142
  15.77991
  69.26111
  40.46447
 266.58373
   7.65689
  18.38952
  28.91542
  15.62346
   8.53147
  41.35100
  17.04624
   7.59461
  11.84807
  13.03896
  12.21292
  31.75290
   4.79952
 138.34658
  38.83442
  13.97364
  25.94215
  46.87796
   3.77356
   7.82422
  51.55874
  40.94979
  29.56849
  23.63549
  12.36872
  17.12699
  17.59309
  37.21965
   9.01896
   7.02086
   6.28428
  16.06962
   7.43085
  27.62365
  43.96175
  35.01987
   7.05811
  15.88251
  28.62177
 115.25755
  19.95595
  17.24245
   7.09244
  20.89003
  10.52993
  10.02080
   8.38688
   4.29482
   7.21231
   5.76149
  13.60912
   3.22762
   6.21973
  20.82488
  46.58912
  25.64050
  23.18712
   8.30658
  26.62720
   4.35542
   8.46208
  16.69448
  38.40296
  30.00179
  37.39423
   4.01407
  14.98504
  10.66056
  16.14460
  53.30043
  23.70201
  64.09081
  10.31440
   6.78658
  79.19255
  45.30200
  75.22965
  50.36860
  66.24520
   3.50578
  44.46915
  63.60116
   8.66596
  14.29764
   4.38907
  10.21727
  28.63582
   5.95587
  13.59231
  11.81600
   4.55105
  47.22165
  89.09848
  14.05585
  39.55522
  82.81901
  35.61380
  19.26166
  62.85066
  21.01568
  41.95116
  77.75450
  14.02197
  74.42212
  87.09075
  29.02477
  12.41548
  15.98195
  26.88779
  25.51198
 157.19686
  13.24954
  44.95005
 257.47759
  12.31022
   6.46788
   3.85523
   5.98766
  38.06999
  19.80682
   9.41271
   5.53674
   5.68263
  28.37692
 261.60986
  14.75338
  13.29499
   4.33891
  17.27350
   8.50207
   6.07115
  14.18182
  21.54164
  36.38283
  27.42063
  58.79764
  21.22568
  69.64130
 384.54429
  28.69073
  29.42491
   7.63890
  23.49252
  20.04037
  12.43389
   6.53679
   4.07030
  10.86244
   7.66011
  12.69802
 159.03906
   4.09935
  68.81549
  97.68813
   5.04778
   5.66694
  16.58077
  63.53514
  11.35711
   6.12025
  17.81873
  34.55632
 189.09466
  27.69730
  50.49630
 187.15172
   4.02516
 134.61094
   6.92686
  35.93098
  15.85063
  31.84805
   7.75221
 105.69209
  62.44694
   7.51988
  15.18764
  15.99506
 129.42759
   4.07441
   5.13363
 473.83545
   6.25810
  28.63349
  16.31896
   7.55581
  74.92361
  20.79781
 109.66342
  27.21613
  24.97765
  32.94986
   7.45422
   3.86194
  27.24013
  30.90489
   5.59826
 114.65374
   8.46268
 114.36223
   5.33358
   9.40193
   9.30408
  14.28321
  93.70569
  19.67802
  18.23632
  30.23141
   7.38356
   6.66401
  18.55122
  18.30135
  54.26507
  45.37379
   6.55871
  10.19437
   6.59179
 134.19665
  36.03921
   9.90518
  17.84010
  30.11031
 149.34765
  94.00919
  12.62891
   8.71794
  40.36112
   7.56174
   7.95118
  20.24759
 135.07754
   3.03806
  17.20007
  30.63989
  10.34867
   6.01760
  15.51256
  50.73643
  14.78297
  41.37900
  31.47328
  27.77307
  17.63889
  14.33260
 191.51773
  51.56006
   5.63109
  27.14165
 153.98877
   8.23111
  12.63461
  32.24898
   4.91064
 111.03713
  22.08184
  34.17935
  16.25569
  29.65536
  53.66207
  13.70932
  25.05851
   4.04022
   2.17554
  17.06716
   3.70321
  48.46110
  44.75277
  62.97505
   6.27770
  15.17492
 105.41191
  59.89655
  29.44436
  24.47105
  24.34279
  40.62048
   9.65378
  11.02045
  22.29271
   6.16569
   7.45600
 116.52745
  34.53446
 139.90169
  11.76268
  10.51203
  32.05368
  16.28069
  24.13705
  46.87820
  72.52259
  83.46223
  74.94821
   4.88917
   3.57134
  36.05380
  32.57182
  99.84868
  35.75037
  19.94173
   6.57753
  79.63047
  20.30340
 120.99278
  31.07611
  18.01418
  15.11374
   7.06153
   6.19577
   6.43441
  12.62967
  53.18066
  45.66699
   5.70579
   4.83497
  21.37560
  50.66149
  56.31310
  21.97256
   4.48790
  22.55962
  24.34628
  13.83813
  37.80949
  41.49414
  12.18953
  54.38674
  29.65946
  72.46458
 100.43900
   4.40414
  14.44381
 349.37664
   4.53659
  34.44539
   8.42165
  84.06187
  11.33117
  13.61430
  73.36167
  41.21857
   3.77402
  60.99230
   5.33281
  28.43121
  42.62567
  61.47946
   5.77589
  43.14024
  16.41919
   5.29930
 183.76343
  16.62022
   4.98422
  27.04058
  15.73965
  42.57767
  58.46917
   6.27148
  12.25967
   9.29253
 106.30746
  41.69893
   4.07278
  62.36110
  27.41828
  12.84738
   6.42631
  26.18279
   6.80136
 167.58901
   6.06648
 511.53660
  10.54107
  11.00922
  10.42868
  13.09551
  21.30994
   8.71587
   5.06631
  57.51439
  18.72208
   5.73442
   5.12412
  35.46107
   5.15008
  38.87623
   5.66117
 127.85554
 115.16993
   5.39062
   4.02028
  11.37073
  14.54722
   4.11338
  13.12522
   6.54235
  39.61962
   7.16319
   5.14684
   9.32827
 108.67670
  41.92986
  10.56494
  44.59235
   4.95022
  70.93945
  47.93672
   9.31871
  24.89260
   4.37242
  16.70248
   9.89760
  28.13334
   5.88468
  32.45907
  47.29474
  13.71619
  25.94721
   4.61951
  27.72622
  21.89797
   9.14415
 248.07308
   6.52972
   9.01617
 156.61862
  48.28523
  25.54872
   6.77605
   6.50238
  66.55922
  10.53091
  99.96056
   6.27991
  53.95523
   4.86983
   5.77334
  14.77339
   4.60116
 103.81453
   9.30303
  31.26280
  48.65336
 183.60152
  33.01682
  44.25144
   4.82663
  14.94641
   3.46610
  63.68278
   8.93279
  33.63930
  29.49169
   7.39822
  16.59802
  24.00881
   9.13465
  11.99016
  10.65120
   4.53061
 144.63475
  16.13182
  16.56578
  58.72280
   7.62796
 274.59964
   9.12172
  13.06440
  36.08700
  61.71304
  69.54109
  22.43945
  23.74003
  19.62884
  30.91218
  75.72526
  10.75754
   9.98946
  46.00422
   4.89640
   5.36204
  29.89418
  30.75641
  23.64590
   4.62056
  19.52242
 186.51162
  29.45068
  21.34261
  12.32905
  17.07970
  30.87531
   9.44804
  19.60229
  81.80565
   4.85838
  22.84476
  18.26468
  16.88567
  14.92473
  20.36983
   6.02731
  40.19631
  54.41064
  57.74070
  12.25350
   4.46699
  10.82428
  34.15209
  40.74452
 145.77834
   4.96901
   6.59806
  82.60436
  93.94271
  18.35043
 135.43526
  59.90888
   5.32267
  20.99540
   7.74458
  20.94671
   8.60028
   6.57010
  20.09069
  17.27829
 104.25073
  24.40670
  17.96449
  19.42096
   7.01923
   6.12750
  48.07903
  14.48373
   6.69526
   9.87356
   4.41245
  20.08993
  36.14168
  11.53095
  29.86153
  42.86538
  20.57566
   7.12841
  64.51771
  47.73098
  49.36175
 114.87359
  15.90083
   8.78957
   5.76886
  39.92541
   8.92180
  39.86977
  11.94419
  85.85927
 103.55318
  28.38379
  28.29987
   6.33168
  28.77833
  78.38147
  18.08977
  59.70093
   5.34869
  27.22999
   4.92737
  21.93111
   8.64858
   8.98767
 113.21256
   7.69527
  76.04335
  30.95058
  54.30844
  10.79317
  11.81959
   7.63481
   5.41547
  34.24490
  40.13208
  28.13228
   4.19225
 145.89350
  23.69669
  65.53462
  75.51701
   5.28475
  10.26702
  79.47495
 116.77104
   2.71115
  30.74156
  10.30037
  27.90730
  32.34104
  84.84997
   3.91147
  27.79372
  23.73289
  65.39730
  27.25375
   4.72906
  43.47789
  12.61776
   8.26202
  21.41956
  93.96097
 112.24445
  14.87850
   8.24490
  98.50228
   9.94926
  19.45835
  14.95712
  93.23594
  10.12296
  35.86145
  32.92521
  39.15832
 115.78486
  27.01647
 130.21243
  12.21140
   3.87077
  54.60023
  82.73079
  12.17725
 103.34190
  16.02141
  12.70653
  37.66569
 138.51854
   0.82878
  22.77203
  15.92436
  17.22029
   4.42046
  48.76816
   3.52624
  45.13120
  15.21806
  10.76505
  37.78045
  97.40156
   5.25020
  11.25512
   8.56877
   8.97511
  11.53512
   4.83146
  70.69828
   4.61293
  40.99494
   6.94531
  65.72469
   4.59766
   4.75553
   3.35296
  13.32671
   6.42872
   8.93035
  14.43556
   9.89509
 134.20820
   3.90915
  16.05382
 281.93388
  11.10067
  13.64298
   9.75868
   6.57567
  20.76517
  15.80929
  11.00391
  82.83594
   3.26934
   5.80839
  12.15317
  63.99799
  10.97212
  20.33009
   3.17583
 101.31467
   6.08773
  17.48393
   8.12439
  36.94303
  14.73921
  12.35166
  20.95632
   4.53053
  39.26513
  12.11492
   4.36076
   6.13733
  12.36565
  39.66037
   8.03746
  18.43273
   4.00325
  27.33731
  22.28882
  24.28985
   9.90428
 162.89215
  27.60166
  18.56799
   6.17942
  23.11824
  30.89979
  28.94816
 149.70608
  15.95013
  21.44473
   8.10019
  14.13945
  57.00359
   6.09785
   5.67235
  37.90359
   6.99101
  13.79721
   5.55213
 113.64430
  26.52400
  11.47961
  11.14948
   5.80658
   4.90503
 111.85979
  29.23069
   4.73895
   4.52686
  48.17165
  12.15700
   5.81068
  25.94344
   3.37240
   3.36017
  14.50733
   6.69512
  19.96425
  11.25316
   5.59930
   4.91699
   5.95756
  53.33909
   5.76123
   3.71178
   5.91357
  10.33714
   4.41882
  30.39551
 205.39815
  89.31424
  26.24531
   9.75188
 293.14419
 136.94782
 128.56231
  51.47959
   6.57827
   5.89902
  27.06515
 126.41404
  13.00193
   4.63385
  28.54588
 126.73460
  24.65366
  16.58970
  19.35104
  40.55195
   5.11460
  15.42727
   8.43915
  74.50428
  27.65575
  10.36630
   6.86339
  28.17455
   6.66452
   6.19822
  44.34322
  62.81412
  14.74852
  35.33172
  91.71433
 109.79169
  21.78126
  59.08783
   9.68407
 121.16372
  18.55299
  11.98158
  35.75000
   6.31782
   6.28518
  25.87312
   4.74081
   7.07493
   7.24890
  23.38636
  32.67867
   5.23936
   6.40859
  58.83584
   7.42084
  19.58582
  28.45595
  62.60645
  21.09896
   9.44891
   5.00611
   5.54578
  23.97070
   1.17149
  97.58724
   3.80063
  20.19406
  37.52695
  20.45102
  26.78164
   6.85305
   7.16029
  21.98244
  46.54871
  15.96162
  12.23104
  73.16100
  74.36286
   4.56701
  15.91685
   9.27438
  10.74420
   6.48292
 126.66465
  92.29279
  57.24529
  19.50163
  72.68105
  11.00972
   4.89934
   8.19027
  11.54585
  16.64936
  26.82835
 299.83713
   5.36788
  98.97481
   4.31292
   3.92669
  10.41011
   4.21991
  22.12586
  27.10944
   9.49941
  55.33344
   4.86216
   6.78650
   7.36126
  16.30985
  51.81746
   5.08300
   5.27023
  28.91599
   7.41749
  17.83776
  59.47329
  17.72947
 198.14935
  22.50277
   9.23092
   9.56254
   9.05675
  38.66346
   8.58850
  37.48602
  75.09741
  14.66105
   7.40315
  52.75950
   3.55713
  13.77806
   8.66664
   9.58720
  10.75063
  92.75674
  32.97691
  66.90047
   2.94188
  18.06830
  36.30092
  24.76542
   4.10680
  27.34608
  46.98462
   5.90257
   7.30086
  10.94340
  25.60698
  41.04476
  48.58149
 138.01324
  82.40157
   7.88562
  19.83276
 141.91853
   4.74361
   3.07160
  25.19018
 112.79316
   6.22752
  11.68202
  24.46982
  14.91078
  30.50160
  48.52287
  42.06384
  74.13064
   4.35403
  24.23364
  57.88724
   8.99831
   4.30454
  57.80760
  26.10253
  14.08903
  14.10695
   8.74502
  19.94667
  15.56917
  10.58398
   9.80661
  10.11432
  32.50698
   9.46901
 219.86832
  30.74014
   7.54912
  72.39801
  11.11259
   4.95931
  13.24548
  19.91725
  80.30743
  46.06521
   3.21954
  34.13678
 156.99460
  36.00136
 131.61690
  23.62725
 169.42889
   7.76776
  84.23310
 282.52200
  31.08536
  42.00658
  61.80140
  51.50986
   7.30142
   7.11595
  22.75134
   7.86410
 336.15920
   4.30401
  35.97755
  47.21658
  10.12065
   6.39140
 109.90547
  31.77763
  11.30873
   4.29673
  32.66053
   3.12421
  30.18670
  16.07514
  25.95669
   5.25769
   7.14973
  47.71324
  24.80003
   5.99873
 123.04154
  26.26206
  43.37270
  22.11310
  87.52917
  20.34564
   9.59677
  92.20216
   6.41073
  81.76824
  34.54051
   4.39979
  15.06951
  10.39589
  24.56513
   9.63650
  12.83065
  13.23371
  40.36992
   7.67907
  17.47693
  23.02773
   6.03073
  17.37906
  33.93261
   4.64164
 103.59871
   5.48891
   9.02283
  68.27413
  26.33848
 317.79957
   5.24813
  30.64416
  83.76484
  66.52966
 573.33640
 360.49049
   4.62568
  12.09498
  44.55907
  43.05917
  14.75982
  17.79672
  18.51292
   7.90740
  20.51639
   3.43901
   3.03290
  67.62464
   1.33355
   5.61474
  36.55410
   6.12351
  74.92934
   7.79399
  33.97168
  29.36780
  10.41494
  12.20608
   4.29692
 147.27322
  24.90500
  30.17118
  11.06196
  34.55939
  22.66219
  66.59237
   4.09300
   8.61025
 120.77274
  53.43246
  24.82262
   8.67033
  86.02174
   5.72471
  12.33769
  29.28997
   4.81110
  53.61182
   3.76029
   5.75164
  20.60241
  12.78666
   5.26911
   4.19858
 158.64736
   7.38978
 109.58204
  60.47349
  13.16421
  30.32459
  14.65216
  74.86174
  43.42898
  76.11199
  18.54063
  58.06194
  12.07780
  11.92181
   5.75128
  13.72526
 153.65336
   8.22932
  58.30263
  41.78154
  34.66218
   4.68585
   4.01527
  23.45997
   6.25098
 240.72926
   1.67061
   3.89942
  83.49643
  27.20154
   9.17158
 104.31868
   4.40879
 110.20701
  59.12283
  13.96245
  20.41355
   3.40177
   4.89405
  37.50840
   4.34013
   4.85658
   8.28515
  70.30031
  60.22983
 130.03510
  29.86163
   7.01011
   9.33515
  20.78367
 142.34161
  57.28721
  87.92050
  52.27760
   2.91719
  23.04600
   5.04056
  26.67277
  31.86129
   4.84563
  27.52727
   4.78282
   9.49696
   3.83779
  18.25228
  26.88407
  10.58216
  10.63396
   7.96043
 225.22749
   3.25483
   4.18341
   4.26855
 197.27576
  10.52760
 222.92536
  16.19970
  40.36756
  10.59664
  21.40998
   6.35635
  15.67166
   5.88701
  78.29831
  40.28932
  43.33690
  57.24837
  23.31484
  16.77827
  38.20398
  63.79316
 177.89776
  37.63009
   3.41944
  59.16898
  38.00115
  39.31237
 109.44255
  27.78125
  35.96719
  66.39796
   9.55561
   4.46676
  43.59216
   4.18597
   3.77683
   3.08344
 331.06793
  55.77060
   7.37097
  97.73894
  51.40455
   7.88270
  10.40571
  95.82651
  16.56903
   5.67044
  11.23614
  27.34827
  35.98307
   7.05277
   8.35429
   7.44077
  54.60348
 100.47783
  17.41840
   9.74801
  19.11250
   7.14552
   6.01523
  13.10641
  67.30112
   3.35415
   5.88599
   7.84482
 142.93893
  77.72525
  29.10449
   3.42104
   6.34299
  55.96476
  28.79677
  64.53520
   4.53212
  23.83300
  40.23255
 155.85684
 166.52664
   4.71239
  14.75636
  29.01988
  12.65214
   3.77357
   5.73698
  17.24020
   7.47885
   7.19408
  77.29060
  15.62783
  50.04273
  68.38495
  36.03756
   7.01641
 112.88453
  16.13629
  29.55209
  52.60882
   5.43349
  31.12638
  28.91027
  61.15260
   4.08085
  39.98539
   7.14281
  88.72303
  38.13871
   4.92999
  27.73016
  40.93532
   5.52831
  18.63602
  10.97973
  17.82533
 111.95578
  16.89683
  13.88290
  26.44973
  16.96058
  14.07906
 251.59771
   8.71848
 109.54777
  99.42826
  25.34055
   7.43157
  24.23273
  11.27394
  18.40131
  18.36209
  13.08578
  40.37121
   4.42622
  13.75332
 225.21917
   4.26470
  37.40934
   9.67172
  28.45429
 105.29334
