  14.17518
  53.94368
 123.52387
  37.45389
  35.27847
  47.86972
  43.87527
   9.00658
  22.93499
 104.12055
  10.50835
  23.31165
  22.57557
  20.55348
  26.63467
  11.47018
  28.94881
  58.22634
  58.47726
  17.42938
  34.19975
 128.98524
 100.02378
  19.86088
   8.32745
   3.55342
  27.45953
 101.61331
   4.02691
  38.83580
  73.08106
  19.15370
  26.00388
  54.03685
  10.14267
   4.29867
  70.67371
  16.04457
   4.88446
  14.72721
   8.73379
 245.96989
   6.67437
  32.70397
   3.77143
  96.39176
   5.30847
  13.66322
  18.39280
  10.28214
 160.43862
  14.21859
   6.24021
  35.47165
  12.26544
 100.06425
   5.30017
  28.48445
  15.10564
  11.73989
   4.40419
  45.86576
 147.06486
   8.72739
  22.51546
   3.42821
   6.87921
  39.50624
  32.02191
   8.43791
  35.69689
 109.36764
   4.17517
   6.93833
  38.68931
  11.13985
  79.93697
  61.15389
 101.67207
  33.97953
  10.01771
  15.14450
   6.37129
  10.07906
  18.00334
  26.31812
  18.99073
  73.82723
 167.93226
  11.84988
  36.44473
  23.00607
  12.34249
  13.19770
  13.34744
   9.37237
  46.80636
   8.12668
   5.15167
  18.31509
  17.18592
 217.13542
  47.49895
  13.83095
  20.98852
  10.39142
   3.98704
   5.06693
  14.96818
  25.66168
   7.73186
  10.18390
 107.05236
 252.52987
  14.47512
  11.46747
   5.82805
   8.35670
   5.06388
   8.25693
  33.25745
  19.78323
   3.98482
   7.85954
  24.75095
  12.77814
  83.48554
 111.24681
  13.75604
  23.26832
  10.62326
   6.38245
   7.03544
  12.79946
  49.58350
  25.40970
   7.36737
  57.18927
   3.90169
  25.52469
  18.97152
  18.94342
   5.89469
  13.01121
  19.27489
  12.34722
   7.82873
  36.29133
  20.24443
   6.37229
  27.35694
  17.09206
  82.07421
  38.17549
 112.72726
  35.22074
  18.05673
  36.91978
  66.98346
  68.63743
  14.72504
  41.64584
   7.47819
   4.60749
 182.36420
 105.29577
  46.91679
  39.53379
   8.30401
  70.72554
  64.75243
 178.59442
  55.58842
  12.17175
   8.54908
  61.75871
  38.79880
 135.52056
   7.85693
  16.48658
 202.33099
  58.59304
 139.34322
  13.65669
   5.95843
  53.33635
   6.33444
  25.08798
  36.47840
   3.41357
 146.83568
  21.67418
   7.94737
   9.41291
   7.33678
  10.32029
   9.35557
  11.02128
 101.26517
  28.45209
  70.16910
  23.90841
   4.62340
  75.34915
  56.24011
  27.68425
  11.53913
   9.11038
  12.17058
  81.70458
  15.09062
  19.25357
  13.71769
  12.52461
 156.35073
  20.10352
   3.33384
  13.94780
  14.41793
  10.53131
  11.76401
  13.77294
   6.71893
  22.49509
  35.19866
   5.03091
  55.51701
   5.36362
  24.12975
  39.32950
  30.58104
  44.68164
  32.95793
 121.15681
  13.63142
  34.21412
   7.40033
   5.65734
   4.73756
   5.74194
  13.30199
  12.17728
  45.60069
   6.37895
   7.59326
   6.24704
  84.54929
  71.53343
  10.97386
  72.56763
  45.90862
  33.28253
   1.97393
   6.34163
  39.74813
  14.28214
  12.36925
  83.65579
 163.99232
  92.94654
  25.75975
   7.11591
  13.21838
  11.06522
  88.44856
   4.28951
  53.32114
 153.13264
   7.67057
  37.29773
   4.61613
  34.88873
  13.87089
   4.71316
 141.60108
  21.26332
  22.33434
  23.50083
  29.31948
  30.42385
  60.12733
  26.12140
  16.71851
  51.35961
  11.86343
  14.27234
   9.47638
  84.67831
   4.76397
   5.02725
  31.14275
  12.54883
  58.89090
  68.30290
   7.81257
  23.47749
 117.97846
  28.71075
  30.99971
   6.60626
  45.48062
  37.14488
  21.19828
  16.23408
  11.44605
  57.61680
 107.15366
  32.89538
  33.61295
   9.47743
  32.22225
  29.58443
  10.66933
   6.01440
   3.30497
  15.52038
  10.94665
   9.70381
   5.57509
 133.39748
   7.53646
  37.58555
  45.45877
  31.89094
  74.39981
  25.43769
  14.20173
  18.27934
  89.29389
   7.16711
  54.74932
  26.81532
   7.36180
  11.66717
  79.16231
  93.73229
  39.25528
  66.15503
   3.33900
  28.85762
 147.80544
  34.55523
  10.28902
  23.73536
  11.65380
  13.39824
  65.47465
  22.38574
  55.54212
  96.62376
  38.52417
  39.76826
  50.43334
  23.17785
  22.52764
  15.23735
 100.24327
  26.50006
   3.86411
  11.05508
  43.78123
 128.17429
  17.89981
  16.50214
   5.59465
  28.21861
  60.69361
  81.68104
  83.87517
   5.56612
  38.54565
   3.81166
  27.54367
  31.22711
   4.37308
   8.80706
  39.99307
  28.80207
 173.93536
  34.40757
 103.97576
  21.74900
   7.20770
  12.07082
  20.85179
   5.83286
   7.88752
  11.74983
  23.67997
  17.64082
   6.61024
  22.27782
  37.49315
  68.86816
  14.56688
  52.60241
  74.18931
  18.72409
  18.91135
  27.27935
 418.23949
  77.34156
  15.67712
   9.20951
  15.14361
  44.41922
   4.25007
  13.78803
  15.03353
   6.75997
  58.19730
   6.25895
  19.12777
 112.36616
  13.43531
  18.04439
   7.66228
   8.73631
   7.14911
 618.09985
  16.93437
   7.09952
  18.14332
   7.91982
   3.06735
   7.72542
   7.92664
  17.82816
  14.68660
  10.02193
   4.19966
   3.65767
  14.59224
  36.72329
   5.56584
  13.69803
  17.76828
   6.00428
  34.17043
  36.25000
  53.37222
  10.32691
   8.07111
  47.56060
  12.44544
 311.32448
  53.37338
  34.99910
  38.59563
   8.78765
   5.14100
  29.80661
   9.24459
  30.02530
 139.71782
 247.51348
   3.52643
  36.34009
  29.90209
  11.83203
   4.66644
   7.59524
 567.22175
  20.32825
  29.84636
  19.73590
  23.93135
  68.77411
   5.83316
 153.69559
  25.96888
  37.89309
  43.19608
  83.56737
   6.17224
  16.28481
 110.66267
  17.97864
 176.16309
   7.45419
   6.45762
   7.40950
  12.63943
  13.84871
   5.35479
   4.97178
  19.24438
   7.84024
  23.42374
  39.43927
  65.94732
  16.55310
  10.28448
  27.67217
 101.81956
 220.31349
  12.05613
  16.46723
  18.17098
   1.46917
  30.47929
   9.65375
  18.98052
  13.80759
 121.47788
  37.02962
  13.34639
  19.76667
  54.29634
  32.09705
  49.21704
  45.82348
   6.03742
   5.68400
  12.41836
   3.93330
  11.31325
  79.28678
  16.20921
  40.36905
  17.84163
  17.41171
  74.26324
  34.74753
  15.74474
  18.68726
   7.16122
   4.79799
  32.07554
  38.56983
  38.11444
   3.91130
  29.67887
  29.46590
  55.80483
  37.47135
  40.70044
  25.14770
  20.32044
   6.76129
   4.52143
   5.40088
   2.27115
  61.91497
  11.83871
  20.75195
  12.65908
  79.39011
  38.64237
  36.43585
  33.10415
  14.54667
  25.95578
  67.38978
   7.74482
 147.00387
  27.33414
   5.47352
  60.03483
  29.04281
   8.89258
 104.23565
   6.65298
   7.21950
  57.24327
  14.12944
  81.32522
  47.59781
  24.66183
  11.52961
  15.04720
  12.63791
 147.79342
   4.87665
   7.28415
   9.78026
 198.18230
 199.93388
   6.41842
  50.98205
  16.93902
  11.14026
  14.67997
  30.65897
  99.57487
   6.85860
  11.31384
  30.58922
 113.24742
  39.61595
  55.20780
  72.86869
   4.77973
  64.36824
   5.31057
  11.02972
 296.24771
  73.21073
   8.96135
  13.28594
 100.43073
  17.93156
  92.05370
  11.85469
  16.08394
   6.19731
  28.14937
  14.07066
   6.33336
  67.53225
 156.83576
  17.65091
  16.96197
  10.94236
  64.42260
  31.28547
  14.55236
  18.00733
  27.88775
 160.40461
  27.60252
   6.62762
  24.78910
  33.42721
   5.85543
  24.26871
   5.16899
  58.00301
   5.67743
  13.23272
   7.46718
  15.64499
  39.29454
  14.38585
  52.81475
  66.99294
 326.96842
 106.90693
  11.30128
  29.17591
  10.35231
  20.18863
  15.66499
  26.17632
  47.01324
  14.98091
  23.10755
  26.29704
  75.73087
  56.64127
  27.79410
   4.10446
  16.89670
   3.55629
  70.63469
  11.00500
  98.55925
  12.68186
  95.32245
  89.94002
   8.38792
  10.30397
  13.79907
  43.38811
   5.81421
   5.65379
  37.88885
  31.88930
  98.52594
  10.71188
 212.38894
   8.24776
   4.96736
   4.28781
  12.02914
  84.96513
  86.35413
  98.95764
  24.55205
  64.88149
  59.73479
  34.07986
   5.12940
  10.60614
  87.94763
 100.28540
  13.46543
  17.65240
  94.63817
  11.07796
  12.25686
 237.20610
   6.10009
  31.26583
  14.21212
   6.64316
  35.73523
  10.42048
  11.52735
  36.00423
   2.08354
   9.60507
   9.97590
 405.72358
  22.06690
   8.24781
  20.29683
  62.58157
   6.36630
  10.12989
  76.74804
   3.43019
  18.64237
   4.12929
  42.71036
  48.11054
   8.49415
  26.63501
   4.85056
   6.57408
   6.69944
   4.58511
 169.11320
 133.10553
  11.32505
   8.05346
  60.29872
   9.52175
 118.71536
   7.27627
   1.61503
 102.51482
   7.48815
  17.71564
  73.59202
  14.76074
  42.65442
  67.05828
  29.09994
  49.44450
  13.67576
  47.96255
  14.37755
   9.32688
  40.18457
  22.70147
  35.49082
  24.79518
 119.89474
  52.69067
  11.04401
  27.03781
  26.45374
   4.78154
   4.56962
   9.48317
  55.25755
  14.65238
  52.91345
  11.85951
  12.49761
   3.60466
  30.80139
   8.08920
   7.59771
  31.36596
  28.89108
  37.55893
  14.29256
  23.81469
  15.35248
  25.42362
  29.13453
  67.89529
   9.78955
  10.76019
  14.22066
  25.78927
 128.18290
  32.73327
  42.19492
  33.63364
  11.41235
  45.89345
 104.29787
 121.94718
  42.22069
   5.97739
   9.15184
  12.82385
  45.63874
 170.26519
 121.54770
   4.77817
 164.16381
   4.52339
  32.64524
   4.88285
  29.49315
  19.67033
  27.27357
  13.40295
  24.30980
  13.65165
  65.45808
  24.94641
   9.42180
  46.26963
   6.60799
   5.91514
  60.82350
  15.66716
 145.81319
  41.62210
   3.87427
  53.31219
  19.92431
   8.79049
  27.73649
   4.02389
  72.06759
  28.44426
 108.86625
   4.02893
   4.60328
 148.72885
   6.92065
   5.48802
  10.71524
   8.60115
  26.34557
  13.28589
   4.62288
  16.49718
   9.05144
  76.38751
 128.23758
  15.09132
 159.20320
  19.57833
  14.03963
  38.35047
  19.01601
  32.77298
   3.97381
   9.03266
   4.26580
  42.52279
   6.00461
  54.30730
  46.76631
  77.16731
 187.33510
  49.69220
 116.80202
   9.78309
  87.40420
 157.33730
  16.53187
   9.74146
   6.73267
   9.46787
 186.20200
 113.39184
  72.85082
  11.63907
  64.19318
   4.50828
   3.38610
   6.77751
  15.51478
  30.75760
  58.90906
   4.45167
   5.95582
 136.51511
   6.72190
  42.31217
  12.98316
   3.14386
 129.69548
  95.55546
  36.64045
  75.03798
  48.99168
  16.21823
  19.22866
   7.76101
  22.96785
   4.49461
  29.87320
  27.02835
  49.89398
  14.62527
   7.55651
   4.10782
   9.30108
  17.02979
 113.51416
   6.47188
   5.02805
  12.05800
  10.16460
  42.12386
  20.55179
   6.79328
  57.66593
  82.48939
  14.52466
  15.74724
  19.26731
   6.66772
  36.62864
  23.77885
  19.55528
   9.48722
  16.34262
  55.59082
  28.97987
  12.74279
 268.78931
  23.72872
   9.47042
  34.82768
  21.59706
 105.21143
  46.20872
  20.20149
 112.84002
  30.96998
  20.27603
  36.98967
  80.47000
  14.93816
   7.97829
  18.95655
  11.05416
  39.11588
  93.00996
   9.06917
  49.15952
   7.79186
  96.99672
  52.62669
 219.67610
  35.94951
 129.84104
   9.41539
  20.85757
  18.29218
   6.94174
  11.54067
  16.81196
 128.33197
  10.64696
  15.23881
  24.90936
  13.40692
   9.75718
  48.31002
  16.80084
  24.37618
  52.17127
   6.45820
  11.14719
   8.92339
   4.90754
  18.44677
 179.55417
  36.40080
  10.06079
  21.85702
   4.77883
  11.86232
  39.65038
   7.12790
 169.98120
 103.76714
  56.58939
 149.26239
  24.66751
  12.51149
  15.87817
  28.36114
 127.55950
  86.35141
  19.06692
   3.19993
   8.07932
  51.46288
 196.55072
  12.01911
   8.17527
  44.95359
   4.14747
  23.12332
  65.31635
   3.77275
  12.54505
   6.58710
  28.32801
   4.55669
  19.77862
 220.64095
  10.96947
  10.00374
  42.85793
  19.24414
   8.28667
  10.17072
  41.74839
  16.18310
  13.49173
   5.52702
  22.08430
  43.16915
   6.07729
  13.97050
  14.44959
  53.70978
  60.39291
   5.11643
  39.60683
  24.05079
  15.88430
  13.13404
  11.49144
  55.95610
  29.75532
  27.90728
   7.90376
  28.18262
  24.87497
  45.89263
  24.47846
  28.49554
 251.71529
  39.45587
   7.04211
  18.64560
  55.78189
 114.86724
 200.67606
  42.45933
   6.21645
  99.23699
   7.99390
  18.20669
   4.63025
  16.83382
  11.63105
   3.84921
  11.93712
  14.90263
  40.58859
   4.78355
  49.88746
   7.56771
 107.82934
  29.18832
   7.24754
  69.75639
   5.06680
  80.81102
   6.58775
 249.24117
  17.92583
  46.60775
 173.03251
   5.56841
  24.20739
  11.24851
  36.66963
  74.65073
   3.90818
  26.23658
  27.68746
   4.88799
  12.10808
  80.58517
  14.97364
  70.17378
   9.11388
  72.01658
  31.87571
 171.46250
  81.08160
  51.78831
  49.91079
   5.82662
  22.98208
  16.49774
  17.05634
 113.01586
  33.55178
  40.17481
  37.78561
   5.33106
  45.79230
  51.08198
  16.06033
  53.27408
  24.77319
  10.07647
   7.54195
  45.68811
  11.16664
  29.13010
  14.44135
   4.69809
  61.30137
   3.65463
 101.42234
 154.99819
  28.57967
  14.93138
   8.73328
 397.48552
  71.84888
   8.31788
  39.41099
  57.95720
  56.91102
 142.03641
  87.67540
   9.31402
   5.22816
   6.08437
   7.34533
  27.70905
  14.26289
 250.35535
  17.10630
  67.37066
  39.63661
   7.61408
  43.86786
  97.42008
  91.10657
   7.11103
  19.64693
  25.89092
  42.13168
  83.96425
  12.24641
  50.64252
   6.75797
  10.21733
  19.11852
  14.31079
   3.87304
  14.83242
  93.80796
  33.67350
 125.59154
  36.29705
 116.47998
  18.98968
  34.34038
  12.15380
  28.90452
 131.45504
  28.54668
  10.04564
  21.65841
  28.77913
  36.25123
  12.85935
  44.85151
 118.12360
  28.76662
   9.31124
 211.29599
  16.82964
  75.24073
   8.93721
  38.55173
  27.95249
   4.42434
  29.83843
  10.77830
 119.88376
   9.77728
   9.50714
   8.21007
  32.11047
   7.82948
  52.67566
  69.85632
  10.95099
   7.77219
   7.96940
 189.49310
  52.71351
   5.08195
   5.69367
   6.79100
  11.08313
  44.73760
   5.75753
  14.79932
  31.32963
  10.84655
  17.75877
  11.88592
  13.74164
  18.98027
   4.62305
  42.27749
   8.01574
   3.77299
  18.66203
 303.19845
  25.61108
   3.80600
  14.00844
  12.94923
  23.43877
   8.42404
   7.68076
  10.33859
  20.58600
  18.82785
  30.61329
   4.31840
   4.65000
   6.15278
  24.06368
  23.74157
  15.69232
   7.11880
  55.42580
  77.99970
  10.96883
   3.41409
   7.93612
   8.77281
  30.92629
  25.78255
 193.50506
  12.54527
  12.00178
 211.26096
   8.56257
 195.90134
  29.42263
  40.97753
  19.94202
  44.20314
  82.25654
  45.97267
  25.90634
  50.67485
  32.07936
  18.36013
  17.11598
   5.69214
   4.53826
  84.63051
  20.51438
   6.84962
  82.23069
 113.88930
  21.33082
  34.06937
  68.13226
  20.61238
  21.84037
  35.90641
  14.15281
  44.48760
  16.64981
  16.86714
   9.41855
 600.87671
  45.75103
  62.74864
   8.94203
   9.35097
  12.53820
   6.93420
   8.38476
 120.03659
 724.95461
  10.42005
   9.83962
   5.82667
  16.12209
  14.00489
 251.68768
  47.96887
  17.29161
  11.20347
 160.36647
   6.92805
  40.20757
   4.37072
 103.18945
  66.86124
  69.69819
  24.33474
  17.01079
  43.40231
  52.14342
  12.78606
  53.87880
  46.16143
  30.53167
 571.83695
   3.30783
 142.81517
   5.64197
  29.05113
  14.48468
   5.45993
  31.22655
  47.06133
  34.68652
 113.56037
  38.69459
  10.21285
   4.79828
  10.61631
  17.23962
  69.90916
   1.39121
  12.62601
   6.24197
   7.23055
  28.48239
 330.04372
  36.13432
  20.03889
  15.01006
   6.29240
   5.54700
   5.64573
   0.87973
  22.57869
   5.81316
   3.11627
   4.42986
  24.48056
  13.05103
  67.30995
 195.63144
   7.92285
   4.08981
  12.46537
  10.12834
  35.13844
  29.72160
  37.10078
 581.90826
  12.04684
  67.46873
 197.81350
   8.98322
  35.79425
  12.75906
  26.46726
  19.57062
   5.36161
  28.54196
  45.14397
   4.11038
   5.80549
   5.71895
  13.92762
  42.55136
  68.40124
  14.95108
 135.96744
  35.89447
   6.07334
  24.47879
  55.24508
  19.77627
  31.44506
 239.36939
  14.09410
 166.00383
  10.93991
  10.96307
  46.87736
 208.02968
  23.74208
  38.38577
  12.28689
   5.26706
  15.89981
  97.19864
  22.94842
  22.75085
  33.13277
  12.33166
   8.39471
  13.50151
 105.05638
 160.33403
 111.21966
   7.66518
   3.68551
   3.24785
   4.48588
  38.05521
  21.92448
  25.93296
  82.02404
  26.54167
  20.75237
  40.18482
   9.73904
   8.37177
  20.86954
  13.45775
 101.67888
 133.55252
  24.90955
  11.43694
   7.74902
  48.27764
  10.27302
  10.47576
  24.62088
  30.88995
 138.98510
  28.48243
   3.04310
  21.07637
  16.49333
   5.05003
  54.06543
  35.66860
  71.58627
   6.22791
  21.43295
  26.99731
 351.32521
   5.42285
  13.09177
  62.88663
  46.14846
  70.03504
   5.60943
  11.48876
  23.43304
  70.02806
 100.44288
  14.68373
  65.72711
  11.57369
   7.17371
  51.16230
  58.00140
  13.80205
  23.75834
  64.04037
  24.72851
 242.14068
   7.38951
   3.57624
   8.04713
  20.20822
  15.91634
   7.59166
   8.75748
  14.49465
  77.02168
   8.00618
   9.83428
   8.36049
   3.96618
  96.22156
  13.22774
  12.18358
   6.12632
  61.11757
  40.23891
 124.08096
  23.87295
 136.39459
  18.61401
  29.75872
 100.97278
  64.99927
  11.83520
   7.77934
  68.19732
   9.28699
  56.20074
  43.29166
   5.64013
  38.44244
  23.46452
   4.46900
  14.81085
 288.65680
   5.69194
  12.72295
   6.84790
  41.21623
 219.35625
   5.81308
  16.68912
 169.86857
  16.17771
  61.25377
  66.36342
  23.64000
  28.21598
  11.66300
   6.67250
   9.13723
  11.71430
  22.07611
  13.30256
  47.67456
 570.47499
   6.06186
  37.11814
  25.09805
   7.75557
  27.19863
  35.21070
   9.26978
   6.30946
 148.20177
   9.42508
  22.58880
  24.38786
  33.68663
  19.42564
 116.29987
  32.44977
   8.88015
  15.21659
  18.15772
   8.15906
   6.99680
  79.21683
   3.71622
  22.55066
   9.23685
  42.31143
  12.51268
  28.67510
  37.90807
  14.60960
   3.90904
  15.00545
  12.80925
  14.80876
  10.85336
  44.54445
  33.61032
  12.50130
  44.25704
  43.26992
  60.58259
   5.40551
   8.63204
 152.31034
  16.77844
  14.81098
 270.71313
   3.65185
 461.13948
   9.40970
  94.03071
  37.68918
  72.52110
  24.30476
  10.51393
  55.17624
   6.28568
   8.69743
  90.92511
  24.42313
  18.98500
  20.30515
 431.18145
  29.32412
  13.35472
 121.63803
   9.82140
  28.27193
  49.07040
   9.17006
 226.76323
  33.02895
  55.17850
 129.23001
  19.09689
  45.33227
  44.05875
  17.15763
   7.75043
   6.51183
  27.69603
   5.74187
  54.08856
  10.59829
  54.48073
  25.17816
  11.25053
  13.10720
  10.68273
   5.06537
  59.24572
  11.28002
  20.20149
  46.02165
   6.50097
  41.23655
 298.62209
 171.92066
  13.24192
   4.67700
   4.78513
  15.51424
  31.01943
   8.26172
   4.02274
  39.84337
  24.70440
   5.89857
   4.41394
  12.27835
   8.47818
  32.27505
  54.58959
   4.36065
   4.90702
  56.82747
 116.35942
  10.16287
  15.80889
  23.71248
 394.10581
 114.98038
  13.33018
   6.58104
   4.91692
  37.79226
  31.41904
  45.04250
   4.26957
  33.61391
  46.73150
 115.73186
   5.39130
 170.00234
  40.38128
   3.70683
  14.36811
  15.16264
  30.68503
   6.17826
 103.75618
  10.23873
  18.56850
   4.26645
  58.21865
   8.47696
  12.66763
  97.47898
  24.43650
  15.08234
   4.64961
   6.41433
   9.48148
  34.94568
  23.77595
  19.14394
  24.32471
  45.34424
  21.95413
  13.40600
  28.65760
  18.75554
  98.09217
  59.93499
  44.40585
 100.08610
  72.54558
  27.35708
  78.35294
  10.06709
  37.54451
  45.90119
   5.64373
  20.30165
 124.08277
  18.24139
 158.97694
  26.06562
 195.47798
  63.78158
  84.83451
   9.36800
  17.11812
  63.99268
   4.41924
  88.27298
 188.28698
  23.34310
   7.00920
  65.16474
   5.25500
  25.87375
  18.04539
   5.84116
  12.41278
   6.55423
  18.94380
 105.94474
 182.99751
  53.30979
  29.14883
  15.63820
  56.60802
  10.04743
  48.21037
  10.85879
  12.53651
  29.73272
  15.73441
  16.68028
   3.46607
   3.55486
  30.19823
  60.36159
   5.88876
   5.57391
  23.09386
  41.43721
  40.49002
   6.32341
  30.20101
 126.71421
 187.94152
   8.78763
 297.91091
  18.42625
  13.60306
  40.36941
  10.62534
  36.28367
 166.18487
  39.61286
  84.78301
  21.35254
   7.20991
  26.31314
   5.92295
  35.24835
   7.82118
  19.95229
  64.54792
  13.51198
  11.01004
  82.08575
  15.68725
  13.87230
  40.71249
  18.26916
   8.18545
  14.06948
  16.93978
  18.40377
   5.42670
  22.12685
  26.23095
   5.09789
  18.36427
  44.87956
  14.43561
 137.68090
  19.93731
   8.86379
  12.55937
  11.40412
  15.09362
   6.04434
  63.77973
   8.28222
   4.22332
   9.73892
  21.17851
   3.17059
  20.29048
  20.73695
 143.44822
  13.03203
 153.44375
   8.16999
  56.72841
  31.21157
   7.67490
  74.59427
  13.61907
  36.61345
  21.87939
  16.52769
  51.23512
  28.88453
  11.93177
   9.86892
   7.42145
  48.62341
  19.18519
  13.14104
  16.86115
  14.93422
  17.01372
  96.48052
  72.86345
  21.73365
  88.53891
   5.80893
   8.14181
 213.90293
   6.14743
  48.05864
   7.69957
   9.54018
  21.52407
  50.54906
  23.68055
  43.18008
   3.66852
  31.32419
  65.22246
   5.84879
 100.07530
  53.27009
   5.64791
  50.02643
   8.80818
   5.81114
   4.78613
  58.26397
  15.61249
   8.00929
  38.64135
  70.83286
 166.45327
  16.23700
 121.71006
  45.06928
  31.71971
   5.54396
   7.78779
  89.37413
  18.29607
  20.95732
  35.05322
  37.86192
   4.41689
  22.50712
 353.06273
  11.17748
  37.66886
  11.55921
  27.99592
   4.95764
  11.93102
  29.86613
  12.45401
   4.58822
 119.06026
  95.36481
  87.11439
  42.20671
  26.46149
  24.26792
   4.94441
  12.12340
  19.15524
  31.23451
  45.71076
  10.28421
  20.66819
   8.32039
   4.23678
  45.86435
  30.61164
   4.39242
   5.57656
  58.60631
  11.58857
  15.36028
  66.65807
