   5.92840
  51.33657
   3.37539
   5.61887
   4.11741
   7.47837
  31.60895
  26.36619
  26.23480
  16.84763
  10.18782
  15.10997
  18.37490
   5.51318
  59.82598
  15.22690
   4.84236
  24.80570
   3.22713
 142.86408
 188.46883
   6.80215
  81.56022
  70.95418
  50.39035
  40.19503
   5.38479
  11.32904
  12.57239
  20.74279
  11.79555
  13.96235
  28.36563
  22.87646
 160.01501
 114.35436
   5.41295
  29.17110
  31.24989
  17.93879
  26.65096
   4.05063
  40.91299
  14.77013
   3.39137
   3.99082
  15.22588
   6.90218
  31.98127
  16.04479
  25.22679
  17.71487
   9.08225
  41.78614
  38.66375
  51.24798
 137.47872
  40.38537
  33.45594
   5.39062
  18.17076
  27.58028
   7.92178
   4.97882
  69.13564
  52.05767
   6.29152
  23.71464
   3.74805
  51.13253
  44.47594
  15.89446
   2.53397
 154.43722
  85.92895
   7.61919
   5.02813
   4.55434
 233.15232
  31.57589
  23.07603
 188.25972
   4.58078
   5.65946
  15.83453
   6.75633
 206.61663
  11.55195
  17.96155
  13.38684
   9.24911
  27.41735
   6.93571
 176.07732
   4.35724
  19.66572
   9.25307
  30.63430
  29.85126
 148.56696
 152.19206
   7.28880
  30.17412
  34.89702
   7.92123
   6.84964
   5.70395
 174.57435
  73.59346
   8.58117
  12.80486
  36.63843
   9.84552
  29.29108
 114.93254
  35.54755
  68.52887
   6.17239
  40.98403
   6.69691
   9.07593
   4.56373
  39.09161
   8.65138
   9.21099
  27.93763
 153.27877
   6.41768
  13.21766
  34.38622
   9.45888
  10.05995
  14.93246
  32.88850
  10.34835
  20.61299
 106.59269
   8.84552
   9.12993
  11.68964
  40.25625
   6.05645
   4.68923
 273.51276
  14.42449
  61.22634
   4.99468
   4.45948
  25.37973
 197.57418
  32.66503
  14.44690
  65.22588
  51.82735
   7.77482
  63.02182
   7.41769
 191.79170
 146.85572
  28.65220
  27.77945
   4.42075
  45.19875
   9.20374
  67.64315
  20.19162
  38.07460
  11.64938
   8.39731
  53.83056
  23.98240
   3.75099
  30.06071
  44.26960
  28.55360
  12.77754
  11.62037
  80.48947
  13.27951
  40.96590
  94.14881
  51.73592
 129.93217
  50.37236
   1.78811
  20.60472
  66.56892
  24.88209
   8.64093
  12.81119
  14.32693
  11.69002
  57.58780
  16.76370
  61.34554
   8.21369
  47.79374
  32.26185
  28.10067
   5.67978
  20.04459
  58.86825
   9.27678
  16.11230
  30.61808
 112.55529
 165.02320
   3.92589
   3.14276
   4.31018
   7.96388
  22.56840
  35.41728
   4.57136
  14.26707
  15.47784
   7.19518
 104.36443
  67.55910
 317.82555
  10.01394
  10.90410
  46.99712
  21.19226
  24.08242
   8.26973
  59.24430
  16.06674
  10.70013
  27.01300
   5.83527
   6.24388
  36.90532
  12.07086
  17.53148
   8.10321
  53.10445
   5.70789
  35.82742
  25.06690
  26.54719
   9.25977
  17.00940
  23.28180
  26.04956
   8.07222
  22.11413
   8.89328
   9.94482
   8.71545
  38.67118
  32.76691
  27.20520
  39.55767
  64.17569
  13.81393
   3.46240
  31.98621
  36.40662
  14.94729
  13.66040
   5.91917
  23.84211
  24.58689
  57.41261
  37.18379
  19.37116
 128.85169
   3.83522
  63.41567
   6.10174
  30.18515
  33.67157
   3.65631
  20.32378
  34.07593
  54.32005
 214.90909
   3.33472
   9.53062
  47.89548
  34.87096
  10.03550
  39.58052
   5.21547
   3.97499
  20.45844
   8.01889
  60.59259
   7.92364
 267.25363
  23.63303
  37.96729
   8.73227
 374.46306
  29.15716
  51.55857
  20.36470
  33.76840
   4.23407
  15.74109
  19.66370
 195.73245
  29.02161
  48.14125
  46.97723
   5.37528
   5.44711
  10.59259
  21.18594
  25.79159
   9.30879
  58.08106
 232.16046
   4.65056
  32.05987
   9.49939
  72.87964
  28.22586
   6.75535
   5.51701
   6.69981
 128.16973
   7.87579
 246.49400
  22.65983
   2.22165
  69.63594
  21.59183
  10.06090
  55.31464
  16.76548
  38.98960
  73.86923
  29.12274
  15.57314
   4.23316
   8.37957
  28.32930
  33.40019
   8.81129
  27.50426
  62.44081
   9.32520
  16.61372
  39.02125
   6.52398
   4.14434
  46.56909
  12.24617
   9.08893
  19.57080
  31.19563
 107.22277
  42.76822
  16.10102
  49.14368
  38.53965
  35.59000
   7.34054
  25.98469
 112.60376
  83.82734
  39.94304
   7.89447
   7.74296
  71.66647
  20.84022
  31.77402
  38.17311
   8.35093
   9.18945
   5.63847
 141.80377
  22.86717
   5.34490
  82.03334
  46.28597
  98.42948
   5.10813
   5.02560
  13.08718
  48.98168
  12.99630
  10.74762
  34.45690
  98.09136
   6.77918
  49.08119
  15.85377
   4.88124
  25.19105
  20.13988
   9.56882
  48.94586
  24.59349
   5.98579
  75.19968
   5.44131
  32.72684
 156.80841
  32.05553
  68.76256
  79.90377
  11.57025
 169.60057
  28.50868
  98.59872
  22.62595
  40.79542
  20.87883
  35.96552
   9.49326
  14.81301
   3.39495
  83.13644
  22.46278
  17.62326
  43.45645
  12.55546
   7.05839
   4.49997
  13.27978
  70.82294
  87.22057
  45.57795
  27.59759
   3.72393
 107.03032
  17.53858
   5.27338
  10.92726
  25.11136
  25.17091
   9.41019
  58.00700
  40.04208
  15.37105
  43.02442
  51.08944
  12.14853
   6.65613
  43.83437
  14.92118
  19.45999
  21.83500
  52.63135
  29.82087
  88.00804
  91.29168
  31.65735
  15.79695
   5.53742
   8.25170
  22.57119
  33.87312
 145.36059
  69.47826
   3.24068
  32.37907
  54.20520
  68.59901
  90.69657
  62.22944
  34.15858
   3.80808
   6.71413
 232.16546
  33.06818
  34.86364
  56.86025
  11.07448
  61.57848
   3.97817
  99.54679
  21.34501
  72.78312
  11.26822
  21.72689
   8.12242
  59.34782
  21.08614
   4.53796
  12.98792
   9.84833
 322.35947
  11.94721
  15.30468
  26.06811
   5.48836
   8.09084
   8.44890
   5.59105
  22.61948
  66.30765
  42.70419
  16.84589
 303.11828
   5.38461
   3.98484
  36.79382
   6.49798
  87.20099
  13.45315
  11.62064
  27.50521
   6.95121
   3.69862
   6.23808
  82.71245
  52.07530
 127.87038
  57.16079
  42.80438
 108.00201
  42.19938
   8.89171
  44.06501
  26.93650
  31.27461
  45.12642
 121.13208
   0.21416
  35.42204
   8.04966
 245.65303
  32.19147
  12.55009
  16.07793
  12.47692
  33.83762
  16.38209
  22.58745
 162.78680
   4.59879
   8.85267
   3.99420
  11.06731
 113.99852
   8.45505
  14.12222
   4.54493
   7.14430
  22.05778
   8.56273
   6.85847
  25.98117
  16.14913
  18.01117
   5.19870
   8.38911
   4.37696
  31.04275
 219.66948
  35.67926
  62.38238
   6.02011
  16.29827
   8.52248
  30.37143
  22.00520
   8.74508
   6.81304
  18.17709
  16.51742
 299.75227
  39.49126
   9.40696
 143.77338
  38.31030
  36.53224
  26.37242
  25.88778
   5.90076
  18.50390
 186.27263
  17.00932
   7.25188
  19.32632
  41.13640
   5.61446
 125.61342
  92.63187
  10.96611
  15.35784
  18.78329
 139.58898
   5.19720
  31.10930
   3.87428
  11.96591
  37.22037
 100.44365
  10.85820
  40.26805
   4.42275
   4.43136
  11.49556
  12.12267
  15.28169
   9.71728
   7.73272
  24.79130
  12.45766
   6.50044
  74.75122
   5.27438
   8.71133
   8.84208
  58.98717
  64.91073
 133.03957
  23.41680
  36.36919
  22.33999
  10.62549
  64.67020
   5.26307
   8.70546
  12.75398
  45.58819
  28.69974
   6.55964
   4.63841
  35.54452
   9.33278
  26.95969
 115.31872
  24.65793
  33.34571
 772.09850
  83.41761
  21.20723
   8.39329
  78.62646
 281.70675
   6.80060
   7.71052
   7.36777
  57.97103
   8.15891
  52.13777
   8.46084
 100.80112
   4.41045
  27.78885
  99.88501
  12.30912
  23.68601
   7.30085
   9.17463
  29.77955
  25.23535
  32.53901
  64.85371
  10.76233
   6.40595
  37.18474
  36.84941
  29.62755
 126.22112
   5.87779
  46.96375
   7.99498
   7.04518
   7.07424
  10.03306
 175.41860
  13.90430
  25.93257
  21.38111
 214.76004
  18.01937
   7.54054
   9.60533
   4.74550
   6.61956
  79.74325
  11.84183
  41.60256
 146.66040
  36.37221
   4.54567
  11.32733
 128.17947
   4.79034
  23.97550
  10.48705
  15.87288
   6.80540
   4.97830
  29.77106
  67.41718
  17.55144
  80.42101
   4.60198
   6.11515
   5.30138
   5.19559
   5.35586
  27.49450
  48.25401
   3.46484
  54.20379
  22.91627
  47.70478
  25.14667
   6.97919
 238.54620
   9.11510
  12.67391
   4.52015
  32.85345
  21.71375
  24.04991
  36.68783
  25.48435
   3.98387
  10.83030
  12.44724
  15.21980
  55.48629
  70.57331
  55.58087
  22.79881
  55.15592
 129.33495
  18.45365
  28.04761
 156.66447
   7.93174
   3.21677
   9.43575
   8.25685
  16.52239
  30.99728
  68.55264
  10.53994
  97.64798
   6.18448
  27.47833
 465.37115
   8.36841
   5.97751
   3.87383
  13.00360
  12.53540
  70.20493
  26.48579
   5.01927
  44.01843
  37.68455
  27.90150
   7.22772
  44.35753
  97.49954
   3.06048
   6.60138
  22.70615
 357.39974
   6.84971
  12.26040
  87.25918
  50.84425
   9.17877
   7.85258
 150.01052
  71.82651
   4.44874
  33.54231
  30.05719
 143.18965
  30.07987
   9.22338
  72.40503
   9.52481
  52.31775
   7.70101
  32.78757
  90.33667
   4.45941
 117.87899
   3.36024
 130.40273
  10.06724
 103.42616
   3.09915
  30.28517
  14.01434
  53.13117
  59.50030
  23.43769
   6.00756
   8.87470
  15.77559
  37.72282
  10.50520
   4.63687
   5.87400
 144.60747
   9.69101
  24.00470
  68.75955
  23.41780
  21.58448
  72.35152
  48.22952
  11.90350
  38.87191
   8.52815
 105.49052
  52.67772
  29.61254
   7.01985
   9.00501
  10.05386
   4.00984
  51.82912
  16.72721
   9.26747
  40.14997
  31.72596
 107.41603
   6.09766
  62.47159
   6.92235
  22.63178
   5.25039
   9.71133
   4.05769
   9.16357
   5.69871
  20.20125
   5.02199
   5.24278
   7.47240
  23.92828
  14.33676
   3.38957
  37.46598
   7.40273
  32.75180
   6.90805
  22.87040
  76.69321
 130.59660
   4.18122
  54.27057
  20.74738
  48.20722
   5.66801
  19.96037
   8.44083
  18.83598
   6.33891
   4.61986
  14.57295
   3.31349
   7.04596
  30.66380
  56.52936
  17.15809
   4.55813
  13.91815
  25.45457
   9.95222
  34.18589
   5.68488
   6.55445
   4.79032
   8.67197
  13.97905
  52.56714
  19.02981
  11.39150
   3.84867
  17.17041
   9.66799
   6.42722
  15.71107
  18.19267
  11.14167
  69.12333
  66.05662
 101.45261
  25.22818
  55.80290
   3.53444
  89.39056
  38.63738
  18.38426
   5.26201
  31.20144
 115.18601
   6.02734
   6.31631
  11.22356
  12.43799
  57.61766
   7.63517
  11.76842
  41.11782
  64.93839
  47.91710
  31.35633
   5.95290
  17.71051
  28.79416
  49.49177
  53.08440
  58.74829
   6.33197
   3.84054
  18.07272
   7.54890
  28.78080
 115.56304
   9.67695
  10.81730
  14.94445
  13.59729
  32.41587
   5.87063
   5.54370
  36.21561
   5.28911
 228.53472
  12.34875
   9.56308
   4.02122
  55.85682
   5.53373
  12.95582
   5.29709
  84.82788
   4.72702
   4.94367
   7.28169
 389.45107
  51.85185
  20.84372
  83.86034
  10.90445
  18.58912
   7.69564
  85.75016
  23.13127
  40.43639
   5.60345
   4.60634
  24.05071
  23.20557
  25.61167
   9.86594
  99.57401
   6.63688
   8.65673
 283.88398
 211.18174
  24.35848
 273.34927
  98.37387
   4.46425
   7.66229
   7.47423
  10.72175
  17.51228
  49.37207
  11.20397
  35.99257
  69.81858
  10.46597
  15.08911
  70.70474
 162.07776
   4.59890
   4.81023
  17.10548
  61.39391
  28.96104
   3.86111
   5.83478
  33.08985
  32.23119
  19.93015
  20.18886
 154.98513
  96.43635
   4.13186
  10.83142
  28.25950
  24.61231
  27.49015
   4.36019
  77.49668
 269.41726
   4.79689
  15.62761
  14.75477
  47.84894
  22.99096
  12.83805
   3.94421
   8.06743
  99.65521
  13.48140
   4.30385
  25.63381
  15.14025
  73.61304
  11.83796
   7.83832
  44.92123
   6.52040
   4.68263
   9.10502
 189.27544
  30.16354
  85.37927
 142.41439
   6.89193
 115.23531
  26.69847
  31.03611
  23.52573
  12.87982
   7.24962
  29.42085
  13.79500
   3.54072
  16.95727
  40.69406
  11.32207
  23.93964
  22.59979
  10.94539
   3.80228
   5.08483
  46.40173
  23.14752
  73.05941
   9.41906
  18.66276
   9.11953
  10.87202
  17.96846
  10.22602
  11.16387
   4.76882
   9.38874
  18.33677
   6.38756
  82.60157
  38.13021
  16.15254
  22.22620
  32.35826
  27.34647
 219.08641
  59.19265
   9.97128
  14.27287
  70.75483
  44.88486
  17.49789
  18.42582
  43.78082
  50.98250
  32.28534
  19.11383
   9.04612
  24.11271
  10.43438
  29.65512
  52.22487
 106.93066
  60.34260
   5.98329
  29.84559
  11.28845
  34.92348
  63.30299
  10.66382
  12.37047
   6.51976
  24.66503
  35.50975
  83.15487
   5.73602
  17.31324
  57.92258
  12.38711
  58.45144
   5.55641
   8.16851
  12.47935
   7.94234
   8.78317
   6.06709
  24.66551
  22.10856
   8.74870
  27.11376
 172.80639
  49.91487
   4.23006
  41.03523
  44.91917
   5.29107
  43.92998
  24.07401
  55.54811
   5.30705
   8.19978
   4.48895
  51.13188
  15.39949
  39.11788
   3.93717
  27.78472
  37.77393
  14.24889
  19.08224
  15.95910
  26.09216
  46.34976
  24.36927
  27.45021
   8.49207
  14.31190
  98.59084
   5.21874
 104.64119
  10.12471
  45.98375
  88.04912
  63.58601
  50.32246
   3.60580
  23.37004
   5.49366
   5.54736
  17.39043
   7.42624
   5.52265
  16.82113
  14.08599
  17.45307
  25.62557
  14.07356
   4.48698
  17.35332
 123.69503
  18.96155
  15.22571
   9.69568
  12.83420
  24.82959
  90.10635
   7.81759
 110.19170
   5.62838
  76.88158
 226.00255
   7.51537
   8.63814
  12.00173
  31.38683
 211.28116
  27.90420
  20.35244
  32.04023
  21.57231
  26.51126
  62.43637
  16.15370
   6.83165
  33.97319
   7.79600
  27.93385
   5.98379
   7.28664
  16.08737
  16.99118
   9.97067
  31.77519
  75.06969
   5.45620
  16.29247
  25.86067
  47.45220
 106.40786
  59.09827
  26.01911
  20.30874
  62.14090
  11.64109
  24.60623
  43.70974
  12.82681
  23.52079
  32.06449
   9.35945
   8.16102
   5.63863
  10.38066
  40.49163
 130.74301
  30.39897
  23.26994
  79.21724
  45.63302
  13.75061
  39.24737
  46.34312
  10.36506
 388.42788
   5.16424
  20.55291
  72.27475
  30.31062
   7.18997
   5.34794
  27.93819
  16.29385
  11.02118
 151.49779
  21.93840
   8.53379
  66.90908
  12.33481
   5.31298
  13.08121
  18.30514
  35.12769
 200.19416
 319.93098
  14.40928
 170.73606
  30.23751
  13.32559
   4.90267
   8.49817
  43.52254
  17.49233
  16.47579
   4.63794
  79.86336
   4.89665
 142.97677
  56.75080
  51.73461
  40.78829
  39.71302
  11.33024
  15.29427
   9.09064
   8.38526
  26.96558
  26.06610
  16.96201
  72.73625
 755.71847
  25.05909
  32.05241
  35.82343
  26.62067
  67.15922
   6.19058
   9.81820
  43.24615
   7.47897
 153.36797
   9.60265
   6.13212
  13.83666
  64.06740
  21.48105
  23.35232
  24.01658
 160.55244
  93.70566
   5.99754
   5.57686
  19.98722
   4.57304
  15.15534
   9.99587
   7.47825
 110.11516
 165.03695
   7.58873
   7.71752
   9.16624
  16.86010
  30.12678
  72.30354
  11.14386
   4.70897
  32.38701
  22.02365
   5.19762
  26.34980
   4.02161
 222.03004
  92.56961
   6.52336
  60.97625
   5.15541
   2.92474
  56.78363
  48.03591
  14.15922
  75.09267
  66.14759
  13.36685
 115.30845
   5.45591
  16.76681
  68.57423
  15.84263
  42.23705
   5.44106
  13.60461
   6.41328
   7.17809
 350.06649
 155.71847
   4.51170
  59.58077
  28.01711
  11.09544
  27.93646
  13.67210
  41.72227
  16.39224
  25.47972
   7.50806
  26.67394
  41.98928
  11.47949
   7.65829
  25.04172
  32.06233
  22.24942
  11.31853
   7.83428
  17.31333
  20.16093
  44.89300
   7.73553
   8.53258
   9.69969
  46.30613
   8.08977
   6.75396
   6.28044
   8.65096
  98.49807
   4.29628
  27.43918
  69.69242
  17.71660
  73.18442
 484.90739
  32.36253
  37.37933
  43.36613
  57.89085
   9.29670
   2.02223
  18.66396
  97.01624
  53.49229
   5.37512
   6.86227
  29.91222
   5.66960
   8.07976
  56.25694
  24.42256
   6.15067
  12.83668
   4.45012
   9.86671
  25.25107
  11.35475
  19.34974
  43.19181
  57.13957
  18.56656
  15.40014
 124.71640
 128.25172
  54.19911
  21.59332
   9.63913
 111.52264
  20.81567
   9.43148
   1.97095
 239.36697
   8.92422
 701.34298
  58.74770
  95.59615
 109.13257
  10.74201
   7.34999
  50.30482
  97.25450
   6.60796
  23.72353
  68.14950
  10.03525
  20.29293
  73.05355
  36.07349
 125.74859
  20.56997
   5.75096
   1.47361
  32.45541
 112.39750
   9.03460
  19.91052
   9.28756
 170.78777
  28.61629
  44.44974
 128.73596
   8.33158
   4.45515
   3.48169
  19.33728
  49.22081
  15.45175
  42.43840
   7.49409
  23.90548
  15.60556
  12.70828
  41.65521
   4.38226
  11.89311
  19.96672
 104.61061
  26.69283
  22.73527
 188.93275
  12.21975
   4.98419
  26.19905
  14.72552
  39.03616
   3.26717
  30.23296
  10.42269
  26.62682
 239.42798
  37.35823
  26.13637
   8.04408
   7.35364
   8.73410
   5.20498
  36.27650
  20.50708
 246.22979
   4.54100
  16.93665
  64.17071
  18.30915
 243.96309
 103.17717
  24.86371
  98.05703
   8.41411
  16.93078
  55.07419
  63.20256
  10.80940
  22.56455
  33.65003
  19.93087
  40.83656
   4.90697
   5.49071
  15.86921
   0.91913
  35.52035
   7.33816
  11.58687
   3.65342
  56.49046
   5.37981
  74.87701
  17.27068
  33.68800
  20.59695
  39.55955
  24.63718
  51.74133
  70.97242
  11.06380
   5.19830
   3.63490
 127.39661
   9.42009
   5.83682
 193.54750
   4.44766
 212.44729
  22.77306
  51.05618
  65.03940
  55.17613
  33.15896
   6.65172
  32.33209
  80.18645
  18.64497
  76.42968
   6.93284
  10.06170
  13.96977
  26.15545
  57.85110
  32.58698
   5.19451
   5.12276
  21.88260
  35.00594
  60.46685
  32.01860
  38.51838
  37.24857
  23.12867
   7.83122
  16.96034
  75.59500
   4.35638
   3.83941
  47.32549
  10.41600
   9.22771
  28.46624
  48.82853
  92.35603
   6.36913
  24.83317
  51.10095
   7.44407
  97.24750
   4.73885
  52.05852
  22.68420
  39.31783
  50.23300
  12.37592
   5.60971
  23.09744
   7.81022
  13.39913
  12.21529
  22.82155
  53.35474
   8.77151
  70.47845
  46.10630
  26.28609
  21.53146
  40.92439
   4.06652
 120.08698
   6.21720
  39.25720
  28.91502
  32.08995
  73.27415
  11.12130
  34.61004
   4.42540
   1.91641
  69.64214
  54.48297
   5.79070
  23.69195
   4.30571
 128.52064
  11.14596
  12.74111
  12.90343
  80.45964
  27.83313
   4.23954
   6.32431
   4.87824
  78.27330
   9.29044
  30.59533
  23.51372
   4.24874
  29.07342
   8.60074
  13.96562
  62.46373
  25.45203
  47.79619
   4.84624
   5.20755
  18.85965
   6.78435
   7.57379
  28.58385
  21.40327
   5.01603
  10.31078
  43.68114
   5.48433
  26.43480
  32.92242
  18.50403
 172.82173
  89.75943
  13.45409
  74.39778
  15.91768
   3.69610
 257.43289
  16.37872
  20.06219
 307.23457
  14.90516
   5.67631
  82.33353
   5.40965
  40.31063
  53.04820
  84.18176
   8.24203
  36.05456
   8.43914
   9.19689
  23.48469
  12.55002
   9.53399
   6.32875
   7.45496
   5.34879
  27.00666
  52.92497
  67.26870
  28.38604
  14.03965
   8.78228
   5.76575
  16.49292
  16.82017
  42.18858
   6.06266
  45.04253
   4.23579
   8.16531
   4.68024
